2024-11-30 15:16:32,277 [INFO] Activator:176 - 


2024-11-30 15:16:32,283 [INFO] Activator:177 - !SESSION log4j initialized
2024-11-30 15:16:38,759 [INFO] LogOutputStream:77 - [STDOUT_REDIRECT] 
2024-11-30 15:16:46,221 [INFO] ApplicationProperties:184 - Using Application install path: C:\ST\STM32CubeIDE_1.16.0\STM32CubeIDE\plugins\com.st.stm32cube.common.mx_6.12.0.202406281431
2024-11-30 15:16:46,234 [INFO] DbMcusXml:78 - Set database path to: C:\ST\STM32CubeIDE_1.16.0\STM32CubeIDE\plugins\com.st.stm32cube.common.mx_6.12.0.202406281431\\db\/mcu/
2024-11-30 15:16:46,234 [INFO] ApiDb:274 - Set plugin database path to: C:\ST\STM32CubeIDE_1.16.0\STM32CubeIDE\plugins\com.st.stm32cube.common.mx_6.12.0.202406281431\\db\/plugins/boardmanager/
2024-11-30 15:16:46,234 [WARN] ApiDb:259 - Overriding images path with different value:  => C:\ST\STM32CubeIDE_1.16.0\STM32CubeIDE\plugins\com.st.stm32cube.common.mx_6.12.0.202406281431\\db\/plugins/mcufinder/images/
2024-11-30 15:16:46,247 [INFO] ApiDb:250 - Set database path to: C:\Users\hung\.stmcufinder\plugins\mcufinder//mcu/
2024-11-30 15:16:46,248 [INFO] DbMcusAds:125 - Set database path to: C:\Users\hung\.stmcufinder\plugins\mcufinder//mcu/
2024-11-30 15:16:46,250 [INFO] CrossReferenceDbSqlite:203 - Set database path to: C:\Users\hung\.stmcufinder\plugins\mcufinder//mcu/cs/
2024-11-30 15:16:46,349 [INFO] RulesReader:64 - Compatibility file has been processed (297 Rules)
2024-11-30 15:16:46,425 [INFO] DbMcusXml:78 - Set database path to: C:\ST\STM32CubeIDE_1.16.0\STM32CubeIDE\plugins\com.st.stm32cube.common.mx_6.12.0.202406281431\\db\/mcu/
2024-11-30 15:16:46,425 [INFO] ApiDb:274 - Set plugin database path to: C:\ST\STM32CubeIDE_1.16.0\STM32CubeIDE\plugins\com.st.stm32cube.common.mx_6.12.0.202406281431\\db\/plugins/boardmanager/
2024-11-30 15:16:46,426 [INFO] ApiDb:261 - Set plugin images path to: C:\ST\STM32CubeIDE_1.16.0\STM32CubeIDE\plugins\com.st.stm32cube.common.mx_6.12.0.202406281431\\db\/plugins/mcufinder/images/
2024-11-30 15:16:46,426 [WARN] DbFile:41 - Overriding database path with different value: C:\Users\hung\.stmcufinder\plugins\mcufinder/ => C:\Users\hung\.stmcufinder\plugins\mcufinder
2024-11-30 15:16:46,426 [INFO] ApiDb:250 - Set database path to: C:\Users\hung\.stmcufinder\plugins\mcufinder//mcu/
2024-11-30 15:16:46,426 [WARN] DbFile:41 - Overriding database path with different value: C:\Users\hung\.stmcufinder\plugins\mcufinder/ => C:\Users\hung\.stmcufinder\plugins\mcufinder
2024-11-30 15:16:46,426 [INFO] DbMcusAds:125 - Set database path to: C:\Users\hung\.stmcufinder\plugins\mcufinder//mcu/
2024-11-30 15:16:46,426 [WARN] DbFile:41 - Overriding database path with different value: C:\Users\hung\.stmcufinder\plugins\mcufinder/ => C:\Users\hung\.stmcufinder\plugins\mcufinder
2024-11-30 15:16:46,426 [WARN] DbFile:41 - Overriding database path with different value: C:\Users\hung\.stmcufinder\plugins\mcufinder/ => C:\Users\hung\.stmcufinder\plugins\mcufinder
2024-11-30 15:16:46,426 [INFO] CrossReferenceDbSqlite:203 - Set database path to: C:\Users\hung\.stmcufinder\plugins\mcufinder//mcu/cs/
2024-11-30 15:16:46,494 [INFO] MainPanel:268 - HeapMemory: 268435456
2024-11-30 15:16:46,587 [INFO] DbMcusXml:78 - Set database path to: C:\ST\STM32CubeIDE_1.16.0\STM32CubeIDE\plugins\com.st.stm32cube.common.mx_6.12.0.202406281431\\db\/mcu/
2024-11-30 15:16:46,587 [INFO] ApiDb:274 - Set plugin database path to: C:\ST\STM32CubeIDE_1.16.0\STM32CubeIDE\plugins\com.st.stm32cube.common.mx_6.12.0.202406281431\\db\/plugins/boardmanager/
2024-11-30 15:16:46,587 [INFO] ApiDb:261 - Set plugin images path to: C:\ST\STM32CubeIDE_1.16.0\STM32CubeIDE\plugins\com.st.stm32cube.common.mx_6.12.0.202406281431\\db\/plugins/mcufinder/images/
2024-11-30 15:16:46,587 [WARN] DbFile:41 - Overriding database path with different value: C:\Users\hung\.stmcufinder\plugins\mcufinder/ => C:\Users\hung\.stmcufinder\plugins\mcufinder
2024-11-30 15:16:46,587 [INFO] ApiDb:250 - Set database path to: C:\Users\hung\.stmcufinder\plugins\mcufinder//mcu/
2024-11-30 15:16:46,587 [WARN] DbFile:41 - Overriding database path with different value: C:\Users\hung\.stmcufinder\plugins\mcufinder/ => C:\Users\hung\.stmcufinder\plugins\mcufinder
2024-11-30 15:16:46,587 [INFO] DbMcusAds:125 - Set database path to: C:\Users\hung\.stmcufinder\plugins\mcufinder//mcu/
2024-11-30 15:16:46,587 [WARN] DbFile:41 - Overriding database path with different value: C:\Users\hung\.stmcufinder\plugins\mcufinder/ => C:\Users\hung\.stmcufinder\plugins\mcufinder
2024-11-30 15:16:46,587 [WARN] DbFile:41 - Overriding database path with different value: C:\Users\hung\.stmcufinder\plugins\mcufinder/ => C:\Users\hung\.stmcufinder\plugins\mcufinder
2024-11-30 15:16:46,587 [INFO] CrossReferenceDbSqlite:203 - Set database path to: C:\Users\hung\.stmcufinder\plugins\mcufinder//mcu/cs/
2024-11-30 15:16:46,601 [INFO] ApplicationProperties:184 - Using Application install path: C:\ST\STM32CubeIDE_1.16.0\STM32CubeIDE\plugins\com.st.stm32cube.common.mx_6.12.0.202406281431
2024-11-30 15:16:46,602 [INFO] PluginManage:196 - Search for loadable plugins [exclusion list=, ]
2024-11-30 15:16:46,603 [INFO] PluginManage:310 - Check plugin analytics
2024-11-30 15:16:51,652 [INFO] AnalyticsPlugin:253 - Accepted Software Licenses: STM32CubeMX.6.9.1,STM32CubeMX.6.10.0,STM32CubeMX.6.12.0
2024-11-30 15:16:51,652 [INFO] AnalyticsPlugin:255 - Accepted CMSIS Pack Licenses: 
2024-11-30 15:16:51,652 [INFO] AnalyticsPlugin:257 - Accepted Firmware Licenses: 
2024-11-30 15:16:51,654 [INFO] PluginManage:359 - Loaded plugin analytics (category:tool,tabindex:-1)
2024-11-30 15:16:51,654 [INFO] PluginManage:310 - Check plugin cadmodel
2024-11-30 15:16:51,670 [INFO] CADModel:105 - Init CAD model plugin
2024-11-30 15:16:51,670 [INFO] PluginManage:359 - Loaded plugin cadmodel (category:power,tabindex:5)
2024-11-30 15:16:51,670 [INFO] PluginManage:310 - Check plugin clock
2024-11-30 15:16:51,687 [INFO] PluginManage:359 - Loaded plugin clock (category:base,tabindex:2)
2024-11-30 15:16:51,688 [INFO] PluginManage:310 - Check plugin ddr
2024-11-30 15:16:51,690 [INFO] PluginManage:359 - Loaded plugin ddr (category:tool,tabindex:6)
2024-11-30 15:16:51,690 [INFO] PluginManage:310 - Check plugin filemanager
2024-11-30 15:16:51,796 [INFO] PluginManage:359 - Loaded plugin filemanager (category:base,tabindex:10)
2024-11-30 15:16:51,796 [INFO] PluginManage:310 - Check plugin ipmanager
2024-11-30 15:16:51,801 [INFO] PluginManage:359 - Loaded plugin ipmanager (category:base,tabindex:5)
2024-11-30 15:16:51,801 [INFO] PluginManage:310 - Check plugin lpbam
2024-11-30 15:16:51,817 [INFO] PluginManage:359 - Loaded plugin lpbam (category:base,tabindex:0)
2024-11-30 15:16:51,818 [INFO] PluginManage:310 - Check plugin memorymap
2024-11-30 15:16:51,837 [INFO] PluginManage:359 - Loaded plugin memorymap (category:base,tabindex:4)
2024-11-30 15:16:51,837 [INFO] PluginManage:310 - Check plugin pinoutandconfiguration
2024-11-30 15:16:51,852 [INFO] PluginManage:359 - Loaded plugin pinoutandconfiguration (category:base,tabindex:1)
2024-11-30 15:16:51,853 [INFO] PluginManage:310 - Check plugin pinoutconfig
2024-11-30 15:16:51,931 [WARN] SupportedApi:132 - Cannot load RTOS API schema: s4s-elt-must-match.1: The content of 'definitions' must match (annotation?, (simpleType | complexType)?, (unique | key | keyref)*)). A problem was found starting at: attribute.
2024-11-30 15:16:52,040 [INFO] PluginManage:359 - Loaded plugin pinoutconfig (category:base,tabindex:0)
2024-11-30 15:16:52,041 [INFO] PluginManage:310 - Check plugin power
2024-11-30 15:16:52,062 [INFO] PluginManage:359 - Loaded plugin power (category:power,tabindex:4)
2024-11-30 15:16:52,062 [INFO] PluginManage:310 - Check plugin projectmanager
2024-11-30 15:16:52,075 [INFO] PluginManage:359 - Loaded plugin projectmanager (category:projectmanager,tabindex:4)
2024-11-30 15:16:52,075 [INFO] PluginManage:310 - Check plugin rif
2024-11-30 15:16:52,089 [INFO] PluginManage:359 - Loaded plugin rif (category:base,tabindex:3)
2024-11-30 15:16:52,090 [INFO] PluginManage:310 - Check plugin thirdparty
2024-11-30 15:16:52,336 [INFO] PluginManage:359 - Loaded plugin thirdparty (category:base,tabindex:-1)
2024-11-30 15:16:52,336 [WARN] IntegrityCheckThread:84 - waiting for thirdparty lock release [integrity check]
2024-11-30 15:16:52,336 [INFO] PluginManage:310 - Check plugin tools
2024-11-30 15:16:52,337 [INFO] IntegrityCheckThread:86 - entering critical section [integrity check]
2024-11-30 15:16:52,337 [INFO] ThirdPartyUpdaterWithRetryManager:70 - Updater plugin not ready yet. [1/15]
2024-11-30 15:16:52,368 [INFO] PluginManage:359 - Loaded plugin tools (category:base,tabindex:7)
2024-11-30 15:16:52,369 [INFO] PluginManage:310 - Check plugin tutovideos
2024-11-30 15:16:52,524 [INFO] PluginManage:359 - Loaded plugin tutovideos (category:base,tabindex:-1)
2024-11-30 15:16:52,524 [INFO] PluginManage:310 - Check plugin updater
2024-11-30 15:16:52,536 [INFO] PluginManage:359 - Loaded plugin updater (category:base,tabindex:12)
2024-11-30 15:16:52,537 [INFO] PluginManage:310 - Check plugin userauth
2024-11-30 15:16:52,542 [INFO] UserAuth:113 - Init User Auth plugin
2024-11-30 15:16:52,542 [INFO] PluginManage:359 - Loaded plugin userauth (category:base,tabindex:14)
2024-11-30 15:16:52,542 [INFO] PluginManage:283 - PluginManage : Loaded plugins [18]
2024-11-30 15:16:52,715 [INFO] PinOutPanel:1561 - setPackage(No Configuration,No Configuration)
2024-11-30 15:16:52,782 [INFO] CADModel:165 - CPN selected for project level
2024-11-30 15:16:52,783 [INFO] CADModel:114 - Register for checkConnection events
2024-11-30 15:16:52,804 [INFO] IPUIPlugin:80 - create IPUIPlugin
2024-11-30 15:16:52,805 [INFO] PluginManager:220 - loadIPPluginJar : add adc
2024-11-30 15:16:52,839 [INFO] IPUIPlugin:80 - create IPUIPlugin
2024-11-30 15:16:52,840 [INFO] PluginManager:220 - loadIPPluginJar : add aes
2024-11-30 15:16:52,877 [INFO] IPUIPlugin:80 - create IPUIPlugin
2024-11-30 15:16:52,877 [INFO] PluginManager:220 - loadIPPluginJar : add can
2024-11-30 15:16:52,899 [INFO] IPUIPlugin:80 - create IPUIPlugin
2024-11-30 15:16:52,899 [INFO] PluginManager:220 - loadIPPluginJar : add comp
2024-11-30 15:16:52,929 [INFO] IPUIPlugin:80 - create IPUIPlugin
2024-11-30 15:16:52,929 [INFO] PluginManager:220 - loadIPPluginJar : add cryp
2024-11-30 15:16:52,941 [INFO] IPUIPlugin:80 - create IPUIPlugin
2024-11-30 15:16:52,941 [INFO] PluginManager:220 - loadIPPluginJar : add ddr_ctrl_phy
2024-11-30 15:16:52,969 [INFO] IPUIPlugin:80 - create IPUIPlugin
2024-11-30 15:16:52,969 [INFO] PluginManager:220 - loadIPPluginJar : add dfsdm
2024-11-30 15:16:52,982 [INFO] IPUIPlugin:80 - create IPUIPlugin
2024-11-30 15:16:52,983 [INFO] PluginManager:220 - loadIPPluginJar : add dma
2024-11-30 15:16:53,021 [INFO] IPUIPlugin:80 - create IPUIPlugin
2024-11-30 15:16:53,021 [INFO] PluginManager:220 - loadIPPluginJar : add dma3
2024-11-30 15:16:53,062 [INFO] IPUIPlugin:80 - create IPUIPlugin
2024-11-30 15:16:53,062 [INFO] PluginManager:220 - loadIPPluginJar : add extmemmanager
2024-11-30 15:16:53,082 [INFO] IPUIPlugin:80 - create IPUIPlugin
2024-11-30 15:16:53,082 [INFO] PluginManager:220 - loadIPPluginJar : add fatfs
2024-11-30 15:16:53,123 [INFO] IPUIPlugin:80 - create IPUIPlugin
2024-11-30 15:16:53,123 [INFO] PluginManager:220 - loadIPPluginJar : add fmc
2024-11-30 15:16:53,137 [INFO] IPUIPlugin:80 - create IPUIPlugin
2024-11-30 15:16:53,137 [INFO] PluginManager:220 - loadIPPluginJar : add freertos
2024-11-30 15:16:53,156 [INFO] IPUIPlugin:80 - create IPUIPlugin
2024-11-30 15:16:53,156 [INFO] PluginManager:220 - loadIPPluginJar : add genericplugin
2024-11-30 15:16:53,236 [INFO] IPUIPlugin:80 - create IPUIPlugin
2024-11-30 15:16:53,236 [INFO] PluginManager:220 - loadIPPluginJar : add gfxmmu
2024-11-30 15:16:53,348 [INFO] IPUIPlugin:80 - create IPUIPlugin
2024-11-30 15:16:53,348 [INFO] PluginManager:220 - loadIPPluginJar : add gic
2024-11-30 15:16:53,360 [INFO] IPUIPlugin:80 - create IPUIPlugin
2024-11-30 15:16:53,360 [INFO] PluginManager:220 - loadIPPluginJar : add gpio
2024-11-30 15:16:53,441 [INFO] IPUIPlugin:80 - create IPUIPlugin
2024-11-30 15:16:53,441 [INFO] PluginManager:220 - loadIPPluginJar : add gtzc
2024-11-30 15:16:53,470 [INFO] IPUIPlugin:80 - create IPUIPlugin
2024-11-30 15:16:53,470 [INFO] PluginManager:220 - loadIPPluginJar : add hash
2024-11-30 15:16:53,515 [INFO] IPUIPlugin:80 - create IPUIPlugin
2024-11-30 15:16:53,515 [INFO] PluginManager:220 - loadIPPluginJar : add i2c
2024-11-30 15:16:53,550 [INFO] IPUIPlugin:80 - create IPUIPlugin
2024-11-30 15:16:53,550 [INFO] PluginManager:220 - loadIPPluginJar : add i2s
2024-11-30 15:16:53,586 [INFO] IPUIPlugin:80 - create IPUIPlugin
2024-11-30 15:16:53,586 [INFO] PluginManager:220 - loadIPPluginJar : add i3c
2024-11-30 15:16:53,681 [INFO] IPUIPlugin:80 - create IPUIPlugin
2024-11-30 15:16:53,681 [INFO] PluginManager:220 - loadIPPluginJar : add ipddr
2024-11-30 15:16:53,761 [INFO] IPUIPlugin:80 - create IPUIPlugin
2024-11-30 15:16:53,762 [INFO] PluginManager:220 - loadIPPluginJar : add linkedlist
2024-11-30 15:16:53,794 [INFO] IPUIPlugin:80 - create IPUIPlugin
2024-11-30 15:16:53,794 [INFO] PluginManager:220 - loadIPPluginJar : add lorawan
2024-11-30 15:16:53,827 [INFO] IPUIPlugin:80 - create IPUIPlugin
2024-11-30 15:16:53,827 [INFO] PluginManager:220 - loadIPPluginJar : add ltdc
2024-11-30 15:16:53,840 [INFO] IPUIPlugin:80 - create IPUIPlugin
2024-11-30 15:16:53,840 [INFO] PluginManager:220 - loadIPPluginJar : add mdma
2024-11-30 15:16:53,852 [INFO] IPUIPlugin:80 - create IPUIPlugin
2024-11-30 15:16:53,852 [INFO] PluginManager:220 - loadIPPluginJar : add nvic
2024-11-30 15:16:53,886 [INFO] IPUIPlugin:80 - create IPUIPlugin
2024-11-30 15:16:53,886 [INFO] PluginManager:220 - loadIPPluginJar : add opamp
2024-11-30 15:16:53,940 [INFO] IPUIPlugin:80 - create IPUIPlugin
2024-11-30 15:16:53,940 [INFO] PluginManager:220 - loadIPPluginJar : add openamp
2024-11-30 15:16:53,977 [INFO] IPUIPlugin:80 - create IPUIPlugin
2024-11-30 15:16:53,977 [INFO] PluginManager:220 - loadIPPluginJar : add pdm2pcm
2024-11-30 15:16:53,990 [INFO] IPUIPlugin:80 - create IPUIPlugin
2024-11-30 15:16:53,992 [INFO] PluginManager:220 - loadIPPluginJar : add plateformsettings
2024-11-30 15:16:54,013 [INFO] IPUIPlugin:80 - create IPUIPlugin
2024-11-30 15:16:54,013 [INFO] PluginManager:220 - loadIPPluginJar : add quadspi
2024-11-30 15:16:54,038 [INFO] IPUIPlugin:80 - create IPUIPlugin
2024-11-30 15:16:54,039 [INFO] PluginManager:220 - loadIPPluginJar : add radio
2024-11-30 15:16:54,051 [INFO] IPUIPlugin:80 - create IPUIPlugin
2024-11-30 15:16:54,051 [INFO] PluginManager:220 - loadIPPluginJar : add resmgrutility
2024-11-30 15:16:54,099 [INFO] IPUIPlugin:80 - create IPUIPlugin
2024-11-30 15:16:54,099 [INFO] PluginManager:220 - loadIPPluginJar : add sai
2024-11-30 15:16:54,137 [INFO] IPUIPlugin:80 - create IPUIPlugin
2024-11-30 15:16:54,137 [INFO] PluginManager:220 - loadIPPluginJar : add spi
2024-11-30 15:16:54,211 [INFO] IPUIPlugin:80 - create IPUIPlugin
2024-11-30 15:16:54,211 [INFO] PluginManager:220 - loadIPPluginJar : add stm32_wpan
2024-11-30 15:16:54,233 [INFO] IPUIPlugin:80 - create IPUIPlugin
2024-11-30 15:16:54,233 [INFO] PluginManager:220 - loadIPPluginJar : add tim
2024-11-30 15:16:54,285 [INFO] IPUIPlugin:80 - create IPUIPlugin
2024-11-30 15:16:54,285 [INFO] PluginManager:220 - loadIPPluginJar : add touchsensing
2024-11-30 15:16:54,306 [INFO] IPUIPlugin:80 - create IPUIPlugin
2024-11-30 15:16:54,306 [INFO] PluginManager:220 - loadIPPluginJar : add tracer_emb
2024-11-30 15:16:54,327 [INFO] IPUIPlugin:80 - create IPUIPlugin
2024-11-30 15:16:54,327 [INFO] PluginManager:220 - loadIPPluginJar : add ts
2024-11-30 15:16:54,348 [INFO] IPUIPlugin:80 - create IPUIPlugin
2024-11-30 15:16:54,348 [INFO] PluginManager:220 - loadIPPluginJar : add tsc
2024-11-30 15:16:54,367 [INFO] IPUIPlugin:80 - create IPUIPlugin
2024-11-30 15:16:54,367 [INFO] PluginManager:220 - loadIPPluginJar : add ucpd
2024-11-30 15:16:54,406 [INFO] IPUIPlugin:80 - create IPUIPlugin
2024-11-30 15:16:54,406 [INFO] PluginManager:220 - loadIPPluginJar : add usart
2024-11-30 15:16:54,443 [INFO] IPUIPlugin:80 - create IPUIPlugin
2024-11-30 15:16:54,444 [INFO] PluginManager:220 - loadIPPluginJar : add usbx
2024-11-30 15:16:54,555 [INFO] CADModel:165 - CPN selected for project level
2024-11-30 15:16:54,555 [INFO] CADModel:114 - Register for checkConnection events
2024-11-30 15:16:54,555 [FATAL] Updater:334 - Updater called before beeing initialized
2024-11-30 15:16:54,555 [ERROR] CADModel:125 - Updater not yet initialized, retry later 
2024-11-30 15:16:54,652 [INFO] CADModel:165 - CPN selected for project level
2024-11-30 15:16:54,652 [INFO] CADModel:114 - Register for checkConnection events
2024-11-30 15:16:54,652 [FATAL] Updater:334 - Updater called before beeing initialized
2024-11-30 15:16:54,652 [ERROR] CADModel:125 - Updater not yet initialized, retry later 
2024-11-30 15:16:54,655 [FATAL] Updater:334 - Updater called before beeing initialized
2024-11-30 15:16:54,739 [FATAL] Updater:334 - Updater called before beeing initialized
2024-11-30 15:16:54,748 [INFO] DbMcusAds:53 - JSON generation date=Fri Sep 20 20:04:38 ICT 2024 (1726837478367)
2024-11-30 15:16:54,748 [FATAL] Updater:334 - Updater called before beeing initialized
2024-11-30 15:16:54,783 [WARN] DetailPanel:346 - Failed to get advertising image, set to default
2024-11-30 15:16:54,852 [FATAL] Updater:334 - Updater called before beeing initialized
2024-11-30 15:16:54,854 [FATAL] Updater:334 - Updater called before beeing initialized
2024-11-30 15:16:54,854 [FATAL] Updater:334 - Updater called before beeing initialized
2024-11-30 15:16:54,854 [WARN] DetailPanel:346 - Failed to get advertising image, set to default
2024-11-30 15:16:54,855 [FATAL] Updater:334 - Updater called before beeing initialized
2024-11-30 15:16:54,906 [ERROR] Updater:1164 - MainUpdater not yet initialized. External WinMGr cannot be set.
2024-11-30 15:16:54,916 [INFO] Updater:1100 - Updater Version found : 6.12.0
2024-11-30 15:16:54,929 [INFO] ApplicationProperties:184 - Using Application install path: C:\ST\STM32CubeIDE_1.16.0\STM32CubeIDE\plugins\com.st.stm32cube.common.mx_6.12.0.202406281431
2024-11-30 15:16:55,177 [INFO] MainUpdater:2873 - connection check result : 10
2024-11-30 15:16:55,178 [INFO] MainUpdater:290 - Updater Check For Update Now.
2024-11-30 15:16:55,178 [INFO] MicroXplorer:498 - Change Database Version : DB.6.0.120
2024-11-30 15:16:55,194 [INFO] McuFinderGlobals:63 - Set McuFinder mode to 2 (CubeIDE integrated)
2024-11-30 15:16:55,194 [INFO] UserAuth:179 - activating auth plugin
2024-11-30 15:16:55,196 [INFO] UserAuth:417 - Internet connection configuration mode: 1
2024-11-30 15:16:55,224 [INFO] JxBrowserEngine:152 - Initiate JxBrowser Engine with user profile folder
2024-11-30 15:16:55,340 [WARN] MainUpdater:1194 - Updater busy. Cannot search thirdparties
2024-11-30 15:16:55,340 [INFO] ThirdPartyUpdaterWithRetryManager:96 - Updater plugin is busy. [1/15]
2024-11-30 15:16:55,432 [INFO] CheckServerUpdateThread:120 - End of CheckServer Thread
2024-11-30 15:16:58,551 [WARN] PackLoader:240 - Cannot read IP mode file for STMicroelectronics.FP-SNS-MOTENVWB1.1.4.0
2024-11-30 15:16:58,564 [WARN] PackLoader:240 - Cannot read IP mode file for STMicroelectronics.FP-ATR-ASTRA1.2.0.1
2024-11-30 15:16:58,579 [WARN] PackLoader:240 - Cannot read IP mode file for STMicroelectronics.X-CUBE-SMBUS.2.1.0
2024-11-30 15:16:58,595 [WARN] PackLoader:240 - Cannot read IP mode file for STMicroelectronics.X-CUBE-WB05N.1.1.0
2024-11-30 15:16:58,609 [WARN] PackLoader:240 - Cannot read IP mode file for STMicroelectronics.X-CUBE-TOUCHGFX.4.23.0
2024-11-30 15:16:58,646 [WARN] PackLoader:240 - Cannot read IP mode file for STMicroelectronics.X-CUBE-AZRTOS-F7.1.1.0
2024-11-30 15:16:58,664 [WARN] PackLoader:240 - Cannot read IP mode file for STMicroelectronics.FP-SNS-MOTENV1.4.3.2
2024-11-30 15:16:58,762 [WARN] PackLoader:240 - Cannot read IP mode file for STMicroelectronics.X-CUBE-MEMS1.11.0.0
2024-11-30 15:16:58,936 [WARN] PackLoader:240 - Cannot read IP mode file for STMicroelectronics.FP-SNS-FLIGHT1.5.0.2
2024-11-30 15:16:58,952 [WARN] PackLoader:240 - Cannot read IP mode file for STMicroelectronics.X-CUBE-DISPLAY.3.0.0
2024-11-30 15:16:58,970 [WARN] PackLoader:240 - Cannot read IP mode file for STMicroelectronics.X-CUBE-BLE1.7.0.0
2024-11-30 15:16:58,986 [WARN] PackLoader:240 - Cannot read IP mode file for STMicroelectronics.X-CUBE-NFC10.1.0.0
2024-11-30 15:16:59,001 [WARN] PackLoader:240 - Cannot read IP mode file for emotas.I-CUBE-CANOPEN.1.3.0
2024-11-30 15:16:59,024 [WARN] PackLoader:240 - Cannot read IP mode file for STMicroelectronics.X-CUBE-BLEMGR.3.1.0
2024-11-30 15:16:59,039 [WARN] PackLoader:240 - Cannot read IP mode file for STMicroelectronics.FP-SNS-SMARTAG2.1.2.0
2024-11-30 15:16:59,058 [INFO] LogOutputStream:77 - [STDOUT_REDIRECT] 1 : Invalid condition id : UX_CORESTACK_Condition cause : null
2024-11-30 15:16:59,059 [INFO] LogOutputStream:77 - [STDOUT_REDIRECT] 1 : Invalid condition id : UX_CORESTACK_Condition cause : null
2024-11-30 15:16:59,060 [INFO] LogOutputStream:77 - [STDOUT_REDIRECT] 1 : Invalid condition id : UX_CORESTACK_Condition cause : null
2024-11-30 15:16:59,061 [INFO] LogOutputStream:77 - [STDOUT_REDIRECT] 1 : Invalid condition id : UX_CORESTACK_Condition cause : null
2024-11-30 15:16:59,062 [INFO] LogOutputStream:77 - [STDOUT_REDIRECT] 1 : Invalid condition id : UX_CORESTACK_Condition cause : null
2024-11-30 15:16:59,065 [WARN] PackLoader:240 - Cannot read IP mode file for STMicroelectronics.X-CUBE-AZRTOS-WL.2.0.0
2024-11-30 15:16:59,078 [WARN] PackLoader:240 - Cannot read IP mode file for wolfSSL.I-CUBE-wolfMQTT.1.19.0
2024-11-30 15:16:59,093 [WARN] PackLoader:240 - Cannot read IP mode file for WES.I-CUBE-Cesium.1.3.0
2024-11-30 15:16:59,111 [WARN] PackLoader:240 - Cannot read IP mode file for STMicroelectronics.X-CUBE-BLE2.3.3.0
2024-11-30 15:16:59,129 [WARN] PackLoader:240 - Cannot read IP mode file for STMicroelectronics.X-CUBE-NFC9.1.0.0
2024-11-30 15:16:59,142 [WARN] PackLoader:240 - Cannot read IP mode file for STMicroelectronics.X-CUBE-TCPP.4.1.0
2024-11-30 15:16:59,159 [WARN] PackLoader:240 - Cannot read IP mode file for STMicroelectronics.X-CUBE-ALGOBUILD.1.3.0
2024-11-30 15:16:59,184 [WARN] PackLoader:240 - Cannot read IP mode file for STMicroelectronics.X-CUBE-AZRTOS-G0.1.1.0
2024-11-30 15:16:59,202 [WARN] PackLoader:240 - Cannot read IP mode file for STMicroelectronics.X-CUBE-SAFEA1.1.2.2
2024-11-30 15:16:59,221 [WARN] PackLoader:240 - Cannot read IP mode file for STMicroelectronics.X-CUBE-NFC4.3.0.0
2024-11-30 15:16:59,241 [WARN] PackLoader:240 - Cannot read IP mode file for EmbeddedOffice.I-CUBE-FS-RTOS.1.0.1
2024-11-30 15:16:59,241 [ERROR] ConditionMgr:805 - Attr not supported : Dmpu
2024-11-30 15:16:59,241 [ERROR] ConditionMgr:805 - Attr not supported : Dmpu
2024-11-30 15:16:59,241 [ERROR] ConditionMgr:805 - Attr not supported : Dmpu
2024-11-30 15:16:59,242 [ERROR] ConditionMgr:805 - Attr not supported : Dmpu
2024-11-30 15:16:59,242 [ERROR] ConditionMgr:805 - Attr not supported : Dmpu
2024-11-30 15:16:59,242 [ERROR] ConditionMgr:805 - Attr not supported : Dmpu
2024-11-30 15:16:59,242 [ERROR] ConditionMgr:805 - Attr not supported : Dmpu
2024-11-30 15:16:59,242 [ERROR] ConditionMgr:805 - Attr not supported : Dmpu
2024-11-30 15:16:59,242 [ERROR] ConditionMgr:805 - Attr not supported : Dmpu
2024-11-30 15:16:59,242 [ERROR] ConditionMgr:805 - Attr not supported : Dmpu
2024-11-30 15:16:59,242 [ERROR] ConditionMgr:805 - Attr not supported : Dmpu
2024-11-30 15:16:59,242 [ERROR] ConditionMgr:805 - Attr not supported : Dmpu
2024-11-30 15:16:59,242 [ERROR] ConditionMgr:805 - Attr not supported : Dmpu
2024-11-30 15:16:59,242 [ERROR] ConditionMgr:805 - Attr not supported : Dmpu
2024-11-30 15:16:59,242 [ERROR] ConditionMgr:805 - Attr not supported : Dmpu
2024-11-30 15:16:59,242 [ERROR] ConditionMgr:805 - Attr not supported : Dmpu
2024-11-30 15:16:59,243 [ERROR] ConditionMgr:805 - Attr not supported : Dmpu
2024-11-30 15:16:59,243 [ERROR] ConditionMgr:805 - Attr not supported : Dmpu
2024-11-30 15:16:59,243 [ERROR] ConditionMgr:805 - Attr not supported : Dmpu
2024-11-30 15:16:59,243 [ERROR] ConditionMgr:805 - Attr not supported : Dmpu
2024-11-30 15:16:59,243 [ERROR] ConditionMgr:805 - Attr not supported : Dmpu
2024-11-30 15:16:59,243 [ERROR] ConditionMgr:805 - Attr not supported : Dmpu
2024-11-30 15:16:59,243 [ERROR] ConditionMgr:805 - Attr not supported : Dmpu
2024-11-30 15:16:59,243 [ERROR] ConditionMgr:805 - Attr not supported : Dmpu
2024-11-30 15:16:59,243 [ERROR] ConditionMgr:805 - Attr not supported : Dmpu
2024-11-30 15:16:59,243 [ERROR] ConditionMgr:805 - Attr not supported : Dmpu
2024-11-30 15:16:59,243 [ERROR] ConditionMgr:805 - Attr not supported : Dmpu
2024-11-30 15:16:59,243 [ERROR] ConditionMgr:805 - Attr not supported : Dmpu
2024-11-30 15:16:59,243 [ERROR] ConditionMgr:805 - Attr not supported : Dmpu
2024-11-30 15:16:59,243 [ERROR] ConditionMgr:805 - Attr not supported : Dmpu
2024-11-30 15:16:59,243 [ERROR] ConditionMgr:805 - Attr not supported : Dmpu
2024-11-30 15:16:59,244 [ERROR] ConditionMgr:805 - Attr not supported : Dmpu
2024-11-30 15:16:59,244 [ERROR] ConditionMgr:805 - Attr not supported : Dmpu
2024-11-30 15:16:59,244 [ERROR] ConditionMgr:805 - Attr not supported : Dmpu
2024-11-30 15:16:59,244 [ERROR] ConditionMgr:805 - Attr not supported : Dmpu
2024-11-30 15:16:59,244 [ERROR] ConditionMgr:805 - Attr not supported : Dmpu
2024-11-30 15:16:59,244 [ERROR] ConditionMgr:805 - Attr not supported : Dmpu
2024-11-30 15:16:59,244 [ERROR] ConditionMgr:805 - Attr not supported : Dmpu
2024-11-30 15:16:59,244 [ERROR] ConditionMgr:805 - Attr not supported : Dmpu
2024-11-30 15:16:59,244 [ERROR] ConditionMgr:805 - Attr not supported : Dmpu
2024-11-30 15:16:59,244 [ERROR] ConditionMgr:805 - Attr not supported : Dmpu
2024-11-30 15:16:59,244 [ERROR] ConditionMgr:805 - Attr not supported : Dmpu
2024-11-30 15:16:59,245 [ERROR] ConditionMgr:805 - Attr not supported : Dmpu
2024-11-30 15:16:59,245 [ERROR] ConditionMgr:805 - Attr not supported : Dmpu
2024-11-30 15:16:59,245 [ERROR] ConditionMgr:805 - Attr not supported : Dmpu
2024-11-30 15:16:59,245 [ERROR] ConditionMgr:805 - Attr not supported : Dmpu
2024-11-30 15:16:59,245 [ERROR] ConditionMgr:805 - Attr not supported : Dmpu
2024-11-30 15:16:59,245 [ERROR] ConditionMgr:805 - Attr not supported : Dmpu
2024-11-30 15:16:59,245 [ERROR] ConditionMgr:805 - Attr not supported : Dmpu
2024-11-30 15:16:59,245 [ERROR] ConditionMgr:805 - Attr not supported : Dmpu
2024-11-30 15:16:59,245 [ERROR] ConditionMgr:805 - Attr not supported : Dmpu
2024-11-30 15:16:59,245 [ERROR] ConditionMgr:805 - Attr not supported : Dmpu
2024-11-30 15:16:59,245 [ERROR] ConditionMgr:805 - Attr not supported : Dmpu
2024-11-30 15:16:59,245 [ERROR] ConditionMgr:805 - Attr not supported : Dmpu
2024-11-30 15:16:59,245 [ERROR] ConditionMgr:805 - Attr not supported : Dmpu
2024-11-30 15:16:59,245 [ERROR] ConditionMgr:805 - Attr not supported : Dmpu
2024-11-30 15:16:59,245 [ERROR] ConditionMgr:805 - Attr not supported : Dmpu
2024-11-30 15:16:59,246 [ERROR] ConditionMgr:805 - Attr not supported : Dmpu
2024-11-30 15:16:59,246 [ERROR] ConditionMgr:805 - Attr not supported : Dmpu
2024-11-30 15:16:59,246 [ERROR] ConditionMgr:805 - Attr not supported : Dmpu
2024-11-30 15:16:59,246 [ERROR] ConditionMgr:805 - Attr not supported : Dmpu
2024-11-30 15:16:59,246 [ERROR] ConditionMgr:805 - Attr not supported : Dmpu
2024-11-30 15:16:59,246 [ERROR] ConditionMgr:805 - Attr not supported : Dmpu
2024-11-30 15:16:59,246 [ERROR] ConditionMgr:805 - Attr not supported : Dmpu
2024-11-30 15:16:59,262 [WARN] PackLoader:240 - Cannot read IP mode file for RealThread.X-CUBE-RT-Thread_Nano.4.1.1
2024-11-30 15:16:59,277 [WARN] PackLoader:240 - Cannot read IP mode file for STMicroelectronics.FP-ATR-SIGFOX1.3.2.0
2024-11-30 15:16:59,289 [WARN] ConditionMgr:438 - getConditionDescription Invalid condition id : Cortex-A Device cause : null
2024-11-30 15:16:59,310 [WARN] ConditionMgr:1039 - genDependencies : Invalid condition id : Cortex-A Device cause : null
2024-11-30 15:16:59,310 [WARN] ConditionMgr:1039 - genDependencies : Invalid condition id : Cortex-A Device cause : null
2024-11-30 15:16:59,310 [WARN] ConditionMgr:1039 - genDependencies : Invalid condition id : Cortex-A Device cause : null
2024-11-30 15:16:59,324 [WARN] PackLoader:240 - Cannot read IP mode file for STMicroelectronics.X-CUBE-EEPRMA1.5.1.0
2024-11-30 15:16:59,359 [WARN] PackLoader:240 - Cannot read IP mode file for SEGGER.I-CUBE-embOS.1.3.1
2024-11-30 15:16:59,397 [WARN] PackLoader:240 - Cannot read IP mode file for STMicroelectronics.X-CUBE-ALGOBUILD.1.4.0
2024-11-30 15:16:59,412 [WARN] PackLoader:240 - Cannot read IP mode file for STMicroelectronics.X-CUBE-AI.9.1.0
2024-11-30 15:16:59,427 [WARN] PackLoader:240 - Cannot read IP mode file for STMicroelectronics.X-CUBE-GNSS1.6.0.0
2024-11-30 15:16:59,452 [WARN] PackLoader:240 - Cannot read IP mode file for STMicroelectronics.X-CUBE-AZRTOS-F4.1.1.0
2024-11-30 15:16:59,468 [WARN] PackLoader:240 - Cannot read IP mode file for STMicroelectronics.X-CUBE-ISPU.2.1.0
2024-11-30 15:16:59,481 [WARN] PackLoader:240 - Cannot read IP mode file for STMicroelectronics.X-CUBE-FREERTOS.1.2.0
2024-11-30 15:16:59,493 [WARN] PackLoader:240 - Cannot read IP mode file for wolfSSL.I-CUBE-wolfSSL.5.6.6
2024-11-30 15:16:59,521 [WARN] PackLoader:240 - Cannot read IP mode file for STMicroelectronics.X-CUBE-AZRTOS-L5.2.0.0
2024-11-30 15:16:59,544 [WARN] PackLoader:240 - Cannot read IP mode file for STMicroelectronics.X-CUBE-NFC6.3.1.0
2024-11-30 15:16:59,568 [WARN] PackLoader:240 - Cannot read IP mode file for ITTIA_DB.I-CUBE-ITTIADB.8.8.0
2024-11-30 15:16:59,588 [WARN] PackLoader:240 - Cannot read IP mode file for STMicroelectronics.X-CUBE-DPower.1.2.0
2024-11-30 15:16:59,606 [WARN] PackLoader:240 - Cannot read IP mode file for STMicroelectronics.X-CUBE-AI.9.0.0
2024-11-30 15:16:59,632 [WARN] PackLoader:240 - Cannot read IP mode file for STMicroelectronics.X-CUBE-NFC7.1.0.1
2024-11-30 15:16:59,666 [WARN] PackLoader:240 - Cannot read IP mode file for STMicroelectronics.X-CUBE-AI.8.1.0
2024-11-30 15:16:59,710 [WARN] ConditionMgr:438 - getConditionDescription Invalid condition id : LAN8742 Phy interface Condition cause : null
2024-11-30 15:16:59,710 [WARN] PackLoader:240 - Cannot read IP mode file for STMicroelectronics.X-CUBE-AZRTOS-L4.2.0.0
2024-11-30 15:16:59,712 [WARN] ConditionMgr:1039 - genDependencies : Invalid condition id : LAN8742 Phy interface Condition cause : null
2024-11-30 15:16:59,712 [WARN] ConditionMgr:1039 - genDependencies : Invalid condition id : LAN8742 Phy interface Condition cause : null
2024-11-30 15:16:59,713 [WARN] ConditionMgr:1039 - genDependencies : Invalid condition id : LAN8742 Phy interface Condition cause : null
2024-11-30 15:16:59,736 [WARN] PackLoader:240 - Cannot read IP mode file for STMicroelectronics.X-CUBE-SFXS2LP1.4.0.0
2024-11-30 15:16:59,780 [WARN] PackLoader:240 - Cannot read IP mode file for STMicroelectronics.X-CUBE-AZRTOS-H7.3.3.0
2024-11-30 15:16:59,808 [WARN] PackLoader:240 - Cannot read IP mode file for STMicroelectronics.X-CUBE-IPS.3.0.0
2024-11-30 15:16:59,841 [WARN] ConditionMgr:438 - getConditionDescription Invalid condition id : UX DEVICE CLASS RTOS Condition cause : null
2024-11-30 15:16:59,842 [WARN] ConditionMgr:438 - getConditionDescription Invalid condition id : UX DEVICE CLASS RTOS Condition cause : null
2024-11-30 15:16:59,845 [WARN] PackLoader:240 - Cannot read IP mode file for STMicroelectronics.X-CUBE-AZRTOS-WB.2.0.0
2024-11-30 15:16:59,846 [WARN] ConditionMgr:1039 - genDependencies : Invalid condition id : UX DEVICE CLASS RTOS Condition cause : null
2024-11-30 15:16:59,846 [WARN] ConditionMgr:1039 - genDependencies : Invalid condition id : UX DEVICE CLASS RTOS Condition cause : null
2024-11-30 15:16:59,847 [WARN] ConditionMgr:1039 - genDependencies : Invalid condition id : UX DEVICE CLASS RTOS Condition cause : null
2024-11-30 15:16:59,847 [WARN] ConditionMgr:1039 - genDependencies : Invalid condition id : UX DEVICE CLASS RTOS Condition cause : null
2024-11-30 15:16:59,847 [WARN] ConditionMgr:1039 - genDependencies : Invalid condition id : UX DEVICE CLASS RTOS Condition cause : null
2024-11-30 15:16:59,865 [WARN] PackLoader:240 - Cannot read IP mode file for STMicroelectronics.X-CUBE-GNSS1.7.0.0
2024-11-30 15:16:59,885 [WARN] PackLoader:240 - Cannot read IP mode file for STMicroelectronics.X-CUBE-SUBG2.5.0.0
2024-11-30 15:16:59,903 [WARN] PackLoader:240 - Cannot read IP mode file for Cesanta.I-CUBE-Mongoose.7.13.0
2024-11-30 15:16:59,933 [WARN] PackLoader:240 - Cannot read IP mode file for STMicroelectronics.X-CUBE-AZRTOS-G4.2.0.0
2024-11-30 15:16:59,964 [WARN] PackLoader:240 - Cannot read IP mode file for Infineon.AIROC-Wi-Fi-Bluetooth-STM32.1.5.1
2024-11-30 15:16:59,981 [WARN] PackLoader:240 - Cannot read IP mode file for STMicroelectronics.FP-SNS-MOTENVWB1.1.3.1
2024-11-30 15:16:59,995 [WARN] PackLoader:240 - Cannot read IP mode file for STMicroelectronics.X-CUBE-ISPU.2.0.0
2024-11-30 15:17:00,012 [WARN] PackLoader:240 - Cannot read IP mode file for STMicroelectronics.X-CUBE-ALS.1.0.2
2024-11-30 15:17:00,098 [WARN] PackLoader:240 - Cannot read IP mode file for STMicroelectronics.X-CUBE-MEMS1.10.0.0
2024-11-30 15:17:00,241 [WARN] PackLoader:240 - Cannot read IP mode file for STMicroelectronics.X-CUBE-FREERTOS.1.1.0
2024-11-30 15:17:00,254 [WARN] PackLoader:240 - Cannot read IP mode file for STMicroelectronics.X-CUBE-TOUCHGFX.4.24.1
2024-11-30 15:17:00,268 [WARN] PackLoader:240 - Cannot read IP mode file for wolfSSL.I-CUBE-wolfTPM.3.4.0
2024-11-30 15:17:00,283 [WARN] PackLoader:240 - Cannot read IP mode file for portGmbH.I-Cube-SoM-uGOAL.1.1.0
2024-11-30 15:17:00,295 [WARN] PackLoader:240 - Cannot read IP mode file for STMicroelectronics.X-CUBE-ALS.1.0.1
2024-11-30 15:17:00,321 [WARN] PackLoader:240 - Cannot read IP mode file for STMicroelectronics.X-CUBE-AZRTOS-H7RS.1.0.0
2024-11-30 15:17:00,333 [WARN] PackLoader:240 - Cannot read IP mode file for STMicroelectronics.FP-ATR-ASTRA1.2.0.0
2024-11-30 15:17:00,353 [WARN] PackLoader:240 - Cannot read IP mode file for STMicroelectronics.X-CUBE-TOF1.3.4.2
2024-11-30 15:17:00,377 [WARN] PackLoader:240 - Cannot read IP mode file for STMicroelectronics.X-CUBE-TOF1.3.4.1
2024-11-30 15:17:00,418 [WARN] PackLoader:240 - Cannot read IP mode file for STMicroelectronics.X-CUBE-AZRTOS-H7.3.2.0
2024-11-30 15:17:00,438 [WARN] PackLoader:240 - Cannot read IP mode file for wolfSSL.I-CUBE-wolfSSH.1.4.17
2024-11-30 15:17:00,439 [INFO] ThirdParty:978 - Integrity check success = true
2024-11-30 15:17:00,439 [INFO] IntegrityCheckThread:100 - exiting critical section [integrity check]
2024-11-30 15:17:00,439 [INFO] IntegrityCheckThread:103 - End integrity checks thread
2024-11-30 15:17:01,848 [INFO] WebApp:167 - Instantiating new browser for Auth
2024-11-30 15:17:03,228 [INFO] WebApp:448 - Apply proxy settings
2024-11-30 15:17:03,229 [INFO] WebApp:533 - Chromium requires no authentication
2024-11-30 15:17:03,255 [INFO] WebApp:476 - Direct internet connection detected
2024-11-30 15:17:03,311 [INFO] WebApp:869 - Register for checkConnection events
2024-11-30 15:17:03,311 [INFO] WebApp:448 - Apply proxy settings
2024-11-30 15:17:03,311 [INFO] WebApp:533 - Chromium requires no authentication
2024-11-30 15:17:03,312 [INFO] WebApp:476 - Direct internet connection detected
2024-11-30 15:17:03,540 [INFO] WebApp:220 - Starting web application
2024-11-30 15:17:03,541 [INFO] WebApp:578 - Web application path used C:\ST\STM32CubeIDE_1.16.0\STM32CubeIDE\plugins\com.st.stm32cube.common.mx_6.12.0.202406281431\db\plugins\mcufinder\reactClient1\index.html
2024-11-30 15:17:03,549 [INFO] WebApp:186 - Connection restablished
2024-11-30 16:35:54,463 [INFO] WebApp:189 - Connection lost
2024-11-30 16:35:54,655 [INFO] WebApp:186 - Connection restablished
2024-11-30 16:36:25,798 [INFO] WebApp:189 - Connection lost
2024-11-30 16:36:25,949 [INFO] WebApp:186 - Connection restablished
2024-11-30 21:40:54,751 [INFO] WebApp:189 - Connection lost
2024-11-30 21:40:55,139 [INFO] WebApp:186 - Connection restablished
2024-11-30 21:40:57,186 [INFO] WebApp:189 - Connection lost
2024-11-30 21:40:57,376 [INFO] WebApp:186 - Connection restablished
2024-11-30 21:41:05,800 [INFO] WebApp:189 - Connection lost
2024-11-30 21:41:06,047 [INFO] WebApp:186 - Connection restablished
2024-11-30 21:41:08,841 [INFO] WebApp:189 - Connection lost
2024-11-30 21:41:09,013 [INFO] WebApp:186 - Connection restablished
2024-11-30 23:14:33,539 [ERROR] LogOutputStream:75 - [STDERR_REDIRECT] 
