2024-11-26 11:16:23,006 [INFO] Activator:176 - 


2024-11-26 11:16:23,014 [INFO] Activator:177 - !SESSION log4j initialized
2024-11-26 11:16:30,101 [INFO] LogOutputStream:77 - [STDOUT_REDIRECT] 
2024-11-26 11:16:38,388 [INFO] ApplicationProperties:184 - Using Application install path: C:\ST\STM32CubeIDE_1.16.0\STM32CubeIDE\plugins\com.st.stm32cube.common.mx_6.12.0.202406281431
2024-11-26 11:16:38,406 [INFO] DbMcusXml:78 - Set database path to: C:\ST\STM32CubeIDE_1.16.0\STM32CubeIDE\plugins\com.st.stm32cube.common.mx_6.12.0.202406281431\\db\/mcu/
2024-11-26 11:16:38,406 [INFO] ApiDb:274 - Set plugin database path to: C:\ST\STM32CubeIDE_1.16.0\STM32CubeIDE\plugins\com.st.stm32cube.common.mx_6.12.0.202406281431\\db\/plugins/boardmanager/
2024-11-26 11:16:38,407 [WARN] ApiDb:259 - Overriding images path with different value:  => C:\ST\STM32CubeIDE_1.16.0\STM32CubeIDE\plugins\com.st.stm32cube.common.mx_6.12.0.202406281431\\db\/plugins/mcufinder/images/
2024-11-26 11:16:38,422 [INFO] ApiDb:250 - Set database path to: C:\Users\hung\.stmcufinder\plugins\mcufinder//mcu/
2024-11-26 11:16:38,422 [INFO] DbMcusAds:125 - Set database path to: C:\Users\hung\.stmcufinder\plugins\mcufinder//mcu/
2024-11-26 11:16:38,426 [INFO] CrossReferenceDbSqlite:203 - Set database path to: C:\Users\hung\.stmcufinder\plugins\mcufinder//mcu/cs/
2024-11-26 11:16:38,546 [INFO] RulesReader:64 - Compatibility file has been processed (297 Rules)
2024-11-26 11:16:38,642 [INFO] DbMcusXml:78 - Set database path to: C:\ST\STM32CubeIDE_1.16.0\STM32CubeIDE\plugins\com.st.stm32cube.common.mx_6.12.0.202406281431\\db\/mcu/
2024-11-26 11:16:38,642 [INFO] ApiDb:274 - Set plugin database path to: C:\ST\STM32CubeIDE_1.16.0\STM32CubeIDE\plugins\com.st.stm32cube.common.mx_6.12.0.202406281431\\db\/plugins/boardmanager/
2024-11-26 11:16:38,642 [INFO] ApiDb:261 - Set plugin images path to: C:\ST\STM32CubeIDE_1.16.0\STM32CubeIDE\plugins\com.st.stm32cube.common.mx_6.12.0.202406281431\\db\/plugins/mcufinder/images/
2024-11-26 11:16:38,643 [WARN] DbFile:41 - Overriding database path with different value: C:\Users\hung\.stmcufinder\plugins\mcufinder/ => C:\Users\hung\.stmcufinder\plugins\mcufinder
2024-11-26 11:16:38,643 [INFO] ApiDb:250 - Set database path to: C:\Users\hung\.stmcufinder\plugins\mcufinder//mcu/
2024-11-26 11:16:38,643 [WARN] DbFile:41 - Overriding database path with different value: C:\Users\hung\.stmcufinder\plugins\mcufinder/ => C:\Users\hung\.stmcufinder\plugins\mcufinder
2024-11-26 11:16:38,643 [INFO] DbMcusAds:125 - Set database path to: C:\Users\hung\.stmcufinder\plugins\mcufinder//mcu/
2024-11-26 11:16:38,643 [WARN] DbFile:41 - Overriding database path with different value: C:\Users\hung\.stmcufinder\plugins\mcufinder/ => C:\Users\hung\.stmcufinder\plugins\mcufinder
2024-11-26 11:16:38,643 [WARN] DbFile:41 - Overriding database path with different value: C:\Users\hung\.stmcufinder\plugins\mcufinder/ => C:\Users\hung\.stmcufinder\plugins\mcufinder
2024-11-26 11:16:38,643 [INFO] CrossReferenceDbSqlite:203 - Set database path to: C:\Users\hung\.stmcufinder\plugins\mcufinder//mcu/cs/
2024-11-26 11:16:38,750 [INFO] MainPanel:268 - HeapMemory: 268435456
2024-11-26 11:16:38,891 [INFO] DbMcusXml:78 - Set database path to: C:\ST\STM32CubeIDE_1.16.0\STM32CubeIDE\plugins\com.st.stm32cube.common.mx_6.12.0.202406281431\\db\/mcu/
2024-11-26 11:16:38,891 [INFO] ApiDb:274 - Set plugin database path to: C:\ST\STM32CubeIDE_1.16.0\STM32CubeIDE\plugins\com.st.stm32cube.common.mx_6.12.0.202406281431\\db\/plugins/boardmanager/
2024-11-26 11:16:38,892 [INFO] ApiDb:261 - Set plugin images path to: C:\ST\STM32CubeIDE_1.16.0\STM32CubeIDE\plugins\com.st.stm32cube.common.mx_6.12.0.202406281431\\db\/plugins/mcufinder/images/
2024-11-26 11:16:38,892 [WARN] DbFile:41 - Overriding database path with different value: C:\Users\hung\.stmcufinder\plugins\mcufinder/ => C:\Users\hung\.stmcufinder\plugins\mcufinder
2024-11-26 11:16:38,892 [INFO] ApiDb:250 - Set database path to: C:\Users\hung\.stmcufinder\plugins\mcufinder//mcu/
2024-11-26 11:16:38,892 [WARN] DbFile:41 - Overriding database path with different value: C:\Users\hung\.stmcufinder\plugins\mcufinder/ => C:\Users\hung\.stmcufinder\plugins\mcufinder
2024-11-26 11:16:38,892 [INFO] DbMcusAds:125 - Set database path to: C:\Users\hung\.stmcufinder\plugins\mcufinder//mcu/
2024-11-26 11:16:38,892 [WARN] DbFile:41 - Overriding database path with different value: C:\Users\hung\.stmcufinder\plugins\mcufinder/ => C:\Users\hung\.stmcufinder\plugins\mcufinder
2024-11-26 11:16:38,892 [WARN] DbFile:41 - Overriding database path with different value: C:\Users\hung\.stmcufinder\plugins\mcufinder/ => C:\Users\hung\.stmcufinder\plugins\mcufinder
2024-11-26 11:16:38,893 [INFO] CrossReferenceDbSqlite:203 - Set database path to: C:\Users\hung\.stmcufinder\plugins\mcufinder//mcu/cs/
2024-11-26 11:16:38,912 [INFO] ApplicationProperties:184 - Using Application install path: C:\ST\STM32CubeIDE_1.16.0\STM32CubeIDE\plugins\com.st.stm32cube.common.mx_6.12.0.202406281431
2024-11-26 11:16:38,913 [INFO] PluginManage:196 - Search for loadable plugins [exclusion list=, ]
2024-11-26 11:16:38,916 [INFO] PluginManage:310 - Check plugin analytics
2024-11-26 11:16:44,107 [INFO] AnalyticsPlugin:253 - Accepted Software Licenses: STM32CubeMX.6.9.1,STM32CubeMX.6.10.0,STM32CubeMX.6.12.0
2024-11-26 11:16:44,108 [INFO] AnalyticsPlugin:255 - Accepted CMSIS Pack Licenses: 
2024-11-26 11:16:44,108 [INFO] AnalyticsPlugin:257 - Accepted Firmware Licenses: 
2024-11-26 11:16:44,112 [INFO] PluginManage:359 - Loaded plugin analytics (category:tool,tabindex:-1)
2024-11-26 11:16:44,112 [INFO] PluginManage:310 - Check plugin cadmodel
2024-11-26 11:16:44,136 [INFO] CADModel:105 - Init CAD model plugin
2024-11-26 11:16:44,136 [INFO] PluginManage:359 - Loaded plugin cadmodel (category:power,tabindex:5)
2024-11-26 11:16:44,136 [INFO] PluginManage:310 - Check plugin clock
2024-11-26 11:16:44,169 [INFO] PluginManage:359 - Loaded plugin clock (category:base,tabindex:2)
2024-11-26 11:16:44,169 [INFO] PluginManage:310 - Check plugin ddr
2024-11-26 11:16:44,171 [INFO] PluginManage:359 - Loaded plugin ddr (category:tool,tabindex:6)
2024-11-26 11:16:44,172 [INFO] PluginManage:310 - Check plugin filemanager
2024-11-26 11:16:44,328 [INFO] PluginManage:359 - Loaded plugin filemanager (category:base,tabindex:10)
2024-11-26 11:16:44,328 [INFO] PluginManage:310 - Check plugin ipmanager
2024-11-26 11:16:44,334 [INFO] PluginManage:359 - Loaded plugin ipmanager (category:base,tabindex:5)
2024-11-26 11:16:44,336 [INFO] PluginManage:310 - Check plugin lpbam
2024-11-26 11:16:44,358 [INFO] PluginManage:359 - Loaded plugin lpbam (category:base,tabindex:0)
2024-11-26 11:16:44,358 [INFO] PluginManage:310 - Check plugin memorymap
2024-11-26 11:16:44,382 [INFO] PluginManage:359 - Loaded plugin memorymap (category:base,tabindex:4)
2024-11-26 11:16:44,382 [INFO] PluginManage:310 - Check plugin pinoutandconfiguration
2024-11-26 11:16:44,401 [INFO] PluginManage:359 - Loaded plugin pinoutandconfiguration (category:base,tabindex:1)
2024-11-26 11:16:44,401 [INFO] PluginManage:310 - Check plugin pinoutconfig
2024-11-26 11:16:44,502 [WARN] SupportedApi:132 - Cannot load RTOS API schema: s4s-elt-must-match.1: The content of 'definitions' must match (annotation?, (simpleType | complexType)?, (unique | key | keyref)*)). A problem was found starting at: attribute.
2024-11-26 11:16:44,632 [INFO] PluginManage:359 - Loaded plugin pinoutconfig (category:base,tabindex:0)
2024-11-26 11:16:44,632 [INFO] PluginManage:310 - Check plugin power
2024-11-26 11:16:44,655 [INFO] PluginManage:359 - Loaded plugin power (category:power,tabindex:4)
2024-11-26 11:16:44,655 [INFO] PluginManage:310 - Check plugin projectmanager
2024-11-26 11:16:44,668 [INFO] PluginManage:359 - Loaded plugin projectmanager (category:projectmanager,tabindex:4)
2024-11-26 11:16:44,669 [INFO] PluginManage:310 - Check plugin rif
2024-11-26 11:16:44,684 [INFO] PluginManage:359 - Loaded plugin rif (category:base,tabindex:3)
2024-11-26 11:16:44,684 [INFO] PluginManage:310 - Check plugin thirdparty
2024-11-26 11:16:44,961 [INFO] PluginManage:359 - Loaded plugin thirdparty (category:base,tabindex:-1)
2024-11-26 11:16:44,961 [WARN] IntegrityCheckThread:84 - waiting for thirdparty lock release [integrity check]
2024-11-26 11:16:44,962 [INFO] IntegrityCheckThread:86 - entering critical section [integrity check]
2024-11-26 11:16:44,962 [INFO] PluginManage:310 - Check plugin tools
2024-11-26 11:16:44,962 [INFO] ThirdPartyUpdaterWithRetryManager:70 - Updater plugin not ready yet. [1/15]
2024-11-26 11:16:45,004 [INFO] PluginManage:359 - Loaded plugin tools (category:base,tabindex:7)
2024-11-26 11:16:45,004 [INFO] PluginManage:310 - Check plugin tutovideos
2024-11-26 11:16:45,271 [INFO] PluginManage:359 - Loaded plugin tutovideos (category:base,tabindex:-1)
2024-11-26 11:16:45,271 [INFO] PluginManage:310 - Check plugin updater
2024-11-26 11:16:45,291 [INFO] PluginManage:359 - Loaded plugin updater (category:base,tabindex:12)
2024-11-26 11:16:45,291 [INFO] PluginManage:310 - Check plugin userauth
2024-11-26 11:16:45,300 [INFO] UserAuth:113 - Init User Auth plugin
2024-11-26 11:16:45,300 [INFO] PluginManage:359 - Loaded plugin userauth (category:base,tabindex:14)
2024-11-26 11:16:45,301 [INFO] PluginManage:283 - PluginManage : Loaded plugins [18]
2024-11-26 11:16:45,508 [INFO] PinOutPanel:1561 - setPackage(No Configuration,No Configuration)
2024-11-26 11:16:45,594 [INFO] CADModel:165 - CPN selected for project level
2024-11-26 11:16:45,594 [INFO] CADModel:114 - Register for checkConnection events
2024-11-26 11:16:45,624 [INFO] IPUIPlugin:80 - create IPUIPlugin
2024-11-26 11:16:45,625 [INFO] PluginManager:220 - loadIPPluginJar : add adc
2024-11-26 11:16:45,676 [INFO] IPUIPlugin:80 - create IPUIPlugin
2024-11-26 11:16:45,676 [INFO] PluginManager:220 - loadIPPluginJar : add aes
2024-11-26 11:16:45,731 [INFO] IPUIPlugin:80 - create IPUIPlugin
2024-11-26 11:16:45,731 [INFO] PluginManager:220 - loadIPPluginJar : add can
2024-11-26 11:16:45,766 [INFO] IPUIPlugin:80 - create IPUIPlugin
2024-11-26 11:16:45,766 [INFO] PluginManager:220 - loadIPPluginJar : add comp
2024-11-26 11:16:45,819 [INFO] IPUIPlugin:80 - create IPUIPlugin
2024-11-26 11:16:45,819 [INFO] PluginManager:220 - loadIPPluginJar : add cryp
2024-11-26 11:16:45,835 [INFO] IPUIPlugin:80 - create IPUIPlugin
2024-11-26 11:16:45,835 [INFO] PluginManager:220 - loadIPPluginJar : add ddr_ctrl_phy
2024-11-26 11:16:45,872 [INFO] IPUIPlugin:80 - create IPUIPlugin
2024-11-26 11:16:45,872 [INFO] PluginManager:220 - loadIPPluginJar : add dfsdm
2024-11-26 11:16:45,891 [INFO] IPUIPlugin:80 - create IPUIPlugin
2024-11-26 11:16:45,892 [INFO] PluginManager:220 - loadIPPluginJar : add dma
2024-11-26 11:16:45,952 [INFO] IPUIPlugin:80 - create IPUIPlugin
2024-11-26 11:16:45,952 [INFO] PluginManager:220 - loadIPPluginJar : add dma3
2024-11-26 11:16:46,016 [INFO] IPUIPlugin:80 - create IPUIPlugin
2024-11-26 11:16:46,016 [INFO] PluginManager:220 - loadIPPluginJar : add extmemmanager
2024-11-26 11:16:46,042 [INFO] IPUIPlugin:80 - create IPUIPlugin
2024-11-26 11:16:46,042 [INFO] PluginManager:220 - loadIPPluginJar : add fatfs
2024-11-26 11:16:46,105 [INFO] IPUIPlugin:80 - create IPUIPlugin
2024-11-26 11:16:46,106 [INFO] PluginManager:220 - loadIPPluginJar : add fmc
2024-11-26 11:16:46,121 [INFO] IPUIPlugin:80 - create IPUIPlugin
2024-11-26 11:16:46,121 [INFO] PluginManager:220 - loadIPPluginJar : add freertos
2024-11-26 11:16:46,145 [INFO] IPUIPlugin:80 - create IPUIPlugin
2024-11-26 11:16:46,145 [INFO] PluginManager:220 - loadIPPluginJar : add genericplugin
2024-11-26 11:16:46,256 [INFO] IPUIPlugin:80 - create IPUIPlugin
2024-11-26 11:16:46,256 [INFO] PluginManager:220 - loadIPPluginJar : add gfxmmu
2024-11-26 11:16:46,481 [INFO] IPUIPlugin:80 - create IPUIPlugin
2024-11-26 11:16:46,482 [INFO] PluginManager:220 - loadIPPluginJar : add gic
2024-11-26 11:16:46,500 [INFO] IPUIPlugin:80 - create IPUIPlugin
2024-11-26 11:16:46,501 [INFO] PluginManager:220 - loadIPPluginJar : add gpio
2024-11-26 11:16:46,634 [INFO] IPUIPlugin:80 - create IPUIPlugin
2024-11-26 11:16:46,634 [INFO] PluginManager:220 - loadIPPluginJar : add gtzc
2024-11-26 11:16:46,672 [INFO] IPUIPlugin:80 - create IPUIPlugin
2024-11-26 11:16:46,672 [INFO] PluginManager:220 - loadIPPluginJar : add hash
2024-11-26 11:16:46,738 [INFO] IPUIPlugin:80 - create IPUIPlugin
2024-11-26 11:16:46,738 [INFO] PluginManager:220 - loadIPPluginJar : add i2c
2024-11-26 11:16:46,802 [INFO] IPUIPlugin:80 - create IPUIPlugin
2024-11-26 11:16:46,802 [INFO] PluginManager:220 - loadIPPluginJar : add i2s
2024-11-26 11:16:46,882 [INFO] IPUIPlugin:80 - create IPUIPlugin
2024-11-26 11:16:46,882 [INFO] PluginManager:220 - loadIPPluginJar : add i3c
2024-11-26 11:16:47,024 [INFO] IPUIPlugin:80 - create IPUIPlugin
2024-11-26 11:16:47,024 [INFO] PluginManager:220 - loadIPPluginJar : add ipddr
2024-11-26 11:16:47,146 [INFO] IPUIPlugin:80 - create IPUIPlugin
2024-11-26 11:16:47,147 [INFO] PluginManager:220 - loadIPPluginJar : add linkedlist
2024-11-26 11:16:47,192 [INFO] IPUIPlugin:80 - create IPUIPlugin
2024-11-26 11:16:47,193 [INFO] PluginManager:220 - loadIPPluginJar : add lorawan
2024-11-26 11:16:47,233 [INFO] IPUIPlugin:80 - create IPUIPlugin
2024-11-26 11:16:47,233 [INFO] PluginManager:220 - loadIPPluginJar : add ltdc
2024-11-26 11:16:47,249 [INFO] IPUIPlugin:80 - create IPUIPlugin
2024-11-26 11:16:47,249 [INFO] PluginManager:220 - loadIPPluginJar : add mdma
2024-11-26 11:16:47,263 [INFO] IPUIPlugin:80 - create IPUIPlugin
2024-11-26 11:16:47,263 [INFO] PluginManager:220 - loadIPPluginJar : add nvic
2024-11-26 11:16:47,309 [INFO] IPUIPlugin:80 - create IPUIPlugin
2024-11-26 11:16:47,309 [INFO] PluginManager:220 - loadIPPluginJar : add opamp
2024-11-26 11:16:47,398 [INFO] IPUIPlugin:80 - create IPUIPlugin
2024-11-26 11:16:47,398 [INFO] PluginManager:220 - loadIPPluginJar : add openamp
2024-11-26 11:16:47,460 [INFO] IPUIPlugin:80 - create IPUIPlugin
2024-11-26 11:16:47,460 [INFO] PluginManager:220 - loadIPPluginJar : add pdm2pcm
2024-11-26 11:16:47,478 [INFO] IPUIPlugin:80 - create IPUIPlugin
2024-11-26 11:16:47,480 [INFO] PluginManager:220 - loadIPPluginJar : add plateformsettings
2024-11-26 11:16:47,511 [INFO] IPUIPlugin:80 - create IPUIPlugin
2024-11-26 11:16:47,511 [INFO] PluginManager:220 - loadIPPluginJar : add quadspi
2024-11-26 11:16:47,540 [INFO] IPUIPlugin:80 - create IPUIPlugin
2024-11-26 11:16:47,541 [INFO] PluginManager:220 - loadIPPluginJar : add radio
2024-11-26 11:16:47,554 [INFO] IPUIPlugin:80 - create IPUIPlugin
2024-11-26 11:16:47,554 [INFO] PluginManager:220 - loadIPPluginJar : add resmgrutility
2024-11-26 11:16:47,605 [INFO] IPUIPlugin:80 - create IPUIPlugin
2024-11-26 11:16:47,605 [INFO] PluginManager:220 - loadIPPluginJar : add sai
2024-11-26 11:16:47,644 [INFO] IPUIPlugin:80 - create IPUIPlugin
2024-11-26 11:16:47,644 [INFO] PluginManager:220 - loadIPPluginJar : add spi
2024-11-26 11:16:47,723 [INFO] IPUIPlugin:80 - create IPUIPlugin
2024-11-26 11:16:47,723 [INFO] PluginManager:220 - loadIPPluginJar : add stm32_wpan
2024-11-26 11:16:47,746 [INFO] IPUIPlugin:80 - create IPUIPlugin
2024-11-26 11:16:47,746 [INFO] PluginManager:220 - loadIPPluginJar : add tim
2024-11-26 11:16:47,806 [INFO] IPUIPlugin:80 - create IPUIPlugin
2024-11-26 11:16:47,806 [INFO] PluginManager:220 - loadIPPluginJar : add touchsensing
2024-11-26 11:16:47,831 [INFO] IPUIPlugin:80 - create IPUIPlugin
2024-11-26 11:16:47,831 [INFO] PluginManager:220 - loadIPPluginJar : add tracer_emb
2024-11-26 11:16:47,854 [INFO] IPUIPlugin:80 - create IPUIPlugin
2024-11-26 11:16:47,854 [INFO] PluginManager:220 - loadIPPluginJar : add ts
2024-11-26 11:16:47,875 [INFO] IPUIPlugin:80 - create IPUIPlugin
2024-11-26 11:16:47,875 [INFO] PluginManager:220 - loadIPPluginJar : add tsc
2024-11-26 11:16:47,901 [INFO] IPUIPlugin:80 - create IPUIPlugin
2024-11-26 11:16:47,901 [INFO] PluginManager:220 - loadIPPluginJar : add ucpd
2024-11-26 11:16:47,961 [INFO] IPUIPlugin:80 - create IPUIPlugin
2024-11-26 11:16:47,961 [INFO] PluginManager:220 - loadIPPluginJar : add usart
2024-11-26 11:16:47,964 [INFO] ThirdPartyUpdaterWithRetryManager:70 - Updater plugin not ready yet. [2/15]
2024-11-26 11:16:48,013 [INFO] IPUIPlugin:80 - create IPUIPlugin
2024-11-26 11:16:48,013 [INFO] PluginManager:220 - loadIPPluginJar : add usbx
2024-11-26 11:16:48,144 [INFO] CADModel:165 - CPN selected for project level
2024-11-26 11:16:48,144 [INFO] CADModel:114 - Register for checkConnection events
2024-11-26 11:16:48,144 [FATAL] Updater:334 - Updater called before beeing initialized
2024-11-26 11:16:48,145 [ERROR] CADModel:125 - Updater not yet initialized, retry later 
2024-11-26 11:16:48,272 [INFO] CADModel:165 - CPN selected for project level
2024-11-26 11:16:48,272 [INFO] CADModel:114 - Register for checkConnection events
2024-11-26 11:16:48,272 [FATAL] Updater:334 - Updater called before beeing initialized
2024-11-26 11:16:48,272 [ERROR] CADModel:125 - Updater not yet initialized, retry later 
2024-11-26 11:16:48,274 [FATAL] Updater:334 - Updater called before beeing initialized
2024-11-26 11:16:48,367 [FATAL] Updater:334 - Updater called before beeing initialized
2024-11-26 11:16:48,378 [INFO] DbMcusAds:53 - JSON generation date=Fri Sep 20 20:04:38 ICT 2024 (1726837478367)
2024-11-26 11:16:48,379 [FATAL] Updater:334 - Updater called before beeing initialized
2024-11-26 11:16:48,418 [WARN] DetailPanel:346 - Failed to get advertising image, set to default
2024-11-26 11:16:48,497 [FATAL] Updater:334 - Updater called before beeing initialized
2024-11-26 11:16:48,498 [FATAL] Updater:334 - Updater called before beeing initialized
2024-11-26 11:16:48,499 [FATAL] Updater:334 - Updater called before beeing initialized
2024-11-26 11:16:48,499 [WARN] DetailPanel:346 - Failed to get advertising image, set to default
2024-11-26 11:16:48,499 [FATAL] Updater:334 - Updater called before beeing initialized
2024-11-26 11:16:48,558 [ERROR] Updater:1164 - MainUpdater not yet initialized. External WinMGr cannot be set.
2024-11-26 11:16:48,569 [INFO] Updater:1100 - Updater Version found : 6.12.0
2024-11-26 11:16:48,590 [INFO] ApplicationProperties:184 - Using Application install path: C:\ST\STM32CubeIDE_1.16.0\STM32CubeIDE\plugins\com.st.stm32cube.common.mx_6.12.0.202406281431
2024-11-26 11:16:48,947 [INFO] MainUpdater:2873 - connection check result : 10
2024-11-26 11:16:48,949 [INFO] MainUpdater:290 - Updater Check For Update Now.
2024-11-26 11:16:48,949 [INFO] MicroXplorer:498 - Change Database Version : DB.6.0.120
2024-11-26 11:16:48,968 [INFO] McuFinderGlobals:63 - Set McuFinder mode to 2 (CubeIDE integrated)
2024-11-26 11:16:48,968 [INFO] UserAuth:179 - activating auth plugin
2024-11-26 11:16:48,971 [INFO] UserAuth:417 - Internet connection configuration mode: 1
2024-11-26 11:16:49,014 [INFO] JxBrowserEngine:152 - Initiate JxBrowser Engine with user profile folder
2024-11-26 11:16:49,263 [INFO] CheckServerUpdateThread:120 - End of CheckServer Thread
2024-11-26 11:16:51,236 [WARN] PackLoader:240 - Cannot read IP mode file for STMicroelectronics.FP-SNS-MOTENVWB1.1.4.0
2024-11-26 11:16:51,252 [WARN] PackLoader:240 - Cannot read IP mode file for STMicroelectronics.FP-ATR-ASTRA1.2.0.1
2024-11-26 11:16:51,269 [WARN] PackLoader:240 - Cannot read IP mode file for STMicroelectronics.X-CUBE-SMBUS.2.1.0
2024-11-26 11:16:51,286 [WARN] PackLoader:240 - Cannot read IP mode file for STMicroelectronics.X-CUBE-WB05N.1.1.0
2024-11-26 11:16:51,302 [WARN] PackLoader:240 - Cannot read IP mode file for STMicroelectronics.X-CUBE-TOUCHGFX.4.23.0
2024-11-26 11:16:51,342 [WARN] PackLoader:240 - Cannot read IP mode file for STMicroelectronics.X-CUBE-AZRTOS-F7.1.1.0
2024-11-26 11:16:51,362 [WARN] PackLoader:240 - Cannot read IP mode file for STMicroelectronics.FP-SNS-MOTENV1.4.3.2
2024-11-26 11:16:51,462 [WARN] PackLoader:240 - Cannot read IP mode file for STMicroelectronics.X-CUBE-MEMS1.11.0.0
2024-11-26 11:16:51,673 [WARN] PackLoader:240 - Cannot read IP mode file for STMicroelectronics.FP-SNS-FLIGHT1.5.0.2
2024-11-26 11:16:51,691 [WARN] PackLoader:240 - Cannot read IP mode file for STMicroelectronics.X-CUBE-DISPLAY.3.0.0
2024-11-26 11:16:51,713 [WARN] PackLoader:240 - Cannot read IP mode file for STMicroelectronics.X-CUBE-BLE1.7.0.0
2024-11-26 11:16:51,732 [WARN] PackLoader:240 - Cannot read IP mode file for STMicroelectronics.X-CUBE-NFC10.1.0.0
2024-11-26 11:16:51,753 [WARN] PackLoader:240 - Cannot read IP mode file for emotas.I-CUBE-CANOPEN.1.3.0
2024-11-26 11:16:51,774 [WARN] PackLoader:240 - Cannot read IP mode file for STMicroelectronics.X-CUBE-BLEMGR.3.1.0
2024-11-26 11:16:51,789 [WARN] PackLoader:240 - Cannot read IP mode file for STMicroelectronics.FP-SNS-SMARTAG2.1.2.0
2024-11-26 11:16:51,814 [INFO] LogOutputStream:77 - [STDOUT_REDIRECT] 1 : Invalid condition id : UX_CORESTACK_Condition cause : null
2024-11-26 11:16:51,815 [INFO] LogOutputStream:77 - [STDOUT_REDIRECT] 1 : Invalid condition id : UX_CORESTACK_Condition cause : null
2024-11-26 11:16:51,816 [INFO] LogOutputStream:77 - [STDOUT_REDIRECT] 1 : Invalid condition id : UX_CORESTACK_Condition cause : null
2024-11-26 11:16:51,818 [INFO] LogOutputStream:77 - [STDOUT_REDIRECT] 1 : Invalid condition id : UX_CORESTACK_Condition cause : null
2024-11-26 11:16:51,819 [INFO] LogOutputStream:77 - [STDOUT_REDIRECT] 1 : Invalid condition id : UX_CORESTACK_Condition cause : null
2024-11-26 11:16:51,822 [WARN] PackLoader:240 - Cannot read IP mode file for STMicroelectronics.X-CUBE-AZRTOS-WL.2.0.0
2024-11-26 11:16:51,842 [WARN] PackLoader:240 - Cannot read IP mode file for wolfSSL.I-CUBE-wolfMQTT.1.19.0
2024-11-26 11:16:51,860 [WARN] PackLoader:240 - Cannot read IP mode file for WES.I-CUBE-Cesium.1.3.0
2024-11-26 11:16:51,877 [WARN] PackLoader:240 - Cannot read IP mode file for STMicroelectronics.X-CUBE-BLE2.3.3.0
2024-11-26 11:16:51,894 [WARN] PackLoader:240 - Cannot read IP mode file for STMicroelectronics.X-CUBE-NFC9.1.0.0
2024-11-26 11:16:51,910 [WARN] PackLoader:240 - Cannot read IP mode file for STMicroelectronics.X-CUBE-TCPP.4.1.0
2024-11-26 11:16:51,927 [WARN] PackLoader:240 - Cannot read IP mode file for STMicroelectronics.X-CUBE-ALGOBUILD.1.3.0
2024-11-26 11:16:51,960 [WARN] PackLoader:240 - Cannot read IP mode file for STMicroelectronics.X-CUBE-AZRTOS-G0.1.1.0
2024-11-26 11:16:51,981 [WARN] PackLoader:240 - Cannot read IP mode file for STMicroelectronics.X-CUBE-SAFEA1.1.2.2
2024-11-26 11:16:51,999 [WARN] PackLoader:240 - Cannot read IP mode file for STMicroelectronics.X-CUBE-NFC4.3.0.0
2024-11-26 11:16:52,020 [WARN] PackLoader:240 - Cannot read IP mode file for EmbeddedOffice.I-CUBE-FS-RTOS.1.0.1
2024-11-26 11:16:52,021 [ERROR] ConditionMgr:805 - Attr not supported : Dmpu
2024-11-26 11:16:52,021 [ERROR] ConditionMgr:805 - Attr not supported : Dmpu
2024-11-26 11:16:52,021 [ERROR] ConditionMgr:805 - Attr not supported : Dmpu
2024-11-26 11:16:52,021 [ERROR] ConditionMgr:805 - Attr not supported : Dmpu
2024-11-26 11:16:52,021 [ERROR] ConditionMgr:805 - Attr not supported : Dmpu
2024-11-26 11:16:52,022 [ERROR] ConditionMgr:805 - Attr not supported : Dmpu
2024-11-26 11:16:52,022 [ERROR] ConditionMgr:805 - Attr not supported : Dmpu
2024-11-26 11:16:52,022 [ERROR] ConditionMgr:805 - Attr not supported : Dmpu
2024-11-26 11:16:52,022 [ERROR] ConditionMgr:805 - Attr not supported : Dmpu
2024-11-26 11:16:52,022 [ERROR] ConditionMgr:805 - Attr not supported : Dmpu
2024-11-26 11:16:52,022 [ERROR] ConditionMgr:805 - Attr not supported : Dmpu
2024-11-26 11:16:52,022 [ERROR] ConditionMgr:805 - Attr not supported : Dmpu
2024-11-26 11:16:52,022 [ERROR] ConditionMgr:805 - Attr not supported : Dmpu
2024-11-26 11:16:52,022 [ERROR] ConditionMgr:805 - Attr not supported : Dmpu
2024-11-26 11:16:52,022 [ERROR] ConditionMgr:805 - Attr not supported : Dmpu
2024-11-26 11:16:52,022 [ERROR] ConditionMgr:805 - Attr not supported : Dmpu
2024-11-26 11:16:52,022 [ERROR] ConditionMgr:805 - Attr not supported : Dmpu
2024-11-26 11:16:52,022 [ERROR] ConditionMgr:805 - Attr not supported : Dmpu
2024-11-26 11:16:52,022 [ERROR] ConditionMgr:805 - Attr not supported : Dmpu
2024-11-26 11:16:52,022 [ERROR] ConditionMgr:805 - Attr not supported : Dmpu
2024-11-26 11:16:52,022 [ERROR] ConditionMgr:805 - Attr not supported : Dmpu
2024-11-26 11:16:52,022 [ERROR] ConditionMgr:805 - Attr not supported : Dmpu
2024-11-26 11:16:52,022 [ERROR] ConditionMgr:805 - Attr not supported : Dmpu
2024-11-26 11:16:52,023 [ERROR] ConditionMgr:805 - Attr not supported : Dmpu
2024-11-26 11:16:52,023 [ERROR] ConditionMgr:805 - Attr not supported : Dmpu
2024-11-26 11:16:52,023 [ERROR] ConditionMgr:805 - Attr not supported : Dmpu
2024-11-26 11:16:52,023 [ERROR] ConditionMgr:805 - Attr not supported : Dmpu
2024-11-26 11:16:52,023 [ERROR] ConditionMgr:805 - Attr not supported : Dmpu
2024-11-26 11:16:52,023 [ERROR] ConditionMgr:805 - Attr not supported : Dmpu
2024-11-26 11:16:52,024 [ERROR] ConditionMgr:805 - Attr not supported : Dmpu
2024-11-26 11:16:52,024 [ERROR] ConditionMgr:805 - Attr not supported : Dmpu
2024-11-26 11:16:52,024 [ERROR] ConditionMgr:805 - Attr not supported : Dmpu
2024-11-26 11:16:52,024 [ERROR] ConditionMgr:805 - Attr not supported : Dmpu
2024-11-26 11:16:52,024 [ERROR] ConditionMgr:805 - Attr not supported : Dmpu
2024-11-26 11:16:52,024 [ERROR] ConditionMgr:805 - Attr not supported : Dmpu
2024-11-26 11:16:52,024 [ERROR] ConditionMgr:805 - Attr not supported : Dmpu
2024-11-26 11:16:52,024 [ERROR] ConditionMgr:805 - Attr not supported : Dmpu
2024-11-26 11:16:52,024 [ERROR] ConditionMgr:805 - Attr not supported : Dmpu
2024-11-26 11:16:52,024 [ERROR] ConditionMgr:805 - Attr not supported : Dmpu
2024-11-26 11:16:52,024 [ERROR] ConditionMgr:805 - Attr not supported : Dmpu
2024-11-26 11:16:52,025 [ERROR] ConditionMgr:805 - Attr not supported : Dmpu
2024-11-26 11:16:52,025 [ERROR] ConditionMgr:805 - Attr not supported : Dmpu
2024-11-26 11:16:52,025 [ERROR] ConditionMgr:805 - Attr not supported : Dmpu
2024-11-26 11:16:52,025 [ERROR] ConditionMgr:805 - Attr not supported : Dmpu
2024-11-26 11:16:52,025 [ERROR] ConditionMgr:805 - Attr not supported : Dmpu
2024-11-26 11:16:52,025 [ERROR] ConditionMgr:805 - Attr not supported : Dmpu
2024-11-26 11:16:52,025 [ERROR] ConditionMgr:805 - Attr not supported : Dmpu
2024-11-26 11:16:52,025 [ERROR] ConditionMgr:805 - Attr not supported : Dmpu
2024-11-26 11:16:52,025 [ERROR] ConditionMgr:805 - Attr not supported : Dmpu
2024-11-26 11:16:52,026 [ERROR] ConditionMgr:805 - Attr not supported : Dmpu
2024-11-26 11:16:52,026 [ERROR] ConditionMgr:805 - Attr not supported : Dmpu
2024-11-26 11:16:52,026 [ERROR] ConditionMgr:805 - Attr not supported : Dmpu
2024-11-26 11:16:52,026 [ERROR] ConditionMgr:805 - Attr not supported : Dmpu
2024-11-26 11:16:52,026 [ERROR] ConditionMgr:805 - Attr not supported : Dmpu
2024-11-26 11:16:52,026 [ERROR] ConditionMgr:805 - Attr not supported : Dmpu
2024-11-26 11:16:52,026 [ERROR] ConditionMgr:805 - Attr not supported : Dmpu
2024-11-26 11:16:52,026 [ERROR] ConditionMgr:805 - Attr not supported : Dmpu
2024-11-26 11:16:52,026 [ERROR] ConditionMgr:805 - Attr not supported : Dmpu
2024-11-26 11:16:52,027 [ERROR] ConditionMgr:805 - Attr not supported : Dmpu
2024-11-26 11:16:52,027 [ERROR] ConditionMgr:805 - Attr not supported : Dmpu
2024-11-26 11:16:52,027 [ERROR] ConditionMgr:805 - Attr not supported : Dmpu
2024-11-26 11:16:52,027 [ERROR] ConditionMgr:805 - Attr not supported : Dmpu
2024-11-26 11:16:52,027 [ERROR] ConditionMgr:805 - Attr not supported : Dmpu
2024-11-26 11:16:52,027 [ERROR] ConditionMgr:805 - Attr not supported : Dmpu
2024-11-26 11:16:52,043 [WARN] PackLoader:240 - Cannot read IP mode file for RealThread.X-CUBE-RT-Thread_Nano.4.1.1
2024-11-26 11:16:52,060 [WARN] PackLoader:240 - Cannot read IP mode file for STMicroelectronics.FP-ATR-SIGFOX1.3.2.0
2024-11-26 11:16:52,077 [WARN] ConditionMgr:438 - getConditionDescription Invalid condition id : Cortex-A Device cause : null
2024-11-26 11:16:52,116 [WARN] ConditionMgr:1039 - genDependencies : Invalid condition id : Cortex-A Device cause : null
2024-11-26 11:16:52,116 [WARN] ConditionMgr:1039 - genDependencies : Invalid condition id : Cortex-A Device cause : null
2024-11-26 11:16:52,116 [WARN] ConditionMgr:1039 - genDependencies : Invalid condition id : Cortex-A Device cause : null
2024-11-26 11:16:52,134 [WARN] PackLoader:240 - Cannot read IP mode file for STMicroelectronics.X-CUBE-EEPRMA1.5.1.0
2024-11-26 11:16:52,180 [WARN] PackLoader:240 - Cannot read IP mode file for SEGGER.I-CUBE-embOS.1.3.1
2024-11-26 11:16:52,230 [WARN] PackLoader:240 - Cannot read IP mode file for STMicroelectronics.X-CUBE-ALGOBUILD.1.4.0
2024-11-26 11:16:52,247 [WARN] PackLoader:240 - Cannot read IP mode file for STMicroelectronics.X-CUBE-AI.9.1.0
2024-11-26 11:16:52,263 [WARN] PackLoader:240 - Cannot read IP mode file for STMicroelectronics.X-CUBE-GNSS1.6.0.0
2024-11-26 11:16:52,297 [WARN] PackLoader:240 - Cannot read IP mode file for STMicroelectronics.X-CUBE-AZRTOS-F4.1.1.0
2024-11-26 11:16:52,316 [WARN] PackLoader:240 - Cannot read IP mode file for STMicroelectronics.X-CUBE-ISPU.2.1.0
2024-11-26 11:16:52,332 [WARN] PackLoader:240 - Cannot read IP mode file for STMicroelectronics.X-CUBE-FREERTOS.1.2.0
2024-11-26 11:16:52,347 [WARN] PackLoader:240 - Cannot read IP mode file for wolfSSL.I-CUBE-wolfSSL.5.6.6
2024-11-26 11:16:52,395 [WARN] PackLoader:240 - Cannot read IP mode file for STMicroelectronics.X-CUBE-AZRTOS-L5.2.0.0
2024-11-26 11:16:52,487 [WARN] PackLoader:240 - Cannot read IP mode file for STMicroelectronics.X-CUBE-NFC6.3.1.0
2024-11-26 11:16:52,520 [WARN] PackLoader:240 - Cannot read IP mode file for ITTIA_DB.I-CUBE-ITTIADB.8.8.0
2024-11-26 11:16:52,559 [WARN] PackLoader:240 - Cannot read IP mode file for STMicroelectronics.X-CUBE-DPower.1.2.0
2024-11-26 11:16:52,582 [WARN] PackLoader:240 - Cannot read IP mode file for STMicroelectronics.X-CUBE-AI.9.0.0
2024-11-26 11:16:52,604 [WARN] PackLoader:240 - Cannot read IP mode file for STMicroelectronics.X-CUBE-NFC7.1.0.1
2024-11-26 11:16:52,626 [WARN] PackLoader:240 - Cannot read IP mode file for STMicroelectronics.X-CUBE-AI.8.1.0
2024-11-26 11:16:52,674 [WARN] ConditionMgr:438 - getConditionDescription Invalid condition id : LAN8742 Phy interface Condition cause : null
2024-11-26 11:16:52,675 [WARN] PackLoader:240 - Cannot read IP mode file for STMicroelectronics.X-CUBE-AZRTOS-L4.2.0.0
2024-11-26 11:16:52,676 [WARN] ConditionMgr:1039 - genDependencies : Invalid condition id : LAN8742 Phy interface Condition cause : null
2024-11-26 11:16:52,677 [WARN] ConditionMgr:1039 - genDependencies : Invalid condition id : LAN8742 Phy interface Condition cause : null
2024-11-26 11:16:52,677 [WARN] ConditionMgr:1039 - genDependencies : Invalid condition id : LAN8742 Phy interface Condition cause : null
2024-11-26 11:16:52,704 [WARN] PackLoader:240 - Cannot read IP mode file for STMicroelectronics.X-CUBE-SFXS2LP1.4.0.0
2024-11-26 11:16:52,752 [WARN] PackLoader:240 - Cannot read IP mode file for STMicroelectronics.X-CUBE-AZRTOS-H7.3.3.0
2024-11-26 11:16:52,801 [WARN] PackLoader:240 - Cannot read IP mode file for STMicroelectronics.X-CUBE-IPS.3.0.0
2024-11-26 11:16:52,832 [WARN] ConditionMgr:438 - getConditionDescription Invalid condition id : UX DEVICE CLASS RTOS Condition cause : null
2024-11-26 11:16:52,834 [WARN] ConditionMgr:438 - getConditionDescription Invalid condition id : UX DEVICE CLASS RTOS Condition cause : null
2024-11-26 11:16:52,836 [WARN] PackLoader:240 - Cannot read IP mode file for STMicroelectronics.X-CUBE-AZRTOS-WB.2.0.0
2024-11-26 11:16:52,836 [WARN] ConditionMgr:1039 - genDependencies : Invalid condition id : UX DEVICE CLASS RTOS Condition cause : null
2024-11-26 11:16:52,836 [WARN] ConditionMgr:1039 - genDependencies : Invalid condition id : UX DEVICE CLASS RTOS Condition cause : null
2024-11-26 11:16:52,837 [WARN] ConditionMgr:1039 - genDependencies : Invalid condition id : UX DEVICE CLASS RTOS Condition cause : null
2024-11-26 11:16:52,837 [WARN] ConditionMgr:1039 - genDependencies : Invalid condition id : UX DEVICE CLASS RTOS Condition cause : null
2024-11-26 11:16:52,837 [WARN] ConditionMgr:1039 - genDependencies : Invalid condition id : UX DEVICE CLASS RTOS Condition cause : null
2024-11-26 11:16:52,854 [WARN] PackLoader:240 - Cannot read IP mode file for STMicroelectronics.X-CUBE-GNSS1.7.0.0
2024-11-26 11:16:52,877 [WARN] PackLoader:240 - Cannot read IP mode file for STMicroelectronics.X-CUBE-SUBG2.5.0.0
2024-11-26 11:16:52,896 [WARN] PackLoader:240 - Cannot read IP mode file for Cesanta.I-CUBE-Mongoose.7.13.0
2024-11-26 11:16:52,926 [WARN] PackLoader:240 - Cannot read IP mode file for STMicroelectronics.X-CUBE-AZRTOS-G4.2.0.0
2024-11-26 11:16:52,959 [WARN] PackLoader:240 - Cannot read IP mode file for Infineon.AIROC-Wi-Fi-Bluetooth-STM32.1.5.1
2024-11-26 11:16:52,975 [WARN] PackLoader:240 - Cannot read IP mode file for STMicroelectronics.FP-SNS-MOTENVWB1.1.3.1
2024-11-26 11:16:52,988 [WARN] PackLoader:240 - Cannot read IP mode file for STMicroelectronics.X-CUBE-ISPU.2.0.0
2024-11-26 11:16:53,003 [WARN] PackLoader:240 - Cannot read IP mode file for STMicroelectronics.X-CUBE-ALS.1.0.2
2024-11-26 11:16:53,069 [WARN] PackLoader:240 - Cannot read IP mode file for STMicroelectronics.X-CUBE-MEMS1.10.0.0
2024-11-26 11:16:53,212 [WARN] PackLoader:240 - Cannot read IP mode file for STMicroelectronics.X-CUBE-FREERTOS.1.1.0
2024-11-26 11:16:53,229 [WARN] PackLoader:240 - Cannot read IP mode file for STMicroelectronics.X-CUBE-TOUCHGFX.4.24.1
2024-11-26 11:16:53,250 [WARN] PackLoader:240 - Cannot read IP mode file for wolfSSL.I-CUBE-wolfTPM.3.4.0
2024-11-26 11:16:53,275 [WARN] PackLoader:240 - Cannot read IP mode file for portGmbH.I-Cube-SoM-uGOAL.1.1.0
2024-11-26 11:16:53,291 [WARN] PackLoader:240 - Cannot read IP mode file for STMicroelectronics.X-CUBE-ALS.1.0.1
2024-11-26 11:16:53,326 [WARN] PackLoader:240 - Cannot read IP mode file for STMicroelectronics.X-CUBE-AZRTOS-H7RS.1.0.0
2024-11-26 11:16:53,342 [WARN] PackLoader:240 - Cannot read IP mode file for STMicroelectronics.FP-ATR-ASTRA1.2.0.0
2024-11-26 11:16:53,367 [WARN] PackLoader:240 - Cannot read IP mode file for STMicroelectronics.X-CUBE-TOF1.3.4.2
2024-11-26 11:16:53,400 [WARN] PackLoader:240 - Cannot read IP mode file for STMicroelectronics.X-CUBE-TOF1.3.4.1
2024-11-26 11:16:53,445 [WARN] PackLoader:240 - Cannot read IP mode file for STMicroelectronics.X-CUBE-AZRTOS-H7.3.2.0
2024-11-26 11:16:53,465 [WARN] PackLoader:240 - Cannot read IP mode file for wolfSSL.I-CUBE-wolfSSH.1.4.17
2024-11-26 11:16:53,466 [INFO] ThirdParty:978 - Integrity check success = true
2024-11-26 11:16:53,467 [INFO] IntegrityCheckThread:100 - exiting critical section [integrity check]
2024-11-26 11:16:53,467 [INFO] IntegrityCheckThread:103 - End integrity checks thread
2024-11-26 11:16:56,514 [INFO] WebApp:167 - Instantiating new browser for Auth
2024-11-26 11:16:57,965 [INFO] WebApp:448 - Apply proxy settings
2024-11-26 11:16:57,965 [INFO] WebApp:533 - Chromium requires no authentication
2024-11-26 11:16:57,983 [INFO] WebApp:476 - Direct internet connection detected
2024-11-26 11:16:58,034 [INFO] WebApp:869 - Register for checkConnection events
2024-11-26 11:16:58,034 [INFO] WebApp:448 - Apply proxy settings
2024-11-26 11:16:58,035 [INFO] WebApp:533 - Chromium requires no authentication
2024-11-26 11:16:58,036 [INFO] WebApp:476 - Direct internet connection detected
2024-11-26 11:16:58,226 [INFO] WebApp:186 - Connection restablished
2024-11-26 11:16:58,354 [INFO] WebApp:220 - Starting web application
2024-11-26 11:16:58,355 [INFO] WebApp:578 - Web application path used C:\ST\STM32CubeIDE_1.16.0\STM32CubeIDE\plugins\com.st.stm32cube.common.mx_6.12.0.202406281431\db\plugins\mcufinder\reactClient1\index.html
2024-11-26 12:34:33,361 [ERROR] LogOutputStream:75 - [STDERR_REDIRECT] 
2024-11-26 14:32:00,766 [INFO] Activator:176 - 


2024-11-26 14:32:00,770 [INFO] Activator:177 - !SESSION log4j initialized
2024-11-26 14:32:08,319 [INFO] LogOutputStream:77 - [STDOUT_REDIRECT] 
2024-11-26 14:32:16,940 [INFO] ApplicationProperties:184 - Using Application install path: C:\ST\STM32CubeIDE_1.16.0\STM32CubeIDE\plugins\com.st.stm32cube.common.mx_6.12.0.202406281431
2024-11-26 14:32:16,963 [INFO] DbMcusXml:78 - Set database path to: C:\ST\STM32CubeIDE_1.16.0\STM32CubeIDE\plugins\com.st.stm32cube.common.mx_6.12.0.202406281431\\db\/mcu/
2024-11-26 14:32:16,963 [INFO] ApiDb:274 - Set plugin database path to: C:\ST\STM32CubeIDE_1.16.0\STM32CubeIDE\plugins\com.st.stm32cube.common.mx_6.12.0.202406281431\\db\/plugins/boardmanager/
2024-11-26 14:32:16,963 [WARN] ApiDb:259 - Overriding images path with different value:  => C:\ST\STM32CubeIDE_1.16.0\STM32CubeIDE\plugins\com.st.stm32cube.common.mx_6.12.0.202406281431\\db\/plugins/mcufinder/images/
2024-11-26 14:32:16,986 [INFO] ApiDb:250 - Set database path to: C:\Users\hung\.stmcufinder\plugins\mcufinder//mcu/
2024-11-26 14:32:16,987 [INFO] DbMcusAds:125 - Set database path to: C:\Users\hung\.stmcufinder\plugins\mcufinder//mcu/
2024-11-26 14:32:16,989 [INFO] CrossReferenceDbSqlite:203 - Set database path to: C:\Users\hung\.stmcufinder\plugins\mcufinder//mcu/cs/
2024-11-26 14:32:17,110 [INFO] RulesReader:64 - Compatibility file has been processed (297 Rules)
2024-11-26 14:32:17,195 [INFO] DbMcusXml:78 - Set database path to: C:\ST\STM32CubeIDE_1.16.0\STM32CubeIDE\plugins\com.st.stm32cube.common.mx_6.12.0.202406281431\\db\/mcu/
2024-11-26 14:32:17,196 [INFO] ApiDb:274 - Set plugin database path to: C:\ST\STM32CubeIDE_1.16.0\STM32CubeIDE\plugins\com.st.stm32cube.common.mx_6.12.0.202406281431\\db\/plugins/boardmanager/
2024-11-26 14:32:17,196 [INFO] ApiDb:261 - Set plugin images path to: C:\ST\STM32CubeIDE_1.16.0\STM32CubeIDE\plugins\com.st.stm32cube.common.mx_6.12.0.202406281431\\db\/plugins/mcufinder/images/
2024-11-26 14:32:17,196 [WARN] DbFile:41 - Overriding database path with different value: C:\Users\hung\.stmcufinder\plugins\mcufinder/ => C:\Users\hung\.stmcufinder\plugins\mcufinder
2024-11-26 14:32:17,196 [INFO] ApiDb:250 - Set database path to: C:\Users\hung\.stmcufinder\plugins\mcufinder//mcu/
2024-11-26 14:32:17,196 [WARN] DbFile:41 - Overriding database path with different value: C:\Users\hung\.stmcufinder\plugins\mcufinder/ => C:\Users\hung\.stmcufinder\plugins\mcufinder
2024-11-26 14:32:17,196 [INFO] DbMcusAds:125 - Set database path to: C:\Users\hung\.stmcufinder\plugins\mcufinder//mcu/
2024-11-26 14:32:17,196 [WARN] DbFile:41 - Overriding database path with different value: C:\Users\hung\.stmcufinder\plugins\mcufinder/ => C:\Users\hung\.stmcufinder\plugins\mcufinder
2024-11-26 14:32:17,196 [WARN] DbFile:41 - Overriding database path with different value: C:\Users\hung\.stmcufinder\plugins\mcufinder/ => C:\Users\hung\.stmcufinder\plugins\mcufinder
2024-11-26 14:32:17,196 [INFO] CrossReferenceDbSqlite:203 - Set database path to: C:\Users\hung\.stmcufinder\plugins\mcufinder//mcu/cs/
2024-11-26 14:32:17,281 [INFO] MainPanel:268 - HeapMemory: 268435456
2024-11-26 14:32:17,408 [INFO] DbMcusXml:78 - Set database path to: C:\ST\STM32CubeIDE_1.16.0\STM32CubeIDE\plugins\com.st.stm32cube.common.mx_6.12.0.202406281431\\db\/mcu/
2024-11-26 14:32:17,408 [INFO] ApiDb:274 - Set plugin database path to: C:\ST\STM32CubeIDE_1.16.0\STM32CubeIDE\plugins\com.st.stm32cube.common.mx_6.12.0.202406281431\\db\/plugins/boardmanager/
2024-11-26 14:32:17,408 [INFO] ApiDb:261 - Set plugin images path to: C:\ST\STM32CubeIDE_1.16.0\STM32CubeIDE\plugins\com.st.stm32cube.common.mx_6.12.0.202406281431\\db\/plugins/mcufinder/images/
2024-11-26 14:32:17,409 [WARN] DbFile:41 - Overriding database path with different value: C:\Users\hung\.stmcufinder\plugins\mcufinder/ => C:\Users\hung\.stmcufinder\plugins\mcufinder
2024-11-26 14:32:17,409 [INFO] ApiDb:250 - Set database path to: C:\Users\hung\.stmcufinder\plugins\mcufinder//mcu/
2024-11-26 14:32:17,409 [WARN] DbFile:41 - Overriding database path with different value: C:\Users\hung\.stmcufinder\plugins\mcufinder/ => C:\Users\hung\.stmcufinder\plugins\mcufinder
2024-11-26 14:32:17,409 [INFO] DbMcusAds:125 - Set database path to: C:\Users\hung\.stmcufinder\plugins\mcufinder//mcu/
2024-11-26 14:32:17,409 [WARN] DbFile:41 - Overriding database path with different value: C:\Users\hung\.stmcufinder\plugins\mcufinder/ => C:\Users\hung\.stmcufinder\plugins\mcufinder
2024-11-26 14:32:17,409 [WARN] DbFile:41 - Overriding database path with different value: C:\Users\hung\.stmcufinder\plugins\mcufinder/ => C:\Users\hung\.stmcufinder\plugins\mcufinder
2024-11-26 14:32:17,410 [INFO] CrossReferenceDbSqlite:203 - Set database path to: C:\Users\hung\.stmcufinder\plugins\mcufinder//mcu/cs/
2024-11-26 14:32:17,428 [INFO] ApplicationProperties:184 - Using Application install path: C:\ST\STM32CubeIDE_1.16.0\STM32CubeIDE\plugins\com.st.stm32cube.common.mx_6.12.0.202406281431
2024-11-26 14:32:17,429 [INFO] PluginManage:196 - Search for loadable plugins [exclusion list=, ]
2024-11-26 14:32:17,430 [INFO] PluginManage:310 - Check plugin analytics
2024-11-26 14:32:22,593 [INFO] AnalyticsPlugin:253 - Accepted Software Licenses: STM32CubeMX.6.9.1,STM32CubeMX.6.10.0,STM32CubeMX.6.12.0
2024-11-26 14:32:22,593 [INFO] AnalyticsPlugin:255 - Accepted CMSIS Pack Licenses: 
2024-11-26 14:32:22,594 [INFO] AnalyticsPlugin:257 - Accepted Firmware Licenses: 
2024-11-26 14:32:22,597 [INFO] PluginManage:359 - Loaded plugin analytics (category:tool,tabindex:-1)
2024-11-26 14:32:22,598 [INFO] PluginManage:310 - Check plugin cadmodel
2024-11-26 14:32:22,619 [INFO] CADModel:105 - Init CAD model plugin
2024-11-26 14:32:22,619 [INFO] PluginManage:359 - Loaded plugin cadmodel (category:power,tabindex:5)
2024-11-26 14:32:22,620 [INFO] PluginManage:310 - Check plugin clock
2024-11-26 14:32:22,642 [INFO] PluginManage:359 - Loaded plugin clock (category:base,tabindex:2)
2024-11-26 14:32:22,642 [INFO] PluginManage:310 - Check plugin ddr
2024-11-26 14:32:22,644 [INFO] PluginManage:359 - Loaded plugin ddr (category:tool,tabindex:6)
2024-11-26 14:32:22,645 [INFO] PluginManage:310 - Check plugin filemanager
2024-11-26 14:32:22,772 [INFO] PluginManage:359 - Loaded plugin filemanager (category:base,tabindex:10)
2024-11-26 14:32:22,772 [INFO] PluginManage:310 - Check plugin ipmanager
2024-11-26 14:32:22,778 [INFO] PluginManage:359 - Loaded plugin ipmanager (category:base,tabindex:5)
2024-11-26 14:32:22,778 [INFO] PluginManage:310 - Check plugin lpbam
2024-11-26 14:32:22,795 [INFO] PluginManage:359 - Loaded plugin lpbam (category:base,tabindex:0)
2024-11-26 14:32:22,796 [INFO] PluginManage:310 - Check plugin memorymap
2024-11-26 14:32:22,818 [INFO] PluginManage:359 - Loaded plugin memorymap (category:base,tabindex:4)
2024-11-26 14:32:22,818 [INFO] PluginManage:310 - Check plugin pinoutandconfiguration
2024-11-26 14:32:22,836 [INFO] PluginManage:359 - Loaded plugin pinoutandconfiguration (category:base,tabindex:1)
2024-11-26 14:32:22,836 [INFO] PluginManage:310 - Check plugin pinoutconfig
2024-11-26 14:32:22,928 [WARN] SupportedApi:132 - Cannot load RTOS API schema: s4s-elt-must-match.1: The content of 'definitions' must match (annotation?, (simpleType | complexType)?, (unique | key | keyref)*)). A problem was found starting at: attribute.
2024-11-26 14:32:23,053 [INFO] PluginManage:359 - Loaded plugin pinoutconfig (category:base,tabindex:0)
2024-11-26 14:32:23,053 [INFO] PluginManage:310 - Check plugin power
2024-11-26 14:32:23,073 [INFO] PluginManage:359 - Loaded plugin power (category:power,tabindex:4)
2024-11-26 14:32:23,073 [INFO] PluginManage:310 - Check plugin projectmanager
2024-11-26 14:32:23,088 [INFO] PluginManage:359 - Loaded plugin projectmanager (category:projectmanager,tabindex:4)
2024-11-26 14:32:23,088 [INFO] PluginManage:310 - Check plugin rif
2024-11-26 14:32:23,103 [INFO] PluginManage:359 - Loaded plugin rif (category:base,tabindex:3)
2024-11-26 14:32:23,103 [INFO] PluginManage:310 - Check plugin thirdparty
2024-11-26 14:32:23,454 [INFO] PluginManage:359 - Loaded plugin thirdparty (category:base,tabindex:-1)
2024-11-26 14:32:23,454 [WARN] IntegrityCheckThread:84 - waiting for thirdparty lock release [integrity check]
2024-11-26 14:32:23,455 [INFO] PluginManage:310 - Check plugin tools
2024-11-26 14:32:23,455 [INFO] IntegrityCheckThread:86 - entering critical section [integrity check]
2024-11-26 14:32:23,455 [INFO] ThirdPartyUpdaterWithRetryManager:70 - Updater plugin not ready yet. [1/15]
2024-11-26 14:32:23,502 [INFO] PluginManage:359 - Loaded plugin tools (category:base,tabindex:7)
2024-11-26 14:32:23,503 [INFO] PluginManage:310 - Check plugin tutovideos
2024-11-26 14:32:23,716 [INFO] PluginManage:359 - Loaded plugin tutovideos (category:base,tabindex:-1)
2024-11-26 14:32:23,716 [INFO] PluginManage:310 - Check plugin updater
2024-11-26 14:32:23,730 [INFO] PluginManage:359 - Loaded plugin updater (category:base,tabindex:12)
2024-11-26 14:32:23,730 [INFO] PluginManage:310 - Check plugin userauth
2024-11-26 14:32:23,735 [INFO] UserAuth:113 - Init User Auth plugin
2024-11-26 14:32:23,735 [INFO] PluginManage:359 - Loaded plugin userauth (category:base,tabindex:14)
2024-11-26 14:32:23,736 [INFO] PluginManage:283 - PluginManage : Loaded plugins [18]
2024-11-26 14:32:23,927 [INFO] PinOutPanel:1561 - setPackage(No Configuration,No Configuration)
2024-11-26 14:32:24,000 [INFO] CADModel:165 - CPN selected for project level
2024-11-26 14:32:24,001 [INFO] CADModel:114 - Register for checkConnection events
2024-11-26 14:32:24,026 [INFO] IPUIPlugin:80 - create IPUIPlugin
2024-11-26 14:32:24,026 [INFO] PluginManager:220 - loadIPPluginJar : add adc
2024-11-26 14:32:24,057 [INFO] IPUIPlugin:80 - create IPUIPlugin
2024-11-26 14:32:24,057 [INFO] PluginManager:220 - loadIPPluginJar : add aes
2024-11-26 14:32:24,092 [INFO] IPUIPlugin:80 - create IPUIPlugin
2024-11-26 14:32:24,092 [INFO] PluginManager:220 - loadIPPluginJar : add can
2024-11-26 14:32:24,113 [INFO] IPUIPlugin:80 - create IPUIPlugin
2024-11-26 14:32:24,113 [INFO] PluginManager:220 - loadIPPluginJar : add comp
2024-11-26 14:32:24,157 [INFO] IPUIPlugin:80 - create IPUIPlugin
2024-11-26 14:32:24,157 [INFO] PluginManager:220 - loadIPPluginJar : add cryp
2024-11-26 14:32:24,169 [INFO] IPUIPlugin:80 - create IPUIPlugin
2024-11-26 14:32:24,170 [INFO] PluginManager:220 - loadIPPluginJar : add ddr_ctrl_phy
2024-11-26 14:32:24,196 [INFO] IPUIPlugin:80 - create IPUIPlugin
2024-11-26 14:32:24,196 [INFO] PluginManager:220 - loadIPPluginJar : add dfsdm
2024-11-26 14:32:24,209 [INFO] IPUIPlugin:80 - create IPUIPlugin
2024-11-26 14:32:24,210 [INFO] PluginManager:220 - loadIPPluginJar : add dma
2024-11-26 14:32:24,246 [INFO] IPUIPlugin:80 - create IPUIPlugin
2024-11-26 14:32:24,246 [INFO] PluginManager:220 - loadIPPluginJar : add dma3
2024-11-26 14:32:24,291 [INFO] IPUIPlugin:80 - create IPUIPlugin
2024-11-26 14:32:24,292 [INFO] PluginManager:220 - loadIPPluginJar : add extmemmanager
2024-11-26 14:32:24,311 [INFO] IPUIPlugin:80 - create IPUIPlugin
2024-11-26 14:32:24,311 [INFO] PluginManager:220 - loadIPPluginJar : add fatfs
2024-11-26 14:32:24,351 [INFO] IPUIPlugin:80 - create IPUIPlugin
2024-11-26 14:32:24,351 [INFO] PluginManager:220 - loadIPPluginJar : add fmc
2024-11-26 14:32:24,364 [INFO] IPUIPlugin:80 - create IPUIPlugin
2024-11-26 14:32:24,364 [INFO] PluginManager:220 - loadIPPluginJar : add freertos
2024-11-26 14:32:24,382 [INFO] IPUIPlugin:80 - create IPUIPlugin
2024-11-26 14:32:24,382 [INFO] PluginManager:220 - loadIPPluginJar : add genericplugin
2024-11-26 14:32:24,456 [INFO] IPUIPlugin:80 - create IPUIPlugin
2024-11-26 14:32:24,456 [INFO] PluginManager:220 - loadIPPluginJar : add gfxmmu
2024-11-26 14:32:24,559 [INFO] IPUIPlugin:80 - create IPUIPlugin
2024-11-26 14:32:24,559 [INFO] PluginManager:220 - loadIPPluginJar : add gic
2024-11-26 14:32:24,577 [INFO] IPUIPlugin:80 - create IPUIPlugin
2024-11-26 14:32:24,577 [INFO] PluginManager:220 - loadIPPluginJar : add gpio
2024-11-26 14:32:24,653 [INFO] IPUIPlugin:80 - create IPUIPlugin
2024-11-26 14:32:24,653 [INFO] PluginManager:220 - loadIPPluginJar : add gtzc
2024-11-26 14:32:24,679 [INFO] IPUIPlugin:80 - create IPUIPlugin
2024-11-26 14:32:24,679 [INFO] PluginManager:220 - loadIPPluginJar : add hash
2024-11-26 14:32:24,722 [INFO] IPUIPlugin:80 - create IPUIPlugin
2024-11-26 14:32:24,722 [INFO] PluginManager:220 - loadIPPluginJar : add i2c
2024-11-26 14:32:24,753 [INFO] IPUIPlugin:80 - create IPUIPlugin
2024-11-26 14:32:24,753 [INFO] PluginManager:220 - loadIPPluginJar : add i2s
2024-11-26 14:32:24,787 [INFO] IPUIPlugin:80 - create IPUIPlugin
2024-11-26 14:32:24,788 [INFO] PluginManager:220 - loadIPPluginJar : add i3c
2024-11-26 14:32:24,879 [INFO] IPUIPlugin:80 - create IPUIPlugin
2024-11-26 14:32:24,879 [INFO] PluginManager:220 - loadIPPluginJar : add ipddr
2024-11-26 14:32:24,954 [INFO] IPUIPlugin:80 - create IPUIPlugin
2024-11-26 14:32:24,954 [INFO] PluginManager:220 - loadIPPluginJar : add linkedlist
2024-11-26 14:32:24,983 [INFO] IPUIPlugin:80 - create IPUIPlugin
2024-11-26 14:32:24,983 [INFO] PluginManager:220 - loadIPPluginJar : add lorawan
2024-11-26 14:32:25,013 [INFO] IPUIPlugin:80 - create IPUIPlugin
2024-11-26 14:32:25,013 [INFO] PluginManager:220 - loadIPPluginJar : add ltdc
2024-11-26 14:32:25,026 [INFO] IPUIPlugin:80 - create IPUIPlugin
2024-11-26 14:32:25,026 [INFO] PluginManager:220 - loadIPPluginJar : add mdma
2024-11-26 14:32:25,037 [INFO] IPUIPlugin:80 - create IPUIPlugin
2024-11-26 14:32:25,037 [INFO] PluginManager:220 - loadIPPluginJar : add nvic
2024-11-26 14:32:25,070 [INFO] IPUIPlugin:80 - create IPUIPlugin
2024-11-26 14:32:25,071 [INFO] PluginManager:220 - loadIPPluginJar : add opamp
2024-11-26 14:32:25,120 [INFO] IPUIPlugin:80 - create IPUIPlugin
2024-11-26 14:32:25,120 [INFO] PluginManager:220 - loadIPPluginJar : add openamp
2024-11-26 14:32:25,156 [INFO] IPUIPlugin:80 - create IPUIPlugin
2024-11-26 14:32:25,156 [INFO] PluginManager:220 - loadIPPluginJar : add pdm2pcm
2024-11-26 14:32:25,169 [INFO] IPUIPlugin:80 - create IPUIPlugin
2024-11-26 14:32:25,170 [INFO] PluginManager:220 - loadIPPluginJar : add plateformsettings
2024-11-26 14:32:25,190 [INFO] IPUIPlugin:80 - create IPUIPlugin
2024-11-26 14:32:25,190 [INFO] PluginManager:220 - loadIPPluginJar : add quadspi
2024-11-26 14:32:25,211 [INFO] IPUIPlugin:80 - create IPUIPlugin
2024-11-26 14:32:25,212 [INFO] PluginManager:220 - loadIPPluginJar : add radio
2024-11-26 14:32:25,222 [INFO] IPUIPlugin:80 - create IPUIPlugin
2024-11-26 14:32:25,222 [INFO] PluginManager:220 - loadIPPluginJar : add resmgrutility
2024-11-26 14:32:25,262 [INFO] IPUIPlugin:80 - create IPUIPlugin
2024-11-26 14:32:25,262 [INFO] PluginManager:220 - loadIPPluginJar : add sai
2024-11-26 14:32:25,292 [INFO] IPUIPlugin:80 - create IPUIPlugin
2024-11-26 14:32:25,292 [INFO] PluginManager:220 - loadIPPluginJar : add spi
2024-11-26 14:32:25,352 [INFO] IPUIPlugin:80 - create IPUIPlugin
2024-11-26 14:32:25,352 [INFO] PluginManager:220 - loadIPPluginJar : add stm32_wpan
2024-11-26 14:32:25,372 [INFO] IPUIPlugin:80 - create IPUIPlugin
2024-11-26 14:32:25,372 [INFO] PluginManager:220 - loadIPPluginJar : add tim
2024-11-26 14:32:25,421 [INFO] IPUIPlugin:80 - create IPUIPlugin
2024-11-26 14:32:25,421 [INFO] PluginManager:220 - loadIPPluginJar : add touchsensing
2024-11-26 14:32:25,441 [INFO] IPUIPlugin:80 - create IPUIPlugin
2024-11-26 14:32:25,441 [INFO] PluginManager:220 - loadIPPluginJar : add tracer_emb
2024-11-26 14:32:25,461 [INFO] IPUIPlugin:80 - create IPUIPlugin
2024-11-26 14:32:25,461 [INFO] PluginManager:220 - loadIPPluginJar : add ts
2024-11-26 14:32:25,480 [INFO] IPUIPlugin:80 - create IPUIPlugin
2024-11-26 14:32:25,480 [INFO] PluginManager:220 - loadIPPluginJar : add tsc
2024-11-26 14:32:25,499 [INFO] IPUIPlugin:80 - create IPUIPlugin
2024-11-26 14:32:25,499 [INFO] PluginManager:220 - loadIPPluginJar : add ucpd
2024-11-26 14:32:25,538 [INFO] IPUIPlugin:80 - create IPUIPlugin
2024-11-26 14:32:25,538 [INFO] PluginManager:220 - loadIPPluginJar : add usart
2024-11-26 14:32:25,575 [INFO] IPUIPlugin:80 - create IPUIPlugin
2024-11-26 14:32:25,575 [INFO] PluginManager:220 - loadIPPluginJar : add usbx
2024-11-26 14:32:25,690 [INFO] CADModel:165 - CPN selected for project level
2024-11-26 14:32:25,691 [INFO] CADModel:114 - Register for checkConnection events
2024-11-26 14:32:25,692 [FATAL] Updater:334 - Updater called before beeing initialized
2024-11-26 14:32:25,692 [ERROR] CADModel:125 - Updater not yet initialized, retry later 
2024-11-26 14:32:25,886 [INFO] CADModel:165 - CPN selected for project level
2024-11-26 14:32:25,886 [INFO] CADModel:114 - Register for checkConnection events
2024-11-26 14:32:25,886 [FATAL] Updater:334 - Updater called before beeing initialized
2024-11-26 14:32:25,886 [ERROR] CADModel:125 - Updater not yet initialized, retry later 
2024-11-26 14:32:25,889 [FATAL] Updater:334 - Updater called before beeing initialized
2024-11-26 14:32:25,980 [FATAL] Updater:334 - Updater called before beeing initialized
2024-11-26 14:32:25,990 [INFO] DbMcusAds:53 - JSON generation date=Fri Sep 20 20:04:38 ICT 2024 (1726837478367)
2024-11-26 14:32:25,990 [FATAL] Updater:334 - Updater called before beeing initialized
2024-11-26 14:32:26,025 [WARN] DetailPanel:346 - Failed to get advertising image, set to default
2024-11-26 14:32:26,095 [FATAL] Updater:334 - Updater called before beeing initialized
2024-11-26 14:32:26,097 [FATAL] Updater:334 - Updater called before beeing initialized
2024-11-26 14:32:26,097 [FATAL] Updater:334 - Updater called before beeing initialized
2024-11-26 14:32:26,097 [WARN] DetailPanel:346 - Failed to get advertising image, set to default
2024-11-26 14:32:26,098 [FATAL] Updater:334 - Updater called before beeing initialized
2024-11-26 14:32:26,147 [ERROR] Updater:1164 - MainUpdater not yet initialized. External WinMGr cannot be set.
2024-11-26 14:32:26,158 [INFO] Updater:1100 - Updater Version found : 6.12.0
2024-11-26 14:32:26,174 [INFO] ApplicationProperties:184 - Using Application install path: C:\ST\STM32CubeIDE_1.16.0\STM32CubeIDE\plugins\com.st.stm32cube.common.mx_6.12.0.202406281431
2024-11-26 14:32:26,456 [INFO] ThirdPartyUpdaterWithRetryManager:70 - Updater plugin not ready yet. [2/15]
2024-11-26 14:32:26,500 [INFO] MainUpdater:2873 - connection check result : 10
2024-11-26 14:32:26,501 [INFO] MainUpdater:290 - Updater Check For Update Now.
2024-11-26 14:32:26,501 [INFO] MicroXplorer:498 - Change Database Version : DB.6.0.120
2024-11-26 14:32:26,516 [INFO] McuFinderGlobals:63 - Set McuFinder mode to 2 (CubeIDE integrated)
2024-11-26 14:32:26,516 [INFO] UserAuth:179 - activating auth plugin
2024-11-26 14:32:26,520 [INFO] UserAuth:417 - Internet connection configuration mode: 1
2024-11-26 14:32:26,549 [INFO] JxBrowserEngine:152 - Initiate JxBrowser Engine with user profile folder
2024-11-26 14:32:26,751 [INFO] CheckServerUpdateThread:120 - End of CheckServer Thread
2024-11-26 14:32:29,692 [WARN] PackLoader:240 - Cannot read IP mode file for STMicroelectronics.FP-SNS-MOTENVWB1.1.4.0
2024-11-26 14:32:29,706 [WARN] PackLoader:240 - Cannot read IP mode file for STMicroelectronics.FP-ATR-ASTRA1.2.0.1
2024-11-26 14:32:29,718 [WARN] PackLoader:240 - Cannot read IP mode file for STMicroelectronics.X-CUBE-SMBUS.2.1.0
2024-11-26 14:32:29,735 [WARN] PackLoader:240 - Cannot read IP mode file for STMicroelectronics.X-CUBE-WB05N.1.1.0
2024-11-26 14:32:29,748 [WARN] PackLoader:240 - Cannot read IP mode file for STMicroelectronics.X-CUBE-TOUCHGFX.4.23.0
2024-11-26 14:32:29,785 [WARN] PackLoader:240 - Cannot read IP mode file for STMicroelectronics.X-CUBE-AZRTOS-F7.1.1.0
2024-11-26 14:32:29,803 [WARN] PackLoader:240 - Cannot read IP mode file for STMicroelectronics.FP-SNS-MOTENV1.4.3.2
2024-11-26 14:32:29,881 [WARN] PackLoader:240 - Cannot read IP mode file for STMicroelectronics.X-CUBE-MEMS1.11.0.0
2024-11-26 14:32:30,089 [WARN] PackLoader:240 - Cannot read IP mode file for STMicroelectronics.FP-SNS-FLIGHT1.5.0.2
2024-11-26 14:32:30,104 [WARN] PackLoader:240 - Cannot read IP mode file for STMicroelectronics.X-CUBE-DISPLAY.3.0.0
2024-11-26 14:32:30,121 [WARN] PackLoader:240 - Cannot read IP mode file for STMicroelectronics.X-CUBE-BLE1.7.0.0
2024-11-26 14:32:30,139 [WARN] PackLoader:240 - Cannot read IP mode file for STMicroelectronics.X-CUBE-NFC10.1.0.0
2024-11-26 14:32:30,158 [WARN] PackLoader:240 - Cannot read IP mode file for emotas.I-CUBE-CANOPEN.1.3.0
2024-11-26 14:32:30,176 [WARN] PackLoader:240 - Cannot read IP mode file for STMicroelectronics.X-CUBE-BLEMGR.3.1.0
2024-11-26 14:32:30,188 [WARN] PackLoader:240 - Cannot read IP mode file for STMicroelectronics.FP-SNS-SMARTAG2.1.2.0
2024-11-26 14:32:30,206 [INFO] LogOutputStream:77 - [STDOUT_REDIRECT] 1 : Invalid condition id : UX_CORESTACK_Condition cause : null
2024-11-26 14:32:30,206 [INFO] LogOutputStream:77 - [STDOUT_REDIRECT] 1 : Invalid condition id : UX_CORESTACK_Condition cause : null
2024-11-26 14:32:30,207 [INFO] LogOutputStream:77 - [STDOUT_REDIRECT] 1 : Invalid condition id : UX_CORESTACK_Condition cause : null
2024-11-26 14:32:30,208 [INFO] LogOutputStream:77 - [STDOUT_REDIRECT] 1 : Invalid condition id : UX_CORESTACK_Condition cause : null
2024-11-26 14:32:30,209 [INFO] LogOutputStream:77 - [STDOUT_REDIRECT] 1 : Invalid condition id : UX_CORESTACK_Condition cause : null
2024-11-26 14:32:30,211 [WARN] PackLoader:240 - Cannot read IP mode file for STMicroelectronics.X-CUBE-AZRTOS-WL.2.0.0
2024-11-26 14:32:30,224 [WARN] PackLoader:240 - Cannot read IP mode file for wolfSSL.I-CUBE-wolfMQTT.1.19.0
2024-11-26 14:32:30,236 [WARN] PackLoader:240 - Cannot read IP mode file for WES.I-CUBE-Cesium.1.3.0
2024-11-26 14:32:30,249 [WARN] PackLoader:240 - Cannot read IP mode file for STMicroelectronics.X-CUBE-BLE2.3.3.0
2024-11-26 14:32:30,263 [WARN] PackLoader:240 - Cannot read IP mode file for STMicroelectronics.X-CUBE-NFC9.1.0.0
2024-11-26 14:32:30,276 [WARN] PackLoader:240 - Cannot read IP mode file for STMicroelectronics.X-CUBE-TCPP.4.1.0
2024-11-26 14:32:30,291 [WARN] PackLoader:240 - Cannot read IP mode file for STMicroelectronics.X-CUBE-ALGOBUILD.1.3.0
2024-11-26 14:32:30,320 [WARN] PackLoader:240 - Cannot read IP mode file for STMicroelectronics.X-CUBE-AZRTOS-G0.1.1.0
2024-11-26 14:32:30,335 [WARN] PackLoader:240 - Cannot read IP mode file for STMicroelectronics.X-CUBE-SAFEA1.1.2.2
2024-11-26 14:32:30,350 [WARN] PackLoader:240 - Cannot read IP mode file for STMicroelectronics.X-CUBE-NFC4.3.0.0
2024-11-26 14:32:30,374 [WARN] PackLoader:240 - Cannot read IP mode file for EmbeddedOffice.I-CUBE-FS-RTOS.1.0.1
2024-11-26 14:32:30,374 [ERROR] ConditionMgr:805 - Attr not supported : Dmpu
2024-11-26 14:32:30,374 [ERROR] ConditionMgr:805 - Attr not supported : Dmpu
2024-11-26 14:32:30,374 [ERROR] ConditionMgr:805 - Attr not supported : Dmpu
2024-11-26 14:32:30,374 [ERROR] ConditionMgr:805 - Attr not supported : Dmpu
2024-11-26 14:32:30,374 [ERROR] ConditionMgr:805 - Attr not supported : Dmpu
2024-11-26 14:32:30,375 [ERROR] ConditionMgr:805 - Attr not supported : Dmpu
2024-11-26 14:32:30,375 [ERROR] ConditionMgr:805 - Attr not supported : Dmpu
2024-11-26 14:32:30,375 [ERROR] ConditionMgr:805 - Attr not supported : Dmpu
2024-11-26 14:32:30,375 [ERROR] ConditionMgr:805 - Attr not supported : Dmpu
2024-11-26 14:32:30,375 [ERROR] ConditionMgr:805 - Attr not supported : Dmpu
2024-11-26 14:32:30,375 [ERROR] ConditionMgr:805 - Attr not supported : Dmpu
2024-11-26 14:32:30,375 [ERROR] ConditionMgr:805 - Attr not supported : Dmpu
2024-11-26 14:32:30,375 [ERROR] ConditionMgr:805 - Attr not supported : Dmpu
2024-11-26 14:32:30,375 [ERROR] ConditionMgr:805 - Attr not supported : Dmpu
2024-11-26 14:32:30,375 [ERROR] ConditionMgr:805 - Attr not supported : Dmpu
2024-11-26 14:32:30,375 [ERROR] ConditionMgr:805 - Attr not supported : Dmpu
2024-11-26 14:32:30,375 [ERROR] ConditionMgr:805 - Attr not supported : Dmpu
2024-11-26 14:32:30,375 [ERROR] ConditionMgr:805 - Attr not supported : Dmpu
2024-11-26 14:32:30,375 [ERROR] ConditionMgr:805 - Attr not supported : Dmpu
2024-11-26 14:32:30,375 [ERROR] ConditionMgr:805 - Attr not supported : Dmpu
2024-11-26 14:32:30,375 [ERROR] ConditionMgr:805 - Attr not supported : Dmpu
2024-11-26 14:32:30,375 [ERROR] ConditionMgr:805 - Attr not supported : Dmpu
2024-11-26 14:32:30,375 [ERROR] ConditionMgr:805 - Attr not supported : Dmpu
2024-11-26 14:32:30,376 [ERROR] ConditionMgr:805 - Attr not supported : Dmpu
2024-11-26 14:32:30,376 [ERROR] ConditionMgr:805 - Attr not supported : Dmpu
2024-11-26 14:32:30,376 [ERROR] ConditionMgr:805 - Attr not supported : Dmpu
2024-11-26 14:32:30,376 [ERROR] ConditionMgr:805 - Attr not supported : Dmpu
2024-11-26 14:32:30,376 [ERROR] ConditionMgr:805 - Attr not supported : Dmpu
2024-11-26 14:32:30,376 [ERROR] ConditionMgr:805 - Attr not supported : Dmpu
2024-11-26 14:32:30,376 [ERROR] ConditionMgr:805 - Attr not supported : Dmpu
2024-11-26 14:32:30,376 [ERROR] ConditionMgr:805 - Attr not supported : Dmpu
2024-11-26 14:32:30,376 [ERROR] ConditionMgr:805 - Attr not supported : Dmpu
2024-11-26 14:32:30,376 [ERROR] ConditionMgr:805 - Attr not supported : Dmpu
2024-11-26 14:32:30,376 [ERROR] ConditionMgr:805 - Attr not supported : Dmpu
2024-11-26 14:32:30,376 [ERROR] ConditionMgr:805 - Attr not supported : Dmpu
2024-11-26 14:32:30,376 [ERROR] ConditionMgr:805 - Attr not supported : Dmpu
2024-11-26 14:32:30,376 [ERROR] ConditionMgr:805 - Attr not supported : Dmpu
2024-11-26 14:32:30,377 [ERROR] ConditionMgr:805 - Attr not supported : Dmpu
2024-11-26 14:32:30,377 [ERROR] ConditionMgr:805 - Attr not supported : Dmpu
2024-11-26 14:32:30,377 [ERROR] ConditionMgr:805 - Attr not supported : Dmpu
2024-11-26 14:32:30,377 [ERROR] ConditionMgr:805 - Attr not supported : Dmpu
2024-11-26 14:32:30,377 [ERROR] ConditionMgr:805 - Attr not supported : Dmpu
2024-11-26 14:32:30,377 [ERROR] ConditionMgr:805 - Attr not supported : Dmpu
2024-11-26 14:32:30,377 [ERROR] ConditionMgr:805 - Attr not supported : Dmpu
2024-11-26 14:32:30,377 [ERROR] ConditionMgr:805 - Attr not supported : Dmpu
2024-11-26 14:32:30,377 [ERROR] ConditionMgr:805 - Attr not supported : Dmpu
2024-11-26 14:32:30,377 [ERROR] ConditionMgr:805 - Attr not supported : Dmpu
2024-11-26 14:32:30,377 [ERROR] ConditionMgr:805 - Attr not supported : Dmpu
2024-11-26 14:32:30,377 [ERROR] ConditionMgr:805 - Attr not supported : Dmpu
2024-11-26 14:32:30,377 [ERROR] ConditionMgr:805 - Attr not supported : Dmpu
2024-11-26 14:32:30,377 [ERROR] ConditionMgr:805 - Attr not supported : Dmpu
2024-11-26 14:32:30,377 [ERROR] ConditionMgr:805 - Attr not supported : Dmpu
2024-11-26 14:32:30,378 [ERROR] ConditionMgr:805 - Attr not supported : Dmpu
2024-11-26 14:32:30,378 [ERROR] ConditionMgr:805 - Attr not supported : Dmpu
2024-11-26 14:32:30,378 [ERROR] ConditionMgr:805 - Attr not supported : Dmpu
2024-11-26 14:32:30,378 [ERROR] ConditionMgr:805 - Attr not supported : Dmpu
2024-11-26 14:32:30,378 [ERROR] ConditionMgr:805 - Attr not supported : Dmpu
2024-11-26 14:32:30,378 [ERROR] ConditionMgr:805 - Attr not supported : Dmpu
2024-11-26 14:32:30,378 [ERROR] ConditionMgr:805 - Attr not supported : Dmpu
2024-11-26 14:32:30,378 [ERROR] ConditionMgr:805 - Attr not supported : Dmpu
2024-11-26 14:32:30,378 [ERROR] ConditionMgr:805 - Attr not supported : Dmpu
2024-11-26 14:32:30,378 [ERROR] ConditionMgr:805 - Attr not supported : Dmpu
2024-11-26 14:32:30,378 [ERROR] ConditionMgr:805 - Attr not supported : Dmpu
2024-11-26 14:32:30,378 [ERROR] ConditionMgr:805 - Attr not supported : Dmpu
2024-11-26 14:32:30,392 [WARN] PackLoader:240 - Cannot read IP mode file for RealThread.X-CUBE-RT-Thread_Nano.4.1.1
2024-11-26 14:32:30,404 [WARN] PackLoader:240 - Cannot read IP mode file for STMicroelectronics.FP-ATR-SIGFOX1.3.2.0
2024-11-26 14:32:30,414 [WARN] ConditionMgr:438 - getConditionDescription Invalid condition id : Cortex-A Device cause : null
2024-11-26 14:32:30,434 [WARN] ConditionMgr:1039 - genDependencies : Invalid condition id : Cortex-A Device cause : null
2024-11-26 14:32:30,434 [WARN] ConditionMgr:1039 - genDependencies : Invalid condition id : Cortex-A Device cause : null
2024-11-26 14:32:30,435 [WARN] ConditionMgr:1039 - genDependencies : Invalid condition id : Cortex-A Device cause : null
2024-11-26 14:32:30,448 [WARN] PackLoader:240 - Cannot read IP mode file for STMicroelectronics.X-CUBE-EEPRMA1.5.1.0
2024-11-26 14:32:30,480 [WARN] PackLoader:240 - Cannot read IP mode file for SEGGER.I-CUBE-embOS.1.3.1
2024-11-26 14:32:30,528 [WARN] PackLoader:240 - Cannot read IP mode file for STMicroelectronics.X-CUBE-ALGOBUILD.1.4.0
2024-11-26 14:32:30,543 [WARN] PackLoader:240 - Cannot read IP mode file for STMicroelectronics.X-CUBE-AI.9.1.0
2024-11-26 14:32:30,559 [WARN] PackLoader:240 - Cannot read IP mode file for STMicroelectronics.X-CUBE-GNSS1.6.0.0
2024-11-26 14:32:30,586 [WARN] PackLoader:240 - Cannot read IP mode file for STMicroelectronics.X-CUBE-AZRTOS-F4.1.1.0
2024-11-26 14:32:30,601 [WARN] PackLoader:240 - Cannot read IP mode file for STMicroelectronics.X-CUBE-ISPU.2.1.0
2024-11-26 14:32:30,613 [WARN] PackLoader:240 - Cannot read IP mode file for STMicroelectronics.X-CUBE-FREERTOS.1.2.0
2024-11-26 14:32:30,624 [WARN] PackLoader:240 - Cannot read IP mode file for wolfSSL.I-CUBE-wolfSSL.5.6.6
2024-11-26 14:32:30,652 [WARN] PackLoader:240 - Cannot read IP mode file for STMicroelectronics.X-CUBE-AZRTOS-L5.2.0.0
2024-11-26 14:32:30,669 [WARN] PackLoader:240 - Cannot read IP mode file for STMicroelectronics.X-CUBE-NFC6.3.1.0
2024-11-26 14:32:30,683 [WARN] PackLoader:240 - Cannot read IP mode file for ITTIA_DB.I-CUBE-ITTIADB.8.8.0
2024-11-26 14:32:30,695 [WARN] PackLoader:240 - Cannot read IP mode file for STMicroelectronics.X-CUBE-DPower.1.2.0
2024-11-26 14:32:30,710 [WARN] PackLoader:240 - Cannot read IP mode file for STMicroelectronics.X-CUBE-AI.9.0.0
2024-11-26 14:32:30,724 [WARN] PackLoader:240 - Cannot read IP mode file for STMicroelectronics.X-CUBE-NFC7.1.0.1
2024-11-26 14:32:30,739 [WARN] PackLoader:240 - Cannot read IP mode file for STMicroelectronics.X-CUBE-AI.8.1.0
2024-11-26 14:32:30,769 [WARN] ConditionMgr:438 - getConditionDescription Invalid condition id : LAN8742 Phy interface Condition cause : null
2024-11-26 14:32:30,770 [WARN] PackLoader:240 - Cannot read IP mode file for STMicroelectronics.X-CUBE-AZRTOS-L4.2.0.0
2024-11-26 14:32:30,771 [WARN] ConditionMgr:1039 - genDependencies : Invalid condition id : LAN8742 Phy interface Condition cause : null
2024-11-26 14:32:30,771 [WARN] ConditionMgr:1039 - genDependencies : Invalid condition id : LAN8742 Phy interface Condition cause : null
2024-11-26 14:32:30,772 [WARN] ConditionMgr:1039 - genDependencies : Invalid condition id : LAN8742 Phy interface Condition cause : null
2024-11-26 14:32:30,788 [WARN] PackLoader:240 - Cannot read IP mode file for STMicroelectronics.X-CUBE-SFXS2LP1.4.0.0
2024-11-26 14:32:30,826 [WARN] PackLoader:240 - Cannot read IP mode file for STMicroelectronics.X-CUBE-AZRTOS-H7.3.3.0
2024-11-26 14:32:30,847 [WARN] PackLoader:240 - Cannot read IP mode file for STMicroelectronics.X-CUBE-IPS.3.0.0
2024-11-26 14:32:30,896 [WARN] ConditionMgr:438 - getConditionDescription Invalid condition id : UX DEVICE CLASS RTOS Condition cause : null
2024-11-26 14:32:30,897 [WARN] ConditionMgr:438 - getConditionDescription Invalid condition id : UX DEVICE CLASS RTOS Condition cause : null
2024-11-26 14:32:30,900 [WARN] PackLoader:240 - Cannot read IP mode file for STMicroelectronics.X-CUBE-AZRTOS-WB.2.0.0
2024-11-26 14:32:30,906 [WARN] ConditionMgr:1039 - genDependencies : Invalid condition id : UX DEVICE CLASS RTOS Condition cause : null
2024-11-26 14:32:30,906 [WARN] ConditionMgr:1039 - genDependencies : Invalid condition id : UX DEVICE CLASS RTOS Condition cause : null
2024-11-26 14:32:30,908 [WARN] ConditionMgr:1039 - genDependencies : Invalid condition id : UX DEVICE CLASS RTOS Condition cause : null
2024-11-26 14:32:30,908 [WARN] ConditionMgr:1039 - genDependencies : Invalid condition id : UX DEVICE CLASS RTOS Condition cause : null
2024-11-26 14:32:30,908 [WARN] ConditionMgr:1039 - genDependencies : Invalid condition id : UX DEVICE CLASS RTOS Condition cause : null
2024-11-26 14:32:30,924 [WARN] PackLoader:240 - Cannot read IP mode file for STMicroelectronics.X-CUBE-GNSS1.7.0.0
2024-11-26 14:32:30,941 [WARN] PackLoader:240 - Cannot read IP mode file for STMicroelectronics.X-CUBE-SUBG2.5.0.0
2024-11-26 14:32:30,955 [WARN] PackLoader:240 - Cannot read IP mode file for Cesanta.I-CUBE-Mongoose.7.13.0
2024-11-26 14:32:30,981 [WARN] PackLoader:240 - Cannot read IP mode file for STMicroelectronics.X-CUBE-AZRTOS-G4.2.0.0
2024-11-26 14:32:31,007 [WARN] PackLoader:240 - Cannot read IP mode file for Infineon.AIROC-Wi-Fi-Bluetooth-STM32.1.5.1
2024-11-26 14:32:31,019 [WARN] PackLoader:240 - Cannot read IP mode file for STMicroelectronics.FP-SNS-MOTENVWB1.1.3.1
2024-11-26 14:32:31,030 [WARN] PackLoader:240 - Cannot read IP mode file for STMicroelectronics.X-CUBE-ISPU.2.0.0
2024-11-26 14:32:31,044 [WARN] PackLoader:240 - Cannot read IP mode file for STMicroelectronics.X-CUBE-ALS.1.0.2
2024-11-26 14:32:31,091 [WARN] PackLoader:240 - Cannot read IP mode file for STMicroelectronics.X-CUBE-MEMS1.10.0.0
2024-11-26 14:32:31,189 [WARN] PackLoader:240 - Cannot read IP mode file for STMicroelectronics.X-CUBE-FREERTOS.1.1.0
2024-11-26 14:32:31,200 [WARN] PackLoader:240 - Cannot read IP mode file for STMicroelectronics.X-CUBE-TOUCHGFX.4.24.1
2024-11-26 14:32:31,211 [WARN] PackLoader:240 - Cannot read IP mode file for wolfSSL.I-CUBE-wolfTPM.3.4.0
2024-11-26 14:32:31,224 [WARN] PackLoader:240 - Cannot read IP mode file for portGmbH.I-Cube-SoM-uGOAL.1.1.0
2024-11-26 14:32:31,236 [WARN] PackLoader:240 - Cannot read IP mode file for STMicroelectronics.X-CUBE-ALS.1.0.1
2024-11-26 14:32:31,260 [WARN] PackLoader:240 - Cannot read IP mode file for STMicroelectronics.X-CUBE-AZRTOS-H7RS.1.0.0
2024-11-26 14:32:31,271 [WARN] PackLoader:240 - Cannot read IP mode file for STMicroelectronics.FP-ATR-ASTRA1.2.0.0
2024-11-26 14:32:31,287 [WARN] PackLoader:240 - Cannot read IP mode file for STMicroelectronics.X-CUBE-TOF1.3.4.2
2024-11-26 14:32:31,309 [WARN] PackLoader:240 - Cannot read IP mode file for STMicroelectronics.X-CUBE-TOF1.3.4.1
2024-11-26 14:32:31,339 [WARN] PackLoader:240 - Cannot read IP mode file for STMicroelectronics.X-CUBE-AZRTOS-H7.3.2.0
2024-11-26 14:32:31,351 [WARN] PackLoader:240 - Cannot read IP mode file for wolfSSL.I-CUBE-wolfSSH.1.4.17
2024-11-26 14:32:31,352 [INFO] ThirdParty:978 - Integrity check success = true
2024-11-26 14:32:31,352 [INFO] IntegrityCheckThread:100 - exiting critical section [integrity check]
2024-11-26 14:32:31,352 [INFO] IntegrityCheckThread:103 - End integrity checks thread
2024-11-26 14:32:32,990 [INFO] WebApp:167 - Instantiating new browser for Auth
2024-11-26 14:32:33,838 [INFO] WebApp:448 - Apply proxy settings
2024-11-26 14:32:33,838 [INFO] WebApp:533 - Chromium requires no authentication
2024-11-26 14:32:33,853 [INFO] WebApp:476 - Direct internet connection detected
2024-11-26 14:32:33,898 [INFO] WebApp:869 - Register for checkConnection events
2024-11-26 14:32:33,898 [INFO] WebApp:448 - Apply proxy settings
2024-11-26 14:32:33,898 [INFO] WebApp:533 - Chromium requires no authentication
2024-11-26 14:32:33,899 [INFO] WebApp:476 - Direct internet connection detected
2024-11-26 14:32:34,079 [INFO] WebApp:220 - Starting web application
2024-11-26 14:32:34,079 [INFO] WebApp:578 - Web application path used C:\ST\STM32CubeIDE_1.16.0\STM32CubeIDE\plugins\com.st.stm32cube.common.mx_6.12.0.202406281431\db\plugins\mcufinder\reactClient1\index.html
2024-11-26 14:32:34,193 [INFO] WebApp:186 - Connection restablished
2024-11-26 15:50:57,896 [INFO] WebApp:189 - Connection lost
2024-11-26 15:50:58,162 [INFO] WebApp:186 - Connection restablished
2024-11-26 15:51:04,383 [INFO] WebApp:189 - Connection lost
2024-11-26 15:51:04,507 [INFO] WebApp:186 - Connection restablished
2024-11-26 18:37:08,658 [INFO] WebApp:189 - Connection lost
2024-11-26 18:37:09,368 [INFO] WebApp:186 - Connection restablished
2024-11-26 18:37:10,182 [INFO] WebApp:189 - Connection lost
2024-11-26 18:37:10,308 [INFO] WebApp:186 - Connection restablished
2024-11-26 18:37:12,516 [INFO] WebApp:189 - Connection lost
2024-11-26 18:37:12,714 [INFO] WebApp:186 - Connection restablished
