2024-11-28 22:23:14,783 [INFO] Activator:176 - 


2024-11-28 22:23:14,789 [INFO] Activator:177 - !SESSION log4j initialized
2024-11-28 22:23:20,533 [INFO] LogOutputStream:77 - [STDOUT_REDIRECT] 
2024-11-28 22:23:27,824 [INFO] ApplicationProperties:184 - Using Application install path: C:\ST\STM32CubeIDE_1.16.0\STM32CubeIDE\plugins\com.st.stm32cube.common.mx_6.12.0.202406281431
2024-11-28 22:23:27,841 [INFO] DbMcusXml:78 - Set database path to: C:\ST\STM32CubeIDE_1.16.0\STM32CubeIDE\plugins\com.st.stm32cube.common.mx_6.12.0.202406281431\\db\/mcu/
2024-11-28 22:23:27,841 [INFO] ApiDb:274 - Set plugin database path to: C:\ST\STM32CubeIDE_1.16.0\STM32CubeIDE\plugins\com.st.stm32cube.common.mx_6.12.0.202406281431\\db\/plugins/boardmanager/
2024-11-28 22:23:27,841 [WARN] ApiDb:259 - Overriding images path with different value:  => C:\ST\STM32CubeIDE_1.16.0\STM32CubeIDE\plugins\com.st.stm32cube.common.mx_6.12.0.202406281431\\db\/plugins/mcufinder/images/
2024-11-28 22:23:27,856 [INFO] ApiDb:250 - Set database path to: C:\Users\hung\.stmcufinder\plugins\mcufinder//mcu/
2024-11-28 22:23:27,858 [INFO] DbMcusAds:125 - Set database path to: C:\Users\hung\.stmcufinder\plugins\mcufinder//mcu/
2024-11-28 22:23:27,860 [INFO] CrossReferenceDbSqlite:203 - Set database path to: C:\Users\hung\.stmcufinder\plugins\mcufinder//mcu/cs/
2024-11-28 22:23:27,963 [INFO] RulesReader:64 - Compatibility file has been processed (297 Rules)
2024-11-28 22:23:28,062 [INFO] DbMcusXml:78 - Set database path to: C:\ST\STM32CubeIDE_1.16.0\STM32CubeIDE\plugins\com.st.stm32cube.common.mx_6.12.0.202406281431\\db\/mcu/
2024-11-28 22:23:28,062 [INFO] ApiDb:274 - Set plugin database path to: C:\ST\STM32CubeIDE_1.16.0\STM32CubeIDE\plugins\com.st.stm32cube.common.mx_6.12.0.202406281431\\db\/plugins/boardmanager/
2024-11-28 22:23:28,062 [INFO] ApiDb:261 - Set plugin images path to: C:\ST\STM32CubeIDE_1.16.0\STM32CubeIDE\plugins\com.st.stm32cube.common.mx_6.12.0.202406281431\\db\/plugins/mcufinder/images/
2024-11-28 22:23:28,062 [WARN] DbFile:41 - Overriding database path with different value: C:\Users\hung\.stmcufinder\plugins\mcufinder/ => C:\Users\hung\.stmcufinder\plugins\mcufinder
2024-11-28 22:23:28,062 [INFO] ApiDb:250 - Set database path to: C:\Users\hung\.stmcufinder\plugins\mcufinder//mcu/
2024-11-28 22:23:28,062 [WARN] DbFile:41 - Overriding database path with different value: C:\Users\hung\.stmcufinder\plugins\mcufinder/ => C:\Users\hung\.stmcufinder\plugins\mcufinder
2024-11-28 22:23:28,062 [INFO] DbMcusAds:125 - Set database path to: C:\Users\hung\.stmcufinder\plugins\mcufinder//mcu/
2024-11-28 22:23:28,063 [WARN] DbFile:41 - Overriding database path with different value: C:\Users\hung\.stmcufinder\plugins\mcufinder/ => C:\Users\hung\.stmcufinder\plugins\mcufinder
2024-11-28 22:23:28,063 [WARN] DbFile:41 - Overriding database path with different value: C:\Users\hung\.stmcufinder\plugins\mcufinder/ => C:\Users\hung\.stmcufinder\plugins\mcufinder
2024-11-28 22:23:28,063 [INFO] CrossReferenceDbSqlite:203 - Set database path to: C:\Users\hung\.stmcufinder\plugins\mcufinder//mcu/cs/
2024-11-28 22:23:28,138 [INFO] MainPanel:268 - HeapMemory: 268435456
2024-11-28 22:23:28,238 [INFO] DbMcusXml:78 - Set database path to: C:\ST\STM32CubeIDE_1.16.0\STM32CubeIDE\plugins\com.st.stm32cube.common.mx_6.12.0.202406281431\\db\/mcu/
2024-11-28 22:23:28,239 [INFO] ApiDb:274 - Set plugin database path to: C:\ST\STM32CubeIDE_1.16.0\STM32CubeIDE\plugins\com.st.stm32cube.common.mx_6.12.0.202406281431\\db\/plugins/boardmanager/
2024-11-28 22:23:28,239 [INFO] ApiDb:261 - Set plugin images path to: C:\ST\STM32CubeIDE_1.16.0\STM32CubeIDE\plugins\com.st.stm32cube.common.mx_6.12.0.202406281431\\db\/plugins/mcufinder/images/
2024-11-28 22:23:28,239 [WARN] DbFile:41 - Overriding database path with different value: C:\Users\hung\.stmcufinder\plugins\mcufinder/ => C:\Users\hung\.stmcufinder\plugins\mcufinder
2024-11-28 22:23:28,239 [INFO] ApiDb:250 - Set database path to: C:\Users\hung\.stmcufinder\plugins\mcufinder//mcu/
2024-11-28 22:23:28,239 [WARN] DbFile:41 - Overriding database path with different value: C:\Users\hung\.stmcufinder\plugins\mcufinder/ => C:\Users\hung\.stmcufinder\plugins\mcufinder
2024-11-28 22:23:28,239 [INFO] DbMcusAds:125 - Set database path to: C:\Users\hung\.stmcufinder\plugins\mcufinder//mcu/
2024-11-28 22:23:28,239 [WARN] DbFile:41 - Overriding database path with different value: C:\Users\hung\.stmcufinder\plugins\mcufinder/ => C:\Users\hung\.stmcufinder\plugins\mcufinder
2024-11-28 22:23:28,239 [WARN] DbFile:41 - Overriding database path with different value: C:\Users\hung\.stmcufinder\plugins\mcufinder/ => C:\Users\hung\.stmcufinder\plugins\mcufinder
2024-11-28 22:23:28,239 [INFO] CrossReferenceDbSqlite:203 - Set database path to: C:\Users\hung\.stmcufinder\plugins\mcufinder//mcu/cs/
2024-11-28 22:23:28,253 [INFO] ApplicationProperties:184 - Using Application install path: C:\ST\STM32CubeIDE_1.16.0\STM32CubeIDE\plugins\com.st.stm32cube.common.mx_6.12.0.202406281431
2024-11-28 22:23:28,254 [INFO] PluginManage:196 - Search for loadable plugins [exclusion list=, ]
2024-11-28 22:23:28,256 [INFO] PluginManage:310 - Check plugin analytics
2024-11-28 22:23:33,297 [INFO] AnalyticsPlugin:253 - Accepted Software Licenses: STM32CubeMX.6.9.1,STM32CubeMX.6.10.0,STM32CubeMX.6.12.0
2024-11-28 22:23:33,299 [INFO] AnalyticsPlugin:255 - Accepted CMSIS Pack Licenses: 
2024-11-28 22:23:33,299 [INFO] AnalyticsPlugin:257 - Accepted Firmware Licenses: 
2024-11-28 22:23:33,299 [INFO] PluginManage:359 - Loaded plugin analytics (category:tool,tabindex:-1)
2024-11-28 22:23:33,299 [INFO] PluginManage:310 - Check plugin cadmodel
2024-11-28 22:23:33,314 [INFO] CADModel:105 - Init CAD model plugin
2024-11-28 22:23:33,314 [INFO] PluginManage:359 - Loaded plugin cadmodel (category:power,tabindex:5)
2024-11-28 22:23:33,315 [INFO] PluginManage:310 - Check plugin clock
2024-11-28 22:23:33,332 [INFO] PluginManage:359 - Loaded plugin clock (category:base,tabindex:2)
2024-11-28 22:23:33,332 [INFO] PluginManage:310 - Check plugin ddr
2024-11-28 22:23:33,334 [INFO] PluginManage:359 - Loaded plugin ddr (category:tool,tabindex:6)
2024-11-28 22:23:33,334 [INFO] PluginManage:310 - Check plugin filemanager
2024-11-28 22:23:33,448 [INFO] PluginManage:359 - Loaded plugin filemanager (category:base,tabindex:10)
2024-11-28 22:23:33,448 [INFO] PluginManage:310 - Check plugin ipmanager
2024-11-28 22:23:33,453 [INFO] PluginManage:359 - Loaded plugin ipmanager (category:base,tabindex:5)
2024-11-28 22:23:33,453 [INFO] PluginManage:310 - Check plugin lpbam
2024-11-28 22:23:33,469 [INFO] PluginManage:359 - Loaded plugin lpbam (category:base,tabindex:0)
2024-11-28 22:23:33,469 [INFO] PluginManage:310 - Check plugin memorymap
2024-11-28 22:23:33,488 [INFO] PluginManage:359 - Loaded plugin memorymap (category:base,tabindex:4)
2024-11-28 22:23:33,488 [INFO] PluginManage:310 - Check plugin pinoutandconfiguration
2024-11-28 22:23:33,504 [INFO] PluginManage:359 - Loaded plugin pinoutandconfiguration (category:base,tabindex:1)
2024-11-28 22:23:33,504 [INFO] PluginManage:310 - Check plugin pinoutconfig
2024-11-28 22:23:33,583 [WARN] SupportedApi:132 - Cannot load RTOS API schema: s4s-elt-must-match.1: The content of 'definitions' must match (annotation?, (simpleType | complexType)?, (unique | key | keyref)*)). A problem was found starting at: attribute.
2024-11-28 22:23:33,690 [INFO] PluginManage:359 - Loaded plugin pinoutconfig (category:base,tabindex:0)
2024-11-28 22:23:33,690 [INFO] PluginManage:310 - Check plugin power
2024-11-28 22:23:33,710 [INFO] PluginManage:359 - Loaded plugin power (category:power,tabindex:4)
2024-11-28 22:23:33,710 [INFO] PluginManage:310 - Check plugin projectmanager
2024-11-28 22:23:33,723 [INFO] PluginManage:359 - Loaded plugin projectmanager (category:projectmanager,tabindex:4)
2024-11-28 22:23:33,723 [INFO] PluginManage:310 - Check plugin rif
2024-11-28 22:23:33,737 [INFO] PluginManage:359 - Loaded plugin rif (category:base,tabindex:3)
2024-11-28 22:23:33,737 [INFO] PluginManage:310 - Check plugin thirdparty
2024-11-28 22:23:33,972 [INFO] PluginManage:359 - Loaded plugin thirdparty (category:base,tabindex:-1)
2024-11-28 22:23:33,972 [WARN] IntegrityCheckThread:84 - waiting for thirdparty lock release [integrity check]
2024-11-28 22:23:33,972 [INFO] PluginManage:310 - Check plugin tools
2024-11-28 22:23:33,973 [INFO] IntegrityCheckThread:86 - entering critical section [integrity check]
2024-11-28 22:23:33,973 [INFO] ThirdPartyUpdaterWithRetryManager:70 - Updater plugin not ready yet. [1/15]
2024-11-28 22:23:34,010 [INFO] PluginManage:359 - Loaded plugin tools (category:base,tabindex:7)
2024-11-28 22:23:34,010 [INFO] PluginManage:310 - Check plugin tutovideos
2024-11-28 22:23:34,175 [INFO] PluginManage:359 - Loaded plugin tutovideos (category:base,tabindex:-1)
2024-11-28 22:23:34,175 [INFO] PluginManage:310 - Check plugin updater
2024-11-28 22:23:34,188 [INFO] PluginManage:359 - Loaded plugin updater (category:base,tabindex:12)
2024-11-28 22:23:34,188 [INFO] PluginManage:310 - Check plugin userauth
2024-11-28 22:23:34,193 [INFO] UserAuth:113 - Init User Auth plugin
2024-11-28 22:23:34,194 [INFO] PluginManage:359 - Loaded plugin userauth (category:base,tabindex:14)
2024-11-28 22:23:34,194 [INFO] PluginManage:283 - PluginManage : Loaded plugins [18]
2024-11-28 22:23:34,357 [INFO] PinOutPanel:1561 - setPackage(No Configuration,No Configuration)
2024-11-28 22:23:34,439 [INFO] CADModel:165 - CPN selected for project level
2024-11-28 22:23:34,440 [INFO] CADModel:114 - Register for checkConnection events
2024-11-28 22:23:34,467 [INFO] IPUIPlugin:80 - create IPUIPlugin
2024-11-28 22:23:34,467 [INFO] PluginManager:220 - loadIPPluginJar : add adc
2024-11-28 22:23:34,498 [INFO] IPUIPlugin:80 - create IPUIPlugin
2024-11-28 22:23:34,498 [INFO] PluginManager:220 - loadIPPluginJar : add aes
2024-11-28 22:23:34,531 [INFO] IPUIPlugin:80 - create IPUIPlugin
2024-11-28 22:23:34,531 [INFO] PluginManager:220 - loadIPPluginJar : add can
2024-11-28 22:23:34,552 [INFO] IPUIPlugin:80 - create IPUIPlugin
2024-11-28 22:23:34,552 [INFO] PluginManager:220 - loadIPPluginJar : add comp
2024-11-28 22:23:34,580 [INFO] IPUIPlugin:80 - create IPUIPlugin
2024-11-28 22:23:34,580 [INFO] PluginManager:220 - loadIPPluginJar : add cryp
2024-11-28 22:23:34,591 [INFO] IPUIPlugin:80 - create IPUIPlugin
2024-11-28 22:23:34,591 [INFO] PluginManager:220 - loadIPPluginJar : add ddr_ctrl_phy
2024-11-28 22:23:34,617 [INFO] IPUIPlugin:80 - create IPUIPlugin
2024-11-28 22:23:34,617 [INFO] PluginManager:220 - loadIPPluginJar : add dfsdm
2024-11-28 22:23:34,629 [INFO] IPUIPlugin:80 - create IPUIPlugin
2024-11-28 22:23:34,630 [INFO] PluginManager:220 - loadIPPluginJar : add dma
2024-11-28 22:23:34,665 [INFO] IPUIPlugin:80 - create IPUIPlugin
2024-11-28 22:23:34,665 [INFO] PluginManager:220 - loadIPPluginJar : add dma3
2024-11-28 22:23:34,704 [INFO] IPUIPlugin:80 - create IPUIPlugin
2024-11-28 22:23:34,704 [INFO] PluginManager:220 - loadIPPluginJar : add extmemmanager
2024-11-28 22:23:34,721 [INFO] IPUIPlugin:80 - create IPUIPlugin
2024-11-28 22:23:34,721 [INFO] PluginManager:220 - loadIPPluginJar : add fatfs
2024-11-28 22:23:34,762 [INFO] IPUIPlugin:80 - create IPUIPlugin
2024-11-28 22:23:34,762 [INFO] PluginManager:220 - loadIPPluginJar : add fmc
2024-11-28 22:23:34,776 [INFO] IPUIPlugin:80 - create IPUIPlugin
2024-11-28 22:23:34,776 [INFO] PluginManager:220 - loadIPPluginJar : add freertos
2024-11-28 22:23:34,794 [INFO] IPUIPlugin:80 - create IPUIPlugin
2024-11-28 22:23:34,794 [INFO] PluginManager:220 - loadIPPluginJar : add genericplugin
2024-11-28 22:23:34,873 [INFO] IPUIPlugin:80 - create IPUIPlugin
2024-11-28 22:23:34,873 [INFO] PluginManager:220 - loadIPPluginJar : add gfxmmu
2024-11-28 22:23:34,978 [INFO] IPUIPlugin:80 - create IPUIPlugin
2024-11-28 22:23:34,978 [INFO] PluginManager:220 - loadIPPluginJar : add gic
2024-11-28 22:23:34,991 [INFO] IPUIPlugin:80 - create IPUIPlugin
2024-11-28 22:23:34,991 [INFO] PluginManager:220 - loadIPPluginJar : add gpio
2024-11-28 22:23:35,069 [INFO] IPUIPlugin:80 - create IPUIPlugin
2024-11-28 22:23:35,069 [INFO] PluginManager:220 - loadIPPluginJar : add gtzc
2024-11-28 22:23:35,096 [INFO] IPUIPlugin:80 - create IPUIPlugin
2024-11-28 22:23:35,096 [INFO] PluginManager:220 - loadIPPluginJar : add hash
2024-11-28 22:23:35,140 [INFO] IPUIPlugin:80 - create IPUIPlugin
2024-11-28 22:23:35,140 [INFO] PluginManager:220 - loadIPPluginJar : add i2c
2024-11-28 22:23:35,172 [INFO] IPUIPlugin:80 - create IPUIPlugin
2024-11-28 22:23:35,172 [INFO] PluginManager:220 - loadIPPluginJar : add i2s
2024-11-28 22:23:35,207 [INFO] IPUIPlugin:80 - create IPUIPlugin
2024-11-28 22:23:35,207 [INFO] PluginManager:220 - loadIPPluginJar : add i3c
2024-11-28 22:23:35,294 [INFO] IPUIPlugin:80 - create IPUIPlugin
2024-11-28 22:23:35,295 [INFO] PluginManager:220 - loadIPPluginJar : add ipddr
2024-11-28 22:23:35,370 [INFO] IPUIPlugin:80 - create IPUIPlugin
2024-11-28 22:23:35,370 [INFO] PluginManager:220 - loadIPPluginJar : add linkedlist
2024-11-28 22:23:35,400 [INFO] IPUIPlugin:80 - create IPUIPlugin
2024-11-28 22:23:35,400 [INFO] PluginManager:220 - loadIPPluginJar : add lorawan
2024-11-28 22:23:35,430 [INFO] IPUIPlugin:80 - create IPUIPlugin
2024-11-28 22:23:35,430 [INFO] PluginManager:220 - loadIPPluginJar : add ltdc
2024-11-28 22:23:35,442 [INFO] IPUIPlugin:80 - create IPUIPlugin
2024-11-28 22:23:35,442 [INFO] PluginManager:220 - loadIPPluginJar : add mdma
2024-11-28 22:23:35,454 [INFO] IPUIPlugin:80 - create IPUIPlugin
2024-11-28 22:23:35,454 [INFO] PluginManager:220 - loadIPPluginJar : add nvic
2024-11-28 22:23:35,488 [INFO] IPUIPlugin:80 - create IPUIPlugin
2024-11-28 22:23:35,488 [INFO] PluginManager:220 - loadIPPluginJar : add opamp
2024-11-28 22:23:35,539 [INFO] IPUIPlugin:80 - create IPUIPlugin
2024-11-28 22:23:35,539 [INFO] PluginManager:220 - loadIPPluginJar : add openamp
2024-11-28 22:23:35,573 [INFO] IPUIPlugin:80 - create IPUIPlugin
2024-11-28 22:23:35,573 [INFO] PluginManager:220 - loadIPPluginJar : add pdm2pcm
2024-11-28 22:23:35,585 [INFO] IPUIPlugin:80 - create IPUIPlugin
2024-11-28 22:23:35,587 [INFO] PluginManager:220 - loadIPPluginJar : add plateformsettings
2024-11-28 22:23:35,606 [INFO] IPUIPlugin:80 - create IPUIPlugin
2024-11-28 22:23:35,606 [INFO] PluginManager:220 - loadIPPluginJar : add quadspi
2024-11-28 22:23:35,629 [INFO] IPUIPlugin:80 - create IPUIPlugin
2024-11-28 22:23:35,629 [INFO] PluginManager:220 - loadIPPluginJar : add radio
2024-11-28 22:23:35,640 [INFO] IPUIPlugin:80 - create IPUIPlugin
2024-11-28 22:23:35,640 [INFO] PluginManager:220 - loadIPPluginJar : add resmgrutility
2024-11-28 22:23:35,681 [INFO] IPUIPlugin:80 - create IPUIPlugin
2024-11-28 22:23:35,682 [INFO] PluginManager:220 - loadIPPluginJar : add sai
2024-11-28 22:23:35,712 [INFO] IPUIPlugin:80 - create IPUIPlugin
2024-11-28 22:23:35,712 [INFO] PluginManager:220 - loadIPPluginJar : add spi
2024-11-28 22:23:35,771 [INFO] IPUIPlugin:80 - create IPUIPlugin
2024-11-28 22:23:35,771 [INFO] PluginManager:220 - loadIPPluginJar : add stm32_wpan
2024-11-28 22:23:35,792 [INFO] IPUIPlugin:80 - create IPUIPlugin
2024-11-28 22:23:35,792 [INFO] PluginManager:220 - loadIPPluginJar : add tim
2024-11-28 22:23:35,846 [INFO] IPUIPlugin:80 - create IPUIPlugin
2024-11-28 22:23:35,846 [INFO] PluginManager:220 - loadIPPluginJar : add touchsensing
2024-11-28 22:23:35,865 [INFO] IPUIPlugin:80 - create IPUIPlugin
2024-11-28 22:23:35,865 [INFO] PluginManager:220 - loadIPPluginJar : add tracer_emb
2024-11-28 22:23:35,885 [INFO] IPUIPlugin:80 - create IPUIPlugin
2024-11-28 22:23:35,885 [INFO] PluginManager:220 - loadIPPluginJar : add ts
2024-11-28 22:23:35,905 [INFO] IPUIPlugin:80 - create IPUIPlugin
2024-11-28 22:23:35,905 [INFO] PluginManager:220 - loadIPPluginJar : add tsc
2024-11-28 22:23:35,924 [INFO] IPUIPlugin:80 - create IPUIPlugin
2024-11-28 22:23:35,924 [INFO] PluginManager:220 - loadIPPluginJar : add ucpd
2024-11-28 22:23:35,968 [INFO] IPUIPlugin:80 - create IPUIPlugin
2024-11-28 22:23:35,968 [INFO] PluginManager:220 - loadIPPluginJar : add usart
2024-11-28 22:23:36,006 [INFO] IPUIPlugin:80 - create IPUIPlugin
2024-11-28 22:23:36,007 [INFO] PluginManager:220 - loadIPPluginJar : add usbx
2024-11-28 22:23:36,118 [INFO] CADModel:165 - CPN selected for project level
2024-11-28 22:23:36,118 [INFO] CADModel:114 - Register for checkConnection events
2024-11-28 22:23:36,118 [FATAL] Updater:334 - Updater called before beeing initialized
2024-11-28 22:23:36,118 [ERROR] CADModel:125 - Updater not yet initialized, retry later 
2024-11-28 22:23:36,223 [INFO] CADModel:165 - CPN selected for project level
2024-11-28 22:23:36,223 [INFO] CADModel:114 - Register for checkConnection events
2024-11-28 22:23:36,223 [FATAL] Updater:334 - Updater called before beeing initialized
2024-11-28 22:23:36,223 [ERROR] CADModel:125 - Updater not yet initialized, retry later 
2024-11-28 22:23:36,225 [FATAL] Updater:334 - Updater called before beeing initialized
2024-11-28 22:23:36,316 [FATAL] Updater:334 - Updater called before beeing initialized
2024-11-28 22:23:36,325 [INFO] DbMcusAds:53 - JSON generation date=Fri Sep 20 20:04:38 ICT 2024 (1726837478367)
2024-11-28 22:23:36,325 [FATAL] Updater:334 - Updater called before beeing initialized
2024-11-28 22:23:36,362 [WARN] DetailPanel:346 - Failed to get advertising image, set to default
2024-11-28 22:23:36,431 [FATAL] Updater:334 - Updater called before beeing initialized
2024-11-28 22:23:36,432 [FATAL] Updater:334 - Updater called before beeing initialized
2024-11-28 22:23:36,433 [FATAL] Updater:334 - Updater called before beeing initialized
2024-11-28 22:23:36,433 [WARN] DetailPanel:346 - Failed to get advertising image, set to default
2024-11-28 22:23:36,433 [FATAL] Updater:334 - Updater called before beeing initialized
2024-11-28 22:23:36,478 [ERROR] Updater:1164 - MainUpdater not yet initialized. External WinMGr cannot be set.
2024-11-28 22:23:36,489 [INFO] Updater:1100 - Updater Version found : 6.12.0
2024-11-28 22:23:36,503 [INFO] ApplicationProperties:184 - Using Application install path: C:\ST\STM32CubeIDE_1.16.0\STM32CubeIDE\plugins\com.st.stm32cube.common.mx_6.12.0.202406281431
2024-11-28 22:23:36,751 [INFO] MainUpdater:2873 - connection check result : 10
2024-11-28 22:23:36,751 [INFO] MainUpdater:290 - Updater Check For Update Now.
2024-11-28 22:23:36,751 [INFO] MicroXplorer:498 - Change Database Version : DB.6.0.120
2024-11-28 22:23:36,768 [INFO] McuFinderGlobals:63 - Set McuFinder mode to 2 (CubeIDE integrated)
2024-11-28 22:23:36,768 [INFO] UserAuth:179 - activating auth plugin
2024-11-28 22:23:36,770 [INFO] UserAuth:417 - Internet connection configuration mode: 1
2024-11-28 22:23:36,794 [INFO] JxBrowserEngine:152 - Initiate JxBrowser Engine with user profile folder
2024-11-28 22:23:36,972 [INFO] CheckServerUpdateThread:120 - End of CheckServer Thread
2024-11-28 22:23:37,202 [WARN] PackLoader:240 - Cannot read IP mode file for STMicroelectronics.FP-SNS-MOTENVWB1.1.4.0
2024-11-28 22:23:37,215 [WARN] PackLoader:240 - Cannot read IP mode file for STMicroelectronics.FP-ATR-ASTRA1.2.0.1
2024-11-28 22:23:37,229 [WARN] PackLoader:240 - Cannot read IP mode file for STMicroelectronics.X-CUBE-SMBUS.2.1.0
2024-11-28 22:23:37,243 [WARN] PackLoader:240 - Cannot read IP mode file for STMicroelectronics.X-CUBE-WB05N.1.1.0
2024-11-28 22:23:37,256 [WARN] PackLoader:240 - Cannot read IP mode file for STMicroelectronics.X-CUBE-TOUCHGFX.4.23.0
2024-11-28 22:23:37,293 [WARN] PackLoader:240 - Cannot read IP mode file for STMicroelectronics.X-CUBE-AZRTOS-F7.1.1.0
2024-11-28 22:23:37,317 [WARN] PackLoader:240 - Cannot read IP mode file for STMicroelectronics.FP-SNS-MOTENV1.4.3.2
2024-11-28 22:23:37,402 [WARN] PackLoader:240 - Cannot read IP mode file for STMicroelectronics.X-CUBE-MEMS1.11.0.0
2024-11-28 22:23:37,571 [WARN] PackLoader:240 - Cannot read IP mode file for STMicroelectronics.FP-SNS-FLIGHT1.5.0.2
2024-11-28 22:23:37,586 [WARN] PackLoader:240 - Cannot read IP mode file for STMicroelectronics.X-CUBE-DISPLAY.3.0.0
2024-11-28 22:23:37,601 [WARN] PackLoader:240 - Cannot read IP mode file for STMicroelectronics.X-CUBE-BLE1.7.0.0
2024-11-28 22:23:37,617 [WARN] PackLoader:240 - Cannot read IP mode file for STMicroelectronics.X-CUBE-NFC10.1.0.0
2024-11-28 22:23:37,633 [WARN] PackLoader:240 - Cannot read IP mode file for emotas.I-CUBE-CANOPEN.1.3.0
2024-11-28 22:23:37,648 [WARN] PackLoader:240 - Cannot read IP mode file for STMicroelectronics.X-CUBE-BLEMGR.3.1.0
2024-11-28 22:23:37,660 [WARN] PackLoader:240 - Cannot read IP mode file for STMicroelectronics.FP-SNS-SMARTAG2.1.2.0
2024-11-28 22:23:37,678 [INFO] LogOutputStream:77 - [STDOUT_REDIRECT] 1 : Invalid condition id : UX_CORESTACK_Condition cause : null
2024-11-28 22:23:37,678 [INFO] LogOutputStream:77 - [STDOUT_REDIRECT] 1 : Invalid condition id : UX_CORESTACK_Condition cause : null
2024-11-28 22:23:37,679 [INFO] LogOutputStream:77 - [STDOUT_REDIRECT] 1 : Invalid condition id : UX_CORESTACK_Condition cause : null
2024-11-28 22:23:37,680 [INFO] LogOutputStream:77 - [STDOUT_REDIRECT] 1 : Invalid condition id : UX_CORESTACK_Condition cause : null
2024-11-28 22:23:37,680 [INFO] LogOutputStream:77 - [STDOUT_REDIRECT] 1 : Invalid condition id : UX_CORESTACK_Condition cause : null
2024-11-28 22:23:37,682 [WARN] PackLoader:240 - Cannot read IP mode file for STMicroelectronics.X-CUBE-AZRTOS-WL.2.0.0
2024-11-28 22:23:37,694 [WARN] PackLoader:240 - Cannot read IP mode file for wolfSSL.I-CUBE-wolfMQTT.1.19.0
2024-11-28 22:23:37,708 [WARN] PackLoader:240 - Cannot read IP mode file for WES.I-CUBE-Cesium.1.3.0
2024-11-28 22:23:37,721 [WARN] PackLoader:240 - Cannot read IP mode file for STMicroelectronics.X-CUBE-BLE2.3.3.0
2024-11-28 22:23:37,735 [WARN] PackLoader:240 - Cannot read IP mode file for STMicroelectronics.X-CUBE-NFC9.1.0.0
2024-11-28 22:23:37,749 [WARN] PackLoader:240 - Cannot read IP mode file for STMicroelectronics.X-CUBE-TCPP.4.1.0
2024-11-28 22:23:37,770 [WARN] PackLoader:240 - Cannot read IP mode file for STMicroelectronics.X-CUBE-ALGOBUILD.1.3.0
2024-11-28 22:23:37,795 [WARN] PackLoader:240 - Cannot read IP mode file for STMicroelectronics.X-CUBE-AZRTOS-G0.1.1.0
2024-11-28 22:23:37,810 [WARN] PackLoader:240 - Cannot read IP mode file for STMicroelectronics.X-CUBE-SAFEA1.1.2.2
2024-11-28 22:23:37,826 [WARN] PackLoader:240 - Cannot read IP mode file for STMicroelectronics.X-CUBE-NFC4.3.0.0
2024-11-28 22:23:37,845 [WARN] PackLoader:240 - Cannot read IP mode file for EmbeddedOffice.I-CUBE-FS-RTOS.1.0.1
2024-11-28 22:23:37,846 [ERROR] ConditionMgr:805 - Attr not supported : Dmpu
2024-11-28 22:23:37,846 [ERROR] ConditionMgr:805 - Attr not supported : Dmpu
2024-11-28 22:23:37,846 [ERROR] ConditionMgr:805 - Attr not supported : Dmpu
2024-11-28 22:23:37,846 [ERROR] ConditionMgr:805 - Attr not supported : Dmpu
2024-11-28 22:23:37,846 [ERROR] ConditionMgr:805 - Attr not supported : Dmpu
2024-11-28 22:23:37,846 [ERROR] ConditionMgr:805 - Attr not supported : Dmpu
2024-11-28 22:23:37,846 [ERROR] ConditionMgr:805 - Attr not supported : Dmpu
2024-11-28 22:23:37,846 [ERROR] ConditionMgr:805 - Attr not supported : Dmpu
2024-11-28 22:23:37,847 [ERROR] ConditionMgr:805 - Attr not supported : Dmpu
2024-11-28 22:23:37,847 [ERROR] ConditionMgr:805 - Attr not supported : Dmpu
2024-11-28 22:23:37,847 [ERROR] ConditionMgr:805 - Attr not supported : Dmpu
2024-11-28 22:23:37,847 [ERROR] ConditionMgr:805 - Attr not supported : Dmpu
2024-11-28 22:23:37,847 [ERROR] ConditionMgr:805 - Attr not supported : Dmpu
2024-11-28 22:23:37,847 [ERROR] ConditionMgr:805 - Attr not supported : Dmpu
2024-11-28 22:23:37,847 [ERROR] ConditionMgr:805 - Attr not supported : Dmpu
2024-11-28 22:23:37,847 [ERROR] ConditionMgr:805 - Attr not supported : Dmpu
2024-11-28 22:23:37,847 [ERROR] ConditionMgr:805 - Attr not supported : Dmpu
2024-11-28 22:23:37,847 [ERROR] ConditionMgr:805 - Attr not supported : Dmpu
2024-11-28 22:23:37,847 [ERROR] ConditionMgr:805 - Attr not supported : Dmpu
2024-11-28 22:23:37,847 [ERROR] ConditionMgr:805 - Attr not supported : Dmpu
2024-11-28 22:23:37,847 [ERROR] ConditionMgr:805 - Attr not supported : Dmpu
2024-11-28 22:23:37,847 [ERROR] ConditionMgr:805 - Attr not supported : Dmpu
2024-11-28 22:23:37,847 [ERROR] ConditionMgr:805 - Attr not supported : Dmpu
2024-11-28 22:23:37,848 [ERROR] ConditionMgr:805 - Attr not supported : Dmpu
2024-11-28 22:23:37,848 [ERROR] ConditionMgr:805 - Attr not supported : Dmpu
2024-11-28 22:23:37,848 [ERROR] ConditionMgr:805 - Attr not supported : Dmpu
2024-11-28 22:23:37,848 [ERROR] ConditionMgr:805 - Attr not supported : Dmpu
2024-11-28 22:23:37,848 [ERROR] ConditionMgr:805 - Attr not supported : Dmpu
2024-11-28 22:23:37,848 [ERROR] ConditionMgr:805 - Attr not supported : Dmpu
2024-11-28 22:23:37,848 [ERROR] ConditionMgr:805 - Attr not supported : Dmpu
2024-11-28 22:23:37,848 [ERROR] ConditionMgr:805 - Attr not supported : Dmpu
2024-11-28 22:23:37,848 [ERROR] ConditionMgr:805 - Attr not supported : Dmpu
2024-11-28 22:23:37,848 [ERROR] ConditionMgr:805 - Attr not supported : Dmpu
2024-11-28 22:23:37,848 [ERROR] ConditionMgr:805 - Attr not supported : Dmpu
2024-11-28 22:23:37,848 [ERROR] ConditionMgr:805 - Attr not supported : Dmpu
2024-11-28 22:23:37,848 [ERROR] ConditionMgr:805 - Attr not supported : Dmpu
2024-11-28 22:23:37,849 [ERROR] ConditionMgr:805 - Attr not supported : Dmpu
2024-11-28 22:23:37,849 [ERROR] ConditionMgr:805 - Attr not supported : Dmpu
2024-11-28 22:23:37,849 [ERROR] ConditionMgr:805 - Attr not supported : Dmpu
2024-11-28 22:23:37,849 [ERROR] ConditionMgr:805 - Attr not supported : Dmpu
2024-11-28 22:23:37,849 [ERROR] ConditionMgr:805 - Attr not supported : Dmpu
2024-11-28 22:23:37,849 [ERROR] ConditionMgr:805 - Attr not supported : Dmpu
2024-11-28 22:23:37,849 [ERROR] ConditionMgr:805 - Attr not supported : Dmpu
2024-11-28 22:23:37,849 [ERROR] ConditionMgr:805 - Attr not supported : Dmpu
2024-11-28 22:23:37,849 [ERROR] ConditionMgr:805 - Attr not supported : Dmpu
2024-11-28 22:23:37,849 [ERROR] ConditionMgr:805 - Attr not supported : Dmpu
2024-11-28 22:23:37,849 [ERROR] ConditionMgr:805 - Attr not supported : Dmpu
2024-11-28 22:23:37,850 [ERROR] ConditionMgr:805 - Attr not supported : Dmpu
2024-11-28 22:23:37,850 [ERROR] ConditionMgr:805 - Attr not supported : Dmpu
2024-11-28 22:23:37,850 [ERROR] ConditionMgr:805 - Attr not supported : Dmpu
2024-11-28 22:23:37,850 [ERROR] ConditionMgr:805 - Attr not supported : Dmpu
2024-11-28 22:23:37,850 [ERROR] ConditionMgr:805 - Attr not supported : Dmpu
2024-11-28 22:23:37,850 [ERROR] ConditionMgr:805 - Attr not supported : Dmpu
2024-11-28 22:23:37,850 [ERROR] ConditionMgr:805 - Attr not supported : Dmpu
2024-11-28 22:23:37,850 [ERROR] ConditionMgr:805 - Attr not supported : Dmpu
2024-11-28 22:23:37,850 [ERROR] ConditionMgr:805 - Attr not supported : Dmpu
2024-11-28 22:23:37,850 [ERROR] ConditionMgr:805 - Attr not supported : Dmpu
2024-11-28 22:23:37,850 [ERROR] ConditionMgr:805 - Attr not supported : Dmpu
2024-11-28 22:23:37,850 [ERROR] ConditionMgr:805 - Attr not supported : Dmpu
2024-11-28 22:23:37,850 [ERROR] ConditionMgr:805 - Attr not supported : Dmpu
2024-11-28 22:23:37,851 [ERROR] ConditionMgr:805 - Attr not supported : Dmpu
2024-11-28 22:23:37,851 [ERROR] ConditionMgr:805 - Attr not supported : Dmpu
2024-11-28 22:23:37,851 [ERROR] ConditionMgr:805 - Attr not supported : Dmpu
2024-11-28 22:23:37,851 [ERROR] ConditionMgr:805 - Attr not supported : Dmpu
2024-11-28 22:23:37,863 [WARN] PackLoader:240 - Cannot read IP mode file for RealThread.X-CUBE-RT-Thread_Nano.4.1.1
2024-11-28 22:23:37,873 [WARN] PackLoader:240 - Cannot read IP mode file for STMicroelectronics.FP-ATR-SIGFOX1.3.2.0
2024-11-28 22:23:37,883 [WARN] ConditionMgr:438 - getConditionDescription Invalid condition id : Cortex-A Device cause : null
2024-11-28 22:23:37,898 [WARN] ConditionMgr:1039 - genDependencies : Invalid condition id : Cortex-A Device cause : null
2024-11-28 22:23:37,898 [WARN] ConditionMgr:1039 - genDependencies : Invalid condition id : Cortex-A Device cause : null
2024-11-28 22:23:37,898 [WARN] ConditionMgr:1039 - genDependencies : Invalid condition id : Cortex-A Device cause : null
2024-11-28 22:23:37,910 [WARN] PackLoader:240 - Cannot read IP mode file for STMicroelectronics.X-CUBE-EEPRMA1.5.1.0
2024-11-28 22:23:37,941 [WARN] PackLoader:240 - Cannot read IP mode file for SEGGER.I-CUBE-embOS.1.3.1
2024-11-28 22:23:37,973 [WARN] PackLoader:240 - Cannot read IP mode file for STMicroelectronics.X-CUBE-ALGOBUILD.1.4.0
2024-11-28 22:23:37,985 [WARN] PackLoader:240 - Cannot read IP mode file for STMicroelectronics.X-CUBE-AI.9.1.0
2024-11-28 22:23:37,999 [WARN] PackLoader:240 - Cannot read IP mode file for STMicroelectronics.X-CUBE-GNSS1.6.0.0
2024-11-28 22:23:38,023 [WARN] PackLoader:240 - Cannot read IP mode file for STMicroelectronics.X-CUBE-AZRTOS-F4.1.1.0
2024-11-28 22:23:38,042 [WARN] PackLoader:240 - Cannot read IP mode file for STMicroelectronics.X-CUBE-ISPU.2.1.0
2024-11-28 22:23:38,058 [WARN] PackLoader:240 - Cannot read IP mode file for STMicroelectronics.X-CUBE-FREERTOS.1.2.0
2024-11-28 22:23:38,074 [WARN] PackLoader:240 - Cannot read IP mode file for wolfSSL.I-CUBE-wolfSSL.5.6.6
2024-11-28 22:23:38,103 [WARN] PackLoader:240 - Cannot read IP mode file for STMicroelectronics.X-CUBE-AZRTOS-L5.2.0.0
2024-11-28 22:23:38,126 [WARN] PackLoader:240 - Cannot read IP mode file for STMicroelectronics.X-CUBE-NFC6.3.1.0
2024-11-28 22:23:38,143 [WARN] PackLoader:240 - Cannot read IP mode file for ITTIA_DB.I-CUBE-ITTIADB.8.8.0
2024-11-28 22:23:38,157 [WARN] PackLoader:240 - Cannot read IP mode file for STMicroelectronics.X-CUBE-DPower.1.2.0
2024-11-28 22:23:38,175 [WARN] PackLoader:240 - Cannot read IP mode file for STMicroelectronics.X-CUBE-AI.9.0.0
2024-11-28 22:23:38,192 [WARN] PackLoader:240 - Cannot read IP mode file for STMicroelectronics.X-CUBE-NFC7.1.0.1
2024-11-28 22:23:38,207 [WARN] PackLoader:240 - Cannot read IP mode file for STMicroelectronics.X-CUBE-AI.8.1.0
2024-11-28 22:23:38,231 [WARN] ConditionMgr:438 - getConditionDescription Invalid condition id : LAN8742 Phy interface Condition cause : null
2024-11-28 22:23:38,232 [WARN] PackLoader:240 - Cannot read IP mode file for STMicroelectronics.X-CUBE-AZRTOS-L4.2.0.0
2024-11-28 22:23:38,233 [WARN] ConditionMgr:1039 - genDependencies : Invalid condition id : LAN8742 Phy interface Condition cause : null
2024-11-28 22:23:38,233 [WARN] ConditionMgr:1039 - genDependencies : Invalid condition id : LAN8742 Phy interface Condition cause : null
2024-11-28 22:23:38,233 [WARN] ConditionMgr:1039 - genDependencies : Invalid condition id : LAN8742 Phy interface Condition cause : null
2024-11-28 22:23:38,249 [WARN] PackLoader:240 - Cannot read IP mode file for STMicroelectronics.X-CUBE-SFXS2LP1.4.0.0
2024-11-28 22:23:38,286 [WARN] PackLoader:240 - Cannot read IP mode file for STMicroelectronics.X-CUBE-AZRTOS-H7.3.3.0
2024-11-28 22:23:38,308 [WARN] PackLoader:240 - Cannot read IP mode file for STMicroelectronics.X-CUBE-IPS.3.0.0
2024-11-28 22:23:38,352 [WARN] ConditionMgr:438 - getConditionDescription Invalid condition id : UX DEVICE CLASS RTOS Condition cause : null
2024-11-28 22:23:38,353 [WARN] ConditionMgr:438 - getConditionDescription Invalid condition id : UX DEVICE CLASS RTOS Condition cause : null
2024-11-28 22:23:38,354 [WARN] PackLoader:240 - Cannot read IP mode file for STMicroelectronics.X-CUBE-AZRTOS-WB.2.0.0
2024-11-28 22:23:38,354 [WARN] ConditionMgr:1039 - genDependencies : Invalid condition id : UX DEVICE CLASS RTOS Condition cause : null
2024-11-28 22:23:38,354 [WARN] ConditionMgr:1039 - genDependencies : Invalid condition id : UX DEVICE CLASS RTOS Condition cause : null
2024-11-28 22:23:38,355 [WARN] ConditionMgr:1039 - genDependencies : Invalid condition id : UX DEVICE CLASS RTOS Condition cause : null
2024-11-28 22:23:38,355 [WARN] ConditionMgr:1039 - genDependencies : Invalid condition id : UX DEVICE CLASS RTOS Condition cause : null
2024-11-28 22:23:38,355 [WARN] ConditionMgr:1039 - genDependencies : Invalid condition id : UX DEVICE CLASS RTOS Condition cause : null
2024-11-28 22:23:38,372 [WARN] PackLoader:240 - Cannot read IP mode file for STMicroelectronics.X-CUBE-GNSS1.7.0.0
2024-11-28 22:23:38,391 [WARN] PackLoader:240 - Cannot read IP mode file for STMicroelectronics.X-CUBE-SUBG2.5.0.0
2024-11-28 22:23:38,403 [WARN] PackLoader:240 - Cannot read IP mode file for Cesanta.I-CUBE-Mongoose.7.13.0
2024-11-28 22:23:38,429 [WARN] PackLoader:240 - Cannot read IP mode file for STMicroelectronics.X-CUBE-AZRTOS-G4.2.0.0
2024-11-28 22:23:38,453 [WARN] PackLoader:240 - Cannot read IP mode file for Infineon.AIROC-Wi-Fi-Bluetooth-STM32.1.5.1
2024-11-28 22:23:38,465 [WARN] PackLoader:240 - Cannot read IP mode file for STMicroelectronics.FP-SNS-MOTENVWB1.1.3.1
2024-11-28 22:23:38,476 [WARN] PackLoader:240 - Cannot read IP mode file for STMicroelectronics.X-CUBE-ISPU.2.0.0
2024-11-28 22:23:38,487 [WARN] PackLoader:240 - Cannot read IP mode file for STMicroelectronics.X-CUBE-ALS.1.0.2
2024-11-28 22:23:38,537 [WARN] PackLoader:240 - Cannot read IP mode file for STMicroelectronics.X-CUBE-MEMS1.10.0.0
2024-11-28 22:23:38,635 [WARN] PackLoader:240 - Cannot read IP mode file for STMicroelectronics.X-CUBE-FREERTOS.1.1.0
2024-11-28 22:23:38,646 [WARN] PackLoader:240 - Cannot read IP mode file for STMicroelectronics.X-CUBE-TOUCHGFX.4.24.1
2024-11-28 22:23:38,658 [WARN] PackLoader:240 - Cannot read IP mode file for wolfSSL.I-CUBE-wolfTPM.3.4.0
2024-11-28 22:23:38,671 [WARN] PackLoader:240 - Cannot read IP mode file for portGmbH.I-Cube-SoM-uGOAL.1.1.0
2024-11-28 22:23:38,681 [WARN] PackLoader:240 - Cannot read IP mode file for STMicroelectronics.X-CUBE-ALS.1.0.1
2024-11-28 22:23:38,705 [WARN] PackLoader:240 - Cannot read IP mode file for STMicroelectronics.X-CUBE-AZRTOS-H7RS.1.0.0
2024-11-28 22:23:38,716 [WARN] PackLoader:240 - Cannot read IP mode file for STMicroelectronics.FP-ATR-ASTRA1.2.0.0
2024-11-28 22:23:38,732 [WARN] PackLoader:240 - Cannot read IP mode file for STMicroelectronics.X-CUBE-TOF1.3.4.2
2024-11-28 22:23:38,756 [WARN] PackLoader:240 - Cannot read IP mode file for STMicroelectronics.X-CUBE-TOF1.3.4.1
2024-11-28 22:23:38,785 [WARN] PackLoader:240 - Cannot read IP mode file for STMicroelectronics.X-CUBE-AZRTOS-H7.3.2.0
2024-11-28 22:23:38,797 [WARN] PackLoader:240 - Cannot read IP mode file for wolfSSL.I-CUBE-wolfSSH.1.4.17
2024-11-28 22:23:38,797 [INFO] ThirdParty:978 - Integrity check success = true
2024-11-28 22:23:38,798 [INFO] IntegrityCheckThread:100 - exiting critical section [integrity check]
2024-11-28 22:23:38,798 [INFO] IntegrityCheckThread:103 - End integrity checks thread
2024-11-28 22:23:42,886 [INFO] WebApp:167 - Instantiating new browser for Auth
2024-11-28 22:23:43,651 [INFO] WebApp:448 - Apply proxy settings
2024-11-28 22:23:43,652 [INFO] WebApp:533 - Chromium requires no authentication
2024-11-28 22:23:43,669 [INFO] WebApp:476 - Direct internet connection detected
2024-11-28 22:23:43,710 [INFO] WebApp:869 - Register for checkConnection events
2024-11-28 22:23:43,710 [INFO] WebApp:448 - Apply proxy settings
2024-11-28 22:23:43,710 [INFO] WebApp:533 - Chromium requires no authentication
2024-11-28 22:23:43,711 [INFO] WebApp:476 - Direct internet connection detected
2024-11-28 22:23:43,903 [INFO] WebApp:186 - Connection restablished
2024-11-28 22:23:43,910 [INFO] WebApp:220 - Starting web application
2024-11-28 22:23:43,911 [INFO] WebApp:578 - Web application path used C:\ST\STM32CubeIDE_1.16.0\STM32CubeIDE\plugins\com.st.stm32cube.common.mx_6.12.0.202406281431\db\plugins\mcufinder\reactClient1\index.html
2024-11-28 23:07:26,543 [ERROR] LogOutputStream:75 - [STDERR_REDIRECT] 
