2024-12-04 12:48:06,995 [INFO] Activator:176 - 


2024-12-04 12:48:07,004 [INFO] Activator:177 - !SESSION log4j initialized
2024-12-04 12:48:15,418 [INFO] LogOutputStream:77 - [STDOUT_REDIRECT] 
2024-12-04 12:48:15,863 [ERROR] ConfigurationRetriever:142 - IOException on connection: sw-center.st.com
2024-12-04 12:48:15,864 [ERROR] ConfigurationRetriever:142 - IOException on connection: sw-center.st.com
2024-12-04 12:48:15,865 [ERROR] ConfigurationRetriever:142 - IOException on connection: sw-center.st.com
2024-12-04 12:48:18,233 [INFO] ApplicationProperties:184 - Using Application install path: C:\ST\STM32CubeIDE_1.16.0\STM32CubeIDE\plugins\com.st.stm32cube.common.mx_6.12.0.202406281431
2024-12-04 12:48:18,277 [INFO] DbMcusXml:78 - Set database path to: C:\ST\STM32CubeIDE_1.16.0\STM32CubeIDE\plugins\com.st.stm32cube.common.mx_6.12.0.202406281431\\db\/mcu/
2024-12-04 12:48:18,277 [INFO] ApiDb:274 - Set plugin database path to: C:\ST\STM32CubeIDE_1.16.0\STM32CubeIDE\plugins\com.st.stm32cube.common.mx_6.12.0.202406281431\\db\/plugins/boardmanager/
2024-12-04 12:48:18,278 [WARN] ApiDb:259 - Overriding images path with different value:  => C:\ST\STM32CubeIDE_1.16.0\STM32CubeIDE\plugins\com.st.stm32cube.common.mx_6.12.0.202406281431\\db\/plugins/mcufinder/images/
2024-12-04 12:48:18,300 [INFO] ApiDb:250 - Set database path to: C:\Users\hung\.stmcufinder\plugins\mcufinder//mcu/
2024-12-04 12:48:18,302 [INFO] DbMcusAds:125 - Set database path to: C:\Users\hung\.stmcufinder\plugins\mcufinder//mcu/
2024-12-04 12:48:18,307 [INFO] CrossReferenceDbSqlite:203 - Set database path to: C:\Users\hung\.stmcufinder\plugins\mcufinder//mcu/cs/
2024-12-04 12:48:18,435 [INFO] RulesReader:64 - Compatibility file has been processed (297 Rules)
2024-12-04 12:48:18,568 [INFO] DbMcusXml:78 - Set database path to: C:\ST\STM32CubeIDE_1.16.0\STM32CubeIDE\plugins\com.st.stm32cube.common.mx_6.12.0.202406281431\\db\/mcu/
2024-12-04 12:48:18,568 [INFO] ApiDb:274 - Set plugin database path to: C:\ST\STM32CubeIDE_1.16.0\STM32CubeIDE\plugins\com.st.stm32cube.common.mx_6.12.0.202406281431\\db\/plugins/boardmanager/
2024-12-04 12:48:18,570 [INFO] ApiDb:261 - Set plugin images path to: C:\ST\STM32CubeIDE_1.16.0\STM32CubeIDE\plugins\com.st.stm32cube.common.mx_6.12.0.202406281431\\db\/plugins/mcufinder/images/
2024-12-04 12:48:18,570 [WARN] DbFile:41 - Overriding database path with different value: C:\Users\hung\.stmcufinder\plugins\mcufinder/ => C:\Users\hung\.stmcufinder\plugins\mcufinder
2024-12-04 12:48:18,570 [INFO] ApiDb:250 - Set database path to: C:\Users\hung\.stmcufinder\plugins\mcufinder//mcu/
2024-12-04 12:48:18,570 [WARN] DbFile:41 - Overriding database path with different value: C:\Users\hung\.stmcufinder\plugins\mcufinder/ => C:\Users\hung\.stmcufinder\plugins\mcufinder
2024-12-04 12:48:18,570 [INFO] DbMcusAds:125 - Set database path to: C:\Users\hung\.stmcufinder\plugins\mcufinder//mcu/
2024-12-04 12:48:18,570 [WARN] DbFile:41 - Overriding database path with different value: C:\Users\hung\.stmcufinder\plugins\mcufinder/ => C:\Users\hung\.stmcufinder\plugins\mcufinder
2024-12-04 12:48:18,570 [WARN] DbFile:41 - Overriding database path with different value: C:\Users\hung\.stmcufinder\plugins\mcufinder/ => C:\Users\hung\.stmcufinder\plugins\mcufinder
2024-12-04 12:48:18,570 [INFO] CrossReferenceDbSqlite:203 - Set database path to: C:\Users\hung\.stmcufinder\plugins\mcufinder//mcu/cs/
2024-12-04 12:48:18,653 [INFO] MainPanel:268 - HeapMemory: 268435456
2024-12-04 12:48:18,770 [INFO] DbMcusXml:78 - Set database path to: C:\ST\STM32CubeIDE_1.16.0\STM32CubeIDE\plugins\com.st.stm32cube.common.mx_6.12.0.202406281431\\db\/mcu/
2024-12-04 12:48:18,770 [INFO] ApiDb:274 - Set plugin database path to: C:\ST\STM32CubeIDE_1.16.0\STM32CubeIDE\plugins\com.st.stm32cube.common.mx_6.12.0.202406281431\\db\/plugins/boardmanager/
2024-12-04 12:48:18,770 [INFO] ApiDb:261 - Set plugin images path to: C:\ST\STM32CubeIDE_1.16.0\STM32CubeIDE\plugins\com.st.stm32cube.common.mx_6.12.0.202406281431\\db\/plugins/mcufinder/images/
2024-12-04 12:48:18,770 [WARN] DbFile:41 - Overriding database path with different value: C:\Users\hung\.stmcufinder\plugins\mcufinder/ => C:\Users\hung\.stmcufinder\plugins\mcufinder
2024-12-04 12:48:18,770 [INFO] ApiDb:250 - Set database path to: C:\Users\hung\.stmcufinder\plugins\mcufinder//mcu/
2024-12-04 12:48:18,770 [WARN] DbFile:41 - Overriding database path with different value: C:\Users\hung\.stmcufinder\plugins\mcufinder/ => C:\Users\hung\.stmcufinder\plugins\mcufinder
2024-12-04 12:48:18,770 [INFO] DbMcusAds:125 - Set database path to: C:\Users\hung\.stmcufinder\plugins\mcufinder//mcu/
2024-12-04 12:48:18,770 [WARN] DbFile:41 - Overriding database path with different value: C:\Users\hung\.stmcufinder\plugins\mcufinder/ => C:\Users\hung\.stmcufinder\plugins\mcufinder
2024-12-04 12:48:18,770 [WARN] DbFile:41 - Overriding database path with different value: C:\Users\hung\.stmcufinder\plugins\mcufinder/ => C:\Users\hung\.stmcufinder\plugins\mcufinder
2024-12-04 12:48:18,770 [INFO] CrossReferenceDbSqlite:203 - Set database path to: C:\Users\hung\.stmcufinder\plugins\mcufinder//mcu/cs/
2024-12-04 12:48:18,786 [INFO] ApplicationProperties:184 - Using Application install path: C:\ST\STM32CubeIDE_1.16.0\STM32CubeIDE\plugins\com.st.stm32cube.common.mx_6.12.0.202406281431
2024-12-04 12:48:18,787 [INFO] PluginManage:196 - Search for loadable plugins [exclusion list=, ]
2024-12-04 12:48:18,788 [INFO] PluginManage:310 - Check plugin analytics
2024-12-04 12:48:18,944 [INFO] AnalyticsPlugin:253 - Accepted Software Licenses: STM32CubeMX.6.9.1,STM32CubeMX.6.10.0,STM32CubeMX.6.12.0
2024-12-04 12:48:18,944 [INFO] AnalyticsPlugin:255 - Accepted CMSIS Pack Licenses: 
2024-12-04 12:48:18,944 [INFO] AnalyticsPlugin:257 - Accepted Firmware Licenses: 
2024-12-04 12:48:18,946 [INFO] PluginManage:359 - Loaded plugin analytics (category:tool,tabindex:-1)
2024-12-04 12:48:18,946 [INFO] PluginManage:310 - Check plugin cadmodel
2024-12-04 12:48:18,947 [ERROR] ConfigurationRetriever:142 - IOException on connection: sw-center.st.com
2024-12-04 12:48:18,947 [ERROR] ConfigurationRetriever:142 - IOException on connection: sw-center.st.com
2024-12-04 12:48:18,947 [ERROR] ConfigurationRetriever:142 - IOException on connection: sw-center.st.com
2024-12-04 12:48:18,953 [INFO] CADModel:105 - Init CAD model plugin
2024-12-04 12:48:18,953 [INFO] PluginManage:359 - Loaded plugin cadmodel (category:power,tabindex:5)
2024-12-04 12:48:18,953 [INFO] PluginManage:310 - Check plugin clock
2024-12-04 12:48:18,963 [INFO] PluginManage:359 - Loaded plugin clock (category:base,tabindex:2)
2024-12-04 12:48:18,963 [INFO] PluginManage:310 - Check plugin ddr
2024-12-04 12:48:18,967 [INFO] PluginManage:359 - Loaded plugin ddr (category:tool,tabindex:6)
2024-12-04 12:48:18,967 [INFO] PluginManage:310 - Check plugin filemanager
2024-12-04 12:48:19,184 [INFO] PluginManage:359 - Loaded plugin filemanager (category:base,tabindex:10)
2024-12-04 12:48:19,184 [INFO] PluginManage:310 - Check plugin ipmanager
2024-12-04 12:48:19,195 [INFO] PluginManage:359 - Loaded plugin ipmanager (category:base,tabindex:5)
2024-12-04 12:48:19,195 [INFO] PluginManage:310 - Check plugin lpbam
2024-12-04 12:48:19,206 [INFO] PluginManage:359 - Loaded plugin lpbam (category:base,tabindex:0)
2024-12-04 12:48:19,206 [INFO] PluginManage:310 - Check plugin memorymap
2024-12-04 12:48:19,227 [INFO] PluginManage:359 - Loaded plugin memorymap (category:base,tabindex:4)
2024-12-04 12:48:19,228 [INFO] PluginManage:310 - Check plugin pinoutandconfiguration
2024-12-04 12:48:19,243 [INFO] PluginManage:359 - Loaded plugin pinoutandconfiguration (category:base,tabindex:1)
2024-12-04 12:48:19,243 [INFO] PluginManage:310 - Check plugin pinoutconfig
2024-12-04 12:48:19,379 [WARN] SupportedApi:132 - Cannot load RTOS API schema: s4s-elt-must-match.1: The content of 'definitions' must match (annotation?, (simpleType | complexType)?, (unique | key | keyref)*)). A problem was found starting at: attribute.
2024-12-04 12:48:19,542 [INFO] PluginManage:359 - Loaded plugin pinoutconfig (category:base,tabindex:0)
2024-12-04 12:48:19,542 [INFO] PluginManage:310 - Check plugin power
2024-12-04 12:48:19,556 [INFO] PluginManage:359 - Loaded plugin power (category:power,tabindex:4)
2024-12-04 12:48:19,556 [INFO] PluginManage:310 - Check plugin projectmanager
2024-12-04 12:48:19,574 [INFO] PluginManage:359 - Loaded plugin projectmanager (category:projectmanager,tabindex:4)
2024-12-04 12:48:19,574 [INFO] PluginManage:310 - Check plugin rif
2024-12-04 12:48:19,580 [INFO] PluginManage:359 - Loaded plugin rif (category:base,tabindex:3)
2024-12-04 12:48:19,580 [INFO] PluginManage:310 - Check plugin thirdparty
2024-12-04 12:48:19,725 [WARN] IntegrityCheckThread:84 - waiting for thirdparty lock release [integrity check]
2024-12-04 12:48:19,725 [INFO] IntegrityCheckThread:86 - entering critical section [integrity check]
2024-12-04 12:48:19,727 [INFO] ThirdPartyUpdaterWithRetryManager:70 - Updater plugin not ready yet. [1/15]
2024-12-04 12:48:19,728 [INFO] PluginManage:359 - Loaded plugin thirdparty (category:base,tabindex:-1)
2024-12-04 12:48:19,728 [INFO] PluginManage:310 - Check plugin tools
2024-12-04 12:48:19,730 [INFO] PluginManage:359 - Loaded plugin tools (category:base,tabindex:7)
2024-12-04 12:48:19,730 [INFO] PluginManage:310 - Check plugin tutovideos
2024-12-04 12:48:19,955 [INFO] PluginManage:359 - Loaded plugin tutovideos (category:base,tabindex:-1)
2024-12-04 12:48:19,955 [INFO] PluginManage:310 - Check plugin updater
2024-12-04 12:48:19,974 [INFO] PluginManage:359 - Loaded plugin updater (category:base,tabindex:12)
2024-12-04 12:48:19,974 [INFO] PluginManage:310 - Check plugin userauth
2024-12-04 12:48:19,981 [INFO] UserAuth:113 - Init User Auth plugin
2024-12-04 12:48:19,981 [INFO] PluginManage:359 - Loaded plugin userauth (category:base,tabindex:14)
2024-12-04 12:48:19,981 [INFO] PluginManage:283 - PluginManage : Loaded plugins [18]
2024-12-04 12:48:20,198 [INFO] PinOutPanel:1561 - setPackage(No Configuration,No Configuration)
2024-12-04 12:48:20,284 [INFO] CADModel:165 - CPN selected for project level
2024-12-04 12:48:20,284 [INFO] CADModel:114 - Register for checkConnection events
2024-12-04 12:48:20,301 [INFO] IPUIPlugin:80 - create IPUIPlugin
2024-12-04 12:48:20,301 [INFO] PluginManager:220 - loadIPPluginJar : add adc
2024-12-04 12:48:20,303 [INFO] IPUIPlugin:80 - create IPUIPlugin
2024-12-04 12:48:20,304 [INFO] PluginManager:220 - loadIPPluginJar : add aes
2024-12-04 12:48:20,306 [INFO] IPUIPlugin:80 - create IPUIPlugin
2024-12-04 12:48:20,306 [INFO] PluginManager:220 - loadIPPluginJar : add can
2024-12-04 12:48:20,307 [INFO] IPUIPlugin:80 - create IPUIPlugin
2024-12-04 12:48:20,308 [INFO] PluginManager:220 - loadIPPluginJar : add comp
2024-12-04 12:48:20,311 [INFO] IPUIPlugin:80 - create IPUIPlugin
2024-12-04 12:48:20,311 [INFO] PluginManager:220 - loadIPPluginJar : add cryp
2024-12-04 12:48:20,314 [INFO] IPUIPlugin:80 - create IPUIPlugin
2024-12-04 12:48:20,314 [INFO] PluginManager:220 - loadIPPluginJar : add ddr_ctrl_phy
2024-12-04 12:48:20,317 [INFO] IPUIPlugin:80 - create IPUIPlugin
2024-12-04 12:48:20,317 [INFO] PluginManager:220 - loadIPPluginJar : add dfsdm
2024-12-04 12:48:20,322 [INFO] IPUIPlugin:80 - create IPUIPlugin
2024-12-04 12:48:20,322 [INFO] PluginManager:220 - loadIPPluginJar : add dma
2024-12-04 12:48:20,325 [INFO] IPUIPlugin:80 - create IPUIPlugin
2024-12-04 12:48:20,326 [INFO] PluginManager:220 - loadIPPluginJar : add dma3
2024-12-04 12:48:20,328 [INFO] IPUIPlugin:80 - create IPUIPlugin
2024-12-04 12:48:20,328 [INFO] PluginManager:220 - loadIPPluginJar : add extmemmanager
2024-12-04 12:48:20,331 [INFO] IPUIPlugin:80 - create IPUIPlugin
2024-12-04 12:48:20,331 [INFO] PluginManager:220 - loadIPPluginJar : add fatfs
2024-12-04 12:48:20,335 [INFO] IPUIPlugin:80 - create IPUIPlugin
2024-12-04 12:48:20,335 [INFO] PluginManager:220 - loadIPPluginJar : add fmc
2024-12-04 12:48:20,343 [INFO] IPUIPlugin:80 - create IPUIPlugin
2024-12-04 12:48:20,343 [INFO] PluginManager:220 - loadIPPluginJar : add freertos
2024-12-04 12:48:20,344 [INFO] IPUIPlugin:80 - create IPUIPlugin
2024-12-04 12:48:20,344 [INFO] PluginManager:220 - loadIPPluginJar : add genericplugin
2024-12-04 12:48:20,347 [INFO] IPUIPlugin:80 - create IPUIPlugin
2024-12-04 12:48:20,347 [INFO] PluginManager:220 - loadIPPluginJar : add gfxmmu
2024-12-04 12:48:20,350 [INFO] IPUIPlugin:80 - create IPUIPlugin
2024-12-04 12:48:20,350 [INFO] PluginManager:220 - loadIPPluginJar : add gic
2024-12-04 12:48:20,354 [INFO] IPUIPlugin:80 - create IPUIPlugin
2024-12-04 12:48:20,354 [INFO] PluginManager:220 - loadIPPluginJar : add gpio
2024-12-04 12:48:20,356 [INFO] IPUIPlugin:80 - create IPUIPlugin
2024-12-04 12:48:20,357 [INFO] PluginManager:220 - loadIPPluginJar : add gtzc
2024-12-04 12:48:20,358 [INFO] IPUIPlugin:80 - create IPUIPlugin
2024-12-04 12:48:20,358 [INFO] PluginManager:220 - loadIPPluginJar : add hash
2024-12-04 12:48:20,362 [INFO] IPUIPlugin:80 - create IPUIPlugin
2024-12-04 12:48:20,362 [INFO] PluginManager:220 - loadIPPluginJar : add i2c
2024-12-04 12:48:20,365 [INFO] IPUIPlugin:80 - create IPUIPlugin
2024-12-04 12:48:20,365 [INFO] PluginManager:220 - loadIPPluginJar : add i2s
2024-12-04 12:48:20,368 [INFO] IPUIPlugin:80 - create IPUIPlugin
2024-12-04 12:48:20,368 [INFO] PluginManager:220 - loadIPPluginJar : add i3c
2024-12-04 12:48:20,371 [INFO] IPUIPlugin:80 - create IPUIPlugin
2024-12-04 12:48:20,371 [INFO] PluginManager:220 - loadIPPluginJar : add ipddr
2024-12-04 12:48:20,378 [INFO] IPUIPlugin:80 - create IPUIPlugin
2024-12-04 12:48:20,378 [INFO] PluginManager:220 - loadIPPluginJar : add linkedlist
2024-12-04 12:48:20,381 [INFO] IPUIPlugin:80 - create IPUIPlugin
2024-12-04 12:48:20,381 [INFO] PluginManager:220 - loadIPPluginJar : add lorawan
2024-12-04 12:48:20,382 [INFO] IPUIPlugin:80 - create IPUIPlugin
2024-12-04 12:48:20,382 [INFO] PluginManager:220 - loadIPPluginJar : add ltdc
2024-12-04 12:48:20,388 [INFO] IPUIPlugin:80 - create IPUIPlugin
2024-12-04 12:48:20,388 [INFO] PluginManager:220 - loadIPPluginJar : add mdma
2024-12-04 12:48:20,392 [INFO] IPUIPlugin:80 - create IPUIPlugin
2024-12-04 12:48:20,392 [INFO] PluginManager:220 - loadIPPluginJar : add nvic
2024-12-04 12:48:20,394 [INFO] IPUIPlugin:80 - create IPUIPlugin
2024-12-04 12:48:20,394 [INFO] PluginManager:220 - loadIPPluginJar : add opamp
2024-12-04 12:48:20,397 [INFO] IPUIPlugin:80 - create IPUIPlugin
2024-12-04 12:48:20,397 [INFO] PluginManager:220 - loadIPPluginJar : add openamp
2024-12-04 12:48:20,400 [INFO] IPUIPlugin:80 - create IPUIPlugin
2024-12-04 12:48:20,400 [INFO] PluginManager:220 - loadIPPluginJar : add pdm2pcm
2024-12-04 12:48:20,406 [INFO] IPUIPlugin:80 - create IPUIPlugin
2024-12-04 12:48:20,408 [INFO] PluginManager:220 - loadIPPluginJar : add plateformsettings
2024-12-04 12:48:20,410 [INFO] IPUIPlugin:80 - create IPUIPlugin
2024-12-04 12:48:20,410 [INFO] PluginManager:220 - loadIPPluginJar : add quadspi
2024-12-04 12:48:20,412 [INFO] IPUIPlugin:80 - create IPUIPlugin
2024-12-04 12:48:20,412 [INFO] PluginManager:220 - loadIPPluginJar : add radio
2024-12-04 12:48:20,416 [INFO] IPUIPlugin:80 - create IPUIPlugin
2024-12-04 12:48:20,416 [INFO] PluginManager:220 - loadIPPluginJar : add resmgrutility
2024-12-04 12:48:20,419 [INFO] IPUIPlugin:80 - create IPUIPlugin
2024-12-04 12:48:20,419 [INFO] PluginManager:220 - loadIPPluginJar : add sai
2024-12-04 12:48:20,421 [INFO] IPUIPlugin:80 - create IPUIPlugin
2024-12-04 12:48:20,421 [INFO] PluginManager:220 - loadIPPluginJar : add spi
2024-12-04 12:48:20,425 [INFO] IPUIPlugin:80 - create IPUIPlugin
2024-12-04 12:48:20,426 [INFO] PluginManager:220 - loadIPPluginJar : add stm32_wpan
2024-12-04 12:48:20,427 [INFO] IPUIPlugin:80 - create IPUIPlugin
2024-12-04 12:48:20,428 [INFO] PluginManager:220 - loadIPPluginJar : add tim
2024-12-04 12:48:20,430 [INFO] IPUIPlugin:80 - create IPUIPlugin
2024-12-04 12:48:20,430 [INFO] PluginManager:220 - loadIPPluginJar : add touchsensing
2024-12-04 12:48:20,432 [INFO] IPUIPlugin:80 - create IPUIPlugin
2024-12-04 12:48:20,432 [INFO] PluginManager:220 - loadIPPluginJar : add tracer_emb
2024-12-04 12:48:20,434 [INFO] IPUIPlugin:80 - create IPUIPlugin
2024-12-04 12:48:20,434 [INFO] PluginManager:220 - loadIPPluginJar : add ts
2024-12-04 12:48:20,436 [INFO] IPUIPlugin:80 - create IPUIPlugin
2024-12-04 12:48:20,436 [INFO] PluginManager:220 - loadIPPluginJar : add tsc
2024-12-04 12:48:20,438 [INFO] IPUIPlugin:80 - create IPUIPlugin
2024-12-04 12:48:20,438 [INFO] PluginManager:220 - loadIPPluginJar : add ucpd
2024-12-04 12:48:20,441 [INFO] IPUIPlugin:80 - create IPUIPlugin
2024-12-04 12:48:20,442 [INFO] PluginManager:220 - loadIPPluginJar : add usart
2024-12-04 12:48:20,444 [INFO] IPUIPlugin:80 - create IPUIPlugin
2024-12-04 12:48:20,444 [INFO] PluginManager:220 - loadIPPluginJar : add usbx
2024-12-04 12:48:20,566 [INFO] CADModel:165 - CPN selected for project level
2024-12-04 12:48:20,566 [INFO] CADModel:114 - Register for checkConnection events
2024-12-04 12:48:20,567 [FATAL] Updater:334 - Updater called before beeing initialized
2024-12-04 12:48:20,567 [ERROR] CADModel:125 - Updater not yet initialized, retry later 
2024-12-04 12:48:20,709 [INFO] CADModel:165 - CPN selected for project level
2024-12-04 12:48:20,709 [INFO] CADModel:114 - Register for checkConnection events
2024-12-04 12:48:20,709 [FATAL] Updater:334 - Updater called before beeing initialized
2024-12-04 12:48:20,709 [ERROR] CADModel:125 - Updater not yet initialized, retry later 
2024-12-04 12:48:20,711 [FATAL] Updater:334 - Updater called before beeing initialized
2024-12-04 12:48:20,827 [FATAL] Updater:334 - Updater called before beeing initialized
2024-12-04 12:48:20,838 [INFO] DbMcusAds:53 - JSON generation date=Fri Sep 20 20:04:38 ICT 2024 (1726837478367)
2024-12-04 12:48:20,838 [FATAL] Updater:334 - Updater called before beeing initialized
2024-12-04 12:48:20,895 [WARN] DetailPanel:346 - Failed to get advertising image, set to default
2024-12-04 12:48:20,986 [FATAL] Updater:334 - Updater called before beeing initialized
2024-12-04 12:48:20,988 [FATAL] Updater:334 - Updater called before beeing initialized
2024-12-04 12:48:20,988 [FATAL] Updater:334 - Updater called before beeing initialized
2024-12-04 12:48:20,988 [WARN] DetailPanel:346 - Failed to get advertising image, set to default
2024-12-04 12:48:20,990 [FATAL] Updater:334 - Updater called before beeing initialized
2024-12-04 12:48:21,041 [ERROR] Updater:1164 - MainUpdater not yet initialized. External WinMGr cannot be set.
2024-12-04 12:48:21,043 [INFO] Updater:1100 - Updater Version found : 6.12.0
2024-12-04 12:48:21,063 [INFO] ApplicationProperties:184 - Using Application install path: C:\ST\STM32CubeIDE_1.16.0\STM32CubeIDE\plugins\com.st.stm32cube.common.mx_6.12.0.202406281431
2024-12-04 12:48:21,293 [INFO] MainUpdater:2873 - connection check result : 22
2024-12-04 12:48:21,293 [INFO] MainUpdater:290 - Updater Check For Update Now.
2024-12-04 12:48:21,293 [INFO] MicroXplorer:498 - Change Database Version : DB.6.0.120
2024-12-04 12:48:21,300 [INFO] McuFinderGlobals:63 - Set McuFinder mode to 2 (CubeIDE integrated)
2024-12-04 12:48:21,301 [INFO] UserAuth:179 - activating auth plugin
2024-12-04 12:48:21,304 [INFO] UserAuth:417 - Internet connection configuration mode: 2
2024-12-04 12:48:21,325 [INFO] UserAuth:417 - Internet connection configuration mode: 2
2024-12-04 12:48:21,480 [INFO] CheckServerUpdateThread:120 - End of CheckServer Thread
2024-12-04 12:48:22,972 [WARN] PackLoader:240 - Cannot read IP mode file for STMicroelectronics.FP-SNS-MOTENVWB1.1.4.0
2024-12-04 12:48:22,978 [WARN] PackLoader:240 - Cannot read IP mode file for STMicroelectronics.FP-ATR-ASTRA1.2.0.1
2024-12-04 12:48:22,985 [WARN] PackLoader:240 - Cannot read IP mode file for STMicroelectronics.X-CUBE-SMBUS.2.1.0
2024-12-04 12:48:22,992 [WARN] PackLoader:240 - Cannot read IP mode file for STMicroelectronics.X-CUBE-WB05N.1.1.0
2024-12-04 12:48:22,998 [WARN] PackLoader:240 - Cannot read IP mode file for STMicroelectronics.X-CUBE-TOUCHGFX.4.23.0
2024-12-04 12:48:23,023 [WARN] PackLoader:240 - Cannot read IP mode file for STMicroelectronics.X-CUBE-AZRTOS-F7.1.1.0
2024-12-04 12:48:23,032 [WARN] PackLoader:240 - Cannot read IP mode file for STMicroelectronics.FP-SNS-MOTENV1.4.3.2
2024-12-04 12:48:23,091 [WARN] PackLoader:240 - Cannot read IP mode file for STMicroelectronics.X-CUBE-MEMS1.11.0.0
2024-12-04 12:48:23,245 [WARN] PackLoader:240 - Cannot read IP mode file for STMicroelectronics.FP-SNS-FLIGHT1.5.0.2
2024-12-04 12:48:23,252 [WARN] PackLoader:240 - Cannot read IP mode file for STMicroelectronics.X-CUBE-DISPLAY.3.0.0
2024-12-04 12:48:23,259 [WARN] PackLoader:240 - Cannot read IP mode file for STMicroelectronics.X-CUBE-BLE1.7.0.0
2024-12-04 12:48:23,265 [WARN] PackLoader:240 - Cannot read IP mode file for STMicroelectronics.X-CUBE-NFC10.1.0.0
2024-12-04 12:48:23,274 [WARN] PackLoader:240 - Cannot read IP mode file for emotas.I-CUBE-CANOPEN.1.3.0
2024-12-04 12:48:23,283 [WARN] PackLoader:240 - Cannot read IP mode file for STMicroelectronics.X-CUBE-BLEMGR.3.1.0
2024-12-04 12:48:23,291 [WARN] PackLoader:240 - Cannot read IP mode file for STMicroelectronics.FP-SNS-SMARTAG2.1.2.0
2024-12-04 12:48:23,303 [INFO] LogOutputStream:77 - [STDOUT_REDIRECT] 1 : Invalid condition id : UX_CORESTACK_Condition cause : null
2024-12-04 12:48:23,304 [INFO] LogOutputStream:77 - [STDOUT_REDIRECT] 1 : Invalid condition id : UX_CORESTACK_Condition cause : null
2024-12-04 12:48:23,306 [INFO] LogOutputStream:77 - [STDOUT_REDIRECT] 1 : Invalid condition id : UX_CORESTACK_Condition cause : null
2024-12-04 12:48:23,307 [INFO] LogOutputStream:77 - [STDOUT_REDIRECT] 1 : Invalid condition id : UX_CORESTACK_Condition cause : null
2024-12-04 12:48:23,308 [INFO] LogOutputStream:77 - [STDOUT_REDIRECT] 1 : Invalid condition id : UX_CORESTACK_Condition cause : null
2024-12-04 12:48:23,312 [WARN] PackLoader:240 - Cannot read IP mode file for STMicroelectronics.X-CUBE-AZRTOS-WL.2.0.0
2024-12-04 12:48:23,319 [WARN] PackLoader:240 - Cannot read IP mode file for wolfSSL.I-CUBE-wolfMQTT.1.19.0
2024-12-04 12:48:23,327 [WARN] PackLoader:240 - Cannot read IP mode file for WES.I-CUBE-Cesium.1.3.0
2024-12-04 12:48:23,332 [WARN] PackLoader:240 - Cannot read IP mode file for STMicroelectronics.X-CUBE-BLE2.3.3.0
2024-12-04 12:48:23,339 [WARN] PackLoader:240 - Cannot read IP mode file for STMicroelectronics.X-CUBE-NFC9.1.0.0
2024-12-04 12:48:23,348 [WARN] PackLoader:240 - Cannot read IP mode file for STMicroelectronics.X-CUBE-TCPP.4.1.0
2024-12-04 12:48:23,372 [WARN] PackLoader:240 - Cannot read IP mode file for STMicroelectronics.X-CUBE-ALGOBUILD.1.3.0
2024-12-04 12:48:23,398 [WARN] PackLoader:240 - Cannot read IP mode file for STMicroelectronics.X-CUBE-AZRTOS-G0.1.1.0
2024-12-04 12:48:23,408 [WARN] PackLoader:240 - Cannot read IP mode file for STMicroelectronics.X-CUBE-SAFEA1.1.2.2
2024-12-04 12:48:23,417 [WARN] PackLoader:240 - Cannot read IP mode file for STMicroelectronics.X-CUBE-NFC4.3.0.0
2024-12-04 12:48:23,434 [WARN] PackLoader:240 - Cannot read IP mode file for EmbeddedOffice.I-CUBE-FS-RTOS.1.0.1
2024-12-04 12:48:23,435 [ERROR] ConditionMgr:805 - Attr not supported : Dmpu
2024-12-04 12:48:23,435 [ERROR] ConditionMgr:805 - Attr not supported : Dmpu
2024-12-04 12:48:23,435 [ERROR] ConditionMgr:805 - Attr not supported : Dmpu
2024-12-04 12:48:23,435 [ERROR] ConditionMgr:805 - Attr not supported : Dmpu
2024-12-04 12:48:23,435 [ERROR] ConditionMgr:805 - Attr not supported : Dmpu
2024-12-04 12:48:23,435 [ERROR] ConditionMgr:805 - Attr not supported : Dmpu
2024-12-04 12:48:23,435 [ERROR] ConditionMgr:805 - Attr not supported : Dmpu
2024-12-04 12:48:23,435 [ERROR] ConditionMgr:805 - Attr not supported : Dmpu
2024-12-04 12:48:23,435 [ERROR] ConditionMgr:805 - Attr not supported : Dmpu
2024-12-04 12:48:23,435 [ERROR] ConditionMgr:805 - Attr not supported : Dmpu
2024-12-04 12:48:23,435 [ERROR] ConditionMgr:805 - Attr not supported : Dmpu
2024-12-04 12:48:23,435 [ERROR] ConditionMgr:805 - Attr not supported : Dmpu
2024-12-04 12:48:23,436 [ERROR] ConditionMgr:805 - Attr not supported : Dmpu
2024-12-04 12:48:23,436 [ERROR] ConditionMgr:805 - Attr not supported : Dmpu
2024-12-04 12:48:23,436 [ERROR] ConditionMgr:805 - Attr not supported : Dmpu
2024-12-04 12:48:23,436 [ERROR] ConditionMgr:805 - Attr not supported : Dmpu
2024-12-04 12:48:23,436 [ERROR] ConditionMgr:805 - Attr not supported : Dmpu
2024-12-04 12:48:23,436 [ERROR] ConditionMgr:805 - Attr not supported : Dmpu
2024-12-04 12:48:23,436 [ERROR] ConditionMgr:805 - Attr not supported : Dmpu
2024-12-04 12:48:23,436 [ERROR] ConditionMgr:805 - Attr not supported : Dmpu
2024-12-04 12:48:23,436 [ERROR] ConditionMgr:805 - Attr not supported : Dmpu
2024-12-04 12:48:23,437 [ERROR] ConditionMgr:805 - Attr not supported : Dmpu
2024-12-04 12:48:23,437 [ERROR] ConditionMgr:805 - Attr not supported : Dmpu
2024-12-04 12:48:23,437 [ERROR] ConditionMgr:805 - Attr not supported : Dmpu
2024-12-04 12:48:23,437 [ERROR] ConditionMgr:805 - Attr not supported : Dmpu
2024-12-04 12:48:23,437 [ERROR] ConditionMgr:805 - Attr not supported : Dmpu
2024-12-04 12:48:23,437 [ERROR] ConditionMgr:805 - Attr not supported : Dmpu
2024-12-04 12:48:23,437 [ERROR] ConditionMgr:805 - Attr not supported : Dmpu
2024-12-04 12:48:23,438 [ERROR] ConditionMgr:805 - Attr not supported : Dmpu
2024-12-04 12:48:23,438 [ERROR] ConditionMgr:805 - Attr not supported : Dmpu
2024-12-04 12:48:23,438 [ERROR] ConditionMgr:805 - Attr not supported : Dmpu
2024-12-04 12:48:23,438 [ERROR] ConditionMgr:805 - Attr not supported : Dmpu
2024-12-04 12:48:23,438 [ERROR] ConditionMgr:805 - Attr not supported : Dmpu
2024-12-04 12:48:23,438 [ERROR] ConditionMgr:805 - Attr not supported : Dmpu
2024-12-04 12:48:23,438 [ERROR] ConditionMgr:805 - Attr not supported : Dmpu
2024-12-04 12:48:23,438 [ERROR] ConditionMgr:805 - Attr not supported : Dmpu
2024-12-04 12:48:23,438 [ERROR] ConditionMgr:805 - Attr not supported : Dmpu
2024-12-04 12:48:23,439 [ERROR] ConditionMgr:805 - Attr not supported : Dmpu
2024-12-04 12:48:23,439 [ERROR] ConditionMgr:805 - Attr not supported : Dmpu
2024-12-04 12:48:23,439 [ERROR] ConditionMgr:805 - Attr not supported : Dmpu
2024-12-04 12:48:23,439 [ERROR] ConditionMgr:805 - Attr not supported : Dmpu
2024-12-04 12:48:23,440 [ERROR] ConditionMgr:805 - Attr not supported : Dmpu
2024-12-04 12:48:23,440 [ERROR] ConditionMgr:805 - Attr not supported : Dmpu
2024-12-04 12:48:23,440 [ERROR] ConditionMgr:805 - Attr not supported : Dmpu
2024-12-04 12:48:23,440 [ERROR] ConditionMgr:805 - Attr not supported : Dmpu
2024-12-04 12:48:23,440 [ERROR] ConditionMgr:805 - Attr not supported : Dmpu
2024-12-04 12:48:23,440 [ERROR] ConditionMgr:805 - Attr not supported : Dmpu
2024-12-04 12:48:23,440 [ERROR] ConditionMgr:805 - Attr not supported : Dmpu
2024-12-04 12:48:23,440 [ERROR] ConditionMgr:805 - Attr not supported : Dmpu
2024-12-04 12:48:23,440 [ERROR] ConditionMgr:805 - Attr not supported : Dmpu
2024-12-04 12:48:23,440 [ERROR] ConditionMgr:805 - Attr not supported : Dmpu
2024-12-04 12:48:23,441 [ERROR] ConditionMgr:805 - Attr not supported : Dmpu
2024-12-04 12:48:23,441 [ERROR] ConditionMgr:805 - Attr not supported : Dmpu
2024-12-04 12:48:23,441 [ERROR] ConditionMgr:805 - Attr not supported : Dmpu
2024-12-04 12:48:23,441 [ERROR] ConditionMgr:805 - Attr not supported : Dmpu
2024-12-04 12:48:23,441 [ERROR] ConditionMgr:805 - Attr not supported : Dmpu
2024-12-04 12:48:23,441 [ERROR] ConditionMgr:805 - Attr not supported : Dmpu
2024-12-04 12:48:23,441 [ERROR] ConditionMgr:805 - Attr not supported : Dmpu
2024-12-04 12:48:23,441 [ERROR] ConditionMgr:805 - Attr not supported : Dmpu
2024-12-04 12:48:23,441 [ERROR] ConditionMgr:805 - Attr not supported : Dmpu
2024-12-04 12:48:23,442 [ERROR] ConditionMgr:805 - Attr not supported : Dmpu
2024-12-04 12:48:23,442 [ERROR] ConditionMgr:805 - Attr not supported : Dmpu
2024-12-04 12:48:23,442 [ERROR] ConditionMgr:805 - Attr not supported : Dmpu
2024-12-04 12:48:23,442 [ERROR] ConditionMgr:805 - Attr not supported : Dmpu
2024-12-04 12:48:23,448 [WARN] PackLoader:240 - Cannot read IP mode file for RealThread.X-CUBE-RT-Thread_Nano.4.1.1
2024-12-04 12:48:23,455 [WARN] PackLoader:240 - Cannot read IP mode file for STMicroelectronics.FP-ATR-SIGFOX1.3.2.0
2024-12-04 12:48:23,460 [WARN] ConditionMgr:438 - getConditionDescription Invalid condition id : Cortex-A Device cause : null
2024-12-04 12:48:23,499 [WARN] ConditionMgr:1039 - genDependencies : Invalid condition id : Cortex-A Device cause : null
2024-12-04 12:48:23,499 [WARN] ConditionMgr:1039 - genDependencies : Invalid condition id : Cortex-A Device cause : null
2024-12-04 12:48:23,501 [WARN] ConditionMgr:1039 - genDependencies : Invalid condition id : Cortex-A Device cause : null
2024-12-04 12:48:23,508 [WARN] PackLoader:240 - Cannot read IP mode file for STMicroelectronics.X-CUBE-EEPRMA1.5.1.0
2024-12-04 12:48:23,553 [WARN] PackLoader:240 - Cannot read IP mode file for SEGGER.I-CUBE-embOS.1.3.1
2024-12-04 12:48:23,621 [WARN] PackLoader:240 - Cannot read IP mode file for STMicroelectronics.X-CUBE-ALGOBUILD.1.4.0
2024-12-04 12:48:23,633 [WARN] PackLoader:240 - Cannot read IP mode file for STMicroelectronics.X-CUBE-AI.9.1.0
2024-12-04 12:48:23,641 [WARN] PackLoader:240 - Cannot read IP mode file for STMicroelectronics.X-CUBE-GNSS1.6.0.0
2024-12-04 12:48:23,662 [WARN] PackLoader:240 - Cannot read IP mode file for STMicroelectronics.X-CUBE-AZRTOS-F4.1.1.0
2024-12-04 12:48:23,672 [WARN] PackLoader:240 - Cannot read IP mode file for STMicroelectronics.X-CUBE-ISPU.2.1.0
2024-12-04 12:48:23,677 [WARN] PackLoader:240 - Cannot read IP mode file for STMicroelectronics.X-CUBE-FREERTOS.1.2.0
2024-12-04 12:48:23,681 [WARN] PackLoader:240 - Cannot read IP mode file for wolfSSL.I-CUBE-wolfSSL.5.6.6
2024-12-04 12:48:23,703 [WARN] PackLoader:240 - Cannot read IP mode file for STMicroelectronics.X-CUBE-AZRTOS-L5.2.0.0
2024-12-04 12:48:23,714 [WARN] PackLoader:240 - Cannot read IP mode file for STMicroelectronics.X-CUBE-NFC6.3.1.0
2024-12-04 12:48:23,722 [WARN] PackLoader:240 - Cannot read IP mode file for ITTIA_DB.I-CUBE-ITTIADB.8.8.0
2024-12-04 12:48:23,728 [WARN] PackLoader:240 - Cannot read IP mode file for STMicroelectronics.X-CUBE-DPower.1.2.0
2024-12-04 12:48:23,731 [WARN] PackLoader:240 - Cannot read IP mode file for STMicroelectronics.X-CUBE-AI.9.0.0
2024-12-04 12:48:23,736 [WARN] PackLoader:240 - Cannot read IP mode file for STMicroelectronics.X-CUBE-NFC7.1.0.1
2024-12-04 12:48:23,744 [WARN] PackLoader:240 - Cannot read IP mode file for STMicroelectronics.X-CUBE-AI.8.1.0
2024-12-04 12:48:23,760 [WARN] ConditionMgr:438 - getConditionDescription Invalid condition id : LAN8742 Phy interface Condition cause : null
2024-12-04 12:48:23,761 [WARN] PackLoader:240 - Cannot read IP mode file for STMicroelectronics.X-CUBE-AZRTOS-L4.2.0.0
2024-12-04 12:48:23,762 [WARN] ConditionMgr:1039 - genDependencies : Invalid condition id : LAN8742 Phy interface Condition cause : null
2024-12-04 12:48:23,763 [WARN] ConditionMgr:1039 - genDependencies : Invalid condition id : LAN8742 Phy interface Condition cause : null
2024-12-04 12:48:23,768 [WARN] ConditionMgr:1039 - genDependencies : Invalid condition id : LAN8742 Phy interface Condition cause : null
2024-12-04 12:48:23,775 [WARN] PackLoader:240 - Cannot read IP mode file for STMicroelectronics.X-CUBE-SFXS2LP1.4.0.0
2024-12-04 12:48:23,796 [WARN] PackLoader:240 - Cannot read IP mode file for STMicroelectronics.X-CUBE-AZRTOS-H7.3.3.0
2024-12-04 12:48:23,810 [WARN] PackLoader:240 - Cannot read IP mode file for STMicroelectronics.X-CUBE-IPS.3.0.0
2024-12-04 12:48:23,828 [WARN] ConditionMgr:438 - getConditionDescription Invalid condition id : UX DEVICE CLASS RTOS Condition cause : null
2024-12-04 12:48:23,828 [WARN] ConditionMgr:438 - getConditionDescription Invalid condition id : UX DEVICE CLASS RTOS Condition cause : null
2024-12-04 12:48:23,831 [WARN] PackLoader:240 - Cannot read IP mode file for STMicroelectronics.X-CUBE-AZRTOS-WB.2.0.0
2024-12-04 12:48:23,831 [WARN] ConditionMgr:1039 - genDependencies : Invalid condition id : UX DEVICE CLASS RTOS Condition cause : null
2024-12-04 12:48:23,831 [WARN] ConditionMgr:1039 - genDependencies : Invalid condition id : UX DEVICE CLASS RTOS Condition cause : null
2024-12-04 12:48:23,831 [WARN] ConditionMgr:1039 - genDependencies : Invalid condition id : UX DEVICE CLASS RTOS Condition cause : null
2024-12-04 12:48:23,832 [WARN] ConditionMgr:1039 - genDependencies : Invalid condition id : UX DEVICE CLASS RTOS Condition cause : null
2024-12-04 12:48:23,832 [WARN] ConditionMgr:1039 - genDependencies : Invalid condition id : UX DEVICE CLASS RTOS Condition cause : null
2024-12-04 12:48:23,837 [WARN] PackLoader:240 - Cannot read IP mode file for STMicroelectronics.X-CUBE-GNSS1.7.0.0
2024-12-04 12:48:23,847 [WARN] PackLoader:240 - Cannot read IP mode file for STMicroelectronics.X-CUBE-SUBG2.5.0.0
2024-12-04 12:48:23,856 [WARN] PackLoader:240 - Cannot read IP mode file for Cesanta.I-CUBE-Mongoose.7.13.0
2024-12-04 12:48:23,871 [WARN] PackLoader:240 - Cannot read IP mode file for STMicroelectronics.X-CUBE-AZRTOS-G4.2.0.0
2024-12-04 12:48:23,882 [WARN] PackLoader:240 - Cannot read IP mode file for Infineon.AIROC-Wi-Fi-Bluetooth-STM32.1.5.1
2024-12-04 12:48:23,890 [WARN] PackLoader:240 - Cannot read IP mode file for STMicroelectronics.FP-SNS-MOTENVWB1.1.3.1
2024-12-04 12:48:23,895 [WARN] PackLoader:240 - Cannot read IP mode file for STMicroelectronics.X-CUBE-ISPU.2.0.0
2024-12-04 12:48:23,900 [WARN] PackLoader:240 - Cannot read IP mode file for STMicroelectronics.X-CUBE-ALS.1.0.2
2024-12-04 12:48:23,938 [WARN] PackLoader:240 - Cannot read IP mode file for STMicroelectronics.X-CUBE-MEMS1.10.0.0
2024-12-04 12:48:24,115 [WARN] PackLoader:240 - Cannot read IP mode file for STMicroelectronics.X-CUBE-FREERTOS.1.1.0
2024-12-04 12:48:24,120 [WARN] PackLoader:240 - Cannot read IP mode file for STMicroelectronics.X-CUBE-TOUCHGFX.4.24.1
2024-12-04 12:48:24,124 [WARN] PackLoader:240 - Cannot read IP mode file for wolfSSL.I-CUBE-wolfTPM.3.4.0
2024-12-04 12:48:24,130 [WARN] PackLoader:240 - Cannot read IP mode file for portGmbH.I-Cube-SoM-uGOAL.1.1.0
2024-12-04 12:48:24,134 [WARN] PackLoader:240 - Cannot read IP mode file for STMicroelectronics.X-CUBE-ALS.1.0.1
2024-12-04 12:48:24,151 [WARN] PackLoader:240 - Cannot read IP mode file for STMicroelectronics.X-CUBE-AZRTOS-H7RS.1.0.0
2024-12-04 12:48:24,158 [WARN] PackLoader:240 - Cannot read IP mode file for STMicroelectronics.FP-ATR-ASTRA1.2.0.0
2024-12-04 12:48:24,168 [WARN] PackLoader:240 - Cannot read IP mode file for STMicroelectronics.X-CUBE-TOF1.3.4.2
2024-12-04 12:48:24,186 [WARN] PackLoader:240 - Cannot read IP mode file for STMicroelectronics.X-CUBE-TOF1.3.4.1
2024-12-04 12:48:24,219 [WARN] PackLoader:240 - Cannot read IP mode file for STMicroelectronics.X-CUBE-AZRTOS-H7.3.2.0
2024-12-04 12:48:24,226 [WARN] PackLoader:240 - Cannot read IP mode file for wolfSSL.I-CUBE-wolfSSH.1.4.17
2024-12-04 12:48:24,226 [INFO] ThirdParty:978 - Integrity check success = true
2024-12-04 12:48:24,226 [INFO] IntegrityCheckThread:100 - exiting critical section [integrity check]
2024-12-04 12:48:24,226 [INFO] IntegrityCheckThread:103 - End integrity checks thread
2024-12-04 16:58:27,426 [INFO] Activator:176 - 


2024-12-04 16:58:27,427 [INFO] Activator:177 - !SESSION log4j initialized
2024-12-04 16:58:34,379 [INFO] LogOutputStream:77 - [STDOUT_REDIRECT] 
2024-12-04 16:58:41,416 [INFO] ApplicationProperties:184 - Using Application install path: C:\ST\STM32CubeIDE_1.16.0\STM32CubeIDE\plugins\com.st.stm32cube.common.mx_6.12.0.202406281431
2024-12-04 16:58:41,433 [INFO] DbMcusXml:78 - Set database path to: C:\ST\STM32CubeIDE_1.16.0\STM32CubeIDE\plugins\com.st.stm32cube.common.mx_6.12.0.202406281431\\db\/mcu/
2024-12-04 16:58:41,433 [INFO] ApiDb:274 - Set plugin database path to: C:\ST\STM32CubeIDE_1.16.0\STM32CubeIDE\plugins\com.st.stm32cube.common.mx_6.12.0.202406281431\\db\/plugins/boardmanager/
2024-12-04 16:58:41,433 [WARN] ApiDb:259 - Overriding images path with different value:  => C:\ST\STM32CubeIDE_1.16.0\STM32CubeIDE\plugins\com.st.stm32cube.common.mx_6.12.0.202406281431\\db\/plugins/mcufinder/images/
2024-12-04 16:58:41,448 [INFO] ApiDb:250 - Set database path to: C:\Users\hung\.stmcufinder\plugins\mcufinder//mcu/
2024-12-04 16:58:41,449 [INFO] DbMcusAds:125 - Set database path to: C:\Users\hung\.stmcufinder\plugins\mcufinder//mcu/
2024-12-04 16:58:41,452 [INFO] CrossReferenceDbSqlite:203 - Set database path to: C:\Users\hung\.stmcufinder\plugins\mcufinder//mcu/cs/
2024-12-04 16:58:41,571 [INFO] RulesReader:64 - Compatibility file has been processed (297 Rules)
2024-12-04 16:58:41,648 [INFO] DbMcusXml:78 - Set database path to: C:\ST\STM32CubeIDE_1.16.0\STM32CubeIDE\plugins\com.st.stm32cube.common.mx_6.12.0.202406281431\\db\/mcu/
2024-12-04 16:58:41,648 [INFO] ApiDb:274 - Set plugin database path to: C:\ST\STM32CubeIDE_1.16.0\STM32CubeIDE\plugins\com.st.stm32cube.common.mx_6.12.0.202406281431\\db\/plugins/boardmanager/
2024-12-04 16:58:41,648 [INFO] ApiDb:261 - Set plugin images path to: C:\ST\STM32CubeIDE_1.16.0\STM32CubeIDE\plugins\com.st.stm32cube.common.mx_6.12.0.202406281431\\db\/plugins/mcufinder/images/
2024-12-04 16:58:41,648 [WARN] DbFile:41 - Overriding database path with different value: C:\Users\hung\.stmcufinder\plugins\mcufinder/ => C:\Users\hung\.stmcufinder\plugins\mcufinder
2024-12-04 16:58:41,648 [INFO] ApiDb:250 - Set database path to: C:\Users\hung\.stmcufinder\plugins\mcufinder//mcu/
2024-12-04 16:58:41,648 [WARN] DbFile:41 - Overriding database path with different value: C:\Users\hung\.stmcufinder\plugins\mcufinder/ => C:\Users\hung\.stmcufinder\plugins\mcufinder
2024-12-04 16:58:41,648 [INFO] DbMcusAds:125 - Set database path to: C:\Users\hung\.stmcufinder\plugins\mcufinder//mcu/
2024-12-04 16:58:41,648 [WARN] DbFile:41 - Overriding database path with different value: C:\Users\hung\.stmcufinder\plugins\mcufinder/ => C:\Users\hung\.stmcufinder\plugins\mcufinder
2024-12-04 16:58:41,648 [WARN] DbFile:41 - Overriding database path with different value: C:\Users\hung\.stmcufinder\plugins\mcufinder/ => C:\Users\hung\.stmcufinder\plugins\mcufinder
2024-12-04 16:58:41,648 [INFO] CrossReferenceDbSqlite:203 - Set database path to: C:\Users\hung\.stmcufinder\plugins\mcufinder//mcu/cs/
2024-12-04 16:58:41,728 [INFO] MainPanel:268 - HeapMemory: 268435456
2024-12-04 16:58:41,837 [INFO] DbMcusXml:78 - Set database path to: C:\ST\STM32CubeIDE_1.16.0\STM32CubeIDE\plugins\com.st.stm32cube.common.mx_6.12.0.202406281431\\db\/mcu/
2024-12-04 16:58:41,837 [INFO] ApiDb:274 - Set plugin database path to: C:\ST\STM32CubeIDE_1.16.0\STM32CubeIDE\plugins\com.st.stm32cube.common.mx_6.12.0.202406281431\\db\/plugins/boardmanager/
2024-12-04 16:58:41,837 [INFO] ApiDb:261 - Set plugin images path to: C:\ST\STM32CubeIDE_1.16.0\STM32CubeIDE\plugins\com.st.stm32cube.common.mx_6.12.0.202406281431\\db\/plugins/mcufinder/images/
2024-12-04 16:58:41,837 [WARN] DbFile:41 - Overriding database path with different value: C:\Users\hung\.stmcufinder\plugins\mcufinder/ => C:\Users\hung\.stmcufinder\plugins\mcufinder
2024-12-04 16:58:41,837 [INFO] ApiDb:250 - Set database path to: C:\Users\hung\.stmcufinder\plugins\mcufinder//mcu/
2024-12-04 16:58:41,837 [WARN] DbFile:41 - Overriding database path with different value: C:\Users\hung\.stmcufinder\plugins\mcufinder/ => C:\Users\hung\.stmcufinder\plugins\mcufinder
2024-12-04 16:58:41,837 [INFO] DbMcusAds:125 - Set database path to: C:\Users\hung\.stmcufinder\plugins\mcufinder//mcu/
2024-12-04 16:58:41,837 [WARN] DbFile:41 - Overriding database path with different value: C:\Users\hung\.stmcufinder\plugins\mcufinder/ => C:\Users\hung\.stmcufinder\plugins\mcufinder
2024-12-04 16:58:41,837 [WARN] DbFile:41 - Overriding database path with different value: C:\Users\hung\.stmcufinder\plugins\mcufinder/ => C:\Users\hung\.stmcufinder\plugins\mcufinder
2024-12-04 16:58:41,837 [INFO] CrossReferenceDbSqlite:203 - Set database path to: C:\Users\hung\.stmcufinder\plugins\mcufinder//mcu/cs/
2024-12-04 16:58:41,853 [INFO] ApplicationProperties:184 - Using Application install path: C:\ST\STM32CubeIDE_1.16.0\STM32CubeIDE\plugins\com.st.stm32cube.common.mx_6.12.0.202406281431
2024-12-04 16:58:41,854 [INFO] PluginManage:196 - Search for loadable plugins [exclusion list=, ]
2024-12-04 16:58:41,855 [INFO] PluginManage:310 - Check plugin analytics
2024-12-04 16:58:46,933 [INFO] AnalyticsPlugin:253 - Accepted Software Licenses: STM32CubeMX.6.9.1,STM32CubeMX.6.10.0,STM32CubeMX.6.12.0
2024-12-04 16:58:46,934 [INFO] AnalyticsPlugin:255 - Accepted CMSIS Pack Licenses: 
2024-12-04 16:58:46,934 [INFO] AnalyticsPlugin:257 - Accepted Firmware Licenses: 
2024-12-04 16:58:46,935 [INFO] PluginManage:359 - Loaded plugin analytics (category:tool,tabindex:-1)
2024-12-04 16:58:46,935 [INFO] PluginManage:310 - Check plugin cadmodel
2024-12-04 16:58:46,951 [INFO] CADModel:105 - Init CAD model plugin
2024-12-04 16:58:46,952 [INFO] PluginManage:359 - Loaded plugin cadmodel (category:power,tabindex:5)
2024-12-04 16:58:46,952 [INFO] PluginManage:310 - Check plugin clock
2024-12-04 16:58:46,970 [INFO] PluginManage:359 - Loaded plugin clock (category:base,tabindex:2)
2024-12-04 16:58:46,970 [INFO] PluginManage:310 - Check plugin ddr
2024-12-04 16:58:46,972 [INFO] PluginManage:359 - Loaded plugin ddr (category:tool,tabindex:6)
2024-12-04 16:58:46,973 [INFO] PluginManage:310 - Check plugin filemanager
2024-12-04 16:58:47,090 [INFO] PluginManage:359 - Loaded plugin filemanager (category:base,tabindex:10)
2024-12-04 16:58:47,090 [INFO] PluginManage:310 - Check plugin ipmanager
2024-12-04 16:58:47,095 [INFO] PluginManage:359 - Loaded plugin ipmanager (category:base,tabindex:5)
2024-12-04 16:58:47,095 [INFO] PluginManage:310 - Check plugin lpbam
2024-12-04 16:58:47,112 [INFO] PluginManage:359 - Loaded plugin lpbam (category:base,tabindex:0)
2024-12-04 16:58:47,112 [INFO] PluginManage:310 - Check plugin memorymap
2024-12-04 16:58:47,134 [INFO] PluginManage:359 - Loaded plugin memorymap (category:base,tabindex:4)
2024-12-04 16:58:47,134 [INFO] PluginManage:310 - Check plugin pinoutandconfiguration
2024-12-04 16:58:47,151 [INFO] PluginManage:359 - Loaded plugin pinoutandconfiguration (category:base,tabindex:1)
2024-12-04 16:58:47,151 [INFO] PluginManage:310 - Check plugin pinoutconfig
2024-12-04 16:58:47,238 [WARN] SupportedApi:132 - Cannot load RTOS API schema: s4s-elt-must-match.1: The content of 'definitions' must match (annotation?, (simpleType | complexType)?, (unique | key | keyref)*)). A problem was found starting at: attribute.
2024-12-04 16:58:47,373 [INFO] PluginManage:359 - Loaded plugin pinoutconfig (category:base,tabindex:0)
2024-12-04 16:58:47,373 [INFO] PluginManage:310 - Check plugin power
2024-12-04 16:58:47,399 [INFO] PluginManage:359 - Loaded plugin power (category:power,tabindex:4)
2024-12-04 16:58:47,399 [INFO] PluginManage:310 - Check plugin projectmanager
2024-12-04 16:58:47,411 [INFO] PluginManage:359 - Loaded plugin projectmanager (category:projectmanager,tabindex:4)
2024-12-04 16:58:47,411 [INFO] PluginManage:310 - Check plugin rif
2024-12-04 16:58:47,425 [INFO] PluginManage:359 - Loaded plugin rif (category:base,tabindex:3)
2024-12-04 16:58:47,425 [INFO] PluginManage:310 - Check plugin thirdparty
2024-12-04 16:58:47,675 [INFO] PluginManage:359 - Loaded plugin thirdparty (category:base,tabindex:-1)
2024-12-04 16:58:47,675 [WARN] IntegrityCheckThread:84 - waiting for thirdparty lock release [integrity check]
2024-12-04 16:58:47,675 [INFO] PluginManage:310 - Check plugin tools
2024-12-04 16:58:47,675 [INFO] IntegrityCheckThread:86 - entering critical section [integrity check]
2024-12-04 16:58:47,675 [INFO] ThirdPartyUpdaterWithRetryManager:70 - Updater plugin not ready yet. [1/15]
2024-12-04 16:58:47,710 [INFO] PluginManage:359 - Loaded plugin tools (category:base,tabindex:7)
2024-12-04 16:58:47,711 [INFO] PluginManage:310 - Check plugin tutovideos
2024-12-04 16:58:47,870 [INFO] PluginManage:359 - Loaded plugin tutovideos (category:base,tabindex:-1)
2024-12-04 16:58:47,871 [INFO] PluginManage:310 - Check plugin updater
2024-12-04 16:58:47,883 [INFO] PluginManage:359 - Loaded plugin updater (category:base,tabindex:12)
2024-12-04 16:58:47,884 [INFO] PluginManage:310 - Check plugin userauth
2024-12-04 16:58:47,889 [INFO] UserAuth:113 - Init User Auth plugin
2024-12-04 16:58:47,889 [INFO] PluginManage:359 - Loaded plugin userauth (category:base,tabindex:14)
2024-12-04 16:58:47,889 [INFO] PluginManage:283 - PluginManage : Loaded plugins [18]
2024-12-04 16:58:48,054 [INFO] PinOutPanel:1561 - setPackage(No Configuration,No Configuration)
2024-12-04 16:58:48,128 [INFO] CADModel:165 - CPN selected for project level
2024-12-04 16:58:48,129 [INFO] CADModel:114 - Register for checkConnection events
2024-12-04 16:58:48,155 [INFO] IPUIPlugin:80 - create IPUIPlugin
2024-12-04 16:58:48,155 [INFO] PluginManager:220 - loadIPPluginJar : add adc
2024-12-04 16:58:48,194 [INFO] IPUIPlugin:80 - create IPUIPlugin
2024-12-04 16:58:48,194 [INFO] PluginManager:220 - loadIPPluginJar : add aes
2024-12-04 16:58:48,234 [INFO] IPUIPlugin:80 - create IPUIPlugin
2024-12-04 16:58:48,235 [INFO] PluginManager:220 - loadIPPluginJar : add can
2024-12-04 16:58:48,260 [INFO] IPUIPlugin:80 - create IPUIPlugin
2024-12-04 16:58:48,260 [INFO] PluginManager:220 - loadIPPluginJar : add comp
2024-12-04 16:58:48,298 [INFO] IPUIPlugin:80 - create IPUIPlugin
2024-12-04 16:58:48,298 [INFO] PluginManager:220 - loadIPPluginJar : add cryp
2024-12-04 16:58:48,311 [INFO] IPUIPlugin:80 - create IPUIPlugin
2024-12-04 16:58:48,311 [INFO] PluginManager:220 - loadIPPluginJar : add ddr_ctrl_phy
2024-12-04 16:58:48,343 [INFO] IPUIPlugin:80 - create IPUIPlugin
2024-12-04 16:58:48,343 [INFO] PluginManager:220 - loadIPPluginJar : add dfsdm
2024-12-04 16:58:48,356 [INFO] IPUIPlugin:80 - create IPUIPlugin
2024-12-04 16:58:48,357 [INFO] PluginManager:220 - loadIPPluginJar : add dma
2024-12-04 16:58:48,401 [INFO] IPUIPlugin:80 - create IPUIPlugin
2024-12-04 16:58:48,401 [INFO] PluginManager:220 - loadIPPluginJar : add dma3
2024-12-04 16:58:48,446 [INFO] IPUIPlugin:80 - create IPUIPlugin
2024-12-04 16:58:48,446 [INFO] PluginManager:220 - loadIPPluginJar : add extmemmanager
2024-12-04 16:58:48,466 [INFO] IPUIPlugin:80 - create IPUIPlugin
2024-12-04 16:58:48,466 [INFO] PluginManager:220 - loadIPPluginJar : add fatfs
2024-12-04 16:58:48,512 [INFO] IPUIPlugin:80 - create IPUIPlugin
2024-12-04 16:58:48,513 [INFO] PluginManager:220 - loadIPPluginJar : add fmc
2024-12-04 16:58:48,527 [INFO] IPUIPlugin:80 - create IPUIPlugin
2024-12-04 16:58:48,527 [INFO] PluginManager:220 - loadIPPluginJar : add freertos
2024-12-04 16:58:48,548 [INFO] IPUIPlugin:80 - create IPUIPlugin
2024-12-04 16:58:48,548 [INFO] PluginManager:220 - loadIPPluginJar : add genericplugin
2024-12-04 16:58:48,641 [INFO] IPUIPlugin:80 - create IPUIPlugin
2024-12-04 16:58:48,641 [INFO] PluginManager:220 - loadIPPluginJar : add gfxmmu
2024-12-04 16:58:48,770 [INFO] IPUIPlugin:80 - create IPUIPlugin
2024-12-04 16:58:48,770 [INFO] PluginManager:220 - loadIPPluginJar : add gic
2024-12-04 16:58:48,784 [INFO] IPUIPlugin:80 - create IPUIPlugin
2024-12-04 16:58:48,784 [INFO] PluginManager:220 - loadIPPluginJar : add gpio
2024-12-04 16:58:48,877 [INFO] IPUIPlugin:80 - create IPUIPlugin
2024-12-04 16:58:48,877 [INFO] PluginManager:220 - loadIPPluginJar : add gtzc
2024-12-04 16:58:48,909 [INFO] IPUIPlugin:80 - create IPUIPlugin
2024-12-04 16:58:48,909 [INFO] PluginManager:220 - loadIPPluginJar : add hash
2024-12-04 16:58:48,961 [INFO] IPUIPlugin:80 - create IPUIPlugin
2024-12-04 16:58:48,962 [INFO] PluginManager:220 - loadIPPluginJar : add i2c
2024-12-04 16:58:49,000 [INFO] IPUIPlugin:80 - create IPUIPlugin
2024-12-04 16:58:49,000 [INFO] PluginManager:220 - loadIPPluginJar : add i2s
2024-12-04 16:58:49,041 [INFO] IPUIPlugin:80 - create IPUIPlugin
2024-12-04 16:58:49,041 [INFO] PluginManager:220 - loadIPPluginJar : add i3c
2024-12-04 16:58:49,145 [INFO] IPUIPlugin:80 - create IPUIPlugin
2024-12-04 16:58:49,145 [INFO] PluginManager:220 - loadIPPluginJar : add ipddr
2024-12-04 16:58:49,236 [INFO] IPUIPlugin:80 - create IPUIPlugin
2024-12-04 16:58:49,237 [INFO] PluginManager:220 - loadIPPluginJar : add linkedlist
2024-12-04 16:58:49,271 [INFO] IPUIPlugin:80 - create IPUIPlugin
2024-12-04 16:58:49,271 [INFO] PluginManager:220 - loadIPPluginJar : add lorawan
2024-12-04 16:58:49,309 [INFO] IPUIPlugin:80 - create IPUIPlugin
2024-12-04 16:58:49,309 [INFO] PluginManager:220 - loadIPPluginJar : add ltdc
2024-12-04 16:58:49,321 [INFO] IPUIPlugin:80 - create IPUIPlugin
2024-12-04 16:58:49,322 [INFO] PluginManager:220 - loadIPPluginJar : add mdma
2024-12-04 16:58:49,335 [INFO] IPUIPlugin:80 - create IPUIPlugin
2024-12-04 16:58:49,335 [INFO] PluginManager:220 - loadIPPluginJar : add nvic
2024-12-04 16:58:49,381 [INFO] IPUIPlugin:80 - create IPUIPlugin
2024-12-04 16:58:49,381 [INFO] PluginManager:220 - loadIPPluginJar : add opamp
2024-12-04 16:58:49,455 [INFO] IPUIPlugin:80 - create IPUIPlugin
2024-12-04 16:58:49,455 [INFO] PluginManager:220 - loadIPPluginJar : add openamp
2024-12-04 16:58:49,496 [INFO] IPUIPlugin:80 - create IPUIPlugin
2024-12-04 16:58:49,496 [INFO] PluginManager:220 - loadIPPluginJar : add pdm2pcm
2024-12-04 16:58:49,510 [INFO] IPUIPlugin:80 - create IPUIPlugin
2024-12-04 16:58:49,511 [INFO] PluginManager:220 - loadIPPluginJar : add plateformsettings
2024-12-04 16:58:49,534 [INFO] IPUIPlugin:80 - create IPUIPlugin
2024-12-04 16:58:49,534 [INFO] PluginManager:220 - loadIPPluginJar : add quadspi
2024-12-04 16:58:49,560 [INFO] IPUIPlugin:80 - create IPUIPlugin
2024-12-04 16:58:49,560 [INFO] PluginManager:220 - loadIPPluginJar : add radio
2024-12-04 16:58:49,573 [INFO] IPUIPlugin:80 - create IPUIPlugin
2024-12-04 16:58:49,573 [INFO] PluginManager:220 - loadIPPluginJar : add resmgrutility
2024-12-04 16:58:49,621 [INFO] IPUIPlugin:80 - create IPUIPlugin
2024-12-04 16:58:49,621 [INFO] PluginManager:220 - loadIPPluginJar : add sai
2024-12-04 16:58:49,657 [INFO] IPUIPlugin:80 - create IPUIPlugin
2024-12-04 16:58:49,657 [INFO] PluginManager:220 - loadIPPluginJar : add spi
2024-12-04 16:58:49,730 [INFO] IPUIPlugin:80 - create IPUIPlugin
2024-12-04 16:58:49,730 [INFO] PluginManager:220 - loadIPPluginJar : add stm32_wpan
2024-12-04 16:58:49,755 [INFO] IPUIPlugin:80 - create IPUIPlugin
2024-12-04 16:58:49,755 [INFO] PluginManager:220 - loadIPPluginJar : add tim
2024-12-04 16:58:49,815 [INFO] IPUIPlugin:80 - create IPUIPlugin
2024-12-04 16:58:49,815 [INFO] PluginManager:220 - loadIPPluginJar : add touchsensing
2024-12-04 16:58:49,839 [INFO] IPUIPlugin:80 - create IPUIPlugin
2024-12-04 16:58:49,839 [INFO] PluginManager:220 - loadIPPluginJar : add tracer_emb
2024-12-04 16:58:49,863 [INFO] IPUIPlugin:80 - create IPUIPlugin
2024-12-04 16:58:49,863 [INFO] PluginManager:220 - loadIPPluginJar : add ts
2024-12-04 16:58:49,886 [INFO] IPUIPlugin:80 - create IPUIPlugin
2024-12-04 16:58:49,886 [INFO] PluginManager:220 - loadIPPluginJar : add tsc
2024-12-04 16:58:49,908 [INFO] IPUIPlugin:80 - create IPUIPlugin
2024-12-04 16:58:49,908 [INFO] PluginManager:220 - loadIPPluginJar : add ucpd
2024-12-04 16:58:49,960 [INFO] IPUIPlugin:80 - create IPUIPlugin
2024-12-04 16:58:49,960 [INFO] PluginManager:220 - loadIPPluginJar : add usart
2024-12-04 16:58:50,003 [INFO] IPUIPlugin:80 - create IPUIPlugin
2024-12-04 16:58:50,003 [INFO] PluginManager:220 - loadIPPluginJar : add usbx
2024-12-04 16:58:50,116 [INFO] CADModel:165 - CPN selected for project level
2024-12-04 16:58:50,116 [INFO] CADModel:114 - Register for checkConnection events
2024-12-04 16:58:50,116 [FATAL] Updater:334 - Updater called before beeing initialized
2024-12-04 16:58:50,116 [ERROR] CADModel:125 - Updater not yet initialized, retry later 
2024-12-04 16:58:50,232 [INFO] CADModel:165 - CPN selected for project level
2024-12-04 16:58:50,232 [INFO] CADModel:114 - Register for checkConnection events
2024-12-04 16:58:50,232 [FATAL] Updater:334 - Updater called before beeing initialized
2024-12-04 16:58:50,232 [ERROR] CADModel:125 - Updater not yet initialized, retry later 
2024-12-04 16:58:50,235 [FATAL] Updater:334 - Updater called before beeing initialized
2024-12-04 16:58:50,314 [FATAL] Updater:334 - Updater called before beeing initialized
2024-12-04 16:58:50,324 [INFO] DbMcusAds:53 - JSON generation date=Fri Sep 20 20:04:38 ICT 2024 (1726837478367)
2024-12-04 16:58:50,324 [FATAL] Updater:334 - Updater called before beeing initialized
2024-12-04 16:58:50,360 [WARN] DetailPanel:346 - Failed to get advertising image, set to default
2024-12-04 16:58:50,430 [FATAL] Updater:334 - Updater called before beeing initialized
2024-12-04 16:58:50,432 [FATAL] Updater:334 - Updater called before beeing initialized
2024-12-04 16:58:50,432 [FATAL] Updater:334 - Updater called before beeing initialized
2024-12-04 16:58:50,432 [WARN] DetailPanel:346 - Failed to get advertising image, set to default
2024-12-04 16:58:50,433 [FATAL] Updater:334 - Updater called before beeing initialized
2024-12-04 16:58:50,488 [ERROR] Updater:1164 - MainUpdater not yet initialized. External WinMGr cannot be set.
2024-12-04 16:58:50,499 [INFO] Updater:1100 - Updater Version found : 6.12.0
2024-12-04 16:58:50,514 [INFO] ApplicationProperties:184 - Using Application install path: C:\ST\STM32CubeIDE_1.16.0\STM32CubeIDE\plugins\com.st.stm32cube.common.mx_6.12.0.202406281431
2024-12-04 16:58:50,677 [INFO] ThirdPartyUpdaterWithRetryManager:70 - Updater plugin not ready yet. [2/15]
2024-12-04 16:58:50,785 [INFO] MainUpdater:2873 - connection check result : 10
2024-12-04 16:58:50,785 [INFO] MainUpdater:290 - Updater Check For Update Now.
2024-12-04 16:58:50,785 [INFO] MicroXplorer:498 - Change Database Version : DB.6.0.120
2024-12-04 16:58:50,799 [INFO] McuFinderGlobals:63 - Set McuFinder mode to 2 (CubeIDE integrated)
2024-12-04 16:58:50,799 [INFO] UserAuth:179 - activating auth plugin
2024-12-04 16:58:50,802 [INFO] UserAuth:417 - Internet connection configuration mode: 1
2024-12-04 16:58:50,830 [INFO] JxBrowserEngine:152 - Initiate JxBrowser Engine with user profile folder
2024-12-04 16:58:51,020 [INFO] CheckServerUpdateThread:120 - End of CheckServer Thread
2024-12-04 16:58:53,905 [WARN] PackLoader:240 - Cannot read IP mode file for STMicroelectronics.FP-SNS-MOTENVWB1.1.4.0
2024-12-04 16:58:53,919 [WARN] PackLoader:240 - Cannot read IP mode file for STMicroelectronics.FP-ATR-ASTRA1.2.0.1
2024-12-04 16:58:53,932 [WARN] PackLoader:240 - Cannot read IP mode file for STMicroelectronics.X-CUBE-SMBUS.2.1.0
2024-12-04 16:58:53,948 [WARN] PackLoader:240 - Cannot read IP mode file for STMicroelectronics.X-CUBE-WB05N.1.1.0
2024-12-04 16:58:53,961 [WARN] PackLoader:240 - Cannot read IP mode file for STMicroelectronics.X-CUBE-TOUCHGFX.4.23.0
2024-12-04 16:58:53,996 [WARN] PackLoader:240 - Cannot read IP mode file for STMicroelectronics.X-CUBE-AZRTOS-F7.1.1.0
2024-12-04 16:58:54,014 [WARN] PackLoader:240 - Cannot read IP mode file for STMicroelectronics.FP-SNS-MOTENV1.4.3.2
2024-12-04 16:58:54,086 [WARN] PackLoader:240 - Cannot read IP mode file for STMicroelectronics.X-CUBE-MEMS1.11.0.0
2024-12-04 16:58:54,215 [WARN] PackLoader:240 - Cannot read IP mode file for STMicroelectronics.FP-SNS-FLIGHT1.5.0.2
2024-12-04 16:58:54,234 [WARN] PackLoader:240 - Cannot read IP mode file for STMicroelectronics.X-CUBE-DISPLAY.3.0.0
2024-12-04 16:58:54,258 [WARN] PackLoader:240 - Cannot read IP mode file for STMicroelectronics.X-CUBE-BLE1.7.0.0
2024-12-04 16:58:54,282 [WARN] PackLoader:240 - Cannot read IP mode file for STMicroelectronics.X-CUBE-NFC10.1.0.0
2024-12-04 16:58:54,299 [WARN] PackLoader:240 - Cannot read IP mode file for emotas.I-CUBE-CANOPEN.1.3.0
2024-12-04 16:58:54,316 [WARN] PackLoader:240 - Cannot read IP mode file for STMicroelectronics.X-CUBE-BLEMGR.3.1.0
2024-12-04 16:58:54,329 [WARN] PackLoader:240 - Cannot read IP mode file for STMicroelectronics.FP-SNS-SMARTAG2.1.2.0
2024-12-04 16:58:54,349 [INFO] LogOutputStream:77 - [STDOUT_REDIRECT] 1 : Invalid condition id : UX_CORESTACK_Condition cause : null
2024-12-04 16:58:54,349 [INFO] LogOutputStream:77 - [STDOUT_REDIRECT] 1 : Invalid condition id : UX_CORESTACK_Condition cause : null
2024-12-04 16:58:54,350 [INFO] LogOutputStream:77 - [STDOUT_REDIRECT] 1 : Invalid condition id : UX_CORESTACK_Condition cause : null
2024-12-04 16:58:54,351 [INFO] LogOutputStream:77 - [STDOUT_REDIRECT] 1 : Invalid condition id : UX_CORESTACK_Condition cause : null
2024-12-04 16:58:54,351 [INFO] LogOutputStream:77 - [STDOUT_REDIRECT] 1 : Invalid condition id : UX_CORESTACK_Condition cause : null
2024-12-04 16:58:54,354 [WARN] PackLoader:240 - Cannot read IP mode file for STMicroelectronics.X-CUBE-AZRTOS-WL.2.0.0
2024-12-04 16:58:54,369 [WARN] PackLoader:240 - Cannot read IP mode file for wolfSSL.I-CUBE-wolfMQTT.1.19.0
2024-12-04 16:58:54,387 [WARN] PackLoader:240 - Cannot read IP mode file for WES.I-CUBE-Cesium.1.3.0
2024-12-04 16:58:54,404 [WARN] PackLoader:240 - Cannot read IP mode file for STMicroelectronics.X-CUBE-BLE2.3.3.0
2024-12-04 16:58:54,419 [WARN] PackLoader:240 - Cannot read IP mode file for STMicroelectronics.X-CUBE-NFC9.1.0.0
2024-12-04 16:58:54,433 [WARN] PackLoader:240 - Cannot read IP mode file for STMicroelectronics.X-CUBE-TCPP.4.1.0
2024-12-04 16:58:54,450 [WARN] PackLoader:240 - Cannot read IP mode file for STMicroelectronics.X-CUBE-ALGOBUILD.1.3.0
2024-12-04 16:58:54,478 [WARN] PackLoader:240 - Cannot read IP mode file for STMicroelectronics.X-CUBE-AZRTOS-G0.1.1.0
2024-12-04 16:58:54,495 [WARN] PackLoader:240 - Cannot read IP mode file for STMicroelectronics.X-CUBE-SAFEA1.1.2.2
2024-12-04 16:58:54,511 [WARN] PackLoader:240 - Cannot read IP mode file for STMicroelectronics.X-CUBE-NFC4.3.0.0
2024-12-04 16:58:54,532 [WARN] PackLoader:240 - Cannot read IP mode file for EmbeddedOffice.I-CUBE-FS-RTOS.1.0.1
2024-12-04 16:58:54,532 [ERROR] ConditionMgr:805 - Attr not supported : Dmpu
2024-12-04 16:58:54,532 [ERROR] ConditionMgr:805 - Attr not supported : Dmpu
2024-12-04 16:58:54,532 [ERROR] ConditionMgr:805 - Attr not supported : Dmpu
2024-12-04 16:58:54,532 [ERROR] ConditionMgr:805 - Attr not supported : Dmpu
2024-12-04 16:58:54,532 [ERROR] ConditionMgr:805 - Attr not supported : Dmpu
2024-12-04 16:58:54,533 [ERROR] ConditionMgr:805 - Attr not supported : Dmpu
2024-12-04 16:58:54,533 [ERROR] ConditionMgr:805 - Attr not supported : Dmpu
2024-12-04 16:58:54,533 [ERROR] ConditionMgr:805 - Attr not supported : Dmpu
2024-12-04 16:58:54,533 [ERROR] ConditionMgr:805 - Attr not supported : Dmpu
2024-12-04 16:58:54,533 [ERROR] ConditionMgr:805 - Attr not supported : Dmpu
2024-12-04 16:58:54,533 [ERROR] ConditionMgr:805 - Attr not supported : Dmpu
2024-12-04 16:58:54,533 [ERROR] ConditionMgr:805 - Attr not supported : Dmpu
2024-12-04 16:58:54,533 [ERROR] ConditionMgr:805 - Attr not supported : Dmpu
2024-12-04 16:58:54,533 [ERROR] ConditionMgr:805 - Attr not supported : Dmpu
2024-12-04 16:58:54,533 [ERROR] ConditionMgr:805 - Attr not supported : Dmpu
2024-12-04 16:58:54,533 [ERROR] ConditionMgr:805 - Attr not supported : Dmpu
2024-12-04 16:58:54,533 [ERROR] ConditionMgr:805 - Attr not supported : Dmpu
2024-12-04 16:58:54,533 [ERROR] ConditionMgr:805 - Attr not supported : Dmpu
2024-12-04 16:58:54,533 [ERROR] ConditionMgr:805 - Attr not supported : Dmpu
2024-12-04 16:58:54,533 [ERROR] ConditionMgr:805 - Attr not supported : Dmpu
2024-12-04 16:58:54,533 [ERROR] ConditionMgr:805 - Attr not supported : Dmpu
2024-12-04 16:58:54,534 [ERROR] ConditionMgr:805 - Attr not supported : Dmpu
2024-12-04 16:58:54,534 [ERROR] ConditionMgr:805 - Attr not supported : Dmpu
2024-12-04 16:58:54,534 [ERROR] ConditionMgr:805 - Attr not supported : Dmpu
2024-12-04 16:58:54,534 [ERROR] ConditionMgr:805 - Attr not supported : Dmpu
2024-12-04 16:58:54,534 [ERROR] ConditionMgr:805 - Attr not supported : Dmpu
2024-12-04 16:58:54,534 [ERROR] ConditionMgr:805 - Attr not supported : Dmpu
2024-12-04 16:58:54,534 [ERROR] ConditionMgr:805 - Attr not supported : Dmpu
2024-12-04 16:58:54,534 [ERROR] ConditionMgr:805 - Attr not supported : Dmpu
2024-12-04 16:58:54,534 [ERROR] ConditionMgr:805 - Attr not supported : Dmpu
2024-12-04 16:58:54,534 [ERROR] ConditionMgr:805 - Attr not supported : Dmpu
2024-12-04 16:58:54,534 [ERROR] ConditionMgr:805 - Attr not supported : Dmpu
2024-12-04 16:58:54,534 [ERROR] ConditionMgr:805 - Attr not supported : Dmpu
2024-12-04 16:58:54,534 [ERROR] ConditionMgr:805 - Attr not supported : Dmpu
2024-12-04 16:58:54,535 [ERROR] ConditionMgr:805 - Attr not supported : Dmpu
2024-12-04 16:58:54,535 [ERROR] ConditionMgr:805 - Attr not supported : Dmpu
2024-12-04 16:58:54,535 [ERROR] ConditionMgr:805 - Attr not supported : Dmpu
2024-12-04 16:58:54,535 [ERROR] ConditionMgr:805 - Attr not supported : Dmpu
2024-12-04 16:58:54,535 [ERROR] ConditionMgr:805 - Attr not supported : Dmpu
2024-12-04 16:58:54,535 [ERROR] ConditionMgr:805 - Attr not supported : Dmpu
2024-12-04 16:58:54,535 [ERROR] ConditionMgr:805 - Attr not supported : Dmpu
2024-12-04 16:58:54,535 [ERROR] ConditionMgr:805 - Attr not supported : Dmpu
2024-12-04 16:58:54,535 [ERROR] ConditionMgr:805 - Attr not supported : Dmpu
2024-12-04 16:58:54,535 [ERROR] ConditionMgr:805 - Attr not supported : Dmpu
2024-12-04 16:58:54,535 [ERROR] ConditionMgr:805 - Attr not supported : Dmpu
2024-12-04 16:58:54,536 [ERROR] ConditionMgr:805 - Attr not supported : Dmpu
2024-12-04 16:58:54,536 [ERROR] ConditionMgr:805 - Attr not supported : Dmpu
2024-12-04 16:58:54,536 [ERROR] ConditionMgr:805 - Attr not supported : Dmpu
2024-12-04 16:58:54,536 [ERROR] ConditionMgr:805 - Attr not supported : Dmpu
2024-12-04 16:58:54,536 [ERROR] ConditionMgr:805 - Attr not supported : Dmpu
2024-12-04 16:58:54,536 [ERROR] ConditionMgr:805 - Attr not supported : Dmpu
2024-12-04 16:58:54,536 [ERROR] ConditionMgr:805 - Attr not supported : Dmpu
2024-12-04 16:58:54,536 [ERROR] ConditionMgr:805 - Attr not supported : Dmpu
2024-12-04 16:58:54,536 [ERROR] ConditionMgr:805 - Attr not supported : Dmpu
2024-12-04 16:58:54,536 [ERROR] ConditionMgr:805 - Attr not supported : Dmpu
2024-12-04 16:58:54,536 [ERROR] ConditionMgr:805 - Attr not supported : Dmpu
2024-12-04 16:58:54,536 [ERROR] ConditionMgr:805 - Attr not supported : Dmpu
2024-12-04 16:58:54,536 [ERROR] ConditionMgr:805 - Attr not supported : Dmpu
2024-12-04 16:58:54,536 [ERROR] ConditionMgr:805 - Attr not supported : Dmpu
2024-12-04 16:58:54,536 [ERROR] ConditionMgr:805 - Attr not supported : Dmpu
2024-12-04 16:58:54,536 [ERROR] ConditionMgr:805 - Attr not supported : Dmpu
2024-12-04 16:58:54,536 [ERROR] ConditionMgr:805 - Attr not supported : Dmpu
2024-12-04 16:58:54,537 [ERROR] ConditionMgr:805 - Attr not supported : Dmpu
2024-12-04 16:58:54,537 [ERROR] ConditionMgr:805 - Attr not supported : Dmpu
2024-12-04 16:58:54,553 [WARN] PackLoader:240 - Cannot read IP mode file for RealThread.X-CUBE-RT-Thread_Nano.4.1.1
2024-12-04 16:58:54,566 [WARN] PackLoader:240 - Cannot read IP mode file for STMicroelectronics.FP-ATR-SIGFOX1.3.2.0
2024-12-04 16:58:54,579 [WARN] ConditionMgr:438 - getConditionDescription Invalid condition id : Cortex-A Device cause : null
2024-12-04 16:58:54,602 [WARN] ConditionMgr:1039 - genDependencies : Invalid condition id : Cortex-A Device cause : null
2024-12-04 16:58:54,603 [WARN] ConditionMgr:1039 - genDependencies : Invalid condition id : Cortex-A Device cause : null
2024-12-04 16:58:54,603 [WARN] ConditionMgr:1039 - genDependencies : Invalid condition id : Cortex-A Device cause : null
2024-12-04 16:58:54,618 [WARN] PackLoader:240 - Cannot read IP mode file for STMicroelectronics.X-CUBE-EEPRMA1.5.1.0
2024-12-04 16:58:54,661 [WARN] PackLoader:240 - Cannot read IP mode file for SEGGER.I-CUBE-embOS.1.3.1
2024-12-04 16:58:54,702 [WARN] PackLoader:240 - Cannot read IP mode file for STMicroelectronics.X-CUBE-ALGOBUILD.1.4.0
2024-12-04 16:58:54,716 [WARN] PackLoader:240 - Cannot read IP mode file for STMicroelectronics.X-CUBE-AI.9.1.0
2024-12-04 16:58:54,733 [WARN] PackLoader:240 - Cannot read IP mode file for STMicroelectronics.X-CUBE-GNSS1.6.0.0
2024-12-04 16:58:54,761 [WARN] PackLoader:240 - Cannot read IP mode file for STMicroelectronics.X-CUBE-AZRTOS-F4.1.1.0
2024-12-04 16:58:54,777 [WARN] PackLoader:240 - Cannot read IP mode file for STMicroelectronics.X-CUBE-ISPU.2.1.0
2024-12-04 16:58:54,790 [WARN] PackLoader:240 - Cannot read IP mode file for STMicroelectronics.X-CUBE-FREERTOS.1.2.0
2024-12-04 16:58:54,801 [WARN] PackLoader:240 - Cannot read IP mode file for wolfSSL.I-CUBE-wolfSSL.5.6.6
2024-12-04 16:58:54,833 [WARN] PackLoader:240 - Cannot read IP mode file for STMicroelectronics.X-CUBE-AZRTOS-L5.2.0.0
2024-12-04 16:58:54,854 [WARN] PackLoader:240 - Cannot read IP mode file for STMicroelectronics.X-CUBE-NFC6.3.1.0
2024-12-04 16:58:54,875 [WARN] PackLoader:240 - Cannot read IP mode file for ITTIA_DB.I-CUBE-ITTIADB.8.8.0
2024-12-04 16:58:54,889 [WARN] PackLoader:240 - Cannot read IP mode file for STMicroelectronics.X-CUBE-DPower.1.2.0
2024-12-04 16:58:54,907 [WARN] PackLoader:240 - Cannot read IP mode file for STMicroelectronics.X-CUBE-AI.9.0.0
2024-12-04 16:58:54,923 [WARN] PackLoader:240 - Cannot read IP mode file for STMicroelectronics.X-CUBE-NFC7.1.0.1
2024-12-04 16:58:54,939 [WARN] PackLoader:240 - Cannot read IP mode file for STMicroelectronics.X-CUBE-AI.8.1.0
2024-12-04 16:58:54,967 [WARN] ConditionMgr:438 - getConditionDescription Invalid condition id : LAN8742 Phy interface Condition cause : null
2024-12-04 16:58:54,968 [WARN] PackLoader:240 - Cannot read IP mode file for STMicroelectronics.X-CUBE-AZRTOS-L4.2.0.0
2024-12-04 16:58:54,969 [WARN] ConditionMgr:1039 - genDependencies : Invalid condition id : LAN8742 Phy interface Condition cause : null
2024-12-04 16:58:54,969 [WARN] ConditionMgr:1039 - genDependencies : Invalid condition id : LAN8742 Phy interface Condition cause : null
2024-12-04 16:58:54,969 [WARN] ConditionMgr:1039 - genDependencies : Invalid condition id : LAN8742 Phy interface Condition cause : null
2024-12-04 16:58:54,987 [WARN] PackLoader:240 - Cannot read IP mode file for STMicroelectronics.X-CUBE-SFXS2LP1.4.0.0
2024-12-04 16:58:55,015 [WARN] PackLoader:240 - Cannot read IP mode file for STMicroelectronics.X-CUBE-AZRTOS-H7.3.3.0
2024-12-04 16:58:55,036 [WARN] PackLoader:240 - Cannot read IP mode file for STMicroelectronics.X-CUBE-IPS.3.0.0
2024-12-04 16:58:55,069 [WARN] ConditionMgr:438 - getConditionDescription Invalid condition id : UX DEVICE CLASS RTOS Condition cause : null
2024-12-04 16:58:55,069 [WARN] ConditionMgr:438 - getConditionDescription Invalid condition id : UX DEVICE CLASS RTOS Condition cause : null
2024-12-04 16:58:55,072 [WARN] PackLoader:240 - Cannot read IP mode file for STMicroelectronics.X-CUBE-AZRTOS-WB.2.0.0
2024-12-04 16:58:55,072 [WARN] ConditionMgr:1039 - genDependencies : Invalid condition id : UX DEVICE CLASS RTOS Condition cause : null
2024-12-04 16:58:55,072 [WARN] ConditionMgr:1039 - genDependencies : Invalid condition id : UX DEVICE CLASS RTOS Condition cause : null
2024-12-04 16:58:55,073 [WARN] ConditionMgr:1039 - genDependencies : Invalid condition id : UX DEVICE CLASS RTOS Condition cause : null
2024-12-04 16:58:55,073 [WARN] ConditionMgr:1039 - genDependencies : Invalid condition id : UX DEVICE CLASS RTOS Condition cause : null
2024-12-04 16:58:55,073 [WARN] ConditionMgr:1039 - genDependencies : Invalid condition id : UX DEVICE CLASS RTOS Condition cause : null
2024-12-04 16:58:55,091 [WARN] PackLoader:240 - Cannot read IP mode file for STMicroelectronics.X-CUBE-GNSS1.7.0.0
2024-12-04 16:58:55,114 [WARN] PackLoader:240 - Cannot read IP mode file for STMicroelectronics.X-CUBE-SUBG2.5.0.0
2024-12-04 16:58:55,139 [WARN] PackLoader:240 - Cannot read IP mode file for Cesanta.I-CUBE-Mongoose.7.13.0
2024-12-04 16:58:55,165 [WARN] PackLoader:240 - Cannot read IP mode file for STMicroelectronics.X-CUBE-AZRTOS-G4.2.0.0
2024-12-04 16:58:55,193 [WARN] PackLoader:240 - Cannot read IP mode file for Infineon.AIROC-Wi-Fi-Bluetooth-STM32.1.5.1
2024-12-04 16:58:55,207 [WARN] PackLoader:240 - Cannot read IP mode file for STMicroelectronics.FP-SNS-MOTENVWB1.1.3.1
2024-12-04 16:58:55,221 [WARN] PackLoader:240 - Cannot read IP mode file for STMicroelectronics.X-CUBE-ISPU.2.0.0
2024-12-04 16:58:55,235 [WARN] PackLoader:240 - Cannot read IP mode file for STMicroelectronics.X-CUBE-ALS.1.0.2
2024-12-04 16:58:55,282 [WARN] PackLoader:240 - Cannot read IP mode file for STMicroelectronics.X-CUBE-MEMS1.10.0.0
2024-12-04 16:58:55,383 [WARN] PackLoader:240 - Cannot read IP mode file for STMicroelectronics.X-CUBE-FREERTOS.1.1.0
2024-12-04 16:58:55,397 [WARN] PackLoader:240 - Cannot read IP mode file for STMicroelectronics.X-CUBE-TOUCHGFX.4.24.1
2024-12-04 16:58:55,410 [WARN] PackLoader:240 - Cannot read IP mode file for wolfSSL.I-CUBE-wolfTPM.3.4.0
2024-12-04 16:58:55,425 [WARN] PackLoader:240 - Cannot read IP mode file for portGmbH.I-Cube-SoM-uGOAL.1.1.0
2024-12-04 16:58:55,437 [WARN] PackLoader:240 - Cannot read IP mode file for STMicroelectronics.X-CUBE-ALS.1.0.1
2024-12-04 16:58:55,461 [WARN] PackLoader:240 - Cannot read IP mode file for STMicroelectronics.X-CUBE-AZRTOS-H7RS.1.0.0
2024-12-04 16:58:55,473 [WARN] PackLoader:240 - Cannot read IP mode file for STMicroelectronics.FP-ATR-ASTRA1.2.0.0
2024-12-04 16:58:55,490 [WARN] PackLoader:240 - Cannot read IP mode file for STMicroelectronics.X-CUBE-TOF1.3.4.2
2024-12-04 16:58:55,513 [WARN] PackLoader:240 - Cannot read IP mode file for STMicroelectronics.X-CUBE-TOF1.3.4.1
2024-12-04 16:58:55,546 [WARN] PackLoader:240 - Cannot read IP mode file for STMicroelectronics.X-CUBE-AZRTOS-H7.3.2.0
2024-12-04 16:58:55,559 [WARN] PackLoader:240 - Cannot read IP mode file for wolfSSL.I-CUBE-wolfSSH.1.4.17
2024-12-04 16:58:55,560 [INFO] ThirdParty:978 - Integrity check success = true
2024-12-04 16:58:55,560 [INFO] IntegrityCheckThread:100 - exiting critical section [integrity check]
2024-12-04 16:58:55,560 [INFO] IntegrityCheckThread:103 - End integrity checks thread
2024-12-04 16:58:56,945 [INFO] WebApp:167 - Instantiating new browser for Auth
2024-12-04 16:58:57,709 [INFO] WebApp:448 - Apply proxy settings
2024-12-04 16:58:57,709 [INFO] WebApp:533 - Chromium requires no authentication
2024-12-04 16:58:57,741 [INFO] WebApp:476 - Direct internet connection detected
2024-12-04 16:58:57,782 [INFO] WebApp:869 - Register for checkConnection events
2024-12-04 16:58:57,782 [INFO] WebApp:448 - Apply proxy settings
2024-12-04 16:58:57,783 [INFO] WebApp:533 - Chromium requires no authentication
2024-12-04 16:58:57,783 [INFO] WebApp:476 - Direct internet connection detected
2024-12-04 16:58:57,956 [INFO] WebApp:220 - Starting web application
2024-12-04 16:58:57,956 [INFO] WebApp:578 - Web application path used C:\ST\STM32CubeIDE_1.16.0\STM32CubeIDE\plugins\com.st.stm32cube.common.mx_6.12.0.202406281431\db\plugins\mcufinder\reactClient1\index.html
2024-12-04 16:58:58,142 [INFO] WebApp:186 - Connection restablished
2024-12-04 17:00:19,427 [ERROR] LogOutputStream:75 - [STDERR_REDIRECT] 
