2024-11-20 13:46:07,849 [INFO] Activator:176 - 


2024-11-20 13:46:07,857 [INFO] Activator:177 - !SESSION log4j initialized
2024-11-20 13:46:16,226 [INFO] LogOutputStream:77 - [STDOUT_REDIRECT] 
2024-11-20 13:46:24,450 [INFO] ApplicationProperties:184 - Using Application install path: C:\ST\STM32CubeIDE_1.16.0\STM32CubeIDE\plugins\com.st.stm32cube.common.mx_6.12.0.202406281431
2024-11-20 13:46:24,467 [INFO] DbMcusXml:78 - Set database path to: C:\ST\STM32CubeIDE_1.16.0\STM32CubeIDE\plugins\com.st.stm32cube.common.mx_6.12.0.202406281431\\db\/mcu/
2024-11-20 13:46:24,468 [INFO] ApiDb:274 - Set plugin database path to: C:\ST\STM32CubeIDE_1.16.0\STM32CubeIDE\plugins\com.st.stm32cube.common.mx_6.12.0.202406281431\\db\/plugins/boardmanager/
2024-11-20 13:46:24,468 [WARN] ApiDb:259 - Overriding images path with different value:  => C:\ST\STM32CubeIDE_1.16.0\STM32CubeIDE\plugins\com.st.stm32cube.common.mx_6.12.0.202406281431\\db\/plugins/mcufinder/images/
2024-11-20 13:46:24,486 [INFO] ApiDb:250 - Set database path to: C:\Users\hung\.stmcufinder\plugins\mcufinder//mcu/
2024-11-20 13:46:24,487 [INFO] DbMcusAds:125 - Set database path to: C:\Users\hung\.stmcufinder\plugins\mcufinder//mcu/
2024-11-20 13:46:24,489 [INFO] CrossReferenceDbSqlite:203 - Set database path to: C:\Users\hung\.stmcufinder\plugins\mcufinder//mcu/cs/
2024-11-20 13:46:24,599 [INFO] RulesReader:64 - Compatibility file has been processed (297 Rules)
2024-11-20 13:46:24,673 [INFO] DbMcusXml:78 - Set database path to: C:\ST\STM32CubeIDE_1.16.0\STM32CubeIDE\plugins\com.st.stm32cube.common.mx_6.12.0.202406281431\\db\/mcu/
2024-11-20 13:46:24,673 [INFO] ApiDb:274 - Set plugin database path to: C:\ST\STM32CubeIDE_1.16.0\STM32CubeIDE\plugins\com.st.stm32cube.common.mx_6.12.0.202406281431\\db\/plugins/boardmanager/
2024-11-20 13:46:24,673 [INFO] ApiDb:261 - Set plugin images path to: C:\ST\STM32CubeIDE_1.16.0\STM32CubeIDE\plugins\com.st.stm32cube.common.mx_6.12.0.202406281431\\db\/plugins/mcufinder/images/
2024-11-20 13:46:24,673 [WARN] DbFile:41 - Overriding database path with different value: C:\Users\hung\.stmcufinder\plugins\mcufinder/ => C:\Users\hung\.stmcufinder\plugins\mcufinder
2024-11-20 13:46:24,673 [INFO] ApiDb:250 - Set database path to: C:\Users\hung\.stmcufinder\plugins\mcufinder//mcu/
2024-11-20 13:46:24,673 [WARN] DbFile:41 - Overriding database path with different value: C:\Users\hung\.stmcufinder\plugins\mcufinder/ => C:\Users\hung\.stmcufinder\plugins\mcufinder
2024-11-20 13:46:24,673 [INFO] DbMcusAds:125 - Set database path to: C:\Users\hung\.stmcufinder\plugins\mcufinder//mcu/
2024-11-20 13:46:24,674 [WARN] DbFile:41 - Overriding database path with different value: C:\Users\hung\.stmcufinder\plugins\mcufinder/ => C:\Users\hung\.stmcufinder\plugins\mcufinder
2024-11-20 13:46:24,674 [WARN] DbFile:41 - Overriding database path with different value: C:\Users\hung\.stmcufinder\plugins\mcufinder/ => C:\Users\hung\.stmcufinder\plugins\mcufinder
2024-11-20 13:46:24,674 [INFO] CrossReferenceDbSqlite:203 - Set database path to: C:\Users\hung\.stmcufinder\plugins\mcufinder//mcu/cs/
2024-11-20 13:46:24,762 [INFO] MainPanel:268 - HeapMemory: 268435456
2024-11-20 13:46:24,888 [INFO] DbMcusXml:78 - Set database path to: C:\ST\STM32CubeIDE_1.16.0\STM32CubeIDE\plugins\com.st.stm32cube.common.mx_6.12.0.202406281431\\db\/mcu/
2024-11-20 13:46:24,888 [INFO] ApiDb:274 - Set plugin database path to: C:\ST\STM32CubeIDE_1.16.0\STM32CubeIDE\plugins\com.st.stm32cube.common.mx_6.12.0.202406281431\\db\/plugins/boardmanager/
2024-11-20 13:46:24,888 [INFO] ApiDb:261 - Set plugin images path to: C:\ST\STM32CubeIDE_1.16.0\STM32CubeIDE\plugins\com.st.stm32cube.common.mx_6.12.0.202406281431\\db\/plugins/mcufinder/images/
2024-11-20 13:46:24,888 [WARN] DbFile:41 - Overriding database path with different value: C:\Users\hung\.stmcufinder\plugins\mcufinder/ => C:\Users\hung\.stmcufinder\plugins\mcufinder
2024-11-20 13:46:24,888 [INFO] ApiDb:250 - Set database path to: C:\Users\hung\.stmcufinder\plugins\mcufinder//mcu/
2024-11-20 13:46:24,888 [WARN] DbFile:41 - Overriding database path with different value: C:\Users\hung\.stmcufinder\plugins\mcufinder/ => C:\Users\hung\.stmcufinder\plugins\mcufinder
2024-11-20 13:46:24,888 [INFO] DbMcusAds:125 - Set database path to: C:\Users\hung\.stmcufinder\plugins\mcufinder//mcu/
2024-11-20 13:46:24,888 [WARN] DbFile:41 - Overriding database path with different value: C:\Users\hung\.stmcufinder\plugins\mcufinder/ => C:\Users\hung\.stmcufinder\plugins\mcufinder
2024-11-20 13:46:24,889 [WARN] DbFile:41 - Overriding database path with different value: C:\Users\hung\.stmcufinder\plugins\mcufinder/ => C:\Users\hung\.stmcufinder\plugins\mcufinder
2024-11-20 13:46:24,889 [INFO] CrossReferenceDbSqlite:203 - Set database path to: C:\Users\hung\.stmcufinder\plugins\mcufinder//mcu/cs/
2024-11-20 13:46:24,907 [INFO] ApplicationProperties:184 - Using Application install path: C:\ST\STM32CubeIDE_1.16.0\STM32CubeIDE\plugins\com.st.stm32cube.common.mx_6.12.0.202406281431
2024-11-20 13:46:24,908 [INFO] PluginManage:196 - Search for loadable plugins [exclusion list=, ]
2024-11-20 13:46:24,910 [INFO] PluginManage:310 - Check plugin analytics
2024-11-20 13:46:30,066 [INFO] AnalyticsPlugin:253 - Accepted Software Licenses: STM32CubeMX.6.9.1,STM32CubeMX.6.10.0,STM32CubeMX.6.12.0
2024-11-20 13:46:30,066 [INFO] AnalyticsPlugin:255 - Accepted CMSIS Pack Licenses: 
2024-11-20 13:46:30,066 [INFO] AnalyticsPlugin:257 - Accepted Firmware Licenses: 
2024-11-20 13:46:30,068 [INFO] PluginManage:359 - Loaded plugin analytics (category:tool,tabindex:-1)
2024-11-20 13:46:30,068 [INFO] PluginManage:310 - Check plugin cadmodel
2024-11-20 13:46:30,084 [INFO] CADModel:105 - Init CAD model plugin
2024-11-20 13:46:30,084 [INFO] PluginManage:359 - Loaded plugin cadmodel (category:power,tabindex:5)
2024-11-20 13:46:30,084 [INFO] PluginManage:310 - Check plugin clock
2024-11-20 13:46:30,109 [INFO] PluginManage:359 - Loaded plugin clock (category:base,tabindex:2)
2024-11-20 13:46:30,109 [INFO] PluginManage:310 - Check plugin ddr
2024-11-20 13:46:30,112 [INFO] PluginManage:359 - Loaded plugin ddr (category:tool,tabindex:6)
2024-11-20 13:46:30,113 [INFO] PluginManage:310 - Check plugin filemanager
2024-11-20 13:46:30,270 [INFO] PluginManage:359 - Loaded plugin filemanager (category:base,tabindex:10)
2024-11-20 13:46:30,270 [INFO] PluginManage:310 - Check plugin ipmanager
2024-11-20 13:46:30,282 [INFO] PluginManage:359 - Loaded plugin ipmanager (category:base,tabindex:5)
2024-11-20 13:46:30,282 [INFO] PluginManage:310 - Check plugin lpbam
2024-11-20 13:46:30,300 [INFO] PluginManage:359 - Loaded plugin lpbam (category:base,tabindex:0)
2024-11-20 13:46:30,301 [INFO] PluginManage:310 - Check plugin memorymap
2024-11-20 13:46:30,327 [INFO] PluginManage:359 - Loaded plugin memorymap (category:base,tabindex:4)
2024-11-20 13:46:30,327 [INFO] PluginManage:310 - Check plugin pinoutandconfiguration
2024-11-20 13:46:30,344 [INFO] PluginManage:359 - Loaded plugin pinoutandconfiguration (category:base,tabindex:1)
2024-11-20 13:46:30,344 [INFO] PluginManage:310 - Check plugin pinoutconfig
2024-11-20 13:46:30,449 [WARN] SupportedApi:132 - Cannot load RTOS API schema: s4s-elt-must-match.1: The content of 'definitions' must match (annotation?, (simpleType | complexType)?, (unique | key | keyref)*)). A problem was found starting at: attribute.
2024-11-20 13:46:30,615 [INFO] PluginManage:359 - Loaded plugin pinoutconfig (category:base,tabindex:0)
2024-11-20 13:46:30,615 [INFO] PluginManage:310 - Check plugin power
2024-11-20 13:46:30,637 [INFO] PluginManage:359 - Loaded plugin power (category:power,tabindex:4)
2024-11-20 13:46:30,638 [INFO] PluginManage:310 - Check plugin projectmanager
2024-11-20 13:46:30,658 [INFO] PluginManage:359 - Loaded plugin projectmanager (category:projectmanager,tabindex:4)
2024-11-20 13:46:30,659 [INFO] PluginManage:310 - Check plugin rif
2024-11-20 13:46:30,676 [INFO] PluginManage:359 - Loaded plugin rif (category:base,tabindex:3)
2024-11-20 13:46:30,677 [INFO] PluginManage:310 - Check plugin thirdparty
2024-11-20 13:46:31,071 [INFO] PluginManage:359 - Loaded plugin thirdparty (category:base,tabindex:-1)
2024-11-20 13:46:31,071 [WARN] IntegrityCheckThread:84 - waiting for thirdparty lock release [integrity check]
2024-11-20 13:46:31,072 [INFO] PluginManage:310 - Check plugin tools
2024-11-20 13:46:31,072 [INFO] IntegrityCheckThread:86 - entering critical section [integrity check]
2024-11-20 13:46:31,072 [INFO] ThirdPartyUpdaterWithRetryManager:70 - Updater plugin not ready yet. [1/15]
2024-11-20 13:46:31,121 [INFO] PluginManage:359 - Loaded plugin tools (category:base,tabindex:7)
2024-11-20 13:46:31,121 [INFO] PluginManage:310 - Check plugin tutovideos
2024-11-20 13:46:31,322 [INFO] PluginManage:359 - Loaded plugin tutovideos (category:base,tabindex:-1)
2024-11-20 13:46:31,322 [INFO] PluginManage:310 - Check plugin updater
2024-11-20 13:46:31,341 [INFO] PluginManage:359 - Loaded plugin updater (category:base,tabindex:12)
2024-11-20 13:46:31,341 [INFO] PluginManage:310 - Check plugin userauth
2024-11-20 13:46:31,349 [INFO] UserAuth:113 - Init User Auth plugin
2024-11-20 13:46:31,349 [INFO] PluginManage:359 - Loaded plugin userauth (category:base,tabindex:14)
2024-11-20 13:46:31,350 [INFO] PluginManage:283 - PluginManage : Loaded plugins [18]
2024-11-20 13:46:31,588 [INFO] PinOutPanel:1561 - setPackage(No Configuration,No Configuration)
2024-11-20 13:46:31,730 [INFO] CADModel:165 - CPN selected for project level
2024-11-20 13:46:31,730 [INFO] CADModel:114 - Register for checkConnection events
2024-11-20 13:46:31,761 [INFO] IPUIPlugin:80 - create IPUIPlugin
2024-11-20 13:46:31,762 [INFO] PluginManager:220 - loadIPPluginJar : add adc
2024-11-20 13:46:31,800 [INFO] IPUIPlugin:80 - create IPUIPlugin
2024-11-20 13:46:31,800 [INFO] PluginManager:220 - loadIPPluginJar : add aes
2024-11-20 13:46:31,851 [INFO] IPUIPlugin:80 - create IPUIPlugin
2024-11-20 13:46:31,851 [INFO] PluginManager:220 - loadIPPluginJar : add can
2024-11-20 13:46:31,873 [INFO] IPUIPlugin:80 - create IPUIPlugin
2024-11-20 13:46:31,873 [INFO] PluginManager:220 - loadIPPluginJar : add comp
2024-11-20 13:46:31,906 [INFO] IPUIPlugin:80 - create IPUIPlugin
2024-11-20 13:46:31,906 [INFO] PluginManager:220 - loadIPPluginJar : add cryp
2024-11-20 13:46:31,917 [INFO] IPUIPlugin:80 - create IPUIPlugin
2024-11-20 13:46:31,918 [INFO] PluginManager:220 - loadIPPluginJar : add ddr_ctrl_phy
2024-11-20 13:46:31,948 [INFO] IPUIPlugin:80 - create IPUIPlugin
2024-11-20 13:46:31,948 [INFO] PluginManager:220 - loadIPPluginJar : add dfsdm
2024-11-20 13:46:31,962 [INFO] IPUIPlugin:80 - create IPUIPlugin
2024-11-20 13:46:31,962 [INFO] PluginManager:220 - loadIPPluginJar : add dma
2024-11-20 13:46:32,012 [INFO] IPUIPlugin:80 - create IPUIPlugin
2024-11-20 13:46:32,012 [INFO] PluginManager:220 - loadIPPluginJar : add dma3
2024-11-20 13:46:32,056 [INFO] IPUIPlugin:80 - create IPUIPlugin
2024-11-20 13:46:32,056 [INFO] PluginManager:220 - loadIPPluginJar : add extmemmanager
2024-11-20 13:46:32,075 [INFO] IPUIPlugin:80 - create IPUIPlugin
2024-11-20 13:46:32,075 [INFO] PluginManager:220 - loadIPPluginJar : add fatfs
2024-11-20 13:46:32,120 [INFO] IPUIPlugin:80 - create IPUIPlugin
2024-11-20 13:46:32,120 [INFO] PluginManager:220 - loadIPPluginJar : add fmc
2024-11-20 13:46:32,134 [INFO] IPUIPlugin:80 - create IPUIPlugin
2024-11-20 13:46:32,134 [INFO] PluginManager:220 - loadIPPluginJar : add freertos
2024-11-20 13:46:32,154 [INFO] IPUIPlugin:80 - create IPUIPlugin
2024-11-20 13:46:32,154 [INFO] PluginManager:220 - loadIPPluginJar : add genericplugin
2024-11-20 13:46:32,243 [INFO] IPUIPlugin:80 - create IPUIPlugin
2024-11-20 13:46:32,243 [INFO] PluginManager:220 - loadIPPluginJar : add gfxmmu
2024-11-20 13:46:32,416 [INFO] IPUIPlugin:80 - create IPUIPlugin
2024-11-20 13:46:32,416 [INFO] PluginManager:220 - loadIPPluginJar : add gic
2024-11-20 13:46:32,429 [INFO] IPUIPlugin:80 - create IPUIPlugin
2024-11-20 13:46:32,429 [INFO] PluginManager:220 - loadIPPluginJar : add gpio
2024-11-20 13:46:32,521 [INFO] IPUIPlugin:80 - create IPUIPlugin
2024-11-20 13:46:32,521 [INFO] PluginManager:220 - loadIPPluginJar : add gtzc
2024-11-20 13:46:32,552 [INFO] IPUIPlugin:80 - create IPUIPlugin
2024-11-20 13:46:32,552 [INFO] PluginManager:220 - loadIPPluginJar : add hash
2024-11-20 13:46:32,606 [INFO] IPUIPlugin:80 - create IPUIPlugin
2024-11-20 13:46:32,607 [INFO] PluginManager:220 - loadIPPluginJar : add i2c
2024-11-20 13:46:32,658 [INFO] IPUIPlugin:80 - create IPUIPlugin
2024-11-20 13:46:32,658 [INFO] PluginManager:220 - loadIPPluginJar : add i2s
2024-11-20 13:46:32,705 [INFO] IPUIPlugin:80 - create IPUIPlugin
2024-11-20 13:46:32,705 [INFO] PluginManager:220 - loadIPPluginJar : add i3c
2024-11-20 13:46:32,876 [INFO] IPUIPlugin:80 - create IPUIPlugin
2024-11-20 13:46:32,876 [INFO] PluginManager:220 - loadIPPluginJar : add ipddr
2024-11-20 13:46:33,064 [INFO] IPUIPlugin:80 - create IPUIPlugin
2024-11-20 13:46:33,064 [INFO] PluginManager:220 - loadIPPluginJar : add linkedlist
2024-11-20 13:46:33,106 [INFO] IPUIPlugin:80 - create IPUIPlugin
2024-11-20 13:46:33,106 [INFO] PluginManager:220 - loadIPPluginJar : add lorawan
2024-11-20 13:46:33,163 [INFO] IPUIPlugin:80 - create IPUIPlugin
2024-11-20 13:46:33,164 [INFO] PluginManager:220 - loadIPPluginJar : add ltdc
2024-11-20 13:46:33,188 [INFO] IPUIPlugin:80 - create IPUIPlugin
2024-11-20 13:46:33,188 [INFO] PluginManager:220 - loadIPPluginJar : add mdma
2024-11-20 13:46:33,208 [INFO] IPUIPlugin:80 - create IPUIPlugin
2024-11-20 13:46:33,208 [INFO] PluginManager:220 - loadIPPluginJar : add nvic
2024-11-20 13:46:33,278 [INFO] IPUIPlugin:80 - create IPUIPlugin
2024-11-20 13:46:33,278 [INFO] PluginManager:220 - loadIPPluginJar : add opamp
2024-11-20 13:46:33,383 [INFO] IPUIPlugin:80 - create IPUIPlugin
2024-11-20 13:46:33,384 [INFO] PluginManager:220 - loadIPPluginJar : add openamp
2024-11-20 13:46:33,451 [INFO] IPUIPlugin:80 - create IPUIPlugin
2024-11-20 13:46:33,451 [INFO] PluginManager:220 - loadIPPluginJar : add pdm2pcm
2024-11-20 13:46:33,471 [INFO] IPUIPlugin:80 - create IPUIPlugin
2024-11-20 13:46:33,472 [INFO] PluginManager:220 - loadIPPluginJar : add plateformsettings
2024-11-20 13:46:33,505 [INFO] IPUIPlugin:80 - create IPUIPlugin
2024-11-20 13:46:33,505 [INFO] PluginManager:220 - loadIPPluginJar : add quadspi
2024-11-20 13:46:33,567 [INFO] IPUIPlugin:80 - create IPUIPlugin
2024-11-20 13:46:33,569 [INFO] PluginManager:220 - loadIPPluginJar : add radio
2024-11-20 13:46:33,603 [INFO] IPUIPlugin:80 - create IPUIPlugin
2024-11-20 13:46:33,603 [INFO] PluginManager:220 - loadIPPluginJar : add resmgrutility
2024-11-20 13:46:33,667 [INFO] IPUIPlugin:80 - create IPUIPlugin
2024-11-20 13:46:33,667 [INFO] PluginManager:220 - loadIPPluginJar : add sai
2024-11-20 13:46:33,709 [INFO] IPUIPlugin:80 - create IPUIPlugin
2024-11-20 13:46:33,709 [INFO] PluginManager:220 - loadIPPluginJar : add spi
2024-11-20 13:46:33,802 [INFO] IPUIPlugin:80 - create IPUIPlugin
2024-11-20 13:46:33,804 [INFO] PluginManager:220 - loadIPPluginJar : add stm32_wpan
2024-11-20 13:46:33,833 [INFO] IPUIPlugin:80 - create IPUIPlugin
2024-11-20 13:46:33,833 [INFO] PluginManager:220 - loadIPPluginJar : add tim
2024-11-20 13:46:33,904 [INFO] IPUIPlugin:80 - create IPUIPlugin
2024-11-20 13:46:33,904 [INFO] PluginManager:220 - loadIPPluginJar : add touchsensing
2024-11-20 13:46:33,930 [INFO] IPUIPlugin:80 - create IPUIPlugin
2024-11-20 13:46:33,930 [INFO] PluginManager:220 - loadIPPluginJar : add tracer_emb
2024-11-20 13:46:33,955 [INFO] IPUIPlugin:80 - create IPUIPlugin
2024-11-20 13:46:33,955 [INFO] PluginManager:220 - loadIPPluginJar : add ts
2024-11-20 13:46:33,980 [INFO] IPUIPlugin:80 - create IPUIPlugin
2024-11-20 13:46:33,980 [INFO] PluginManager:220 - loadIPPluginJar : add tsc
2024-11-20 13:46:34,005 [INFO] IPUIPlugin:80 - create IPUIPlugin
2024-11-20 13:46:34,006 [INFO] PluginManager:220 - loadIPPluginJar : add ucpd
2024-11-20 13:46:34,074 [INFO] ThirdPartyUpdaterWithRetryManager:70 - Updater plugin not ready yet. [2/15]
2024-11-20 13:46:34,075 [INFO] IPUIPlugin:80 - create IPUIPlugin
2024-11-20 13:46:34,075 [INFO] PluginManager:220 - loadIPPluginJar : add usart
2024-11-20 13:46:34,134 [INFO] IPUIPlugin:80 - create IPUIPlugin
2024-11-20 13:46:34,134 [INFO] PluginManager:220 - loadIPPluginJar : add usbx
2024-11-20 13:46:34,260 [INFO] CADModel:165 - CPN selected for project level
2024-11-20 13:46:34,261 [INFO] CADModel:114 - Register for checkConnection events
2024-11-20 13:46:34,261 [FATAL] Updater:334 - Updater called before beeing initialized
2024-11-20 13:46:34,261 [ERROR] CADModel:125 - Updater not yet initialized, retry later 
2024-11-20 13:46:34,423 [INFO] CADModel:165 - CPN selected for project level
2024-11-20 13:46:34,423 [INFO] CADModel:114 - Register for checkConnection events
2024-11-20 13:46:34,423 [FATAL] Updater:334 - Updater called before beeing initialized
2024-11-20 13:46:34,424 [ERROR] CADModel:125 - Updater not yet initialized, retry later 
2024-11-20 13:46:34,428 [FATAL] Updater:334 - Updater called before beeing initialized
2024-11-20 13:46:34,537 [FATAL] Updater:334 - Updater called before beeing initialized
2024-11-20 13:46:34,550 [INFO] DbMcusAds:53 - JSON generation date=Fri Sep 20 20:04:38 ICT 2024 (1726837478367)
2024-11-20 13:46:34,550 [FATAL] Updater:334 - Updater called before beeing initialized
2024-11-20 13:46:34,596 [WARN] DetailPanel:346 - Failed to get advertising image, set to default
2024-11-20 13:46:34,681 [FATAL] Updater:334 - Updater called before beeing initialized
2024-11-20 13:46:34,683 [FATAL] Updater:334 - Updater called before beeing initialized
2024-11-20 13:46:34,683 [FATAL] Updater:334 - Updater called before beeing initialized
2024-11-20 13:46:34,683 [WARN] DetailPanel:346 - Failed to get advertising image, set to default
2024-11-20 13:46:34,684 [FATAL] Updater:334 - Updater called before beeing initialized
2024-11-20 13:46:34,748 [ERROR] Updater:1164 - MainUpdater not yet initialized. External WinMGr cannot be set.
2024-11-20 13:46:34,758 [INFO] Updater:1100 - Updater Version found : 6.12.0
2024-11-20 13:46:34,778 [INFO] ApplicationProperties:184 - Using Application install path: C:\ST\STM32CubeIDE_1.16.0\STM32CubeIDE\plugins\com.st.stm32cube.common.mx_6.12.0.202406281431
2024-11-20 13:46:35,309 [INFO] MainUpdater:2873 - connection check result : 10
2024-11-20 13:46:35,310 [INFO] MainUpdater:290 - Updater Check For Update Now.
2024-11-20 13:46:35,310 [INFO] MicroXplorer:498 - Change Database Version : DB.6.0.120
2024-11-20 13:46:35,327 [INFO] McuFinderGlobals:63 - Set McuFinder mode to 2 (CubeIDE integrated)
2024-11-20 13:46:35,328 [INFO] UserAuth:179 - activating auth plugin
2024-11-20 13:46:35,331 [INFO] UserAuth:417 - Internet connection configuration mode: 1
2024-11-20 13:46:35,362 [INFO] JxBrowserEngine:152 - Initiate JxBrowser Engine with user profile folder
2024-11-20 13:46:35,568 [INFO] CheckServerUpdateThread:120 - End of CheckServer Thread
2024-11-20 13:46:37,319 [WARN] PackLoader:240 - Cannot read IP mode file for STMicroelectronics.FP-SNS-MOTENVWB1.1.4.0
2024-11-20 13:46:37,336 [WARN] PackLoader:240 - Cannot read IP mode file for STMicroelectronics.FP-ATR-ASTRA1.2.0.1
2024-11-20 13:46:37,352 [WARN] PackLoader:240 - Cannot read IP mode file for STMicroelectronics.X-CUBE-SMBUS.2.1.0
2024-11-20 13:46:37,370 [WARN] PackLoader:240 - Cannot read IP mode file for STMicroelectronics.X-CUBE-WB05N.1.1.0
2024-11-20 13:46:37,389 [WARN] PackLoader:240 - Cannot read IP mode file for STMicroelectronics.X-CUBE-TOUCHGFX.4.23.0
2024-11-20 13:46:37,434 [WARN] PackLoader:240 - Cannot read IP mode file for STMicroelectronics.X-CUBE-AZRTOS-F7.1.1.0
2024-11-20 13:46:37,452 [WARN] PackLoader:240 - Cannot read IP mode file for STMicroelectronics.FP-SNS-MOTENV1.4.3.2
2024-11-20 13:46:37,549 [WARN] PackLoader:240 - Cannot read IP mode file for STMicroelectronics.X-CUBE-MEMS1.11.0.0
2024-11-20 13:46:37,762 [WARN] PackLoader:240 - Cannot read IP mode file for STMicroelectronics.FP-SNS-FLIGHT1.5.0.2
2024-11-20 13:46:37,779 [WARN] PackLoader:240 - Cannot read IP mode file for STMicroelectronics.X-CUBE-DISPLAY.3.0.0
2024-11-20 13:46:37,800 [WARN] PackLoader:240 - Cannot read IP mode file for STMicroelectronics.X-CUBE-BLE1.7.0.0
2024-11-20 13:46:37,817 [WARN] PackLoader:240 - Cannot read IP mode file for STMicroelectronics.X-CUBE-NFC10.1.0.0
2024-11-20 13:46:37,834 [WARN] PackLoader:240 - Cannot read IP mode file for emotas.I-CUBE-CANOPEN.1.3.0
2024-11-20 13:46:37,852 [WARN] PackLoader:240 - Cannot read IP mode file for STMicroelectronics.X-CUBE-BLEMGR.3.1.0
2024-11-20 13:46:37,870 [WARN] PackLoader:240 - Cannot read IP mode file for STMicroelectronics.FP-SNS-SMARTAG2.1.2.0
2024-11-20 13:46:37,893 [INFO] LogOutputStream:77 - [STDOUT_REDIRECT] 1 : Invalid condition id : UX_CORESTACK_Condition cause : null
2024-11-20 13:46:37,893 [INFO] LogOutputStream:77 - [STDOUT_REDIRECT] 1 : Invalid condition id : UX_CORESTACK_Condition cause : null
2024-11-20 13:46:37,895 [INFO] LogOutputStream:77 - [STDOUT_REDIRECT] 1 : Invalid condition id : UX_CORESTACK_Condition cause : null
2024-11-20 13:46:37,896 [INFO] LogOutputStream:77 - [STDOUT_REDIRECT] 1 : Invalid condition id : UX_CORESTACK_Condition cause : null
2024-11-20 13:46:37,899 [INFO] LogOutputStream:77 - [STDOUT_REDIRECT] 1 : Invalid condition id : UX_CORESTACK_Condition cause : null
2024-11-20 13:46:37,901 [WARN] PackLoader:240 - Cannot read IP mode file for STMicroelectronics.X-CUBE-AZRTOS-WL.2.0.0
2024-11-20 13:46:37,916 [WARN] PackLoader:240 - Cannot read IP mode file for wolfSSL.I-CUBE-wolfMQTT.1.19.0
2024-11-20 13:46:37,936 [WARN] PackLoader:240 - Cannot read IP mode file for WES.I-CUBE-Cesium.1.3.0
2024-11-20 13:46:37,952 [WARN] PackLoader:240 - Cannot read IP mode file for STMicroelectronics.X-CUBE-BLE2.3.3.0
2024-11-20 13:46:37,973 [WARN] PackLoader:240 - Cannot read IP mode file for STMicroelectronics.X-CUBE-NFC9.1.0.0
2024-11-20 13:46:37,990 [WARN] PackLoader:240 - Cannot read IP mode file for STMicroelectronics.X-CUBE-TCPP.4.1.0
2024-11-20 13:46:38,010 [WARN] PackLoader:240 - Cannot read IP mode file for STMicroelectronics.X-CUBE-ALGOBUILD.1.3.0
2024-11-20 13:46:38,045 [WARN] PackLoader:240 - Cannot read IP mode file for STMicroelectronics.X-CUBE-AZRTOS-G0.1.1.0
2024-11-20 13:46:38,066 [WARN] PackLoader:240 - Cannot read IP mode file for STMicroelectronics.X-CUBE-SAFEA1.1.2.2
2024-11-20 13:46:38,083 [WARN] PackLoader:240 - Cannot read IP mode file for STMicroelectronics.X-CUBE-NFC4.3.0.0
2024-11-20 13:46:38,106 [WARN] PackLoader:240 - Cannot read IP mode file for EmbeddedOffice.I-CUBE-FS-RTOS.1.0.1
2024-11-20 13:46:38,106 [ERROR] ConditionMgr:805 - Attr not supported : Dmpu
2024-11-20 13:46:38,107 [ERROR] ConditionMgr:805 - Attr not supported : Dmpu
2024-11-20 13:46:38,107 [ERROR] ConditionMgr:805 - Attr not supported : Dmpu
2024-11-20 13:46:38,107 [ERROR] ConditionMgr:805 - Attr not supported : Dmpu
2024-11-20 13:46:38,107 [ERROR] ConditionMgr:805 - Attr not supported : Dmpu
2024-11-20 13:46:38,107 [ERROR] ConditionMgr:805 - Attr not supported : Dmpu
2024-11-20 13:46:38,107 [ERROR] ConditionMgr:805 - Attr not supported : Dmpu
2024-11-20 13:46:38,107 [ERROR] ConditionMgr:805 - Attr not supported : Dmpu
2024-11-20 13:46:38,108 [ERROR] ConditionMgr:805 - Attr not supported : Dmpu
2024-11-20 13:46:38,108 [ERROR] ConditionMgr:805 - Attr not supported : Dmpu
2024-11-20 13:46:38,108 [ERROR] ConditionMgr:805 - Attr not supported : Dmpu
2024-11-20 13:46:38,108 [ERROR] ConditionMgr:805 - Attr not supported : Dmpu
2024-11-20 13:46:38,108 [ERROR] ConditionMgr:805 - Attr not supported : Dmpu
2024-11-20 13:46:38,108 [ERROR] ConditionMgr:805 - Attr not supported : Dmpu
2024-11-20 13:46:38,108 [ERROR] ConditionMgr:805 - Attr not supported : Dmpu
2024-11-20 13:46:38,108 [ERROR] ConditionMgr:805 - Attr not supported : Dmpu
2024-11-20 13:46:38,108 [ERROR] ConditionMgr:805 - Attr not supported : Dmpu
2024-11-20 13:46:38,108 [ERROR] ConditionMgr:805 - Attr not supported : Dmpu
2024-11-20 13:46:38,108 [ERROR] ConditionMgr:805 - Attr not supported : Dmpu
2024-11-20 13:46:38,108 [ERROR] ConditionMgr:805 - Attr not supported : Dmpu
2024-11-20 13:46:38,108 [ERROR] ConditionMgr:805 - Attr not supported : Dmpu
2024-11-20 13:46:38,108 [ERROR] ConditionMgr:805 - Attr not supported : Dmpu
2024-11-20 13:46:38,109 [ERROR] ConditionMgr:805 - Attr not supported : Dmpu
2024-11-20 13:46:38,109 [ERROR] ConditionMgr:805 - Attr not supported : Dmpu
2024-11-20 13:46:38,109 [ERROR] ConditionMgr:805 - Attr not supported : Dmpu
2024-11-20 13:46:38,109 [ERROR] ConditionMgr:805 - Attr not supported : Dmpu
2024-11-20 13:46:38,109 [ERROR] ConditionMgr:805 - Attr not supported : Dmpu
2024-11-20 13:46:38,109 [ERROR] ConditionMgr:805 - Attr not supported : Dmpu
2024-11-20 13:46:38,109 [ERROR] ConditionMgr:805 - Attr not supported : Dmpu
2024-11-20 13:46:38,109 [ERROR] ConditionMgr:805 - Attr not supported : Dmpu
2024-11-20 13:46:38,109 [ERROR] ConditionMgr:805 - Attr not supported : Dmpu
2024-11-20 13:46:38,109 [ERROR] ConditionMgr:805 - Attr not supported : Dmpu
2024-11-20 13:46:38,109 [ERROR] ConditionMgr:805 - Attr not supported : Dmpu
2024-11-20 13:46:38,109 [ERROR] ConditionMgr:805 - Attr not supported : Dmpu
2024-11-20 13:46:38,109 [ERROR] ConditionMgr:805 - Attr not supported : Dmpu
2024-11-20 13:46:38,110 [ERROR] ConditionMgr:805 - Attr not supported : Dmpu
2024-11-20 13:46:38,110 [ERROR] ConditionMgr:805 - Attr not supported : Dmpu
2024-11-20 13:46:38,110 [ERROR] ConditionMgr:805 - Attr not supported : Dmpu
2024-11-20 13:46:38,110 [ERROR] ConditionMgr:805 - Attr not supported : Dmpu
2024-11-20 13:46:38,110 [ERROR] ConditionMgr:805 - Attr not supported : Dmpu
2024-11-20 13:46:38,110 [ERROR] ConditionMgr:805 - Attr not supported : Dmpu
2024-11-20 13:46:38,110 [ERROR] ConditionMgr:805 - Attr not supported : Dmpu
2024-11-20 13:46:38,110 [ERROR] ConditionMgr:805 - Attr not supported : Dmpu
2024-11-20 13:46:38,110 [ERROR] ConditionMgr:805 - Attr not supported : Dmpu
2024-11-20 13:46:38,110 [ERROR] ConditionMgr:805 - Attr not supported : Dmpu
2024-11-20 13:46:38,110 [ERROR] ConditionMgr:805 - Attr not supported : Dmpu
2024-11-20 13:46:38,110 [ERROR] ConditionMgr:805 - Attr not supported : Dmpu
2024-11-20 13:46:38,111 [ERROR] ConditionMgr:805 - Attr not supported : Dmpu
2024-11-20 13:46:38,111 [ERROR] ConditionMgr:805 - Attr not supported : Dmpu
2024-11-20 13:46:38,111 [ERROR] ConditionMgr:805 - Attr not supported : Dmpu
2024-11-20 13:46:38,111 [ERROR] ConditionMgr:805 - Attr not supported : Dmpu
2024-11-20 13:46:38,111 [ERROR] ConditionMgr:805 - Attr not supported : Dmpu
2024-11-20 13:46:38,111 [ERROR] ConditionMgr:805 - Attr not supported : Dmpu
2024-11-20 13:46:38,111 [ERROR] ConditionMgr:805 - Attr not supported : Dmpu
2024-11-20 13:46:38,111 [ERROR] ConditionMgr:805 - Attr not supported : Dmpu
2024-11-20 13:46:38,111 [ERROR] ConditionMgr:805 - Attr not supported : Dmpu
2024-11-20 13:46:38,111 [ERROR] ConditionMgr:805 - Attr not supported : Dmpu
2024-11-20 13:46:38,111 [ERROR] ConditionMgr:805 - Attr not supported : Dmpu
2024-11-20 13:46:38,111 [ERROR] ConditionMgr:805 - Attr not supported : Dmpu
2024-11-20 13:46:38,111 [ERROR] ConditionMgr:805 - Attr not supported : Dmpu
2024-11-20 13:46:38,111 [ERROR] ConditionMgr:805 - Attr not supported : Dmpu
2024-11-20 13:46:38,112 [ERROR] ConditionMgr:805 - Attr not supported : Dmpu
2024-11-20 13:46:38,112 [ERROR] ConditionMgr:805 - Attr not supported : Dmpu
2024-11-20 13:46:38,112 [ERROR] ConditionMgr:805 - Attr not supported : Dmpu
2024-11-20 13:46:38,126 [WARN] PackLoader:240 - Cannot read IP mode file for RealThread.X-CUBE-RT-Thread_Nano.4.1.1
2024-11-20 13:46:38,141 [WARN] PackLoader:240 - Cannot read IP mode file for STMicroelectronics.FP-ATR-SIGFOX1.3.2.0
2024-11-20 13:46:38,154 [WARN] ConditionMgr:438 - getConditionDescription Invalid condition id : Cortex-A Device cause : null
2024-11-20 13:46:38,180 [WARN] ConditionMgr:1039 - genDependencies : Invalid condition id : Cortex-A Device cause : null
2024-11-20 13:46:38,180 [WARN] ConditionMgr:1039 - genDependencies : Invalid condition id : Cortex-A Device cause : null
2024-11-20 13:46:38,180 [WARN] ConditionMgr:1039 - genDependencies : Invalid condition id : Cortex-A Device cause : null
2024-11-20 13:46:38,197 [WARN] PackLoader:240 - Cannot read IP mode file for STMicroelectronics.X-CUBE-EEPRMA1.5.1.0
2024-11-20 13:46:38,242 [WARN] PackLoader:240 - Cannot read IP mode file for SEGGER.I-CUBE-embOS.1.3.1
2024-11-20 13:46:38,287 [WARN] PackLoader:240 - Cannot read IP mode file for STMicroelectronics.X-CUBE-ALGOBUILD.1.4.0
2024-11-20 13:46:38,302 [WARN] PackLoader:240 - Cannot read IP mode file for STMicroelectronics.X-CUBE-AI.9.1.0
2024-11-20 13:46:38,318 [WARN] PackLoader:240 - Cannot read IP mode file for STMicroelectronics.X-CUBE-GNSS1.6.0.0
2024-11-20 13:46:38,349 [WARN] PackLoader:240 - Cannot read IP mode file for STMicroelectronics.X-CUBE-AZRTOS-F4.1.1.0
2024-11-20 13:46:38,369 [WARN] PackLoader:240 - Cannot read IP mode file for STMicroelectronics.X-CUBE-ISPU.2.1.0
2024-11-20 13:46:38,384 [WARN] PackLoader:240 - Cannot read IP mode file for STMicroelectronics.X-CUBE-FREERTOS.1.2.0
2024-11-20 13:46:38,401 [WARN] PackLoader:240 - Cannot read IP mode file for wolfSSL.I-CUBE-wolfSSL.5.6.6
2024-11-20 13:46:38,442 [WARN] PackLoader:240 - Cannot read IP mode file for STMicroelectronics.X-CUBE-AZRTOS-L5.2.0.0
2024-11-20 13:46:38,468 [WARN] PackLoader:240 - Cannot read IP mode file for STMicroelectronics.X-CUBE-NFC6.3.1.0
2024-11-20 13:46:38,489 [WARN] PackLoader:240 - Cannot read IP mode file for ITTIA_DB.I-CUBE-ITTIADB.8.8.0
2024-11-20 13:46:38,504 [WARN] PackLoader:240 - Cannot read IP mode file for STMicroelectronics.X-CUBE-DPower.1.2.0
2024-11-20 13:46:38,519 [WARN] PackLoader:240 - Cannot read IP mode file for STMicroelectronics.X-CUBE-AI.9.0.0
2024-11-20 13:46:38,535 [WARN] PackLoader:240 - Cannot read IP mode file for STMicroelectronics.X-CUBE-NFC7.1.0.1
2024-11-20 13:46:38,549 [WARN] PackLoader:240 - Cannot read IP mode file for STMicroelectronics.X-CUBE-AI.8.1.0
2024-11-20 13:46:38,588 [WARN] ConditionMgr:438 - getConditionDescription Invalid condition id : LAN8742 Phy interface Condition cause : null
2024-11-20 13:46:38,589 [WARN] PackLoader:240 - Cannot read IP mode file for STMicroelectronics.X-CUBE-AZRTOS-L4.2.0.0
2024-11-20 13:46:38,591 [WARN] ConditionMgr:1039 - genDependencies : Invalid condition id : LAN8742 Phy interface Condition cause : null
2024-11-20 13:46:38,591 [WARN] ConditionMgr:1039 - genDependencies : Invalid condition id : LAN8742 Phy interface Condition cause : null
2024-11-20 13:46:38,592 [WARN] ConditionMgr:1039 - genDependencies : Invalid condition id : LAN8742 Phy interface Condition cause : null
2024-11-20 13:46:38,612 [WARN] PackLoader:240 - Cannot read IP mode file for STMicroelectronics.X-CUBE-SFXS2LP1.4.0.0
2024-11-20 13:46:38,674 [WARN] PackLoader:240 - Cannot read IP mode file for STMicroelectronics.X-CUBE-AZRTOS-H7.3.3.0
2024-11-20 13:46:38,752 [WARN] PackLoader:240 - Cannot read IP mode file for STMicroelectronics.X-CUBE-IPS.3.0.0
2024-11-20 13:46:38,816 [WARN] ConditionMgr:438 - getConditionDescription Invalid condition id : UX DEVICE CLASS RTOS Condition cause : null
2024-11-20 13:46:38,817 [WARN] ConditionMgr:438 - getConditionDescription Invalid condition id : UX DEVICE CLASS RTOS Condition cause : null
2024-11-20 13:46:38,820 [WARN] PackLoader:240 - Cannot read IP mode file for STMicroelectronics.X-CUBE-AZRTOS-WB.2.0.0
2024-11-20 13:46:38,821 [WARN] ConditionMgr:1039 - genDependencies : Invalid condition id : UX DEVICE CLASS RTOS Condition cause : null
2024-11-20 13:46:38,821 [WARN] ConditionMgr:1039 - genDependencies : Invalid condition id : UX DEVICE CLASS RTOS Condition cause : null
2024-11-20 13:46:38,822 [WARN] ConditionMgr:1039 - genDependencies : Invalid condition id : UX DEVICE CLASS RTOS Condition cause : null
2024-11-20 13:46:38,822 [WARN] ConditionMgr:1039 - genDependencies : Invalid condition id : UX DEVICE CLASS RTOS Condition cause : null
2024-11-20 13:46:38,822 [WARN] ConditionMgr:1039 - genDependencies : Invalid condition id : UX DEVICE CLASS RTOS Condition cause : null
2024-11-20 13:46:38,849 [WARN] PackLoader:240 - Cannot read IP mode file for STMicroelectronics.X-CUBE-GNSS1.7.0.0
2024-11-20 13:46:38,883 [WARN] PackLoader:240 - Cannot read IP mode file for STMicroelectronics.X-CUBE-SUBG2.5.0.0
2024-11-20 13:46:38,914 [WARN] PackLoader:240 - Cannot read IP mode file for Cesanta.I-CUBE-Mongoose.7.13.0
2024-11-20 13:46:38,966 [WARN] PackLoader:240 - Cannot read IP mode file for STMicroelectronics.X-CUBE-AZRTOS-G4.2.0.0
2024-11-20 13:46:39,016 [WARN] PackLoader:240 - Cannot read IP mode file for Infineon.AIROC-Wi-Fi-Bluetooth-STM32.1.5.1
2024-11-20 13:46:39,043 [WARN] PackLoader:240 - Cannot read IP mode file for STMicroelectronics.FP-SNS-MOTENVWB1.1.3.1
2024-11-20 13:46:39,062 [WARN] PackLoader:240 - Cannot read IP mode file for STMicroelectronics.X-CUBE-ISPU.2.0.0
2024-11-20 13:46:39,083 [WARN] PackLoader:240 - Cannot read IP mode file for STMicroelectronics.X-CUBE-ALS.1.0.2
2024-11-20 13:46:39,173 [WARN] PackLoader:240 - Cannot read IP mode file for STMicroelectronics.X-CUBE-MEMS1.10.0.0
2024-11-20 13:46:39,340 [WARN] PackLoader:240 - Cannot read IP mode file for STMicroelectronics.X-CUBE-FREERTOS.1.1.0
2024-11-20 13:46:39,360 [WARN] PackLoader:240 - Cannot read IP mode file for STMicroelectronics.X-CUBE-TOUCHGFX.4.24.1
2024-11-20 13:46:39,376 [WARN] PackLoader:240 - Cannot read IP mode file for wolfSSL.I-CUBE-wolfTPM.3.4.0
2024-11-20 13:46:39,394 [WARN] PackLoader:240 - Cannot read IP mode file for portGmbH.I-Cube-SoM-uGOAL.1.1.0
2024-11-20 13:46:39,409 [WARN] PackLoader:240 - Cannot read IP mode file for STMicroelectronics.X-CUBE-ALS.1.0.1
2024-11-20 13:46:39,443 [WARN] PackLoader:240 - Cannot read IP mode file for STMicroelectronics.X-CUBE-AZRTOS-H7RS.1.0.0
2024-11-20 13:46:39,462 [WARN] PackLoader:240 - Cannot read IP mode file for STMicroelectronics.FP-ATR-ASTRA1.2.0.0
2024-11-20 13:46:39,485 [WARN] PackLoader:240 - Cannot read IP mode file for STMicroelectronics.X-CUBE-TOF1.3.4.2
2024-11-20 13:46:39,519 [WARN] PackLoader:240 - Cannot read IP mode file for STMicroelectronics.X-CUBE-TOF1.3.4.1
2024-11-20 13:46:39,567 [WARN] PackLoader:240 - Cannot read IP mode file for STMicroelectronics.X-CUBE-AZRTOS-H7.3.2.0
2024-11-20 13:46:39,585 [WARN] PackLoader:240 - Cannot read IP mode file for wolfSSL.I-CUBE-wolfSSH.1.4.17
2024-11-20 13:46:39,586 [INFO] ThirdParty:978 - Integrity check success = true
2024-11-20 13:46:39,586 [INFO] IntegrityCheckThread:100 - exiting critical section [integrity check]
2024-11-20 13:46:39,587 [INFO] IntegrityCheckThread:103 - End integrity checks thread
2024-11-20 13:46:43,036 [INFO] WebApp:167 - Instantiating new browser for Auth
2024-11-20 13:46:43,888 [INFO] WebApp:448 - Apply proxy settings
2024-11-20 13:46:43,888 [INFO] WebApp:533 - Chromium requires no authentication
2024-11-20 13:46:43,907 [INFO] WebApp:476 - Direct internet connection detected
2024-11-20 13:46:43,951 [INFO] WebApp:869 - Register for checkConnection events
2024-11-20 13:46:43,951 [INFO] WebApp:448 - Apply proxy settings
2024-11-20 13:46:43,951 [INFO] WebApp:533 - Chromium requires no authentication
2024-11-20 13:46:43,952 [INFO] WebApp:476 - Direct internet connection detected
2024-11-20 13:46:44,184 [INFO] WebApp:220 - Starting web application
2024-11-20 13:46:44,185 [INFO] WebApp:578 - Web application path used C:\ST\STM32CubeIDE_1.16.0\STM32CubeIDE\plugins\com.st.stm32cube.common.mx_6.12.0.202406281431\db\plugins\mcufinder\reactClient1\index.html
2024-11-20 13:46:44,423 [INFO] WebApp:186 - Connection restablished
2024-11-20 14:10:45,841 [ERROR] LogOutputStream:75 - [STDERR_REDIRECT] 
