2024-12-01 15:54:42,215 [INFO] Activator:176 - 


2024-12-01 15:54:42,219 [INFO] Activator:177 - !SESSION log4j initialized
2024-12-01 15:54:52,274 [INFO] LogOutputStream:77 - [STDOUT_REDIRECT] 
2024-12-01 15:55:00,090 [INFO] ApplicationProperties:184 - Using Application install path: C:\ST\STM32CubeIDE_1.16.0\STM32CubeIDE\plugins\com.st.stm32cube.common.mx_6.12.0.202406281431
2024-12-01 15:55:00,105 [INFO] DbMcusXml:78 - Set database path to: C:\ST\STM32CubeIDE_1.16.0\STM32CubeIDE\plugins\com.st.stm32cube.common.mx_6.12.0.202406281431\\db\/mcu/
2024-12-01 15:55:00,105 [INFO] ApiDb:274 - Set plugin database path to: C:\ST\STM32CubeIDE_1.16.0\STM32CubeIDE\plugins\com.st.stm32cube.common.mx_6.12.0.202406281431\\db\/plugins/boardmanager/
2024-12-01 15:55:00,106 [WARN] ApiDb:259 - Overriding images path with different value:  => C:\ST\STM32CubeIDE_1.16.0\STM32CubeIDE\plugins\com.st.stm32cube.common.mx_6.12.0.202406281431\\db\/plugins/mcufinder/images/
2024-12-01 15:55:00,121 [INFO] ApiDb:250 - Set database path to: C:\Users\hung\.stmcufinder\plugins\mcufinder//mcu/
2024-12-01 15:55:00,122 [INFO] DbMcusAds:125 - Set database path to: C:\Users\hung\.stmcufinder\plugins\mcufinder//mcu/
2024-12-01 15:55:00,124 [INFO] CrossReferenceDbSqlite:203 - Set database path to: C:\Users\hung\.stmcufinder\plugins\mcufinder//mcu/cs/
2024-12-01 15:55:00,228 [INFO] RulesReader:64 - Compatibility file has been processed (297 Rules)
2024-12-01 15:55:00,302 [INFO] DbMcusXml:78 - Set database path to: C:\ST\STM32CubeIDE_1.16.0\STM32CubeIDE\plugins\com.st.stm32cube.common.mx_6.12.0.202406281431\\db\/mcu/
2024-12-01 15:55:00,302 [INFO] ApiDb:274 - Set plugin database path to: C:\ST\STM32CubeIDE_1.16.0\STM32CubeIDE\plugins\com.st.stm32cube.common.mx_6.12.0.202406281431\\db\/plugins/boardmanager/
2024-12-01 15:55:00,302 [INFO] ApiDb:261 - Set plugin images path to: C:\ST\STM32CubeIDE_1.16.0\STM32CubeIDE\plugins\com.st.stm32cube.common.mx_6.12.0.202406281431\\db\/plugins/mcufinder/images/
2024-12-01 15:55:00,302 [WARN] DbFile:41 - Overriding database path with different value: C:\Users\hung\.stmcufinder\plugins\mcufinder/ => C:\Users\hung\.stmcufinder\plugins\mcufinder
2024-12-01 15:55:00,302 [INFO] ApiDb:250 - Set database path to: C:\Users\hung\.stmcufinder\plugins\mcufinder//mcu/
2024-12-01 15:55:00,303 [WARN] DbFile:41 - Overriding database path with different value: C:\Users\hung\.stmcufinder\plugins\mcufinder/ => C:\Users\hung\.stmcufinder\plugins\mcufinder
2024-12-01 15:55:00,303 [INFO] DbMcusAds:125 - Set database path to: C:\Users\hung\.stmcufinder\plugins\mcufinder//mcu/
2024-12-01 15:55:00,303 [WARN] DbFile:41 - Overriding database path with different value: C:\Users\hung\.stmcufinder\plugins\mcufinder/ => C:\Users\hung\.stmcufinder\plugins\mcufinder
2024-12-01 15:55:00,303 [WARN] DbFile:41 - Overriding database path with different value: C:\Users\hung\.stmcufinder\plugins\mcufinder/ => C:\Users\hung\.stmcufinder\plugins\mcufinder
2024-12-01 15:55:00,303 [INFO] CrossReferenceDbSqlite:203 - Set database path to: C:\Users\hung\.stmcufinder\plugins\mcufinder//mcu/cs/
2024-12-01 15:55:00,380 [INFO] MainPanel:268 - HeapMemory: 268435456
2024-12-01 15:55:00,490 [INFO] DbMcusXml:78 - Set database path to: C:\ST\STM32CubeIDE_1.16.0\STM32CubeIDE\plugins\com.st.stm32cube.common.mx_6.12.0.202406281431\\db\/mcu/
2024-12-01 15:55:00,490 [INFO] ApiDb:274 - Set plugin database path to: C:\ST\STM32CubeIDE_1.16.0\STM32CubeIDE\plugins\com.st.stm32cube.common.mx_6.12.0.202406281431\\db\/plugins/boardmanager/
2024-12-01 15:55:00,490 [INFO] ApiDb:261 - Set plugin images path to: C:\ST\STM32CubeIDE_1.16.0\STM32CubeIDE\plugins\com.st.stm32cube.common.mx_6.12.0.202406281431\\db\/plugins/mcufinder/images/
2024-12-01 15:55:00,490 [WARN] DbFile:41 - Overriding database path with different value: C:\Users\hung\.stmcufinder\plugins\mcufinder/ => C:\Users\hung\.stmcufinder\plugins\mcufinder
2024-12-01 15:55:00,490 [INFO] ApiDb:250 - Set database path to: C:\Users\hung\.stmcufinder\plugins\mcufinder//mcu/
2024-12-01 15:55:00,490 [WARN] DbFile:41 - Overriding database path with different value: C:\Users\hung\.stmcufinder\plugins\mcufinder/ => C:\Users\hung\.stmcufinder\plugins\mcufinder
2024-12-01 15:55:00,490 [INFO] DbMcusAds:125 - Set database path to: C:\Users\hung\.stmcufinder\plugins\mcufinder//mcu/
2024-12-01 15:55:00,490 [WARN] DbFile:41 - Overriding database path with different value: C:\Users\hung\.stmcufinder\plugins\mcufinder/ => C:\Users\hung\.stmcufinder\plugins\mcufinder
2024-12-01 15:55:00,490 [WARN] DbFile:41 - Overriding database path with different value: C:\Users\hung\.stmcufinder\plugins\mcufinder/ => C:\Users\hung\.stmcufinder\plugins\mcufinder
2024-12-01 15:55:00,491 [INFO] CrossReferenceDbSqlite:203 - Set database path to: C:\Users\hung\.stmcufinder\plugins\mcufinder//mcu/cs/
2024-12-01 15:55:00,505 [INFO] ApplicationProperties:184 - Using Application install path: C:\ST\STM32CubeIDE_1.16.0\STM32CubeIDE\plugins\com.st.stm32cube.common.mx_6.12.0.202406281431
2024-12-01 15:55:00,505 [INFO] PluginManage:196 - Search for loadable plugins [exclusion list=, ]
2024-12-01 15:55:00,508 [INFO] PluginManage:310 - Check plugin analytics
2024-12-01 15:55:06,619 [INFO] AnalyticsPlugin:253 - Accepted Software Licenses: STM32CubeMX.6.9.1,STM32CubeMX.6.10.0,STM32CubeMX.6.12.0
2024-12-01 15:55:06,619 [INFO] AnalyticsPlugin:255 - Accepted CMSIS Pack Licenses: 
2024-12-01 15:55:06,619 [INFO] AnalyticsPlugin:257 - Accepted Firmware Licenses: 
2024-12-01 15:55:06,622 [INFO] PluginManage:359 - Loaded plugin analytics (category:tool,tabindex:-1)
2024-12-01 15:55:06,622 [INFO] PluginManage:310 - Check plugin cadmodel
2024-12-01 15:55:06,638 [INFO] CADModel:105 - Init CAD model plugin
2024-12-01 15:55:06,638 [INFO] PluginManage:359 - Loaded plugin cadmodel (category:power,tabindex:5)
2024-12-01 15:55:06,639 [INFO] PluginManage:310 - Check plugin clock
2024-12-01 15:55:06,664 [INFO] PluginManage:359 - Loaded plugin clock (category:base,tabindex:2)
2024-12-01 15:55:06,664 [INFO] PluginManage:310 - Check plugin ddr
2024-12-01 15:55:06,668 [INFO] PluginManage:359 - Loaded plugin ddr (category:tool,tabindex:6)
2024-12-01 15:55:06,668 [INFO] PluginManage:310 - Check plugin filemanager
2024-12-01 15:55:06,798 [INFO] PluginManage:359 - Loaded plugin filemanager (category:base,tabindex:10)
2024-12-01 15:55:06,798 [INFO] PluginManage:310 - Check plugin ipmanager
2024-12-01 15:55:06,803 [INFO] PluginManage:359 - Loaded plugin ipmanager (category:base,tabindex:5)
2024-12-01 15:55:06,804 [INFO] PluginManage:310 - Check plugin lpbam
2024-12-01 15:55:06,821 [INFO] PluginManage:359 - Loaded plugin lpbam (category:base,tabindex:0)
2024-12-01 15:55:06,821 [INFO] PluginManage:310 - Check plugin memorymap
2024-12-01 15:55:06,843 [INFO] PluginManage:359 - Loaded plugin memorymap (category:base,tabindex:4)
2024-12-01 15:55:06,844 [INFO] PluginManage:310 - Check plugin pinoutandconfiguration
2024-12-01 15:55:06,863 [INFO] PluginManage:359 - Loaded plugin pinoutandconfiguration (category:base,tabindex:1)
2024-12-01 15:55:06,863 [INFO] PluginManage:310 - Check plugin pinoutconfig
2024-12-01 15:55:06,948 [WARN] SupportedApi:132 - Cannot load RTOS API schema: s4s-elt-must-match.1: The content of 'definitions' must match (annotation?, (simpleType | complexType)?, (unique | key | keyref)*)). A problem was found starting at: attribute.
2024-12-01 15:55:07,069 [INFO] PluginManage:359 - Loaded plugin pinoutconfig (category:base,tabindex:0)
2024-12-01 15:55:07,069 [INFO] PluginManage:310 - Check plugin power
2024-12-01 15:55:07,095 [INFO] PluginManage:359 - Loaded plugin power (category:power,tabindex:4)
2024-12-01 15:55:07,095 [INFO] PluginManage:310 - Check plugin projectmanager
2024-12-01 15:55:07,109 [INFO] PluginManage:359 - Loaded plugin projectmanager (category:projectmanager,tabindex:4)
2024-12-01 15:55:07,110 [INFO] PluginManage:310 - Check plugin rif
2024-12-01 15:55:07,125 [INFO] PluginManage:359 - Loaded plugin rif (category:base,tabindex:3)
2024-12-01 15:55:07,125 [INFO] PluginManage:310 - Check plugin thirdparty
2024-12-01 15:55:07,393 [INFO] PluginManage:359 - Loaded plugin thirdparty (category:base,tabindex:-1)
2024-12-01 15:55:07,393 [WARN] IntegrityCheckThread:84 - waiting for thirdparty lock release [integrity check]
2024-12-01 15:55:07,393 [INFO] IntegrityCheckThread:86 - entering critical section [integrity check]
2024-12-01 15:55:07,393 [INFO] PluginManage:310 - Check plugin tools
2024-12-01 15:55:07,393 [INFO] ThirdPartyUpdaterWithRetryManager:70 - Updater plugin not ready yet. [1/15]
2024-12-01 15:55:07,432 [INFO] PluginManage:359 - Loaded plugin tools (category:base,tabindex:7)
2024-12-01 15:55:07,432 [INFO] PluginManage:310 - Check plugin tutovideos
2024-12-01 15:55:07,606 [INFO] PluginManage:359 - Loaded plugin tutovideos (category:base,tabindex:-1)
2024-12-01 15:55:07,607 [INFO] PluginManage:310 - Check plugin updater
2024-12-01 15:55:07,620 [INFO] PluginManage:359 - Loaded plugin updater (category:base,tabindex:12)
2024-12-01 15:55:07,620 [INFO] PluginManage:310 - Check plugin userauth
2024-12-01 15:55:07,627 [INFO] UserAuth:113 - Init User Auth plugin
2024-12-01 15:55:07,627 [INFO] PluginManage:359 - Loaded plugin userauth (category:base,tabindex:14)
2024-12-01 15:55:07,627 [INFO] PluginManage:283 - PluginManage : Loaded plugins [18]
2024-12-01 15:55:07,841 [INFO] PinOutPanel:1561 - setPackage(No Configuration,No Configuration)
2024-12-01 15:55:07,914 [INFO] CADModel:165 - CPN selected for project level
2024-12-01 15:55:07,914 [INFO] CADModel:114 - Register for checkConnection events
2024-12-01 15:55:07,938 [INFO] IPUIPlugin:80 - create IPUIPlugin
2024-12-01 15:55:07,938 [INFO] PluginManager:220 - loadIPPluginJar : add adc
2024-12-01 15:55:07,976 [INFO] IPUIPlugin:80 - create IPUIPlugin
2024-12-01 15:55:07,976 [INFO] PluginManager:220 - loadIPPluginJar : add aes
2024-12-01 15:55:08,019 [INFO] IPUIPlugin:80 - create IPUIPlugin
2024-12-01 15:55:08,019 [INFO] PluginManager:220 - loadIPPluginJar : add can
2024-12-01 15:55:08,055 [INFO] IPUIPlugin:80 - create IPUIPlugin
2024-12-01 15:55:08,055 [INFO] PluginManager:220 - loadIPPluginJar : add comp
2024-12-01 15:55:08,087 [INFO] IPUIPlugin:80 - create IPUIPlugin
2024-12-01 15:55:08,087 [INFO] PluginManager:220 - loadIPPluginJar : add cryp
2024-12-01 15:55:08,099 [INFO] IPUIPlugin:80 - create IPUIPlugin
2024-12-01 15:55:08,100 [INFO] PluginManager:220 - loadIPPluginJar : add ddr_ctrl_phy
2024-12-01 15:55:08,128 [INFO] IPUIPlugin:80 - create IPUIPlugin
2024-12-01 15:55:08,128 [INFO] PluginManager:220 - loadIPPluginJar : add dfsdm
2024-12-01 15:55:08,141 [INFO] IPUIPlugin:80 - create IPUIPlugin
2024-12-01 15:55:08,141 [INFO] PluginManager:220 - loadIPPluginJar : add dma
2024-12-01 15:55:08,186 [INFO] IPUIPlugin:80 - create IPUIPlugin
2024-12-01 15:55:08,186 [INFO] PluginManager:220 - loadIPPluginJar : add dma3
2024-12-01 15:55:08,233 [INFO] IPUIPlugin:80 - create IPUIPlugin
2024-12-01 15:55:08,233 [INFO] PluginManager:220 - loadIPPluginJar : add extmemmanager
2024-12-01 15:55:08,254 [INFO] IPUIPlugin:80 - create IPUIPlugin
2024-12-01 15:55:08,254 [INFO] PluginManager:220 - loadIPPluginJar : add fatfs
2024-12-01 15:55:08,301 [INFO] IPUIPlugin:80 - create IPUIPlugin
2024-12-01 15:55:08,301 [INFO] PluginManager:220 - loadIPPluginJar : add fmc
2024-12-01 15:55:08,315 [INFO] IPUIPlugin:80 - create IPUIPlugin
2024-12-01 15:55:08,315 [INFO] PluginManager:220 - loadIPPluginJar : add freertos
2024-12-01 15:55:08,336 [INFO] IPUIPlugin:80 - create IPUIPlugin
2024-12-01 15:55:08,336 [INFO] PluginManager:220 - loadIPPluginJar : add genericplugin
2024-12-01 15:55:08,421 [INFO] IPUIPlugin:80 - create IPUIPlugin
2024-12-01 15:55:08,421 [INFO] PluginManager:220 - loadIPPluginJar : add gfxmmu
2024-12-01 15:55:08,538 [INFO] IPUIPlugin:80 - create IPUIPlugin
2024-12-01 15:55:08,538 [INFO] PluginManager:220 - loadIPPluginJar : add gic
2024-12-01 15:55:08,565 [INFO] IPUIPlugin:80 - create IPUIPlugin
2024-12-01 15:55:08,566 [INFO] PluginManager:220 - loadIPPluginJar : add gpio
2024-12-01 15:55:08,658 [INFO] IPUIPlugin:80 - create IPUIPlugin
2024-12-01 15:55:08,658 [INFO] PluginManager:220 - loadIPPluginJar : add gtzc
2024-12-01 15:55:08,689 [INFO] IPUIPlugin:80 - create IPUIPlugin
2024-12-01 15:55:08,689 [INFO] PluginManager:220 - loadIPPluginJar : add hash
2024-12-01 15:55:08,743 [INFO] IPUIPlugin:80 - create IPUIPlugin
2024-12-01 15:55:08,743 [INFO] PluginManager:220 - loadIPPluginJar : add i2c
2024-12-01 15:55:08,780 [INFO] IPUIPlugin:80 - create IPUIPlugin
2024-12-01 15:55:08,780 [INFO] PluginManager:220 - loadIPPluginJar : add i2s
2024-12-01 15:55:08,831 [INFO] IPUIPlugin:80 - create IPUIPlugin
2024-12-01 15:55:08,831 [INFO] PluginManager:220 - loadIPPluginJar : add i3c
2024-12-01 15:55:08,948 [INFO] IPUIPlugin:80 - create IPUIPlugin
2024-12-01 15:55:08,948 [INFO] PluginManager:220 - loadIPPluginJar : add ipddr
2024-12-01 15:55:09,068 [INFO] IPUIPlugin:80 - create IPUIPlugin
2024-12-01 15:55:09,068 [INFO] PluginManager:220 - loadIPPluginJar : add linkedlist
2024-12-01 15:55:09,106 [INFO] IPUIPlugin:80 - create IPUIPlugin
2024-12-01 15:55:09,106 [INFO] PluginManager:220 - loadIPPluginJar : add lorawan
2024-12-01 15:55:09,147 [INFO] IPUIPlugin:80 - create IPUIPlugin
2024-12-01 15:55:09,147 [INFO] PluginManager:220 - loadIPPluginJar : add ltdc
2024-12-01 15:55:09,160 [INFO] IPUIPlugin:80 - create IPUIPlugin
2024-12-01 15:55:09,160 [INFO] PluginManager:220 - loadIPPluginJar : add mdma
2024-12-01 15:55:09,174 [INFO] IPUIPlugin:80 - create IPUIPlugin
2024-12-01 15:55:09,174 [INFO] PluginManager:220 - loadIPPluginJar : add nvic
2024-12-01 15:55:09,211 [INFO] IPUIPlugin:80 - create IPUIPlugin
2024-12-01 15:55:09,211 [INFO] PluginManager:220 - loadIPPluginJar : add opamp
2024-12-01 15:55:09,274 [INFO] IPUIPlugin:80 - create IPUIPlugin
2024-12-01 15:55:09,274 [INFO] PluginManager:220 - loadIPPluginJar : add openamp
2024-12-01 15:55:09,317 [INFO] IPUIPlugin:80 - create IPUIPlugin
2024-12-01 15:55:09,317 [INFO] PluginManager:220 - loadIPPluginJar : add pdm2pcm
2024-12-01 15:55:09,330 [INFO] IPUIPlugin:80 - create IPUIPlugin
2024-12-01 15:55:09,332 [INFO] PluginManager:220 - loadIPPluginJar : add plateformsettings
2024-12-01 15:55:09,355 [INFO] IPUIPlugin:80 - create IPUIPlugin
2024-12-01 15:55:09,355 [INFO] PluginManager:220 - loadIPPluginJar : add quadspi
2024-12-01 15:55:09,381 [INFO] IPUIPlugin:80 - create IPUIPlugin
2024-12-01 15:55:09,381 [INFO] PluginManager:220 - loadIPPluginJar : add radio
2024-12-01 15:55:09,394 [INFO] IPUIPlugin:80 - create IPUIPlugin
2024-12-01 15:55:09,394 [INFO] PluginManager:220 - loadIPPluginJar : add resmgrutility
2024-12-01 15:55:09,436 [INFO] IPUIPlugin:80 - create IPUIPlugin
2024-12-01 15:55:09,437 [INFO] PluginManager:220 - loadIPPluginJar : add sai
2024-12-01 15:55:09,472 [INFO] IPUIPlugin:80 - create IPUIPlugin
2024-12-01 15:55:09,472 [INFO] PluginManager:220 - loadIPPluginJar : add spi
2024-12-01 15:55:09,541 [INFO] IPUIPlugin:80 - create IPUIPlugin
2024-12-01 15:55:09,541 [INFO] PluginManager:220 - loadIPPluginJar : add stm32_wpan
2024-12-01 15:55:09,564 [INFO] IPUIPlugin:80 - create IPUIPlugin
2024-12-01 15:55:09,564 [INFO] PluginManager:220 - loadIPPluginJar : add tim
2024-12-01 15:55:09,625 [INFO] IPUIPlugin:80 - create IPUIPlugin
2024-12-01 15:55:09,625 [INFO] PluginManager:220 - loadIPPluginJar : add touchsensing
2024-12-01 15:55:09,648 [INFO] IPUIPlugin:80 - create IPUIPlugin
2024-12-01 15:55:09,648 [INFO] PluginManager:220 - loadIPPluginJar : add tracer_emb
2024-12-01 15:55:09,670 [INFO] IPUIPlugin:80 - create IPUIPlugin
2024-12-01 15:55:09,671 [INFO] PluginManager:220 - loadIPPluginJar : add ts
2024-12-01 15:55:09,694 [INFO] IPUIPlugin:80 - create IPUIPlugin
2024-12-01 15:55:09,694 [INFO] PluginManager:220 - loadIPPluginJar : add tsc
2024-12-01 15:55:09,715 [INFO] IPUIPlugin:80 - create IPUIPlugin
2024-12-01 15:55:09,715 [INFO] PluginManager:220 - loadIPPluginJar : add ucpd
2024-12-01 15:55:09,759 [INFO] IPUIPlugin:80 - create IPUIPlugin
2024-12-01 15:55:09,759 [INFO] PluginManager:220 - loadIPPluginJar : add usart
2024-12-01 15:55:09,799 [INFO] IPUIPlugin:80 - create IPUIPlugin
2024-12-01 15:55:09,799 [INFO] PluginManager:220 - loadIPPluginJar : add usbx
2024-12-01 15:55:09,912 [INFO] CADModel:165 - CPN selected for project level
2024-12-01 15:55:09,912 [INFO] CADModel:114 - Register for checkConnection events
2024-12-01 15:55:09,912 [FATAL] Updater:334 - Updater called before beeing initialized
2024-12-01 15:55:09,912 [ERROR] CADModel:125 - Updater not yet initialized, retry later 
2024-12-01 15:55:10,022 [INFO] CADModel:165 - CPN selected for project level
2024-12-01 15:55:10,022 [INFO] CADModel:114 - Register for checkConnection events
2024-12-01 15:55:10,022 [FATAL] Updater:334 - Updater called before beeing initialized
2024-12-01 15:55:10,022 [ERROR] CADModel:125 - Updater not yet initialized, retry later 
2024-12-01 15:55:10,025 [FATAL] Updater:334 - Updater called before beeing initialized
2024-12-01 15:55:10,141 [FATAL] Updater:334 - Updater called before beeing initialized
2024-12-01 15:55:10,151 [INFO] DbMcusAds:53 - JSON generation date=Fri Sep 20 20:04:38 ICT 2024 (1726837478367)
2024-12-01 15:55:10,151 [FATAL] Updater:334 - Updater called before beeing initialized
2024-12-01 15:55:10,188 [WARN] DetailPanel:346 - Failed to get advertising image, set to default
2024-12-01 15:55:10,258 [FATAL] Updater:334 - Updater called before beeing initialized
2024-12-01 15:55:10,260 [FATAL] Updater:334 - Updater called before beeing initialized
2024-12-01 15:55:10,260 [FATAL] Updater:334 - Updater called before beeing initialized
2024-12-01 15:55:10,260 [WARN] DetailPanel:346 - Failed to get advertising image, set to default
2024-12-01 15:55:10,261 [FATAL] Updater:334 - Updater called before beeing initialized
2024-12-01 15:55:10,316 [ERROR] Updater:1164 - MainUpdater not yet initialized. External WinMGr cannot be set.
2024-12-01 15:55:10,326 [INFO] Updater:1100 - Updater Version found : 6.12.0
2024-12-01 15:55:10,340 [INFO] ApplicationProperties:184 - Using Application install path: C:\ST\STM32CubeIDE_1.16.0\STM32CubeIDE\plugins\com.st.stm32cube.common.mx_6.12.0.202406281431
2024-12-01 15:55:10,394 [INFO] ThirdPartyUpdaterWithRetryManager:70 - Updater plugin not ready yet. [2/15]
2024-12-01 15:55:10,626 [INFO] MainUpdater:2873 - connection check result : 10
2024-12-01 15:55:10,627 [INFO] MainUpdater:290 - Updater Check For Update Now.
2024-12-01 15:55:10,627 [INFO] MicroXplorer:498 - Change Database Version : DB.6.0.120
2024-12-01 15:55:10,644 [INFO] McuFinderGlobals:63 - Set McuFinder mode to 2 (CubeIDE integrated)
2024-12-01 15:55:10,644 [INFO] UserAuth:179 - activating auth plugin
2024-12-01 15:55:10,647 [INFO] UserAuth:417 - Internet connection configuration mode: 1
2024-12-01 15:55:10,673 [INFO] JxBrowserEngine:152 - Initiate JxBrowser Engine with user profile folder
2024-12-01 15:55:10,866 [INFO] CheckServerUpdateThread:120 - End of CheckServer Thread
2024-12-01 15:55:13,611 [WARN] PackLoader:240 - Cannot read IP mode file for STMicroelectronics.FP-SNS-MOTENVWB1.1.4.0
2024-12-01 15:55:13,626 [WARN] PackLoader:240 - Cannot read IP mode file for STMicroelectronics.FP-ATR-ASTRA1.2.0.1
2024-12-01 15:55:13,640 [WARN] PackLoader:240 - Cannot read IP mode file for STMicroelectronics.X-CUBE-SMBUS.2.1.0
2024-12-01 15:55:13,656 [WARN] PackLoader:240 - Cannot read IP mode file for STMicroelectronics.X-CUBE-WB05N.1.1.0
2024-12-01 15:55:13,672 [WARN] PackLoader:240 - Cannot read IP mode file for STMicroelectronics.X-CUBE-TOUCHGFX.4.23.0
2024-12-01 15:55:13,709 [WARN] PackLoader:240 - Cannot read IP mode file for STMicroelectronics.X-CUBE-AZRTOS-F7.1.1.0
2024-12-01 15:55:13,726 [WARN] PackLoader:240 - Cannot read IP mode file for STMicroelectronics.FP-SNS-MOTENV1.4.3.2
2024-12-01 15:55:13,820 [WARN] PackLoader:240 - Cannot read IP mode file for STMicroelectronics.X-CUBE-MEMS1.11.0.0
2024-12-01 15:55:13,971 [WARN] PackLoader:240 - Cannot read IP mode file for STMicroelectronics.FP-SNS-FLIGHT1.5.0.2
2024-12-01 15:55:13,988 [WARN] PackLoader:240 - Cannot read IP mode file for STMicroelectronics.X-CUBE-DISPLAY.3.0.0
2024-12-01 15:55:14,010 [WARN] PackLoader:240 - Cannot read IP mode file for STMicroelectronics.X-CUBE-BLE1.7.0.0
2024-12-01 15:55:14,028 [WARN] PackLoader:240 - Cannot read IP mode file for STMicroelectronics.X-CUBE-NFC10.1.0.0
2024-12-01 15:55:14,049 [WARN] PackLoader:240 - Cannot read IP mode file for emotas.I-CUBE-CANOPEN.1.3.0
2024-12-01 15:55:14,072 [WARN] PackLoader:240 - Cannot read IP mode file for STMicroelectronics.X-CUBE-BLEMGR.3.1.0
2024-12-01 15:55:14,099 [WARN] PackLoader:240 - Cannot read IP mode file for STMicroelectronics.FP-SNS-SMARTAG2.1.2.0
2024-12-01 15:55:14,126 [INFO] LogOutputStream:77 - [STDOUT_REDIRECT] 1 : Invalid condition id : UX_CORESTACK_Condition cause : null
2024-12-01 15:55:14,126 [INFO] LogOutputStream:77 - [STDOUT_REDIRECT] 1 : Invalid condition id : UX_CORESTACK_Condition cause : null
2024-12-01 15:55:14,127 [INFO] LogOutputStream:77 - [STDOUT_REDIRECT] 1 : Invalid condition id : UX_CORESTACK_Condition cause : null
2024-12-01 15:55:14,128 [INFO] LogOutputStream:77 - [STDOUT_REDIRECT] 1 : Invalid condition id : UX_CORESTACK_Condition cause : null
2024-12-01 15:55:14,129 [INFO] LogOutputStream:77 - [STDOUT_REDIRECT] 1 : Invalid condition id : UX_CORESTACK_Condition cause : null
2024-12-01 15:55:14,132 [WARN] PackLoader:240 - Cannot read IP mode file for STMicroelectronics.X-CUBE-AZRTOS-WL.2.0.0
2024-12-01 15:55:14,146 [WARN] PackLoader:240 - Cannot read IP mode file for wolfSSL.I-CUBE-wolfMQTT.1.19.0
2024-12-01 15:55:14,164 [WARN] PackLoader:240 - Cannot read IP mode file for WES.I-CUBE-Cesium.1.3.0
2024-12-01 15:55:14,181 [WARN] PackLoader:240 - Cannot read IP mode file for STMicroelectronics.X-CUBE-BLE2.3.3.0
2024-12-01 15:55:14,201 [WARN] PackLoader:240 - Cannot read IP mode file for STMicroelectronics.X-CUBE-NFC9.1.0.0
2024-12-01 15:55:14,217 [WARN] PackLoader:240 - Cannot read IP mode file for STMicroelectronics.X-CUBE-TCPP.4.1.0
2024-12-01 15:55:14,234 [WARN] PackLoader:240 - Cannot read IP mode file for STMicroelectronics.X-CUBE-ALGOBUILD.1.3.0
2024-12-01 15:55:14,259 [WARN] PackLoader:240 - Cannot read IP mode file for STMicroelectronics.X-CUBE-AZRTOS-G0.1.1.0
2024-12-01 15:55:14,276 [WARN] PackLoader:240 - Cannot read IP mode file for STMicroelectronics.X-CUBE-SAFEA1.1.2.2
2024-12-01 15:55:14,289 [WARN] PackLoader:240 - Cannot read IP mode file for STMicroelectronics.X-CUBE-NFC4.3.0.0
2024-12-01 15:55:14,307 [WARN] PackLoader:240 - Cannot read IP mode file for EmbeddedOffice.I-CUBE-FS-RTOS.1.0.1
2024-12-01 15:55:14,307 [ERROR] ConditionMgr:805 - Attr not supported : Dmpu
2024-12-01 15:55:14,307 [ERROR] ConditionMgr:805 - Attr not supported : Dmpu
2024-12-01 15:55:14,307 [ERROR] ConditionMgr:805 - Attr not supported : Dmpu
2024-12-01 15:55:14,307 [ERROR] ConditionMgr:805 - Attr not supported : Dmpu
2024-12-01 15:55:14,307 [ERROR] ConditionMgr:805 - Attr not supported : Dmpu
2024-12-01 15:55:14,307 [ERROR] ConditionMgr:805 - Attr not supported : Dmpu
2024-12-01 15:55:14,307 [ERROR] ConditionMgr:805 - Attr not supported : Dmpu
2024-12-01 15:55:14,307 [ERROR] ConditionMgr:805 - Attr not supported : Dmpu
2024-12-01 15:55:14,307 [ERROR] ConditionMgr:805 - Attr not supported : Dmpu
2024-12-01 15:55:14,307 [ERROR] ConditionMgr:805 - Attr not supported : Dmpu
2024-12-01 15:55:14,307 [ERROR] ConditionMgr:805 - Attr not supported : Dmpu
2024-12-01 15:55:14,307 [ERROR] ConditionMgr:805 - Attr not supported : Dmpu
2024-12-01 15:55:14,307 [ERROR] ConditionMgr:805 - Attr not supported : Dmpu
2024-12-01 15:55:14,307 [ERROR] ConditionMgr:805 - Attr not supported : Dmpu
2024-12-01 15:55:14,307 [ERROR] ConditionMgr:805 - Attr not supported : Dmpu
2024-12-01 15:55:14,307 [ERROR] ConditionMgr:805 - Attr not supported : Dmpu
2024-12-01 15:55:14,307 [ERROR] ConditionMgr:805 - Attr not supported : Dmpu
2024-12-01 15:55:14,307 [ERROR] ConditionMgr:805 - Attr not supported : Dmpu
2024-12-01 15:55:14,307 [ERROR] ConditionMgr:805 - Attr not supported : Dmpu
2024-12-01 15:55:14,309 [ERROR] ConditionMgr:805 - Attr not supported : Dmpu
2024-12-01 15:55:14,309 [ERROR] ConditionMgr:805 - Attr not supported : Dmpu
2024-12-01 15:55:14,309 [ERROR] ConditionMgr:805 - Attr not supported : Dmpu
2024-12-01 15:55:14,309 [ERROR] ConditionMgr:805 - Attr not supported : Dmpu
2024-12-01 15:55:14,309 [ERROR] ConditionMgr:805 - Attr not supported : Dmpu
2024-12-01 15:55:14,309 [ERROR] ConditionMgr:805 - Attr not supported : Dmpu
2024-12-01 15:55:14,309 [ERROR] ConditionMgr:805 - Attr not supported : Dmpu
2024-12-01 15:55:14,309 [ERROR] ConditionMgr:805 - Attr not supported : Dmpu
2024-12-01 15:55:14,309 [ERROR] ConditionMgr:805 - Attr not supported : Dmpu
2024-12-01 15:55:14,309 [ERROR] ConditionMgr:805 - Attr not supported : Dmpu
2024-12-01 15:55:14,309 [ERROR] ConditionMgr:805 - Attr not supported : Dmpu
2024-12-01 15:55:14,309 [ERROR] ConditionMgr:805 - Attr not supported : Dmpu
2024-12-01 15:55:14,309 [ERROR] ConditionMgr:805 - Attr not supported : Dmpu
2024-12-01 15:55:14,309 [ERROR] ConditionMgr:805 - Attr not supported : Dmpu
2024-12-01 15:55:14,309 [ERROR] ConditionMgr:805 - Attr not supported : Dmpu
2024-12-01 15:55:14,309 [ERROR] ConditionMgr:805 - Attr not supported : Dmpu
2024-12-01 15:55:14,310 [ERROR] ConditionMgr:805 - Attr not supported : Dmpu
2024-12-01 15:55:14,310 [ERROR] ConditionMgr:805 - Attr not supported : Dmpu
2024-12-01 15:55:14,310 [ERROR] ConditionMgr:805 - Attr not supported : Dmpu
2024-12-01 15:55:14,310 [ERROR] ConditionMgr:805 - Attr not supported : Dmpu
2024-12-01 15:55:14,310 [ERROR] ConditionMgr:805 - Attr not supported : Dmpu
2024-12-01 15:55:14,310 [ERROR] ConditionMgr:805 - Attr not supported : Dmpu
2024-12-01 15:55:14,310 [ERROR] ConditionMgr:805 - Attr not supported : Dmpu
2024-12-01 15:55:14,310 [ERROR] ConditionMgr:805 - Attr not supported : Dmpu
2024-12-01 15:55:14,310 [ERROR] ConditionMgr:805 - Attr not supported : Dmpu
2024-12-01 15:55:14,310 [ERROR] ConditionMgr:805 - Attr not supported : Dmpu
2024-12-01 15:55:14,310 [ERROR] ConditionMgr:805 - Attr not supported : Dmpu
2024-12-01 15:55:14,310 [ERROR] ConditionMgr:805 - Attr not supported : Dmpu
2024-12-01 15:55:14,310 [ERROR] ConditionMgr:805 - Attr not supported : Dmpu
2024-12-01 15:55:14,310 [ERROR] ConditionMgr:805 - Attr not supported : Dmpu
2024-12-01 15:55:14,311 [ERROR] ConditionMgr:805 - Attr not supported : Dmpu
2024-12-01 15:55:14,311 [ERROR] ConditionMgr:805 - Attr not supported : Dmpu
2024-12-01 15:55:14,311 [ERROR] ConditionMgr:805 - Attr not supported : Dmpu
2024-12-01 15:55:14,311 [ERROR] ConditionMgr:805 - Attr not supported : Dmpu
2024-12-01 15:55:14,311 [ERROR] ConditionMgr:805 - Attr not supported : Dmpu
2024-12-01 15:55:14,311 [ERROR] ConditionMgr:805 - Attr not supported : Dmpu
2024-12-01 15:55:14,311 [ERROR] ConditionMgr:805 - Attr not supported : Dmpu
2024-12-01 15:55:14,311 [ERROR] ConditionMgr:805 - Attr not supported : Dmpu
2024-12-01 15:55:14,311 [ERROR] ConditionMgr:805 - Attr not supported : Dmpu
2024-12-01 15:55:14,311 [ERROR] ConditionMgr:805 - Attr not supported : Dmpu
2024-12-01 15:55:14,311 [ERROR] ConditionMgr:805 - Attr not supported : Dmpu
2024-12-01 15:55:14,311 [ERROR] ConditionMgr:805 - Attr not supported : Dmpu
2024-12-01 15:55:14,311 [ERROR] ConditionMgr:805 - Attr not supported : Dmpu
2024-12-01 15:55:14,311 [ERROR] ConditionMgr:805 - Attr not supported : Dmpu
2024-12-01 15:55:14,311 [ERROR] ConditionMgr:805 - Attr not supported : Dmpu
2024-12-01 15:55:14,323 [WARN] PackLoader:240 - Cannot read IP mode file for RealThread.X-CUBE-RT-Thread_Nano.4.1.1
2024-12-01 15:55:14,335 [WARN] PackLoader:240 - Cannot read IP mode file for STMicroelectronics.FP-ATR-SIGFOX1.3.2.0
2024-12-01 15:55:14,347 [WARN] ConditionMgr:438 - getConditionDescription Invalid condition id : Cortex-A Device cause : null
2024-12-01 15:55:14,370 [WARN] ConditionMgr:1039 - genDependencies : Invalid condition id : Cortex-A Device cause : null
2024-12-01 15:55:14,370 [WARN] ConditionMgr:1039 - genDependencies : Invalid condition id : Cortex-A Device cause : null
2024-12-01 15:55:14,370 [WARN] ConditionMgr:1039 - genDependencies : Invalid condition id : Cortex-A Device cause : null
2024-12-01 15:55:14,386 [WARN] PackLoader:240 - Cannot read IP mode file for STMicroelectronics.X-CUBE-EEPRMA1.5.1.0
2024-12-01 15:55:14,422 [WARN] PackLoader:240 - Cannot read IP mode file for SEGGER.I-CUBE-embOS.1.3.1
2024-12-01 15:55:14,467 [WARN] PackLoader:240 - Cannot read IP mode file for STMicroelectronics.X-CUBE-ALGOBUILD.1.4.0
2024-12-01 15:55:14,482 [WARN] PackLoader:240 - Cannot read IP mode file for STMicroelectronics.X-CUBE-AI.9.1.0
2024-12-01 15:55:14,499 [WARN] PackLoader:240 - Cannot read IP mode file for STMicroelectronics.X-CUBE-GNSS1.6.0.0
2024-12-01 15:55:14,530 [WARN] PackLoader:240 - Cannot read IP mode file for STMicroelectronics.X-CUBE-AZRTOS-F4.1.1.0
2024-12-01 15:55:14,550 [WARN] PackLoader:240 - Cannot read IP mode file for STMicroelectronics.X-CUBE-ISPU.2.1.0
2024-12-01 15:55:14,565 [WARN] PackLoader:240 - Cannot read IP mode file for STMicroelectronics.X-CUBE-FREERTOS.1.2.0
2024-12-01 15:55:14,577 [WARN] PackLoader:240 - Cannot read IP mode file for wolfSSL.I-CUBE-wolfSSL.5.6.6
2024-12-01 15:55:14,604 [WARN] PackLoader:240 - Cannot read IP mode file for STMicroelectronics.X-CUBE-AZRTOS-L5.2.0.0
2024-12-01 15:55:14,621 [WARN] PackLoader:240 - Cannot read IP mode file for STMicroelectronics.X-CUBE-NFC6.3.1.0
2024-12-01 15:55:14,637 [WARN] PackLoader:240 - Cannot read IP mode file for ITTIA_DB.I-CUBE-ITTIADB.8.8.0
2024-12-01 15:55:14,660 [WARN] PackLoader:240 - Cannot read IP mode file for STMicroelectronics.X-CUBE-DPower.1.2.0
2024-12-01 15:55:14,680 [WARN] PackLoader:240 - Cannot read IP mode file for STMicroelectronics.X-CUBE-AI.9.0.0
2024-12-01 15:55:14,698 [WARN] PackLoader:240 - Cannot read IP mode file for STMicroelectronics.X-CUBE-NFC7.1.0.1
2024-12-01 15:55:14,727 [WARN] PackLoader:240 - Cannot read IP mode file for STMicroelectronics.X-CUBE-AI.8.1.0
2024-12-01 15:55:14,757 [WARN] ConditionMgr:438 - getConditionDescription Invalid condition id : LAN8742 Phy interface Condition cause : null
2024-12-01 15:55:14,758 [WARN] PackLoader:240 - Cannot read IP mode file for STMicroelectronics.X-CUBE-AZRTOS-L4.2.0.0
2024-12-01 15:55:14,758 [WARN] ConditionMgr:1039 - genDependencies : Invalid condition id : LAN8742 Phy interface Condition cause : null
2024-12-01 15:55:14,759 [WARN] ConditionMgr:1039 - genDependencies : Invalid condition id : LAN8742 Phy interface Condition cause : null
2024-12-01 15:55:14,759 [WARN] ConditionMgr:1039 - genDependencies : Invalid condition id : LAN8742 Phy interface Condition cause : null
2024-12-01 15:55:14,775 [WARN] PackLoader:240 - Cannot read IP mode file for STMicroelectronics.X-CUBE-SFXS2LP1.4.0.0
2024-12-01 15:55:14,809 [WARN] PackLoader:240 - Cannot read IP mode file for STMicroelectronics.X-CUBE-AZRTOS-H7.3.3.0
2024-12-01 15:55:14,830 [WARN] PackLoader:240 - Cannot read IP mode file for STMicroelectronics.X-CUBE-IPS.3.0.0
2024-12-01 15:55:14,859 [WARN] ConditionMgr:438 - getConditionDescription Invalid condition id : UX DEVICE CLASS RTOS Condition cause : null
2024-12-01 15:55:14,859 [WARN] ConditionMgr:438 - getConditionDescription Invalid condition id : UX DEVICE CLASS RTOS Condition cause : null
2024-12-01 15:55:14,862 [WARN] PackLoader:240 - Cannot read IP mode file for STMicroelectronics.X-CUBE-AZRTOS-WB.2.0.0
2024-12-01 15:55:14,863 [WARN] ConditionMgr:1039 - genDependencies : Invalid condition id : UX DEVICE CLASS RTOS Condition cause : null
2024-12-01 15:55:14,863 [WARN] ConditionMgr:1039 - genDependencies : Invalid condition id : UX DEVICE CLASS RTOS Condition cause : null
2024-12-01 15:55:14,863 [WARN] ConditionMgr:1039 - genDependencies : Invalid condition id : UX DEVICE CLASS RTOS Condition cause : null
2024-12-01 15:55:14,863 [WARN] ConditionMgr:1039 - genDependencies : Invalid condition id : UX DEVICE CLASS RTOS Condition cause : null
2024-12-01 15:55:14,864 [WARN] ConditionMgr:1039 - genDependencies : Invalid condition id : UX DEVICE CLASS RTOS Condition cause : null
2024-12-01 15:55:14,883 [WARN] PackLoader:240 - Cannot read IP mode file for STMicroelectronics.X-CUBE-GNSS1.7.0.0
2024-12-01 15:55:14,900 [WARN] PackLoader:240 - Cannot read IP mode file for STMicroelectronics.X-CUBE-SUBG2.5.0.0
2024-12-01 15:55:14,917 [WARN] PackLoader:240 - Cannot read IP mode file for Cesanta.I-CUBE-Mongoose.7.13.0
2024-12-01 15:55:14,944 [WARN] PackLoader:240 - Cannot read IP mode file for STMicroelectronics.X-CUBE-AZRTOS-G4.2.0.0
2024-12-01 15:55:14,970 [WARN] PackLoader:240 - Cannot read IP mode file for Infineon.AIROC-Wi-Fi-Bluetooth-STM32.1.5.1
2024-12-01 15:55:14,983 [WARN] PackLoader:240 - Cannot read IP mode file for STMicroelectronics.FP-SNS-MOTENVWB1.1.3.1
2024-12-01 15:55:14,998 [WARN] PackLoader:240 - Cannot read IP mode file for STMicroelectronics.X-CUBE-ISPU.2.0.0
2024-12-01 15:55:15,011 [WARN] PackLoader:240 - Cannot read IP mode file for STMicroelectronics.X-CUBE-ALS.1.0.2
2024-12-01 15:55:15,061 [WARN] PackLoader:240 - Cannot read IP mode file for STMicroelectronics.X-CUBE-MEMS1.10.0.0
2024-12-01 15:55:15,172 [WARN] PackLoader:240 - Cannot read IP mode file for STMicroelectronics.X-CUBE-FREERTOS.1.1.0
2024-12-01 15:55:15,186 [WARN] PackLoader:240 - Cannot read IP mode file for STMicroelectronics.X-CUBE-TOUCHGFX.4.24.1
2024-12-01 15:55:15,199 [WARN] PackLoader:240 - Cannot read IP mode file for wolfSSL.I-CUBE-wolfTPM.3.4.0
2024-12-01 15:55:15,214 [WARN] PackLoader:240 - Cannot read IP mode file for portGmbH.I-Cube-SoM-uGOAL.1.1.0
2024-12-01 15:55:15,227 [WARN] PackLoader:240 - Cannot read IP mode file for STMicroelectronics.X-CUBE-ALS.1.0.1
2024-12-01 15:55:15,256 [WARN] PackLoader:240 - Cannot read IP mode file for STMicroelectronics.X-CUBE-AZRTOS-H7RS.1.0.0
2024-12-01 15:55:15,271 [WARN] PackLoader:240 - Cannot read IP mode file for STMicroelectronics.FP-ATR-ASTRA1.2.0.0
2024-12-01 15:55:15,291 [WARN] PackLoader:240 - Cannot read IP mode file for STMicroelectronics.X-CUBE-TOF1.3.4.2
2024-12-01 15:55:15,314 [WARN] PackLoader:240 - Cannot read IP mode file for STMicroelectronics.X-CUBE-TOF1.3.4.1
2024-12-01 15:55:15,376 [WARN] PackLoader:240 - Cannot read IP mode file for STMicroelectronics.X-CUBE-AZRTOS-H7.3.2.0
2024-12-01 15:55:15,403 [WARN] PackLoader:240 - Cannot read IP mode file for wolfSSL.I-CUBE-wolfSSH.1.4.17
2024-12-01 15:55:15,404 [INFO] ThirdParty:978 - Integrity check success = true
2024-12-01 15:55:15,405 [INFO] IntegrityCheckThread:100 - exiting critical section [integrity check]
2024-12-01 15:55:15,405 [INFO] IntegrityCheckThread:103 - End integrity checks thread
2024-12-01 15:55:17,905 [INFO] WebApp:167 - Instantiating new browser for Auth
2024-12-01 15:55:19,276 [INFO] WebApp:448 - Apply proxy settings
2024-12-01 15:55:19,277 [INFO] WebApp:533 - Chromium requires no authentication
2024-12-01 15:55:19,294 [INFO] WebApp:476 - Direct internet connection detected
2024-12-01 15:55:19,350 [INFO] WebApp:869 - Register for checkConnection events
2024-12-01 15:55:19,351 [INFO] WebApp:448 - Apply proxy settings
2024-12-01 15:55:19,351 [INFO] WebApp:533 - Chromium requires no authentication
2024-12-01 15:55:19,352 [INFO] WebApp:476 - Direct internet connection detected
2024-12-01 15:55:19,654 [INFO] WebApp:186 - Connection restablished
2024-12-01 15:55:19,732 [INFO] WebApp:220 - Starting web application
2024-12-01 15:55:19,732 [INFO] WebApp:578 - Web application path used C:\ST\STM32CubeIDE_1.16.0\STM32CubeIDE\plugins\com.st.stm32cube.common.mx_6.12.0.202406281431\db\plugins\mcufinder\reactClient1\index.html
2024-12-01 16:58:32,375 [INFO] WebApp:189 - Connection lost
2024-12-01 16:58:32,991 [INFO] WebApp:186 - Connection restablished
2024-12-01 17:11:15,798 [INFO] WebApp:189 - Connection lost
2024-12-01 17:11:15,928 [INFO] WebApp:186 - Connection restablished
2024-12-01 17:15:21,432 [ERROR] LogOutputStream:75 - [STDERR_REDIRECT] 
2024-12-01 20:34:04,438 [INFO] Activator:176 - 


2024-12-01 20:34:04,442 [INFO] Activator:177 - !SESSION log4j initialized
2024-12-01 20:34:14,309 [INFO] LogOutputStream:77 - [STDOUT_REDIRECT] 
2024-12-01 20:34:23,995 [INFO] ApplicationProperties:184 - Using Application install path: C:\ST\STM32CubeIDE_1.16.0\STM32CubeIDE\plugins\com.st.stm32cube.common.mx_6.12.0.202406281431
2024-12-01 20:34:24,016 [INFO] DbMcusXml:78 - Set database path to: C:\ST\STM32CubeIDE_1.16.0\STM32CubeIDE\plugins\com.st.stm32cube.common.mx_6.12.0.202406281431\\db\/mcu/
2024-12-01 20:34:24,016 [INFO] ApiDb:274 - Set plugin database path to: C:\ST\STM32CubeIDE_1.16.0\STM32CubeIDE\plugins\com.st.stm32cube.common.mx_6.12.0.202406281431\\db\/plugins/boardmanager/
2024-12-01 20:34:24,016 [WARN] ApiDb:259 - Overriding images path with different value:  => C:\ST\STM32CubeIDE_1.16.0\STM32CubeIDE\plugins\com.st.stm32cube.common.mx_6.12.0.202406281431\\db\/plugins/mcufinder/images/
2024-12-01 20:34:24,035 [INFO] ApiDb:250 - Set database path to: C:\Users\hung\.stmcufinder\plugins\mcufinder//mcu/
2024-12-01 20:34:24,036 [INFO] DbMcusAds:125 - Set database path to: C:\Users\hung\.stmcufinder\plugins\mcufinder//mcu/
2024-12-01 20:34:24,038 [INFO] CrossReferenceDbSqlite:203 - Set database path to: C:\Users\hung\.stmcufinder\plugins\mcufinder//mcu/cs/
2024-12-01 20:34:24,160 [INFO] RulesReader:64 - Compatibility file has been processed (297 Rules)
2024-12-01 20:34:24,260 [INFO] DbMcusXml:78 - Set database path to: C:\ST\STM32CubeIDE_1.16.0\STM32CubeIDE\plugins\com.st.stm32cube.common.mx_6.12.0.202406281431\\db\/mcu/
2024-12-01 20:34:24,260 [INFO] ApiDb:274 - Set plugin database path to: C:\ST\STM32CubeIDE_1.16.0\STM32CubeIDE\plugins\com.st.stm32cube.common.mx_6.12.0.202406281431\\db\/plugins/boardmanager/
2024-12-01 20:34:24,260 [INFO] ApiDb:261 - Set plugin images path to: C:\ST\STM32CubeIDE_1.16.0\STM32CubeIDE\plugins\com.st.stm32cube.common.mx_6.12.0.202406281431\\db\/plugins/mcufinder/images/
2024-12-01 20:34:24,261 [WARN] DbFile:41 - Overriding database path with different value: C:\Users\hung\.stmcufinder\plugins\mcufinder/ => C:\Users\hung\.stmcufinder\plugins\mcufinder
2024-12-01 20:34:24,261 [INFO] ApiDb:250 - Set database path to: C:\Users\hung\.stmcufinder\plugins\mcufinder//mcu/
2024-12-01 20:34:24,261 [WARN] DbFile:41 - Overriding database path with different value: C:\Users\hung\.stmcufinder\plugins\mcufinder/ => C:\Users\hung\.stmcufinder\plugins\mcufinder
2024-12-01 20:34:24,261 [INFO] DbMcusAds:125 - Set database path to: C:\Users\hung\.stmcufinder\plugins\mcufinder//mcu/
2024-12-01 20:34:24,261 [WARN] DbFile:41 - Overriding database path with different value: C:\Users\hung\.stmcufinder\plugins\mcufinder/ => C:\Users\hung\.stmcufinder\plugins\mcufinder
2024-12-01 20:34:24,261 [WARN] DbFile:41 - Overriding database path with different value: C:\Users\hung\.stmcufinder\plugins\mcufinder/ => C:\Users\hung\.stmcufinder\plugins\mcufinder
2024-12-01 20:34:24,261 [INFO] CrossReferenceDbSqlite:203 - Set database path to: C:\Users\hung\.stmcufinder\plugins\mcufinder//mcu/cs/
2024-12-01 20:34:24,382 [INFO] MainPanel:268 - HeapMemory: 268435456
2024-12-01 20:34:24,513 [INFO] DbMcusXml:78 - Set database path to: C:\ST\STM32CubeIDE_1.16.0\STM32CubeIDE\plugins\com.st.stm32cube.common.mx_6.12.0.202406281431\\db\/mcu/
2024-12-01 20:34:24,513 [INFO] ApiDb:274 - Set plugin database path to: C:\ST\STM32CubeIDE_1.16.0\STM32CubeIDE\plugins\com.st.stm32cube.common.mx_6.12.0.202406281431\\db\/plugins/boardmanager/
2024-12-01 20:34:24,513 [INFO] ApiDb:261 - Set plugin images path to: C:\ST\STM32CubeIDE_1.16.0\STM32CubeIDE\plugins\com.st.stm32cube.common.mx_6.12.0.202406281431\\db\/plugins/mcufinder/images/
2024-12-01 20:34:24,513 [WARN] DbFile:41 - Overriding database path with different value: C:\Users\hung\.stmcufinder\plugins\mcufinder/ => C:\Users\hung\.stmcufinder\plugins\mcufinder
2024-12-01 20:34:24,514 [INFO] ApiDb:250 - Set database path to: C:\Users\hung\.stmcufinder\plugins\mcufinder//mcu/
2024-12-01 20:34:24,514 [WARN] DbFile:41 - Overriding database path with different value: C:\Users\hung\.stmcufinder\plugins\mcufinder/ => C:\Users\hung\.stmcufinder\plugins\mcufinder
2024-12-01 20:34:24,514 [INFO] DbMcusAds:125 - Set database path to: C:\Users\hung\.stmcufinder\plugins\mcufinder//mcu/
2024-12-01 20:34:24,514 [WARN] DbFile:41 - Overriding database path with different value: C:\Users\hung\.stmcufinder\plugins\mcufinder/ => C:\Users\hung\.stmcufinder\plugins\mcufinder
2024-12-01 20:34:24,514 [WARN] DbFile:41 - Overriding database path with different value: C:\Users\hung\.stmcufinder\plugins\mcufinder/ => C:\Users\hung\.stmcufinder\plugins\mcufinder
2024-12-01 20:34:24,514 [INFO] CrossReferenceDbSqlite:203 - Set database path to: C:\Users\hung\.stmcufinder\plugins\mcufinder//mcu/cs/
2024-12-01 20:34:24,537 [INFO] ApplicationProperties:184 - Using Application install path: C:\ST\STM32CubeIDE_1.16.0\STM32CubeIDE\plugins\com.st.stm32cube.common.mx_6.12.0.202406281431
2024-12-01 20:34:24,538 [INFO] PluginManage:196 - Search for loadable plugins [exclusion list=, ]
2024-12-01 20:34:24,542 [INFO] PluginManage:310 - Check plugin analytics
2024-12-01 20:34:29,736 [INFO] AnalyticsPlugin:253 - Accepted Software Licenses: STM32CubeMX.6.9.1,STM32CubeMX.6.10.0,STM32CubeMX.6.12.0
2024-12-01 20:34:29,736 [INFO] AnalyticsPlugin:255 - Accepted CMSIS Pack Licenses: 
2024-12-01 20:34:29,737 [INFO] AnalyticsPlugin:257 - Accepted Firmware Licenses: 
2024-12-01 20:34:29,741 [INFO] PluginManage:359 - Loaded plugin analytics (category:tool,tabindex:-1)
2024-12-01 20:34:29,742 [INFO] PluginManage:310 - Check plugin cadmodel
2024-12-01 20:34:29,761 [INFO] CADModel:105 - Init CAD model plugin
2024-12-01 20:34:29,761 [INFO] PluginManage:359 - Loaded plugin cadmodel (category:power,tabindex:5)
2024-12-01 20:34:29,761 [INFO] PluginManage:310 - Check plugin clock
2024-12-01 20:34:29,783 [INFO] PluginManage:359 - Loaded plugin clock (category:base,tabindex:2)
2024-12-01 20:34:29,783 [INFO] PluginManage:310 - Check plugin ddr
2024-12-01 20:34:29,785 [INFO] PluginManage:359 - Loaded plugin ddr (category:tool,tabindex:6)
2024-12-01 20:34:29,785 [INFO] PluginManage:310 - Check plugin filemanager
2024-12-01 20:34:29,940 [INFO] PluginManage:359 - Loaded plugin filemanager (category:base,tabindex:10)
2024-12-01 20:34:29,941 [INFO] PluginManage:310 - Check plugin ipmanager
2024-12-01 20:34:29,949 [INFO] PluginManage:359 - Loaded plugin ipmanager (category:base,tabindex:5)
2024-12-01 20:34:29,949 [INFO] PluginManage:310 - Check plugin lpbam
2024-12-01 20:34:29,969 [INFO] PluginManage:359 - Loaded plugin lpbam (category:base,tabindex:0)
2024-12-01 20:34:29,969 [INFO] PluginManage:310 - Check plugin memorymap
2024-12-01 20:34:29,995 [INFO] PluginManage:359 - Loaded plugin memorymap (category:base,tabindex:4)
2024-12-01 20:34:29,995 [INFO] PluginManage:310 - Check plugin pinoutandconfiguration
2024-12-01 20:34:30,016 [INFO] PluginManage:359 - Loaded plugin pinoutandconfiguration (category:base,tabindex:1)
2024-12-01 20:34:30,016 [INFO] PluginManage:310 - Check plugin pinoutconfig
2024-12-01 20:34:30,127 [WARN] SupportedApi:132 - Cannot load RTOS API schema: s4s-elt-must-match.1: The content of 'definitions' must match (annotation?, (simpleType | complexType)?, (unique | key | keyref)*)). A problem was found starting at: attribute.
2024-12-01 20:34:30,299 [INFO] PluginManage:359 - Loaded plugin pinoutconfig (category:base,tabindex:0)
2024-12-01 20:34:30,299 [INFO] PluginManage:310 - Check plugin power
2024-12-01 20:34:30,335 [INFO] PluginManage:359 - Loaded plugin power (category:power,tabindex:4)
2024-12-01 20:34:30,335 [INFO] PluginManage:310 - Check plugin projectmanager
2024-12-01 20:34:30,362 [INFO] PluginManage:359 - Loaded plugin projectmanager (category:projectmanager,tabindex:4)
2024-12-01 20:34:30,363 [INFO] PluginManage:310 - Check plugin rif
2024-12-01 20:34:30,387 [INFO] PluginManage:359 - Loaded plugin rif (category:base,tabindex:3)
2024-12-01 20:34:30,388 [INFO] PluginManage:310 - Check plugin thirdparty
2024-12-01 20:34:30,769 [INFO] PluginManage:359 - Loaded plugin thirdparty (category:base,tabindex:-1)
2024-12-01 20:34:30,769 [WARN] IntegrityCheckThread:84 - waiting for thirdparty lock release [integrity check]
2024-12-01 20:34:30,769 [INFO] PluginManage:310 - Check plugin tools
2024-12-01 20:34:30,769 [INFO] IntegrityCheckThread:86 - entering critical section [integrity check]
2024-12-01 20:34:30,770 [INFO] ThirdPartyUpdaterWithRetryManager:70 - Updater plugin not ready yet. [1/15]
2024-12-01 20:34:30,828 [INFO] PluginManage:359 - Loaded plugin tools (category:base,tabindex:7)
2024-12-01 20:34:30,829 [INFO] PluginManage:310 - Check plugin tutovideos
2024-12-01 20:34:31,083 [INFO] PluginManage:359 - Loaded plugin tutovideos (category:base,tabindex:-1)
2024-12-01 20:34:31,083 [INFO] PluginManage:310 - Check plugin updater
2024-12-01 20:34:31,101 [INFO] PluginManage:359 - Loaded plugin updater (category:base,tabindex:12)
2024-12-01 20:34:31,101 [INFO] PluginManage:310 - Check plugin userauth
2024-12-01 20:34:31,108 [INFO] UserAuth:113 - Init User Auth plugin
2024-12-01 20:34:31,108 [INFO] PluginManage:359 - Loaded plugin userauth (category:base,tabindex:14)
2024-12-01 20:34:31,109 [INFO] PluginManage:283 - PluginManage : Loaded plugins [18]
2024-12-01 20:34:31,348 [INFO] PinOutPanel:1561 - setPackage(No Configuration,No Configuration)
2024-12-01 20:34:31,494 [INFO] CADModel:165 - CPN selected for project level
2024-12-01 20:34:31,495 [INFO] CADModel:114 - Register for checkConnection events
2024-12-01 20:34:31,533 [INFO] IPUIPlugin:80 - create IPUIPlugin
2024-12-01 20:34:31,534 [INFO] PluginManager:220 - loadIPPluginJar : add adc
2024-12-01 20:34:31,613 [INFO] IPUIPlugin:80 - create IPUIPlugin
2024-12-01 20:34:31,614 [INFO] PluginManager:220 - loadIPPluginJar : add aes
2024-12-01 20:34:31,706 [INFO] IPUIPlugin:80 - create IPUIPlugin
2024-12-01 20:34:31,707 [INFO] PluginManager:220 - loadIPPluginJar : add can
2024-12-01 20:34:31,772 [INFO] IPUIPlugin:80 - create IPUIPlugin
2024-12-01 20:34:31,772 [INFO] PluginManager:220 - loadIPPluginJar : add comp
2024-12-01 20:34:31,870 [INFO] IPUIPlugin:80 - create IPUIPlugin
2024-12-01 20:34:31,870 [INFO] PluginManager:220 - loadIPPluginJar : add cryp
2024-12-01 20:34:31,895 [INFO] IPUIPlugin:80 - create IPUIPlugin
2024-12-01 20:34:31,895 [INFO] PluginManager:220 - loadIPPluginJar : add ddr_ctrl_phy
2024-12-01 20:34:31,982 [INFO] IPUIPlugin:80 - create IPUIPlugin
2024-12-01 20:34:31,982 [INFO] PluginManager:220 - loadIPPluginJar : add dfsdm
2024-12-01 20:34:32,004 [INFO] IPUIPlugin:80 - create IPUIPlugin
2024-12-01 20:34:32,004 [INFO] PluginManager:220 - loadIPPluginJar : add dma
2024-12-01 20:34:32,099 [INFO] IPUIPlugin:80 - create IPUIPlugin
2024-12-01 20:34:32,099 [INFO] PluginManager:220 - loadIPPluginJar : add dma3
2024-12-01 20:34:32,171 [INFO] IPUIPlugin:80 - create IPUIPlugin
2024-12-01 20:34:32,171 [INFO] PluginManager:220 - loadIPPluginJar : add extmemmanager
2024-12-01 20:34:32,197 [INFO] IPUIPlugin:80 - create IPUIPlugin
2024-12-01 20:34:32,198 [INFO] PluginManager:220 - loadIPPluginJar : add fatfs
2024-12-01 20:34:32,257 [INFO] IPUIPlugin:80 - create IPUIPlugin
2024-12-01 20:34:32,257 [INFO] PluginManager:220 - loadIPPluginJar : add fmc
2024-12-01 20:34:32,276 [INFO] IPUIPlugin:80 - create IPUIPlugin
2024-12-01 20:34:32,276 [INFO] PluginManager:220 - loadIPPluginJar : add freertos
2024-12-01 20:34:32,309 [INFO] IPUIPlugin:80 - create IPUIPlugin
2024-12-01 20:34:32,309 [INFO] PluginManager:220 - loadIPPluginJar : add genericplugin
2024-12-01 20:34:32,447 [INFO] IPUIPlugin:80 - create IPUIPlugin
2024-12-01 20:34:32,447 [INFO] PluginManager:220 - loadIPPluginJar : add gfxmmu
2024-12-01 20:34:32,670 [INFO] IPUIPlugin:80 - create IPUIPlugin
2024-12-01 20:34:32,670 [INFO] PluginManager:220 - loadIPPluginJar : add gic
2024-12-01 20:34:32,702 [INFO] IPUIPlugin:80 - create IPUIPlugin
2024-12-01 20:34:32,702 [INFO] PluginManager:220 - loadIPPluginJar : add gpio
2024-12-01 20:34:32,887 [INFO] IPUIPlugin:80 - create IPUIPlugin
2024-12-01 20:34:32,887 [INFO] PluginManager:220 - loadIPPluginJar : add gtzc
2024-12-01 20:34:32,955 [INFO] IPUIPlugin:80 - create IPUIPlugin
2024-12-01 20:34:32,955 [INFO] PluginManager:220 - loadIPPluginJar : add hash
2024-12-01 20:34:33,102 [INFO] IPUIPlugin:80 - create IPUIPlugin
2024-12-01 20:34:33,103 [INFO] PluginManager:220 - loadIPPluginJar : add i2c
2024-12-01 20:34:33,186 [INFO] IPUIPlugin:80 - create IPUIPlugin
2024-12-01 20:34:33,187 [INFO] PluginManager:220 - loadIPPluginJar : add i2s
2024-12-01 20:34:33,297 [INFO] IPUIPlugin:80 - create IPUIPlugin
2024-12-01 20:34:33,297 [INFO] PluginManager:220 - loadIPPluginJar : add i3c
2024-12-01 20:34:33,494 [INFO] IPUIPlugin:80 - create IPUIPlugin
2024-12-01 20:34:33,495 [INFO] PluginManager:220 - loadIPPluginJar : add ipddr
2024-12-01 20:34:33,714 [INFO] IPUIPlugin:80 - create IPUIPlugin
2024-12-01 20:34:33,714 [INFO] PluginManager:220 - loadIPPluginJar : add linkedlist
2024-12-01 20:34:33,772 [INFO] ThirdPartyUpdaterWithRetryManager:70 - Updater plugin not ready yet. [2/15]
2024-12-01 20:34:33,848 [INFO] IPUIPlugin:80 - create IPUIPlugin
2024-12-01 20:34:33,848 [INFO] PluginManager:220 - loadIPPluginJar : add lorawan
2024-12-01 20:34:33,919 [INFO] IPUIPlugin:80 - create IPUIPlugin
2024-12-01 20:34:33,919 [INFO] PluginManager:220 - loadIPPluginJar : add ltdc
2024-12-01 20:34:33,947 [INFO] IPUIPlugin:80 - create IPUIPlugin
2024-12-01 20:34:33,947 [INFO] PluginManager:220 - loadIPPluginJar : add mdma
2024-12-01 20:34:33,970 [INFO] IPUIPlugin:80 - create IPUIPlugin
2024-12-01 20:34:33,970 [INFO] PluginManager:220 - loadIPPluginJar : add nvic
2024-12-01 20:34:34,080 [INFO] IPUIPlugin:80 - create IPUIPlugin
2024-12-01 20:34:34,080 [INFO] PluginManager:220 - loadIPPluginJar : add opamp
2024-12-01 20:34:34,278 [INFO] IPUIPlugin:80 - create IPUIPlugin
2024-12-01 20:34:34,278 [INFO] PluginManager:220 - loadIPPluginJar : add openamp
2024-12-01 20:34:34,367 [INFO] IPUIPlugin:80 - create IPUIPlugin
2024-12-01 20:34:34,367 [INFO] PluginManager:220 - loadIPPluginJar : add pdm2pcm
2024-12-01 20:34:34,389 [INFO] IPUIPlugin:80 - create IPUIPlugin
2024-12-01 20:34:34,392 [INFO] PluginManager:220 - loadIPPluginJar : add plateformsettings
2024-12-01 20:34:34,428 [INFO] IPUIPlugin:80 - create IPUIPlugin
2024-12-01 20:34:34,428 [INFO] PluginManager:220 - loadIPPluginJar : add quadspi
2024-12-01 20:34:34,478 [INFO] IPUIPlugin:80 - create IPUIPlugin
2024-12-01 20:34:34,478 [INFO] PluginManager:220 - loadIPPluginJar : add radio
2024-12-01 20:34:34,495 [INFO] IPUIPlugin:80 - create IPUIPlugin
2024-12-01 20:34:34,495 [INFO] PluginManager:220 - loadIPPluginJar : add resmgrutility
2024-12-01 20:34:34,585 [INFO] IPUIPlugin:80 - create IPUIPlugin
2024-12-01 20:34:34,585 [INFO] PluginManager:220 - loadIPPluginJar : add sai
2024-12-01 20:34:34,661 [INFO] IPUIPlugin:80 - create IPUIPlugin
2024-12-01 20:34:34,661 [INFO] PluginManager:220 - loadIPPluginJar : add spi
2024-12-01 20:34:34,789 [INFO] IPUIPlugin:80 - create IPUIPlugin
2024-12-01 20:34:34,789 [INFO] PluginManager:220 - loadIPPluginJar : add stm32_wpan
2024-12-01 20:34:34,838 [INFO] IPUIPlugin:80 - create IPUIPlugin
2024-12-01 20:34:34,838 [INFO] PluginManager:220 - loadIPPluginJar : add tim
2024-12-01 20:34:34,932 [INFO] IPUIPlugin:80 - create IPUIPlugin
2024-12-01 20:34:34,932 [INFO] PluginManager:220 - loadIPPluginJar : add touchsensing
2024-12-01 20:34:34,936 [INFO] IPUIPlugin:80 - create IPUIPlugin
2024-12-01 20:34:34,936 [INFO] PluginManager:220 - loadIPPluginJar : add tracer_emb
2024-12-01 20:34:34,979 [INFO] IPUIPlugin:80 - create IPUIPlugin
2024-12-01 20:34:34,979 [INFO] PluginManager:220 - loadIPPluginJar : add ts
2024-12-01 20:34:35,021 [INFO] IPUIPlugin:80 - create IPUIPlugin
2024-12-01 20:34:35,021 [INFO] PluginManager:220 - loadIPPluginJar : add tsc
2024-12-01 20:34:35,054 [INFO] IPUIPlugin:80 - create IPUIPlugin
2024-12-01 20:34:35,054 [INFO] PluginManager:220 - loadIPPluginJar : add ucpd
2024-12-01 20:34:35,121 [INFO] IPUIPlugin:80 - create IPUIPlugin
2024-12-01 20:34:35,122 [INFO] PluginManager:220 - loadIPPluginJar : add usart
2024-12-01 20:34:35,186 [INFO] IPUIPlugin:80 - create IPUIPlugin
2024-12-01 20:34:35,187 [INFO] PluginManager:220 - loadIPPluginJar : add usbx
2024-12-01 20:34:35,318 [INFO] CADModel:165 - CPN selected for project level
2024-12-01 20:34:35,318 [INFO] CADModel:114 - Register for checkConnection events
2024-12-01 20:34:35,318 [FATAL] Updater:334 - Updater called before beeing initialized
2024-12-01 20:34:35,318 [ERROR] CADModel:125 - Updater not yet initialized, retry later 
2024-12-01 20:34:35,473 [INFO] CADModel:165 - CPN selected for project level
2024-12-01 20:34:35,473 [INFO] CADModel:114 - Register for checkConnection events
2024-12-01 20:34:35,473 [FATAL] Updater:334 - Updater called before beeing initialized
2024-12-01 20:34:35,474 [ERROR] CADModel:125 - Updater not yet initialized, retry later 
2024-12-01 20:34:35,478 [FATAL] Updater:334 - Updater called before beeing initialized
2024-12-01 20:34:35,696 [FATAL] Updater:334 - Updater called before beeing initialized
2024-12-01 20:34:35,729 [INFO] DbMcusAds:53 - JSON generation date=Fri Sep 20 20:04:38 ICT 2024 (1726837478367)
2024-12-01 20:34:35,729 [FATAL] Updater:334 - Updater called before beeing initialized
2024-12-01 20:34:35,789 [WARN] DetailPanel:346 - Failed to get advertising image, set to default
2024-12-01 20:34:35,885 [FATAL] Updater:334 - Updater called before beeing initialized
2024-12-01 20:34:35,887 [FATAL] Updater:334 - Updater called before beeing initialized
2024-12-01 20:34:35,887 [FATAL] Updater:334 - Updater called before beeing initialized
2024-12-01 20:34:35,887 [WARN] DetailPanel:346 - Failed to get advertising image, set to default
2024-12-01 20:34:35,887 [FATAL] Updater:334 - Updater called before beeing initialized
2024-12-01 20:34:35,979 [ERROR] Updater:1164 - MainUpdater not yet initialized. External WinMGr cannot be set.
2024-12-01 20:34:35,994 [INFO] Updater:1100 - Updater Version found : 6.12.0
2024-12-01 20:34:36,030 [INFO] ApplicationProperties:184 - Using Application install path: C:\ST\STM32CubeIDE_1.16.0\STM32CubeIDE\plugins\com.st.stm32cube.common.mx_6.12.0.202406281431
2024-12-01 20:34:36,664 [INFO] MainUpdater:2873 - connection check result : 10
2024-12-01 20:34:36,665 [INFO] MainUpdater:290 - Updater Check For Update Now.
2024-12-01 20:34:36,665 [INFO] MicroXplorer:498 - Change Database Version : DB.6.0.120
2024-12-01 20:34:36,701 [INFO] McuFinderGlobals:63 - Set McuFinder mode to 2 (CubeIDE integrated)
2024-12-01 20:34:36,702 [INFO] UserAuth:179 - activating auth plugin
2024-12-01 20:34:36,707 [INFO] UserAuth:417 - Internet connection configuration mode: 1
2024-12-01 20:34:36,758 [INFO] JxBrowserEngine:152 - Initiate JxBrowser Engine with user profile folder
2024-12-01 20:34:36,775 [WARN] MainUpdater:1194 - Updater busy. Cannot search thirdparties
2024-12-01 20:34:36,775 [INFO] ThirdPartyUpdaterWithRetryManager:96 - Updater plugin is busy. [1/15]
2024-12-01 20:34:37,041 [INFO] CheckServerUpdateThread:120 - End of CheckServer Thread
2024-12-01 20:34:40,102 [WARN] PackLoader:240 - Cannot read IP mode file for STMicroelectronics.FP-SNS-MOTENVWB1.1.4.0
2024-12-01 20:34:40,125 [WARN] PackLoader:240 - Cannot read IP mode file for STMicroelectronics.FP-ATR-ASTRA1.2.0.1
2024-12-01 20:34:40,145 [WARN] PackLoader:240 - Cannot read IP mode file for STMicroelectronics.X-CUBE-SMBUS.2.1.0
2024-12-01 20:34:40,174 [WARN] PackLoader:240 - Cannot read IP mode file for STMicroelectronics.X-CUBE-WB05N.1.1.0
2024-12-01 20:34:40,199 [WARN] PackLoader:240 - Cannot read IP mode file for STMicroelectronics.X-CUBE-TOUCHGFX.4.23.0
2024-12-01 20:34:40,263 [WARN] PackLoader:240 - Cannot read IP mode file for STMicroelectronics.X-CUBE-AZRTOS-F7.1.1.0
2024-12-01 20:34:40,290 [WARN] PackLoader:240 - Cannot read IP mode file for STMicroelectronics.FP-SNS-MOTENV1.4.3.2
2024-12-01 20:34:40,421 [WARN] PackLoader:240 - Cannot read IP mode file for STMicroelectronics.X-CUBE-MEMS1.11.0.0
2024-12-01 20:34:40,748 [WARN] PackLoader:240 - Cannot read IP mode file for STMicroelectronics.FP-SNS-FLIGHT1.5.0.2
2024-12-01 20:34:40,772 [WARN] PackLoader:240 - Cannot read IP mode file for STMicroelectronics.X-CUBE-DISPLAY.3.0.0
2024-12-01 20:34:40,811 [WARN] PackLoader:240 - Cannot read IP mode file for STMicroelectronics.X-CUBE-BLE1.7.0.0
2024-12-01 20:34:40,840 [WARN] PackLoader:240 - Cannot read IP mode file for STMicroelectronics.X-CUBE-NFC10.1.0.0
2024-12-01 20:34:40,868 [WARN] PackLoader:240 - Cannot read IP mode file for emotas.I-CUBE-CANOPEN.1.3.0
2024-12-01 20:34:40,893 [WARN] PackLoader:240 - Cannot read IP mode file for STMicroelectronics.X-CUBE-BLEMGR.3.1.0
2024-12-01 20:34:40,919 [WARN] PackLoader:240 - Cannot read IP mode file for STMicroelectronics.FP-SNS-SMARTAG2.1.2.0
2024-12-01 20:34:40,965 [INFO] LogOutputStream:77 - [STDOUT_REDIRECT] 1 : Invalid condition id : UX_CORESTACK_Condition cause : null
2024-12-01 20:34:40,965 [INFO] LogOutputStream:77 - [STDOUT_REDIRECT] 1 : Invalid condition id : UX_CORESTACK_Condition cause : null
2024-12-01 20:34:40,967 [INFO] LogOutputStream:77 - [STDOUT_REDIRECT] 1 : Invalid condition id : UX_CORESTACK_Condition cause : null
2024-12-01 20:34:40,969 [INFO] LogOutputStream:77 - [STDOUT_REDIRECT] 1 : Invalid condition id : UX_CORESTACK_Condition cause : null
2024-12-01 20:34:40,973 [INFO] LogOutputStream:77 - [STDOUT_REDIRECT] 1 : Invalid condition id : UX_CORESTACK_Condition cause : null
2024-12-01 20:34:40,981 [WARN] PackLoader:240 - Cannot read IP mode file for STMicroelectronics.X-CUBE-AZRTOS-WL.2.0.0
2024-12-01 20:34:41,009 [WARN] PackLoader:240 - Cannot read IP mode file for wolfSSL.I-CUBE-wolfMQTT.1.19.0
2024-12-01 20:34:41,030 [WARN] PackLoader:240 - Cannot read IP mode file for WES.I-CUBE-Cesium.1.3.0
2024-12-01 20:34:41,053 [WARN] PackLoader:240 - Cannot read IP mode file for STMicroelectronics.X-CUBE-BLE2.3.3.0
2024-12-01 20:34:41,077 [WARN] PackLoader:240 - Cannot read IP mode file for STMicroelectronics.X-CUBE-NFC9.1.0.0
2024-12-01 20:34:41,098 [WARN] PackLoader:240 - Cannot read IP mode file for STMicroelectronics.X-CUBE-TCPP.4.1.0
2024-12-01 20:34:41,132 [WARN] PackLoader:240 - Cannot read IP mode file for STMicroelectronics.X-CUBE-ALGOBUILD.1.3.0
2024-12-01 20:34:41,177 [WARN] PackLoader:240 - Cannot read IP mode file for STMicroelectronics.X-CUBE-AZRTOS-G0.1.1.0
2024-12-01 20:34:41,219 [WARN] PackLoader:240 - Cannot read IP mode file for STMicroelectronics.X-CUBE-SAFEA1.1.2.2
2024-12-01 20:34:41,254 [WARN] PackLoader:240 - Cannot read IP mode file for STMicroelectronics.X-CUBE-NFC4.3.0.0
2024-12-01 20:34:41,291 [WARN] PackLoader:240 - Cannot read IP mode file for EmbeddedOffice.I-CUBE-FS-RTOS.1.0.1
2024-12-01 20:34:41,292 [ERROR] ConditionMgr:805 - Attr not supported : Dmpu
2024-12-01 20:34:41,292 [ERROR] ConditionMgr:805 - Attr not supported : Dmpu
2024-12-01 20:34:41,292 [ERROR] ConditionMgr:805 - Attr not supported : Dmpu
2024-12-01 20:34:41,292 [ERROR] ConditionMgr:805 - Attr not supported : Dmpu
2024-12-01 20:34:41,292 [ERROR] ConditionMgr:805 - Attr not supported : Dmpu
2024-12-01 20:34:41,292 [ERROR] ConditionMgr:805 - Attr not supported : Dmpu
2024-12-01 20:34:41,293 [ERROR] ConditionMgr:805 - Attr not supported : Dmpu
2024-12-01 20:34:41,293 [ERROR] ConditionMgr:805 - Attr not supported : Dmpu
2024-12-01 20:34:41,293 [ERROR] ConditionMgr:805 - Attr not supported : Dmpu
2024-12-01 20:34:41,293 [ERROR] ConditionMgr:805 - Attr not supported : Dmpu
2024-12-01 20:34:41,293 [ERROR] ConditionMgr:805 - Attr not supported : Dmpu
2024-12-01 20:34:41,293 [ERROR] ConditionMgr:805 - Attr not supported : Dmpu
2024-12-01 20:34:41,293 [ERROR] ConditionMgr:805 - Attr not supported : Dmpu
2024-12-01 20:34:41,294 [ERROR] ConditionMgr:805 - Attr not supported : Dmpu
2024-12-01 20:34:41,294 [ERROR] ConditionMgr:805 - Attr not supported : Dmpu
2024-12-01 20:34:41,294 [ERROR] ConditionMgr:805 - Attr not supported : Dmpu
2024-12-01 20:34:41,294 [ERROR] ConditionMgr:805 - Attr not supported : Dmpu
2024-12-01 20:34:41,294 [ERROR] ConditionMgr:805 - Attr not supported : Dmpu
2024-12-01 20:34:41,294 [ERROR] ConditionMgr:805 - Attr not supported : Dmpu
2024-12-01 20:34:41,294 [ERROR] ConditionMgr:805 - Attr not supported : Dmpu
2024-12-01 20:34:41,294 [ERROR] ConditionMgr:805 - Attr not supported : Dmpu
2024-12-01 20:34:41,295 [ERROR] ConditionMgr:805 - Attr not supported : Dmpu
2024-12-01 20:34:41,295 [ERROR] ConditionMgr:805 - Attr not supported : Dmpu
2024-12-01 20:34:41,295 [ERROR] ConditionMgr:805 - Attr not supported : Dmpu
2024-12-01 20:34:41,295 [ERROR] ConditionMgr:805 - Attr not supported : Dmpu
2024-12-01 20:34:41,295 [ERROR] ConditionMgr:805 - Attr not supported : Dmpu
2024-12-01 20:34:41,295 [ERROR] ConditionMgr:805 - Attr not supported : Dmpu
2024-12-01 20:34:41,295 [ERROR] ConditionMgr:805 - Attr not supported : Dmpu
2024-12-01 20:34:41,296 [ERROR] ConditionMgr:805 - Attr not supported : Dmpu
2024-12-01 20:34:41,296 [ERROR] ConditionMgr:805 - Attr not supported : Dmpu
2024-12-01 20:34:41,296 [ERROR] ConditionMgr:805 - Attr not supported : Dmpu
2024-12-01 20:34:41,296 [ERROR] ConditionMgr:805 - Attr not supported : Dmpu
2024-12-01 20:34:41,296 [ERROR] ConditionMgr:805 - Attr not supported : Dmpu
2024-12-01 20:34:41,296 [ERROR] ConditionMgr:805 - Attr not supported : Dmpu
2024-12-01 20:34:41,296 [ERROR] ConditionMgr:805 - Attr not supported : Dmpu
2024-12-01 20:34:41,296 [ERROR] ConditionMgr:805 - Attr not supported : Dmpu
2024-12-01 20:34:41,297 [ERROR] ConditionMgr:805 - Attr not supported : Dmpu
2024-12-01 20:34:41,297 [ERROR] ConditionMgr:805 - Attr not supported : Dmpu
2024-12-01 20:34:41,298 [ERROR] ConditionMgr:805 - Attr not supported : Dmpu
2024-12-01 20:34:41,298 [ERROR] ConditionMgr:805 - Attr not supported : Dmpu
2024-12-01 20:34:41,298 [ERROR] ConditionMgr:805 - Attr not supported : Dmpu
2024-12-01 20:34:41,298 [ERROR] ConditionMgr:805 - Attr not supported : Dmpu
2024-12-01 20:34:41,298 [ERROR] ConditionMgr:805 - Attr not supported : Dmpu
2024-12-01 20:34:41,298 [ERROR] ConditionMgr:805 - Attr not supported : Dmpu
2024-12-01 20:34:41,298 [ERROR] ConditionMgr:805 - Attr not supported : Dmpu
2024-12-01 20:34:41,298 [ERROR] ConditionMgr:805 - Attr not supported : Dmpu
2024-12-01 20:34:41,299 [ERROR] ConditionMgr:805 - Attr not supported : Dmpu
2024-12-01 20:34:41,299 [ERROR] ConditionMgr:805 - Attr not supported : Dmpu
2024-12-01 20:34:41,299 [ERROR] ConditionMgr:805 - Attr not supported : Dmpu
2024-12-01 20:34:41,299 [ERROR] ConditionMgr:805 - Attr not supported : Dmpu
2024-12-01 20:34:41,299 [ERROR] ConditionMgr:805 - Attr not supported : Dmpu
2024-12-01 20:34:41,299 [ERROR] ConditionMgr:805 - Attr not supported : Dmpu
2024-12-01 20:34:41,299 [ERROR] ConditionMgr:805 - Attr not supported : Dmpu
2024-12-01 20:34:41,299 [ERROR] ConditionMgr:805 - Attr not supported : Dmpu
2024-12-01 20:34:41,300 [ERROR] ConditionMgr:805 - Attr not supported : Dmpu
2024-12-01 20:34:41,300 [ERROR] ConditionMgr:805 - Attr not supported : Dmpu
2024-12-01 20:34:41,300 [ERROR] ConditionMgr:805 - Attr not supported : Dmpu
2024-12-01 20:34:41,300 [ERROR] ConditionMgr:805 - Attr not supported : Dmpu
2024-12-01 20:34:41,300 [ERROR] ConditionMgr:805 - Attr not supported : Dmpu
2024-12-01 20:34:41,300 [ERROR] ConditionMgr:805 - Attr not supported : Dmpu
2024-12-01 20:34:41,301 [ERROR] ConditionMgr:805 - Attr not supported : Dmpu
2024-12-01 20:34:41,301 [ERROR] ConditionMgr:805 - Attr not supported : Dmpu
2024-12-01 20:34:41,301 [ERROR] ConditionMgr:805 - Attr not supported : Dmpu
2024-12-01 20:34:41,301 [ERROR] ConditionMgr:805 - Attr not supported : Dmpu
2024-12-01 20:34:41,327 [WARN] PackLoader:240 - Cannot read IP mode file for RealThread.X-CUBE-RT-Thread_Nano.4.1.1
2024-12-01 20:34:41,350 [WARN] PackLoader:240 - Cannot read IP mode file for STMicroelectronics.FP-ATR-SIGFOX1.3.2.0
2024-12-01 20:34:41,380 [WARN] ConditionMgr:438 - getConditionDescription Invalid condition id : Cortex-A Device cause : null
2024-12-01 20:34:41,417 [WARN] ConditionMgr:1039 - genDependencies : Invalid condition id : Cortex-A Device cause : null
2024-12-01 20:34:41,417 [WARN] ConditionMgr:1039 - genDependencies : Invalid condition id : Cortex-A Device cause : null
2024-12-01 20:34:41,417 [WARN] ConditionMgr:1039 - genDependencies : Invalid condition id : Cortex-A Device cause : null
2024-12-01 20:34:41,444 [WARN] PackLoader:240 - Cannot read IP mode file for STMicroelectronics.X-CUBE-EEPRMA1.5.1.0
2024-12-01 20:34:41,505 [WARN] PackLoader:240 - Cannot read IP mode file for SEGGER.I-CUBE-embOS.1.3.1
2024-12-01 20:34:41,573 [WARN] PackLoader:240 - Cannot read IP mode file for STMicroelectronics.X-CUBE-ALGOBUILD.1.4.0
2024-12-01 20:34:41,595 [WARN] PackLoader:240 - Cannot read IP mode file for STMicroelectronics.X-CUBE-AI.9.1.0
2024-12-01 20:34:41,617 [WARN] PackLoader:240 - Cannot read IP mode file for STMicroelectronics.X-CUBE-GNSS1.6.0.0
2024-12-01 20:34:41,665 [WARN] PackLoader:240 - Cannot read IP mode file for STMicroelectronics.X-CUBE-AZRTOS-F4.1.1.0
2024-12-01 20:34:41,690 [WARN] PackLoader:240 - Cannot read IP mode file for STMicroelectronics.X-CUBE-ISPU.2.1.0
2024-12-01 20:34:41,710 [WARN] PackLoader:240 - Cannot read IP mode file for STMicroelectronics.X-CUBE-FREERTOS.1.2.0
2024-12-01 20:34:41,729 [WARN] PackLoader:240 - Cannot read IP mode file for wolfSSL.I-CUBE-wolfSSL.5.6.6
2024-12-01 20:34:41,774 [WARN] PackLoader:240 - Cannot read IP mode file for STMicroelectronics.X-CUBE-AZRTOS-L5.2.0.0
2024-12-01 20:34:41,805 [WARN] PackLoader:240 - Cannot read IP mode file for STMicroelectronics.X-CUBE-NFC6.3.1.0
2024-12-01 20:34:41,832 [WARN] PackLoader:240 - Cannot read IP mode file for ITTIA_DB.I-CUBE-ITTIADB.8.8.0
2024-12-01 20:34:41,856 [WARN] PackLoader:240 - Cannot read IP mode file for STMicroelectronics.X-CUBE-DPower.1.2.0
2024-12-01 20:34:41,876 [WARN] PackLoader:240 - Cannot read IP mode file for STMicroelectronics.X-CUBE-AI.9.0.0
2024-12-01 20:34:41,898 [WARN] PackLoader:240 - Cannot read IP mode file for STMicroelectronics.X-CUBE-NFC7.1.0.1
2024-12-01 20:34:41,931 [WARN] PackLoader:240 - Cannot read IP mode file for STMicroelectronics.X-CUBE-AI.8.1.0
2024-12-01 20:34:42,018 [WARN] ConditionMgr:438 - getConditionDescription Invalid condition id : LAN8742 Phy interface Condition cause : null
2024-12-01 20:34:42,019 [WARN] PackLoader:240 - Cannot read IP mode file for STMicroelectronics.X-CUBE-AZRTOS-L4.2.0.0
2024-12-01 20:34:42,021 [WARN] ConditionMgr:1039 - genDependencies : Invalid condition id : LAN8742 Phy interface Condition cause : null
2024-12-01 20:34:42,021 [WARN] ConditionMgr:1039 - genDependencies : Invalid condition id : LAN8742 Phy interface Condition cause : null
2024-12-01 20:34:42,022 [WARN] ConditionMgr:1039 - genDependencies : Invalid condition id : LAN8742 Phy interface Condition cause : null
2024-12-01 20:34:42,050 [WARN] PackLoader:240 - Cannot read IP mode file for STMicroelectronics.X-CUBE-SFXS2LP1.4.0.0
2024-12-01 20:34:42,115 [WARN] PackLoader:240 - Cannot read IP mode file for STMicroelectronics.X-CUBE-AZRTOS-H7.3.3.0
2024-12-01 20:34:42,183 [WARN] PackLoader:240 - Cannot read IP mode file for STMicroelectronics.X-CUBE-IPS.3.0.0
2024-12-01 20:34:42,230 [WARN] ConditionMgr:438 - getConditionDescription Invalid condition id : UX DEVICE CLASS RTOS Condition cause : null
2024-12-01 20:34:42,230 [WARN] ConditionMgr:438 - getConditionDescription Invalid condition id : UX DEVICE CLASS RTOS Condition cause : null
2024-12-01 20:34:42,233 [WARN] PackLoader:240 - Cannot read IP mode file for STMicroelectronics.X-CUBE-AZRTOS-WB.2.0.0
2024-12-01 20:34:42,234 [WARN] ConditionMgr:1039 - genDependencies : Invalid condition id : UX DEVICE CLASS RTOS Condition cause : null
2024-12-01 20:34:42,234 [WARN] ConditionMgr:1039 - genDependencies : Invalid condition id : UX DEVICE CLASS RTOS Condition cause : null
2024-12-01 20:34:42,235 [WARN] ConditionMgr:1039 - genDependencies : Invalid condition id : UX DEVICE CLASS RTOS Condition cause : null
2024-12-01 20:34:42,235 [WARN] ConditionMgr:1039 - genDependencies : Invalid condition id : UX DEVICE CLASS RTOS Condition cause : null
2024-12-01 20:34:42,236 [WARN] ConditionMgr:1039 - genDependencies : Invalid condition id : UX DEVICE CLASS RTOS Condition cause : null
2024-12-01 20:34:42,257 [WARN] PackLoader:240 - Cannot read IP mode file for STMicroelectronics.X-CUBE-GNSS1.7.0.0
2024-12-01 20:34:42,288 [WARN] PackLoader:240 - Cannot read IP mode file for STMicroelectronics.X-CUBE-SUBG2.5.0.0
2024-12-01 20:34:42,312 [WARN] PackLoader:240 - Cannot read IP mode file for Cesanta.I-CUBE-Mongoose.7.13.0
2024-12-01 20:34:42,358 [WARN] PackLoader:240 - Cannot read IP mode file for STMicroelectronics.X-CUBE-AZRTOS-G4.2.0.0
2024-12-01 20:34:42,406 [WARN] PackLoader:240 - Cannot read IP mode file for Infineon.AIROC-Wi-Fi-Bluetooth-STM32.1.5.1
2024-12-01 20:34:42,431 [WARN] PackLoader:240 - Cannot read IP mode file for STMicroelectronics.FP-SNS-MOTENVWB1.1.3.1
2024-12-01 20:34:42,454 [WARN] PackLoader:240 - Cannot read IP mode file for STMicroelectronics.X-CUBE-ISPU.2.0.0
2024-12-01 20:34:42,476 [WARN] PackLoader:240 - Cannot read IP mode file for STMicroelectronics.X-CUBE-ALS.1.0.2
2024-12-01 20:34:42,623 [WARN] PackLoader:240 - Cannot read IP mode file for STMicroelectronics.X-CUBE-MEMS1.10.0.0
2024-12-01 20:34:42,851 [WARN] PackLoader:240 - Cannot read IP mode file for STMicroelectronics.X-CUBE-FREERTOS.1.1.0
2024-12-01 20:34:42,868 [WARN] PackLoader:240 - Cannot read IP mode file for STMicroelectronics.X-CUBE-TOUCHGFX.4.24.1
2024-12-01 20:34:42,886 [WARN] PackLoader:240 - Cannot read IP mode file for wolfSSL.I-CUBE-wolfTPM.3.4.0
2024-12-01 20:34:42,905 [WARN] PackLoader:240 - Cannot read IP mode file for portGmbH.I-Cube-SoM-uGOAL.1.1.0
2024-12-01 20:34:42,920 [WARN] PackLoader:240 - Cannot read IP mode file for STMicroelectronics.X-CUBE-ALS.1.0.1
2024-12-01 20:34:42,963 [WARN] PackLoader:240 - Cannot read IP mode file for STMicroelectronics.X-CUBE-AZRTOS-H7RS.1.0.0
2024-12-01 20:34:42,982 [WARN] PackLoader:240 - Cannot read IP mode file for STMicroelectronics.FP-ATR-ASTRA1.2.0.0
2024-12-01 20:34:43,013 [WARN] PackLoader:240 - Cannot read IP mode file for STMicroelectronics.X-CUBE-TOF1.3.4.2
2024-12-01 20:34:43,048 [WARN] PackLoader:240 - Cannot read IP mode file for STMicroelectronics.X-CUBE-TOF1.3.4.1
2024-12-01 20:34:43,100 [WARN] PackLoader:240 - Cannot read IP mode file for STMicroelectronics.X-CUBE-AZRTOS-H7.3.2.0
2024-12-01 20:34:43,132 [WARN] PackLoader:240 - Cannot read IP mode file for wolfSSL.I-CUBE-wolfSSH.1.4.17
2024-12-01 20:34:43,133 [INFO] ThirdParty:978 - Integrity check success = true
2024-12-01 20:34:43,133 [INFO] IntegrityCheckThread:100 - exiting critical section [integrity check]
2024-12-01 20:34:43,133 [INFO] IntegrityCheckThread:103 - End integrity checks thread
2024-12-01 20:34:45,677 [INFO] WebApp:167 - Instantiating new browser for Auth
2024-12-01 20:34:46,911 [INFO] WebApp:448 - Apply proxy settings
2024-12-01 20:34:46,912 [INFO] WebApp:533 - Chromium requires no authentication
2024-12-01 20:34:46,927 [INFO] WebApp:476 - Direct internet connection detected
2024-12-01 20:34:46,971 [INFO] WebApp:869 - Register for checkConnection events
2024-12-01 20:34:46,972 [INFO] WebApp:448 - Apply proxy settings
2024-12-01 20:34:46,972 [INFO] WebApp:533 - Chromium requires no authentication
2024-12-01 20:34:46,972 [INFO] WebApp:476 - Direct internet connection detected
2024-12-01 20:34:47,258 [INFO] WebApp:220 - Starting web application
2024-12-01 20:34:47,258 [INFO] WebApp:578 - Web application path used C:\ST\STM32CubeIDE_1.16.0\STM32CubeIDE\plugins\com.st.stm32cube.common.mx_6.12.0.202406281431\db\plugins\mcufinder\reactClient1\index.html
2024-12-01 20:34:47,574 [INFO] WebApp:186 - Connection restablished
2024-12-01 23:13:24,856 [ERROR] LogOutputStream:75 - [STDERR_REDIRECT] 
